2022-10-25 11:57:45	INFO	initialize/logger.go:106	server/initialize.InitLogger	初始化zap日志完成!
2022-10-25 11:57:45	INFO	initialize/redis.go:22	server/initialize.InitRedis	初始化redis数据库完成!
2022-10-25 11:57:45	INFO	initialize/mysql.go:62	server/initialize.InitMysql	初始化mysql数据库完成!
2022-10-25 11:57:46	INFO	initialize/casbin.go:20	server/initialize.InitCasbinEnforcer	初始化Casbin完成!
2022-10-25 11:57:46	INFO	router/router.go:45	server/app/router.InitRouter	初始化路由完成！
2022-10-25 11:57:46	INFO	initialize/server.go:46	server/initialize.InitializeRunServer	服务启动完成
2022-10-25 11:58:17	INFO	initialize/server.go:55	server/initialize.InitializeRunServer	Shutting down server...
2022-10-25 11:58:17	INFO	initialize/server.go:65	server/initialize.InitializeRunServer	Server exiting!
2022-10-25 11:58:40	INFO	initialize/logger.go:106	server/initialize.InitLogger	初始化zap日志完成!
2022-10-25 11:58:40	INFO	initialize/redis.go:22	server/initialize.InitRedis	初始化redis数据库完成!
2022-10-25 11:58:41	INFO	initialize/mysql.go:62	server/initialize.InitMysql	初始化mysql数据库完成!
2022-10-25 11:58:41	INFO	initialize/casbin.go:20	server/initialize.InitCasbinEnforcer	初始化Casbin完成!
2022-10-25 11:58:41	INFO	router/router.go:45	server/app/router.InitRouter	初始化路由完成！
2022-10-25 11:58:41	INFO	initialize/server.go:46	server/initialize.InitializeRunServer	服务启动完成
2022-10-25 12:41:29	INFO	initialize/server.go:55	server/initialize.InitializeRunServer	Shutting down server...
2022-10-25 12:41:29	INFO	initialize/server.go:65	server/initialize.InitializeRunServer	Server exiting!
2022-10-25 12:41:34	INFO	initialize/logger.go:106	server/initialize.InitLogger	初始化zap日志完成!
2022-10-25 12:41:34	INFO	initialize/redis.go:22	server/initialize.InitRedis	初始化redis数据库完成!
2022-10-25 12:41:34	INFO	initialize/mysql.go:62	server/initialize.InitMysql	初始化mysql数据库完成!
2022-10-25 12:41:34	INFO	initialize/casbin.go:20	server/initialize.InitCasbinEnforcer	初始化Casbin完成!
2022-10-25 12:41:34	INFO	router/router.go:45	server/app/router.InitRouter	初始化路由完成！
2022-10-25 12:41:34	INFO	initialize/server.go:46	server/initialize.InitializeRunServer	服务启动完成
2022-10-25 12:54:04	INFO	initialize/server.go:55	server/initialize.InitializeRunServer	Shutting down server...
2022-10-25 12:54:04	INFO	initialize/server.go:65	server/initialize.InitializeRunServer	Server exiting!
2022-10-25 12:54:10	INFO	initialize/logger.go:106	server/initialize.InitLogger	初始化zap日志完成!
2022-10-25 12:54:10	INFO	initialize/redis.go:22	server/initialize.InitRedis	初始化redis数据库完成!
2022-10-25 12:54:10	INFO	initialize/mysql.go:62	server/initialize.InitMysql	初始化mysql数据库完成!
2022-10-25 12:54:10	INFO	initialize/casbin.go:20	server/initialize.InitCasbinEnforcer	初始化Casbin完成!
2022-10-25 12:54:10	INFO	router/router.go:45	server/app/router.InitRouter	初始化路由完成！
2022-10-25 12:54:10	INFO	initialize/server.go:46	server/initialize.InitializeRunServer	服务启动完成
2022-10-25 13:01:23	INFO	initialize/server.go:55	server/initialize.InitializeRunServer	Shutting down server...
2022-10-25 13:01:23	INFO	initialize/server.go:65	server/initialize.InitializeRunServer	Server exiting!
2022-10-25 13:11:49	INFO	initialize/logger.go:106	server/initialize.InitLogger	初始化zap日志完成!
2022-10-25 13:11:49	INFO	initialize/redis.go:22	server/initialize.InitRedis	初始化redis数据库完成!
2022-10-25 13:11:49	INFO	initialize/mysql.go:62	server/initialize.InitMysql	初始化mysql数据库完成!
2022-10-25 13:11:49	INFO	initialize/casbin.go:20	server/initialize.InitCasbinEnforcer	初始化Casbin完成!
2022-10-25 13:11:49	INFO	router/router.go:45	server/app/router.InitRouter	初始化路由完成！
2022-10-25 13:11:49	INFO	initialize/server.go:46	server/initialize.InitializeRunServer	服务启动完成
2022-10-25 13:13:04	INFO	initialize/server.go:55	server/initialize.InitializeRunServer	Shutting down server...
2022-10-25 13:13:04	INFO	initialize/server.go:65	server/initialize.InitializeRunServer	Server exiting!
2022-10-25 13:13:19	INFO	initialize/logger.go:106	server/initialize.InitLogger	初始化zap日志完成!
2022-10-25 13:13:19	INFO	initialize/redis.go:22	server/initialize.InitRedis	初始化redis数据库完成!
2022-10-25 13:13:19	INFO	initialize/mysql.go:62	server/initialize.InitMysql	初始化mysql数据库完成!
2022-10-25 13:13:19	INFO	initialize/casbin.go:20	server/initialize.InitCasbinEnforcer	初始化Casbin完成!
2022-10-25 13:13:19	INFO	router/router.go:45	server/app/router.InitRouter	初始化路由完成！
2022-10-25 13:13:19	INFO	initialize/server.go:46	server/initialize.InitializeRunServer	服务启动完成
2022-10-25 13:15:27	INFO	initialize/server.go:55	server/initialize.InitializeRunServer	Shutting down server...
2022-10-25 13:15:27	INFO	initialize/server.go:65	server/initialize.InitializeRunServer	Server exiting!
2022-10-25 13:15:31	INFO	initialize/logger.go:106	server/initialize.InitLogger	初始化zap日志完成!
2022-10-25 13:15:31	INFO	initialize/redis.go:22	server/initialize.InitRedis	初始化redis数据库完成!
2022-10-25 13:15:31	INFO	initialize/mysql.go:62	server/initialize.InitMysql	初始化mysql数据库完成!
2022-10-25 13:15:31	INFO	initialize/casbin.go:20	server/initialize.InitCasbinEnforcer	初始化Casbin完成!
2022-10-25 13:15:31	INFO	router/router.go:45	server/app/router.InitRouter	初始化路由完成！
2022-10-25 13:15:31	INFO	initialize/server.go:46	server/initialize.InitializeRunServer	服务启动完成
2022-10-25 13:15:58	DEBUG	middleware/auth.go:114	server/middleware.unauthorized	JWT认证失败, 错误码: 401, 错误信息: cookie token is empty
2022-10-25 13:16:26	INFO	initialize/server.go:55	server/initialize.InitializeRunServer	Shutting down server...
2022-10-25 13:16:26	INFO	initialize/server.go:65	server/initialize.InitializeRunServer	Server exiting!
2022-10-25 13:16:30	INFO	initialize/logger.go:106	server/initialize.InitLogger	初始化zap日志完成!
2022-10-25 13:16:31	INFO	initialize/redis.go:22	server/initialize.InitRedis	初始化redis数据库完成!
2022-10-25 13:16:31	INFO	initialize/mysql.go:62	server/initialize.InitMysql	初始化mysql数据库完成!
2022-10-25 13:16:31	INFO	initialize/casbin.go:20	server/initialize.InitCasbinEnforcer	初始化Casbin完成!
2022-10-25 13:16:31	INFO	router/router.go:45	server/app/router.InitRouter	初始化路由完成！
2022-10-25 13:16:31	INFO	initialize/server.go:46	server/initialize.InitializeRunServer	服务启动完成
2022-10-25 13:17:52	INFO	initialize/server.go:55	server/initialize.InitializeRunServer	Shutting down server...
2022-10-25 13:17:52	INFO	initialize/server.go:65	server/initialize.InitializeRunServer	Server exiting!
2022-10-25 13:17:55	INFO	initialize/logger.go:106	server/initialize.InitLogger	初始化zap日志完成!
2022-10-25 13:17:55	INFO	initialize/redis.go:22	server/initialize.InitRedis	初始化redis数据库完成!
2022-10-25 13:17:55	INFO	initialize/mysql.go:62	server/initialize.InitMysql	初始化mysql数据库完成!
2022-10-25 13:17:56	INFO	initialize/casbin.go:20	server/initialize.InitCasbinEnforcer	初始化Casbin完成!
2022-10-25 13:17:56	INFO	router/router.go:45	server/app/router.InitRouter	初始化路由完成！
2022-10-25 13:17:56	INFO	initialize/server.go:46	server/initialize.InitializeRunServer	服务启动完成
2022-10-25 13:20:34	INFO	initialize/server.go:55	server/initialize.InitializeRunServer	Shutting down server...
2022-10-25 13:20:34	INFO	initialize/server.go:65	server/initialize.InitializeRunServer	Server exiting!
2022-10-25 13:20:38	INFO	initialize/logger.go:106	server/initialize.InitLogger	初始化zap日志完成!
2022-10-25 13:20:38	INFO	initialize/redis.go:22	server/initialize.InitRedis	初始化redis数据库完成!
2022-10-25 13:20:38	INFO	initialize/mysql.go:62	server/initialize.InitMysql	初始化mysql数据库完成!
2022-10-25 13:20:38	INFO	initialize/casbin.go:20	server/initialize.InitCasbinEnforcer	初始化Casbin完成!
2022-10-25 13:20:38	INFO	router/router.go:45	server/app/router.InitRouter	初始化路由完成！
2022-10-25 13:20:38	INFO	initialize/server.go:46	server/initialize.InitializeRunServer	服务启动完成
2022-10-25 13:22:39	INFO	initialize/server.go:55	server/initialize.InitializeRunServer	Shutting down server...
2022-10-25 13:22:39	INFO	initialize/server.go:65	server/initialize.InitializeRunServer	Server exiting!
2022-10-25 13:22:43	INFO	initialize/logger.go:106	server/initialize.InitLogger	初始化zap日志完成!
2022-10-25 13:22:43	INFO	initialize/redis.go:22	server/initialize.InitRedis	初始化redis数据库完成!
2022-10-25 13:22:44	INFO	initialize/mysql.go:62	server/initialize.InitMysql	初始化mysql数据库完成!
2022-10-25 13:22:44	INFO	initialize/casbin.go:20	server/initialize.InitCasbinEnforcer	初始化Casbin完成!
2022-10-25 13:22:44	INFO	router/router.go:45	server/app/router.InitRouter	初始化路由完成！
2022-10-25 13:22:44	INFO	initialize/server.go:46	server/initialize.InitializeRunServer	服务启动完成
2022-10-25 13:23:30	INFO	initialize/server.go:55	server/initialize.InitializeRunServer	Shutting down server...
2022-10-25 13:23:30	INFO	initialize/server.go:65	server/initialize.InitializeRunServer	Server exiting!
2022-10-25 13:23:35	INFO	initialize/logger.go:106	server/initialize.InitLogger	初始化zap日志完成!
2022-10-25 13:23:35	INFO	initialize/redis.go:22	server/initialize.InitRedis	初始化redis数据库完成!
2022-10-25 13:23:35	INFO	initialize/mysql.go:62	server/initialize.InitMysql	初始化mysql数据库完成!
2022-10-25 13:23:36	INFO	initialize/casbin.go:20	server/initialize.InitCasbinEnforcer	初始化Casbin完成!
2022-10-25 13:23:36	INFO	router/router.go:45	server/app/router.InitRouter	初始化路由完成！
2022-10-25 13:23:36	INFO	initialize/server.go:46	server/initialize.InitializeRunServer	服务启动完成
2022-10-25 13:25:20	INFO	initialize/server.go:55	server/initialize.InitializeRunServer	Shutting down server...
2022-10-25 13:25:20	INFO	initialize/server.go:65	server/initialize.InitializeRunServer	Server exiting!
2022-10-25 13:25:24	INFO	initialize/logger.go:106	server/initialize.InitLogger	初始化zap日志完成!
2022-10-25 13:25:24	INFO	initialize/redis.go:22	server/initialize.InitRedis	初始化redis数据库完成!
2022-10-25 13:25:24	INFO	initialize/mysql.go:62	server/initialize.InitMysql	初始化mysql数据库完成!
2022-10-25 13:25:24	INFO	initialize/casbin.go:20	server/initialize.InitCasbinEnforcer	初始化Casbin完成!
2022-10-25 13:25:24	INFO	router/router.go:45	server/app/router.InitRouter	初始化路由完成！
2022-10-25 13:25:24	INFO	initialize/server.go:46	server/initialize.InitializeRunServer	服务启动完成
2022-10-25 13:27:22	INFO	initialize/server.go:55	server/initialize.InitializeRunServer	Shutting down server...
2022-10-25 13:27:22	INFO	initialize/server.go:65	server/initialize.InitializeRunServer	Server exiting!
2022-10-25 13:27:48	INFO	initialize/logger.go:106	server/initialize.InitLogger	初始化zap日志完成!
2022-10-25 13:27:48	INFO	initialize/redis.go:22	server/initialize.InitRedis	初始化redis数据库完成!
2022-10-25 13:27:48	INFO	initialize/mysql.go:62	server/initialize.InitMysql	初始化mysql数据库完成!
2022-10-25 13:27:48	INFO	initialize/casbin.go:20	server/initialize.InitCasbinEnforcer	初始化Casbin完成!
2022-10-25 13:27:48	INFO	router/router.go:45	server/app/router.InitRouter	初始化路由完成！
2022-10-25 13:27:48	INFO	initialize/server.go:46	server/initialize.InitializeRunServer	服务启动完成
2022-10-25 13:29:04	INFO	initialize/server.go:55	server/initialize.InitializeRunServer	Shutting down server...
2022-10-25 13:29:04	INFO	initialize/server.go:65	server/initialize.InitializeRunServer	Server exiting!
2022-10-25 13:29:09	INFO	initialize/logger.go:106	server/initialize.InitLogger	初始化zap日志完成!
2022-10-25 13:29:09	INFO	initialize/redis.go:22	server/initialize.InitRedis	初始化redis数据库完成!
2022-10-25 13:29:09	INFO	initialize/mysql.go:62	server/initialize.InitMysql	初始化mysql数据库完成!
2022-10-25 13:29:09	INFO	initialize/casbin.go:20	server/initialize.InitCasbinEnforcer	初始化Casbin完成!
2022-10-25 13:29:09	INFO	router/router.go:45	server/app/router.InitRouter	初始化路由完成！
2022-10-25 13:29:09	INFO	initialize/server.go:46	server/initialize.InitializeRunServer	服务启动完成
2022-10-25 13:30:02	INFO	initialize/server.go:55	server/initialize.InitializeRunServer	Shutting down server...
2022-10-25 13:30:02	INFO	initialize/server.go:65	server/initialize.InitializeRunServer	Server exiting!
2022-10-25 13:30:06	INFO	initialize/logger.go:106	server/initialize.InitLogger	初始化zap日志完成!
2022-10-25 13:30:06	INFO	initialize/redis.go:22	server/initialize.InitRedis	初始化redis数据库完成!
2022-10-25 13:30:06	INFO	initialize/mysql.go:62	server/initialize.InitMysql	初始化mysql数据库完成!
2022-10-25 13:30:06	INFO	initialize/casbin.go:20	server/initialize.InitCasbinEnforcer	初始化Casbin完成!
2022-10-25 13:30:06	INFO	router/router.go:45	server/app/router.InitRouter	初始化路由完成！
2022-10-25 13:30:06	INFO	initialize/server.go:46	server/initialize.InitializeRunServer	服务启动完成
2022-10-25 13:35:50	INFO	initialize/server.go:55	server/initialize.InitializeRunServer	Shutting down server...
2022-10-25 13:35:50	INFO	initialize/server.go:65	server/initialize.InitializeRunServer	Server exiting!
2022-10-25 13:35:54	INFO	initialize/logger.go:106	server/initialize.InitLogger	初始化zap日志完成!
2022-10-25 13:35:54	INFO	initialize/redis.go:22	server/initialize.InitRedis	初始化redis数据库完成!
2022-10-25 13:35:54	INFO	initialize/mysql.go:62	server/initialize.InitMysql	初始化mysql数据库完成!
2022-10-25 13:35:54	INFO	initialize/casbin.go:20	server/initialize.InitCasbinEnforcer	初始化Casbin完成!
2022-10-25 13:35:54	INFO	router/router.go:45	server/app/router.InitRouter	初始化路由完成！
2022-10-25 13:35:54	INFO	initialize/server.go:46	server/initialize.InitializeRunServer	服务启动完成
2022-10-25 13:38:20	INFO	initialize/server.go:55	server/initialize.InitializeRunServer	Shutting down server...
2022-10-25 13:38:20	INFO	initialize/server.go:65	server/initialize.InitializeRunServer	Server exiting!
2022-10-25 13:38:24	INFO	initialize/logger.go:106	server/initialize.InitLogger	初始化zap日志完成!
2022-10-25 13:38:24	INFO	initialize/redis.go:22	server/initialize.InitRedis	初始化redis数据库完成!
2022-10-25 13:38:24	INFO	initialize/mysql.go:62	server/initialize.InitMysql	初始化mysql数据库完成!
2022-10-25 13:38:24	INFO	initialize/casbin.go:20	server/initialize.InitCasbinEnforcer	初始化Casbin完成!
2022-10-25 13:38:24	INFO	router/router.go:45	server/app/router.InitRouter	初始化路由完成！
2022-10-25 13:38:24	INFO	initialize/server.go:46	server/initialize.InitializeRunServer	服务启动完成
2022-10-25 13:39:27	INFO	initialize/server.go:55	server/initialize.InitializeRunServer	Shutting down server...
2022-10-25 13:39:27	INFO	initialize/server.go:65	server/initialize.InitializeRunServer	Server exiting!
2022-10-25 13:39:31	INFO	initialize/logger.go:106	server/initialize.InitLogger	初始化zap日志完成!
2022-10-25 13:39:31	INFO	initialize/redis.go:22	server/initialize.InitRedis	初始化redis数据库完成!
2022-10-25 13:39:31	INFO	initialize/mysql.go:62	server/initialize.InitMysql	初始化mysql数据库完成!
2022-10-25 13:39:31	INFO	initialize/casbin.go:20	server/initialize.InitCasbinEnforcer	初始化Casbin完成!
2022-10-25 13:39:31	INFO	router/router.go:45	server/app/router.InitRouter	初始化路由完成！
2022-10-25 13:39:31	INFO	initialize/server.go:46	server/initialize.InitializeRunServer	服务启动完成
2022-10-25 13:40:37	INFO	initialize/server.go:55	server/initialize.InitializeRunServer	Shutting down server...
2022-10-25 13:40:37	INFO	initialize/server.go:65	server/initialize.InitializeRunServer	Server exiting!
2022-10-25 13:40:41	INFO	initialize/logger.go:106	server/initialize.InitLogger	初始化zap日志完成!
2022-10-25 13:40:41	INFO	initialize/redis.go:22	server/initialize.InitRedis	初始化redis数据库完成!
2022-10-25 13:40:41	INFO	initialize/mysql.go:62	server/initialize.InitMysql	初始化mysql数据库完成!
2022-10-25 13:40:41	INFO	initialize/casbin.go:20	server/initialize.InitCasbinEnforcer	初始化Casbin完成!
2022-10-25 13:40:41	INFO	router/router.go:45	server/app/router.InitRouter	初始化路由完成！
2022-10-25 13:40:41	INFO	initialize/server.go:46	server/initialize.InitializeRunServer	服务启动完成
2022-10-25 13:41:21	INFO	initialize/server.go:55	server/initialize.InitializeRunServer	Shutting down server...
2022-10-25 13:41:21	INFO	initialize/server.go:65	server/initialize.InitializeRunServer	Server exiting!
2022-10-25 13:41:26	INFO	initialize/logger.go:106	server/initialize.InitLogger	初始化zap日志完成!
2022-10-25 13:41:26	INFO	initialize/redis.go:22	server/initialize.InitRedis	初始化redis数据库完成!
2022-10-25 13:41:26	INFO	initialize/mysql.go:62	server/initialize.InitMysql	初始化mysql数据库完成!
2022-10-25 13:41:26	INFO	initialize/casbin.go:20	server/initialize.InitCasbinEnforcer	初始化Casbin完成!
2022-10-25 13:41:26	INFO	router/router.go:45	server/app/router.InitRouter	初始化路由完成！
2022-10-25 13:41:26	INFO	initialize/server.go:46	server/initialize.InitializeRunServer	服务启动完成
2022-10-25 13:47:44	INFO	initialize/server.go:55	server/initialize.InitializeRunServer	Shutting down server...
2022-10-25 13:47:44	INFO	initialize/server.go:65	server/initialize.InitializeRunServer	Server exiting!
2022-10-25 13:47:55	INFO	initialize/logger.go:106	server/initialize.InitLogger	初始化zap日志完成!
2022-10-25 13:47:55	INFO	initialize/redis.go:22	server/initialize.InitRedis	初始化redis数据库完成!
2022-10-25 13:47:55	INFO	initialize/mysql.go:62	server/initialize.InitMysql	初始化mysql数据库完成!
2022-10-25 13:47:55	INFO	initialize/casbin.go:20	server/initialize.InitCasbinEnforcer	初始化Casbin完成!
2022-10-25 13:47:55	INFO	router/router.go:45	server/app/router.InitRouter	初始化路由完成！
2022-10-25 13:47:55	INFO	initialize/server.go:46	server/initialize.InitializeRunServer	服务启动完成
2022-10-25 13:48:10	INFO	initialize/server.go:55	server/initialize.InitializeRunServer	Shutting down server...
2022-10-25 13:48:10	INFO	initialize/server.go:65	server/initialize.InitializeRunServer	Server exiting!
2022-10-25 13:48:13	INFO	initialize/logger.go:106	server/initialize.InitLogger	初始化zap日志完成!
2022-10-25 13:48:13	INFO	initialize/redis.go:22	server/initialize.InitRedis	初始化redis数据库完成!
2022-10-25 13:48:13	INFO	initialize/mysql.go:62	server/initialize.InitMysql	初始化mysql数据库完成!
2022-10-25 13:48:14	INFO	initialize/casbin.go:20	server/initialize.InitCasbinEnforcer	初始化Casbin完成!
2022-10-25 13:48:14	INFO	router/router.go:45	server/app/router.InitRouter	初始化路由完成！
2022-10-25 13:48:14	INFO	initialize/server.go:46	server/initialize.InitializeRunServer	服务启动完成
2022-10-25 13:48:28	INFO	initialize/server.go:55	server/initialize.InitializeRunServer	Shutting down server...
2022-10-25 13:48:28	INFO	initialize/server.go:65	server/initialize.InitializeRunServer	Server exiting!
2022-10-25 13:48:32	INFO	initialize/logger.go:106	server/initialize.InitLogger	初始化zap日志完成!
2022-10-25 13:48:32	INFO	initialize/redis.go:22	server/initialize.InitRedis	初始化redis数据库完成!
2022-10-25 13:48:32	INFO	initialize/mysql.go:62	server/initialize.InitMysql	初始化mysql数据库完成!
2022-10-25 13:48:32	INFO	initialize/casbin.go:20	server/initialize.InitCasbinEnforcer	初始化Casbin完成!
2022-10-25 13:48:32	INFO	router/router.go:45	server/app/router.InitRouter	初始化路由完成！
2022-10-25 13:48:32	INFO	initialize/server.go:46	server/initialize.InitializeRunServer	服务启动完成
2022-10-25 13:53:53	INFO	initialize/server.go:55	server/initialize.InitializeRunServer	Shutting down server...
2022-10-25 13:53:53	INFO	initialize/server.go:65	server/initialize.InitializeRunServer	Server exiting!
2022-10-25 13:53:57	INFO	initialize/logger.go:106	server/initialize.InitLogger	初始化zap日志完成!
2022-10-25 13:53:57	INFO	initialize/redis.go:22	server/initialize.InitRedis	初始化redis数据库完成!
2022-10-25 13:53:57	INFO	initialize/mysql.go:62	server/initialize.InitMysql	初始化mysql数据库完成!
2022-10-25 13:53:57	INFO	initialize/casbin.go:20	server/initialize.InitCasbinEnforcer	初始化Casbin完成!
2022-10-25 13:53:57	INFO	router/router.go:45	server/app/router.InitRouter	初始化路由完成！
2022-10-25 13:53:57	INFO	initialize/server.go:46	server/initialize.InitializeRunServer	服务启动完成
2022-10-25 13:56:08	INFO	initialize/server.go:55	server/initialize.InitializeRunServer	Shutting down server...
2022-10-25 13:56:09	INFO	initialize/server.go:65	server/initialize.InitializeRunServer	Server exiting!
2022-10-25 13:56:13	INFO	initialize/logger.go:106	server/initialize.InitLogger	初始化zap日志完成!
2022-10-25 13:56:13	INFO	initialize/redis.go:22	server/initialize.InitRedis	初始化redis数据库完成!
2022-10-25 13:56:13	INFO	initialize/mysql.go:62	server/initialize.InitMysql	初始化mysql数据库完成!
2022-10-25 13:56:13	INFO	initialize/casbin.go:20	server/initialize.InitCasbinEnforcer	初始化Casbin完成!
2022-10-25 13:56:13	INFO	router/router.go:45	server/app/router.InitRouter	初始化路由完成！
2022-10-25 13:56:13	INFO	initialize/server.go:46	server/initialize.InitializeRunServer	服务启动完成
2022-10-25 13:58:22	INFO	initialize/server.go:55	server/initialize.InitializeRunServer	Shutting down server...
2022-10-25 13:58:22	INFO	initialize/server.go:65	server/initialize.InitializeRunServer	Server exiting!
2022-10-25 13:58:26	INFO	initialize/logger.go:106	server/initialize.InitLogger	初始化zap日志完成!
2022-10-25 13:58:26	INFO	initialize/redis.go:22	server/initialize.InitRedis	初始化redis数据库完成!
2022-10-25 13:58:26	INFO	initialize/mysql.go:62	server/initialize.InitMysql	初始化mysql数据库完成!
2022-10-25 13:58:26	INFO	initialize/casbin.go:20	server/initialize.InitCasbinEnforcer	初始化Casbin完成!
2022-10-25 13:58:26	INFO	router/router.go:45	server/app/router.InitRouter	初始化路由完成！
2022-10-25 13:58:26	INFO	initialize/server.go:46	server/initialize.InitializeRunServer	服务启动完成
2022-10-25 14:03:00	INFO	initialize/server.go:55	server/initialize.InitializeRunServer	Shutting down server...
2022-10-25 14:03:00	INFO	initialize/server.go:65	server/initialize.InitializeRunServer	Server exiting!
2022-10-25 14:03:05	INFO	initialize/logger.go:106	server/initialize.InitLogger	初始化zap日志完成!
2022-10-25 14:03:05	INFO	initialize/redis.go:22	server/initialize.InitRedis	初始化redis数据库完成!
2022-10-25 14:03:05	INFO	initialize/mysql.go:62	server/initialize.InitMysql	初始化mysql数据库完成!
2022-10-25 14:03:05	INFO	initialize/casbin.go:20	server/initialize.InitCasbinEnforcer	初始化Casbin完成!
2022-10-25 14:03:05	INFO	router/router.go:45	server/app/router.InitRouter	初始化路由完成！
2022-10-25 14:03:05	INFO	initialize/server.go:46	server/initialize.InitializeRunServer	服务启动完成
2022-10-25 14:03:39	INFO	initialize/server.go:55	server/initialize.InitializeRunServer	Shutting down server...
2022-10-25 14:03:39	INFO	initialize/server.go:65	server/initialize.InitializeRunServer	Server exiting!
2022-10-25 14:03:43	INFO	initialize/logger.go:106	server/initialize.InitLogger	初始化zap日志完成!
2022-10-25 14:03:43	INFO	initialize/redis.go:22	server/initialize.InitRedis	初始化redis数据库完成!
2022-10-25 14:03:43	INFO	initialize/mysql.go:62	server/initialize.InitMysql	初始化mysql数据库完成!
2022-10-25 14:03:43	INFO	initialize/casbin.go:20	server/initialize.InitCasbinEnforcer	初始化Casbin完成!
2022-10-25 14:03:43	INFO	router/router.go:45	server/app/router.InitRouter	初始化路由完成！
2022-10-25 14:03:43	INFO	initialize/server.go:46	server/initialize.InitializeRunServer	服务启动完成
2022-10-25 14:05:00	INFO	initialize/server.go:55	server/initialize.InitializeRunServer	Shutting down server...
2022-10-25 14:05:00	INFO	initialize/server.go:65	server/initialize.InitializeRunServer	Server exiting!
2022-10-25 14:05:04	INFO	initialize/logger.go:106	server/initialize.InitLogger	初始化zap日志完成!
2022-10-25 14:05:04	INFO	initialize/redis.go:22	server/initialize.InitRedis	初始化redis数据库完成!
2022-10-25 14:05:04	INFO	initialize/mysql.go:62	server/initialize.InitMysql	初始化mysql数据库完成!
2022-10-25 14:05:04	INFO	initialize/casbin.go:20	server/initialize.InitCasbinEnforcer	初始化Casbin完成!
2022-10-25 14:05:04	INFO	router/router.go:45	server/app/router.InitRouter	初始化路由完成！
2022-10-25 14:05:04	INFO	initialize/server.go:46	server/initialize.InitializeRunServer	服务启动完成
2022-10-25 14:06:25	INFO	initialize/server.go:55	server/initialize.InitializeRunServer	Shutting down server...
2022-10-25 14:06:25	INFO	initialize/server.go:65	server/initialize.InitializeRunServer	Server exiting!
2022-10-25 14:06:29	INFO	initialize/logger.go:106	server/initialize.InitLogger	初始化zap日志完成!
2022-10-25 14:06:29	INFO	initialize/redis.go:22	server/initialize.InitRedis	初始化redis数据库完成!
2022-10-25 14:06:29	INFO	initialize/mysql.go:62	server/initialize.InitMysql	初始化mysql数据库完成!
2022-10-25 14:06:29	INFO	initialize/casbin.go:20	server/initialize.InitCasbinEnforcer	初始化Casbin完成!
2022-10-25 14:06:29	INFO	router/router.go:45	server/app/router.InitRouter	初始化路由完成！
2022-10-25 14:06:29	INFO	initialize/server.go:46	server/initialize.InitializeRunServer	服务启动完成
2022-10-25 14:09:41	INFO	initialize/server.go:55	server/initialize.InitializeRunServer	Shutting down server...
2022-10-25 14:09:41	INFO	initialize/server.go:65	server/initialize.InitializeRunServer	Server exiting!
2022-10-25 14:09:44	INFO	initialize/logger.go:106	server/initialize.InitLogger	初始化zap日志完成!
2022-10-25 14:09:44	INFO	initialize/redis.go:22	server/initialize.InitRedis	初始化redis数据库完成!
2022-10-25 14:09:44	INFO	initialize/mysql.go:62	server/initialize.InitMysql	初始化mysql数据库完成!
2022-10-25 14:09:45	INFO	initialize/casbin.go:20	server/initialize.InitCasbinEnforcer	初始化Casbin完成!
2022-10-25 14:09:45	INFO	router/router.go:45	server/app/router.InitRouter	初始化路由完成！
2022-10-25 14:09:45	INFO	initialize/server.go:46	server/initialize.InitializeRunServer	服务启动完成
2022-10-25 14:10:04	INFO	initialize/server.go:55	server/initialize.InitializeRunServer	Shutting down server...
2022-10-25 14:10:04	INFO	initialize/server.go:65	server/initialize.InitializeRunServer	Server exiting!
2022-10-25 14:10:08	INFO	initialize/logger.go:106	server/initialize.InitLogger	初始化zap日志完成!
2022-10-25 14:10:09	INFO	initialize/redis.go:22	server/initialize.InitRedis	初始化redis数据库完成!
2022-10-25 14:10:09	INFO	initialize/mysql.go:62	server/initialize.InitMysql	初始化mysql数据库完成!
2022-10-25 14:10:09	INFO	initialize/casbin.go:20	server/initialize.InitCasbinEnforcer	初始化Casbin完成!
2022-10-25 14:10:09	INFO	router/router.go:45	server/app/router.InitRouter	初始化路由完成！
2022-10-25 14:10:09	INFO	initialize/server.go:46	server/initialize.InitializeRunServer	服务启动完成
2022-10-25 14:11:07	INFO	initialize/server.go:55	server/initialize.InitializeRunServer	Shutting down server...
2022-10-25 14:11:07	INFO	initialize/server.go:65	server/initialize.InitializeRunServer	Server exiting!
2022-10-25 14:11:10	INFO	initialize/logger.go:106	server/initialize.InitLogger	初始化zap日志完成!
2022-10-25 14:11:10	INFO	initialize/redis.go:22	server/initialize.InitRedis	初始化redis数据库完成!
2022-10-25 14:11:10	INFO	initialize/mysql.go:62	server/initialize.InitMysql	初始化mysql数据库完成!
2022-10-25 14:11:11	INFO	initialize/casbin.go:20	server/initialize.InitCasbinEnforcer	初始化Casbin完成!
2022-10-25 14:11:11	INFO	router/router.go:45	server/app/router.InitRouter	初始化路由完成！
2022-10-25 14:11:11	INFO	initialize/server.go:46	server/initialize.InitializeRunServer	服务启动完成
2022-10-25 14:25:10	INFO	initialize/server.go:55	server/initialize.InitializeRunServer	Shutting down server...
2022-10-25 14:25:10	INFO	initialize/server.go:65	server/initialize.InitializeRunServer	Server exiting!
2022-10-25 14:25:15	INFO	initialize/logger.go:106	server/initialize.InitLogger	初始化zap日志完成!
2022-10-25 14:25:15	INFO	initialize/redis.go:22	server/initialize.InitRedis	初始化redis数据库完成!
2022-10-25 14:25:15	INFO	initialize/mysql.go:62	server/initialize.InitMysql	初始化mysql数据库完成!
2022-10-25 14:25:15	INFO	initialize/casbin.go:20	server/initialize.InitCasbinEnforcer	初始化Casbin完成!
2022-10-25 14:25:15	INFO	router/router.go:45	server/app/router.InitRouter	初始化路由完成！
2022-10-25 14:25:15	INFO	initialize/server.go:46	server/initialize.InitializeRunServer	服务启动完成
2022-10-25 14:27:56	INFO	initialize/server.go:55	server/initialize.InitializeRunServer	Shutting down server...
2022-10-25 14:27:56	INFO	initialize/server.go:65	server/initialize.InitializeRunServer	Server exiting!
2022-10-25 14:28:00	INFO	initialize/logger.go:106	server/initialize.InitLogger	初始化zap日志完成!
2022-10-25 14:28:00	INFO	initialize/redis.go:22	server/initialize.InitRedis	初始化redis数据库完成!
2022-10-25 14:28:00	INFO	initialize/mysql.go:62	server/initialize.InitMysql	初始化mysql数据库完成!
2022-10-25 14:28:01	INFO	initialize/casbin.go:20	server/initialize.InitCasbinEnforcer	初始化Casbin完成!
2022-10-25 14:28:01	INFO	router/router.go:45	server/app/router.InitRouter	初始化路由完成！
2022-10-25 14:28:01	INFO	initialize/server.go:46	server/initialize.InitializeRunServer	服务启动完成
2022-10-25 14:30:39	INFO	initialize/server.go:55	server/initialize.InitializeRunServer	Shutting down server...
2022-10-25 14:30:39	INFO	initialize/server.go:65	server/initialize.InitializeRunServer	Server exiting!
2022-10-25 14:30:43	INFO	initialize/logger.go:106	server/initialize.InitLogger	初始化zap日志完成!
2022-10-25 14:30:43	INFO	initialize/redis.go:22	server/initialize.InitRedis	初始化redis数据库完成!
2022-10-25 14:30:43	INFO	initialize/mysql.go:62	server/initialize.InitMysql	初始化mysql数据库完成!
2022-10-25 14:30:43	INFO	initialize/casbin.go:20	server/initialize.InitCasbinEnforcer	初始化Casbin完成!
2022-10-25 14:30:43	INFO	router/router.go:45	server/app/router.InitRouter	初始化路由完成！
2022-10-25 14:30:43	INFO	initialize/server.go:46	server/initialize.InitializeRunServer	服务启动完成
2022-10-25 14:36:30	INFO	initialize/server.go:55	server/initialize.InitializeRunServer	Shutting down server...
2022-10-25 14:36:30	INFO	initialize/server.go:65	server/initialize.InitializeRunServer	Server exiting!
2022-10-25 14:36:35	INFO	initialize/logger.go:106	server/initialize.InitLogger	初始化zap日志完成!
2022-10-25 14:36:35	INFO	initialize/redis.go:22	server/initialize.InitRedis	初始化redis数据库完成!
2022-10-25 14:36:35	INFO	initialize/mysql.go:62	server/initialize.InitMysql	初始化mysql数据库完成!
2022-10-25 14:36:35	INFO	initialize/casbin.go:20	server/initialize.InitCasbinEnforcer	初始化Casbin完成!
2022-10-25 14:36:35	INFO	router/router.go:45	server/app/router.InitRouter	初始化路由完成！
2022-10-25 14:36:35	INFO	initialize/server.go:46	server/initialize.InitializeRunServer	服务启动完成
2022-10-25 14:36:46	INFO	initialize/server.go:55	server/initialize.InitializeRunServer	Shutting down server...
2022-10-25 14:36:46	INFO	initialize/server.go:65	server/initialize.InitializeRunServer	Server exiting!
2022-10-25 14:36:49	INFO	initialize/logger.go:106	server/initialize.InitLogger	初始化zap日志完成!
2022-10-25 14:36:49	INFO	initialize/redis.go:22	server/initialize.InitRedis	初始化redis数据库完成!
2022-10-25 14:36:49	INFO	initialize/mysql.go:62	server/initialize.InitMysql	初始化mysql数据库完成!
2022-10-25 14:36:50	INFO	initialize/casbin.go:20	server/initialize.InitCasbinEnforcer	初始化Casbin完成!
2022-10-25 14:36:50	INFO	router/router.go:45	server/app/router.InitRouter	初始化路由完成！
2022-10-25 14:36:50	INFO	initialize/server.go:46	server/initialize.InitializeRunServer	服务启动完成
2022-10-25 14:39:07	INFO	initialize/server.go:55	server/initialize.InitializeRunServer	Shutting down server...
2022-10-25 14:39:07	INFO	initialize/server.go:65	server/initialize.InitializeRunServer	Server exiting!
2022-10-25 14:39:13	INFO	initialize/logger.go:106	server/initialize.InitLogger	初始化zap日志完成!
2022-10-25 14:39:13	INFO	initialize/redis.go:22	server/initialize.InitRedis	初始化redis数据库完成!
2022-10-25 14:39:13	INFO	initialize/mysql.go:62	server/initialize.InitMysql	初始化mysql数据库完成!
2022-10-25 14:39:13	INFO	initialize/casbin.go:20	server/initialize.InitCasbinEnforcer	初始化Casbin完成!
2022-10-25 14:39:13	INFO	router/router.go:45	server/app/router.InitRouter	初始化路由完成！
2022-10-25 14:39:13	INFO	initialize/server.go:46	server/initialize.InitializeRunServer	服务启动完成
2022-10-25 14:41:40	INFO	initialize/server.go:55	server/initialize.InitializeRunServer	Shutting down server...
2022-10-25 14:41:40	INFO	initialize/server.go:65	server/initialize.InitializeRunServer	Server exiting!
2022-10-25 14:41:44	INFO	initialize/logger.go:106	server/initialize.InitLogger	初始化zap日志完成!
2022-10-25 14:41:44	INFO	initialize/redis.go:22	server/initialize.InitRedis	初始化redis数据库完成!
2022-10-25 14:41:44	INFO	initialize/mysql.go:62	server/initialize.InitMysql	初始化mysql数据库完成!
2022-10-25 14:41:44	INFO	initialize/casbin.go:20	server/initialize.InitCasbinEnforcer	初始化Casbin完成!
2022-10-25 14:41:44	INFO	router/router.go:45	server/app/router.InitRouter	初始化路由完成！
2022-10-25 14:41:44	INFO	initialize/server.go:46	server/initialize.InitializeRunServer	服务启动完成
2022-10-25 15:45:07	INFO	initialize/server.go:55	server/initialize.InitializeRunServer	Shutting down server...
2022-10-25 15:45:07	INFO	initialize/server.go:65	server/initialize.InitializeRunServer	Server exiting!
2022-10-25 15:45:11	INFO	initialize/logger.go:106	server/initialize.InitLogger	初始化zap日志完成!
2022-10-25 15:45:12	INFO	initialize/redis.go:22	server/initialize.InitRedis	初始化redis数据库完成!
2022-10-25 15:45:12	INFO	initialize/mysql.go:62	server/initialize.InitMysql	初始化mysql数据库完成!
2022-10-25 15:45:12	INFO	initialize/casbin.go:20	server/initialize.InitCasbinEnforcer	初始化Casbin完成!
2022-10-25 15:45:12	INFO	router/router.go:45	server/app/router.InitRouter	初始化路由完成！
2022-10-25 15:45:12	INFO	initialize/server.go:46	server/initialize.InitializeRunServer	服务启动完成
2022-10-25 16:14:44	INFO	initialize/server.go:55	server/initialize.InitializeRunServer	Shutting down server...
2022-10-25 16:14:44	INFO	initialize/server.go:65	server/initialize.InitializeRunServer	Server exiting!
2022-10-25 16:14:49	INFO	initialize/logger.go:106	server/initialize.InitLogger	初始化zap日志完成!
2022-10-25 16:14:49	INFO	initialize/redis.go:22	server/initialize.InitRedis	初始化redis数据库完成!
2022-10-25 16:14:49	INFO	initialize/mysql.go:62	server/initialize.InitMysql	初始化mysql数据库完成!
2022-10-25 16:14:49	INFO	initialize/casbin.go:20	server/initialize.InitCasbinEnforcer	初始化Casbin完成!
2022-10-25 16:14:49	INFO	router/router.go:45	server/app/router.InitRouter	初始化路由完成！
2022-10-25 16:14:49	INFO	initialize/server.go:46	server/initialize.InitializeRunServer	服务启动完成
2022-10-25 16:16:21	INFO	initialize/server.go:55	server/initialize.InitializeRunServer	Shutting down server...
2022-10-25 16:16:21	INFO	initialize/server.go:65	server/initialize.InitializeRunServer	Server exiting!
2022-10-25 16:16:25	INFO	initialize/logger.go:106	server/initialize.InitLogger	初始化zap日志完成!
2022-10-25 16:16:25	INFO	initialize/redis.go:22	server/initialize.InitRedis	初始化redis数据库完成!
2022-10-25 16:16:25	INFO	initialize/mysql.go:62	server/initialize.InitMysql	初始化mysql数据库完成!
2022-10-25 16:16:26	INFO	initialize/casbin.go:20	server/initialize.InitCasbinEnforcer	初始化Casbin完成!
2022-10-25 16:16:26	INFO	router/router.go:45	server/app/router.InitRouter	初始化路由完成！
2022-10-25 16:16:26	INFO	initialize/server.go:46	server/initialize.InitializeRunServer	服务启动完成
2022-10-25 16:23:57	INFO	initialize/server.go:55	server/initialize.InitializeRunServer	Shutting down server...
2022-10-25 16:23:57	INFO	initialize/server.go:65	server/initialize.InitializeRunServer	Server exiting!
2022-10-25 16:24:00	INFO	initialize/logger.go:106	server/initialize.InitLogger	初始化zap日志完成!
2022-10-25 16:24:01	INFO	initialize/redis.go:22	server/initialize.InitRedis	初始化redis数据库完成!
2022-10-25 16:24:01	INFO	initialize/mysql.go:62	server/initialize.InitMysql	初始化mysql数据库完成!
2022-10-25 16:24:01	INFO	initialize/casbin.go:20	server/initialize.InitCasbinEnforcer	初始化Casbin完成!
2022-10-25 16:24:01	INFO	router/router.go:45	server/app/router.InitRouter	初始化路由完成！
2022-10-25 16:24:01	INFO	initialize/server.go:46	server/initialize.InitializeRunServer	服务启动完成
2022-10-25 16:26:27	INFO	initialize/server.go:55	server/initialize.InitializeRunServer	Shutting down server...
2022-10-25 16:26:27	INFO	initialize/server.go:65	server/initialize.InitializeRunServer	Server exiting!
2022-10-25 16:26:31	INFO	initialize/logger.go:106	server/initialize.InitLogger	初始化zap日志完成!
2022-10-25 16:26:31	INFO	initialize/redis.go:22	server/initialize.InitRedis	初始化redis数据库完成!
2022-10-25 16:26:31	INFO	initialize/mysql.go:62	server/initialize.InitMysql	初始化mysql数据库完成!
2022-10-25 16:26:31	INFO	initialize/casbin.go:20	server/initialize.InitCasbinEnforcer	初始化Casbin完成!
2022-10-25 16:26:31	INFO	router/router.go:45	server/app/router.InitRouter	初始化路由完成！
2022-10-25 16:26:31	INFO	initialize/server.go:46	server/initialize.InitializeRunServer	服务启动完成
2022-10-25 16:32:09	INFO	initialize/server.go:55	server/initialize.InitializeRunServer	Shutting down server...
2022-10-25 16:32:09	INFO	initialize/server.go:65	server/initialize.InitializeRunServer	Server exiting!
2022-10-25 16:32:25	INFO	initialize/logger.go:106	server/initialize.InitLogger	初始化zap日志完成!
2022-10-25 16:32:25	INFO	initialize/redis.go:22	server/initialize.InitRedis	初始化redis数据库完成!
2022-10-25 16:32:25	INFO	initialize/mysql.go:62	server/initialize.InitMysql	初始化mysql数据库完成!
2022-10-25 16:32:26	INFO	initialize/casbin.go:20	server/initialize.InitCasbinEnforcer	初始化Casbin完成!
2022-10-25 16:32:26	INFO	router/router.go:45	server/app/router.InitRouter	初始化路由完成！
2022-10-25 16:32:26	INFO	initialize/server.go:46	server/initialize.InitializeRunServer	服务启动完成
2022-10-25 17:13:16	INFO	initialize/server.go:55	server/initialize.InitializeRunServer	Shutting down server...
2022-10-25 17:13:16	INFO	initialize/server.go:65	server/initialize.InitializeRunServer	Server exiting!
2022-10-25 17:13:21	INFO	initialize/logger.go:106	server/initialize.InitLogger	初始化zap日志完成!
2022-10-25 17:13:21	INFO	initialize/redis.go:22	server/initialize.InitRedis	初始化redis数据库完成!
2022-10-25 17:13:21	INFO	initialize/mysql.go:62	server/initialize.InitMysql	初始化mysql数据库完成!
2022-10-25 17:13:21	INFO	initialize/casbin.go:20	server/initialize.InitCasbinEnforcer	初始化Casbin完成!
2022-10-25 17:13:21	INFO	router/router.go:45	server/app/router.InitRouter	初始化路由完成！
2022-10-25 17:13:21	INFO	initialize/server.go:46	server/initialize.InitializeRunServer	服务启动完成
2022-10-25 17:35:53	INFO	initialize/server.go:55	server/initialize.InitializeRunServer	Shutting down server...
2022-10-25 17:35:53	INFO	initialize/server.go:65	server/initialize.InitializeRunServer	Server exiting!
2022-10-25 17:35:56	INFO	initialize/logger.go:106	server/initialize.InitLogger	初始化zap日志完成!
2022-10-25 17:35:56	INFO	initialize/redis.go:22	server/initialize.InitRedis	初始化redis数据库完成!
2022-10-25 17:35:56	INFO	initialize/mysql.go:62	server/initialize.InitMysql	初始化mysql数据库完成!
2022-10-25 17:35:56	INFO	initialize/casbin.go:20	server/initialize.InitCasbinEnforcer	初始化Casbin完成!
2022-10-25 17:35:56	INFO	router/router.go:45	server/app/router.InitRouter	初始化路由完成！
2022-10-25 17:35:56	INFO	initialize/server.go:46	server/initialize.InitializeRunServer	服务启动完成
2022-10-25 18:12:42	INFO	initialize/server.go:55	server/initialize.InitializeRunServer	Shutting down server...
2022-10-25 18:12:42	INFO	initialize/server.go:65	server/initialize.InitializeRunServer	Server exiting!
2022-10-25 18:12:48	INFO	initialize/logger.go:106	server/initialize.InitLogger	初始化zap日志完成!
2022-10-25 18:12:48	INFO	initialize/redis.go:22	server/initialize.InitRedis	初始化redis数据库完成!
2022-10-25 18:12:48	INFO	initialize/mysql.go:62	server/initialize.InitMysql	初始化mysql数据库完成!
2022-10-25 18:12:48	INFO	initialize/casbin.go:20	server/initialize.InitCasbinEnforcer	初始化Casbin完成!
2022-10-25 18:12:48	INFO	router/router.go:45	server/app/router.InitRouter	初始化路由完成！
2022-10-25 18:12:48	INFO	initialize/server.go:46	server/initialize.InitializeRunServer	服务启动完成
2022-10-25 18:14:11	INFO	initialize/server.go:55	server/initialize.InitializeRunServer	Shutting down server...
2022-10-25 18:14:11	INFO	initialize/server.go:65	server/initialize.InitializeRunServer	Server exiting!
2022-10-25 18:14:15	INFO	initialize/logger.go:106	server/initialize.InitLogger	初始化zap日志完成!
2022-10-25 18:14:16	INFO	initialize/redis.go:22	server/initialize.InitRedis	初始化redis数据库完成!
2022-10-25 18:14:16	INFO	initialize/mysql.go:62	server/initialize.InitMysql	初始化mysql数据库完成!
2022-10-25 18:14:16	INFO	initialize/casbin.go:20	server/initialize.InitCasbinEnforcer	初始化Casbin完成!
2022-10-25 18:14:16	INFO	router/router.go:45	server/app/router.InitRouter	初始化路由完成！
2022-10-25 18:14:16	INFO	initialize/server.go:46	server/initialize.InitializeRunServer	服务启动完成
2022-10-25 18:15:35	INFO	initialize/server.go:55	server/initialize.InitializeRunServer	Shutting down server...
2022-10-25 18:15:35	INFO	initialize/server.go:65	server/initialize.InitializeRunServer	Server exiting!
2022-10-25 18:15:39	INFO	initialize/logger.go:106	server/initialize.InitLogger	初始化zap日志完成!
2022-10-25 18:15:40	INFO	initialize/redis.go:22	server/initialize.InitRedis	初始化redis数据库完成!
2022-10-25 18:15:40	INFO	initialize/mysql.go:62	server/initialize.InitMysql	初始化mysql数据库完成!
2022-10-25 18:15:40	INFO	initialize/casbin.go:20	server/initialize.InitCasbinEnforcer	初始化Casbin完成!
2022-10-25 18:15:40	INFO	router/router.go:45	server/app/router.InitRouter	初始化路由完成！
2022-10-25 18:15:40	INFO	initialize/server.go:46	server/initialize.InitializeRunServer	服务启动完成
2022-10-25 18:27:59	INFO	initialize/server.go:55	server/initialize.InitializeRunServer	Shutting down server...
2022-10-25 18:27:59	INFO	initialize/server.go:65	server/initialize.InitializeRunServer	Server exiting!
2022-10-25 18:28:03	INFO	initialize/logger.go:106	server/initialize.InitLogger	初始化zap日志完成!
2022-10-25 18:28:03	INFO	initialize/redis.go:22	server/initialize.InitRedis	初始化redis数据库完成!
2022-10-25 18:28:03	INFO	initialize/mysql.go:62	server/initialize.InitMysql	初始化mysql数据库完成!
2022-10-25 18:28:03	INFO	initialize/casbin.go:20	server/initialize.InitCasbinEnforcer	初始化Casbin完成!
2022-10-25 18:28:03	INFO	router/router.go:45	server/app/router.InitRouter	初始化路由完成！
2022-10-25 18:28:03	INFO	initialize/server.go:46	server/initialize.InitializeRunServer	服务启动完成
2022-10-25 18:28:51	INFO	initialize/server.go:55	server/initialize.InitializeRunServer	Shutting down server...
2022-10-25 18:28:51	INFO	initialize/server.go:65	server/initialize.InitializeRunServer	Server exiting!
2022-10-25 18:28:55	INFO	initialize/logger.go:106	server/initialize.InitLogger	初始化zap日志完成!
2022-10-25 18:28:55	INFO	initialize/redis.go:22	server/initialize.InitRedis	初始化redis数据库完成!
2022-10-25 18:28:55	INFO	initialize/mysql.go:62	server/initialize.InitMysql	初始化mysql数据库完成!
2022-10-25 18:28:56	INFO	initialize/casbin.go:20	server/initialize.InitCasbinEnforcer	初始化Casbin完成!
2022-10-25 18:28:56	INFO	router/router.go:45	server/app/router.InitRouter	初始化路由完成！
2022-10-25 18:28:56	INFO	initialize/server.go:46	server/initialize.InitializeRunServer	服务启动完成
2022-10-25 18:32:52	INFO	initialize/server.go:55	server/initialize.InitializeRunServer	Shutting down server...
2022-10-25 18:32:52	INFO	initialize/server.go:65	server/initialize.InitializeRunServer	Server exiting!
2022-10-25 18:32:56	INFO	initialize/logger.go:106	server/initialize.InitLogger	初始化zap日志完成!
2022-10-25 18:32:56	INFO	initialize/redis.go:22	server/initialize.InitRedis	初始化redis数据库完成!
2022-10-25 18:32:57	INFO	initialize/mysql.go:62	server/initialize.InitMysql	初始化mysql数据库完成!
2022-10-25 18:32:57	INFO	initialize/casbin.go:20	server/initialize.InitCasbinEnforcer	初始化Casbin完成!
2022-10-25 18:32:57	INFO	router/router.go:45	server/app/router.InitRouter	初始化路由完成！
2022-10-25 18:32:57	INFO	initialize/server.go:46	server/initialize.InitializeRunServer	服务启动完成
2022-10-25 18:34:43	INFO	initialize/server.go:55	server/initialize.InitializeRunServer	Shutting down server...
2022-10-25 18:34:43	INFO	initialize/server.go:65	server/initialize.InitializeRunServer	Server exiting!
2022-10-25 18:34:46	INFO	initialize/logger.go:106	server/initialize.InitLogger	初始化zap日志完成!
2022-10-25 18:34:46	INFO	initialize/redis.go:22	server/initialize.InitRedis	初始化redis数据库完成!
2022-10-25 18:34:46	INFO	initialize/mysql.go:62	server/initialize.InitMysql	初始化mysql数据库完成!
2022-10-25 18:34:47	INFO	initialize/casbin.go:20	server/initialize.InitCasbinEnforcer	初始化Casbin完成!
2022-10-25 18:34:47	INFO	router/router.go:45	server/app/router.InitRouter	初始化路由完成！
2022-10-25 18:34:47	INFO	initialize/server.go:46	server/initialize.InitializeRunServer	服务启动完成
2022-10-25 18:35:17	INFO	initialize/server.go:55	server/initialize.InitializeRunServer	Shutting down server...
2022-10-25 18:35:17	INFO	initialize/server.go:65	server/initialize.InitializeRunServer	Server exiting!
2022-10-25 18:35:21	INFO	initialize/logger.go:106	server/initialize.InitLogger	初始化zap日志完成!
2022-10-25 18:35:22	INFO	initialize/redis.go:22	server/initialize.InitRedis	初始化redis数据库完成!
2022-10-25 18:35:22	INFO	initialize/mysql.go:62	server/initialize.InitMysql	初始化mysql数据库完成!
2022-10-25 18:35:22	INFO	initialize/casbin.go:20	server/initialize.InitCasbinEnforcer	初始化Casbin完成!
2022-10-25 18:35:22	INFO	router/router.go:45	server/app/router.InitRouter	初始化路由完成！
2022-10-25 18:35:22	INFO	initialize/server.go:46	server/initialize.InitializeRunServer	服务启动完成
2022-10-25 18:38:40	INFO	initialize/server.go:55	server/initialize.InitializeRunServer	Shutting down server...
2022-10-25 18:38:40	INFO	initialize/server.go:65	server/initialize.InitializeRunServer	Server exiting!
2022-10-25 18:38:44	INFO	initialize/logger.go:106	server/initialize.InitLogger	初始化zap日志完成!
2022-10-25 18:38:44	INFO	initialize/redis.go:22	server/initialize.InitRedis	初始化redis数据库完成!
2022-10-25 18:38:44	INFO	initialize/mysql.go:62	server/initialize.InitMysql	初始化mysql数据库完成!
2022-10-25 18:38:45	INFO	initialize/casbin.go:20	server/initialize.InitCasbinEnforcer	初始化Casbin完成!
2022-10-25 18:38:45	INFO	router/router.go:45	server/app/router.InitRouter	初始化路由完成！
2022-10-25 18:38:45	INFO	initialize/server.go:46	server/initialize.InitializeRunServer	服务启动完成
2022-10-25 18:41:22	INFO	initialize/server.go:55	server/initialize.InitializeRunServer	Shutting down server...
2022-10-25 18:41:22	INFO	initialize/server.go:65	server/initialize.InitializeRunServer	Server exiting!
2022-10-25 18:41:26	INFO	initialize/logger.go:106	server/initialize.InitLogger	初始化zap日志完成!
2022-10-25 18:41:26	INFO	initialize/redis.go:22	server/initialize.InitRedis	初始化redis数据库完成!
2022-10-25 18:41:26	INFO	initialize/mysql.go:62	server/initialize.InitMysql	初始化mysql数据库完成!
2022-10-25 18:41:26	INFO	initialize/casbin.go:20	server/initialize.InitCasbinEnforcer	初始化Casbin完成!
2022-10-25 18:41:26	INFO	router/router.go:45	server/app/router.InitRouter	初始化路由完成！
2022-10-25 18:41:26	INFO	initialize/server.go:46	server/initialize.InitializeRunServer	服务启动完成
2022-10-25 18:41:52	INFO	initialize/server.go:55	server/initialize.InitializeRunServer	Shutting down server...
2022-10-25 18:41:52	INFO	initialize/server.go:65	server/initialize.InitializeRunServer	Server exiting!
2022-10-25 18:41:56	INFO	initialize/logger.go:106	server/initialize.InitLogger	初始化zap日志完成!
2022-10-25 18:41:56	INFO	initialize/redis.go:22	server/initialize.InitRedis	初始化redis数据库完成!
2022-10-25 18:41:56	INFO	initialize/mysql.go:62	server/initialize.InitMysql	初始化mysql数据库完成!
2022-10-25 18:41:57	INFO	initialize/casbin.go:20	server/initialize.InitCasbinEnforcer	初始化Casbin完成!
2022-10-25 18:41:57	INFO	router/router.go:45	server/app/router.InitRouter	初始化路由完成！
2022-10-25 18:41:57	INFO	initialize/server.go:46	server/initialize.InitializeRunServer	服务启动完成
2022-10-25 18:43:02	INFO	initialize/server.go:55	server/initialize.InitializeRunServer	Shutting down server...
2022-10-25 18:43:02	INFO	initialize/server.go:65	server/initialize.InitializeRunServer	Server exiting!
2022-10-25 18:43:06	INFO	initialize/logger.go:106	server/initialize.InitLogger	初始化zap日志完成!
2022-10-25 18:43:06	INFO	initialize/redis.go:22	server/initialize.InitRedis	初始化redis数据库完成!
2022-10-25 18:43:06	INFO	initialize/mysql.go:62	server/initialize.InitMysql	初始化mysql数据库完成!
2022-10-25 18:43:06	INFO	initialize/casbin.go:20	server/initialize.InitCasbinEnforcer	初始化Casbin完成!
2022-10-25 18:43:06	INFO	router/router.go:45	server/app/router.InitRouter	初始化路由完成！
2022-10-25 18:43:06	INFO	initialize/server.go:46	server/initialize.InitializeRunServer	服务启动完成
2022-10-25 18:43:48	INFO	initialize/server.go:55	server/initialize.InitializeRunServer	Shutting down server...
2022-10-25 18:43:48	INFO	initialize/server.go:65	server/initialize.InitializeRunServer	Server exiting!
2022-10-25 18:43:51	INFO	initialize/logger.go:106	server/initialize.InitLogger	初始化zap日志完成!
2022-10-25 18:43:51	INFO	initialize/redis.go:22	server/initialize.InitRedis	初始化redis数据库完成!
2022-10-25 18:43:52	INFO	initialize/mysql.go:62	server/initialize.InitMysql	初始化mysql数据库完成!
2022-10-25 18:43:52	INFO	initialize/casbin.go:20	server/initialize.InitCasbinEnforcer	初始化Casbin完成!
2022-10-25 18:43:52	INFO	router/router.go:45	server/app/router.InitRouter	初始化路由完成！
2022-10-25 18:43:52	INFO	initialize/server.go:46	server/initialize.InitializeRunServer	服务启动完成
2022-10-25 18:45:09	INFO	initialize/server.go:55	server/initialize.InitializeRunServer	Shutting down server...
2022-10-25 18:45:09	INFO	initialize/server.go:65	server/initialize.InitializeRunServer	Server exiting!
2022-10-25 18:45:14	INFO	initialize/logger.go:106	server/initialize.InitLogger	初始化zap日志完成!
2022-10-25 18:45:14	INFO	initialize/redis.go:22	server/initialize.InitRedis	初始化redis数据库完成!
2022-10-25 18:45:14	INFO	initialize/mysql.go:62	server/initialize.InitMysql	初始化mysql数据库完成!
2022-10-25 18:45:14	INFO	initialize/casbin.go:20	server/initialize.InitCasbinEnforcer	初始化Casbin完成!
2022-10-25 18:45:14	INFO	router/router.go:45	server/app/router.InitRouter	初始化路由完成！
2022-10-25 18:45:14	INFO	initialize/server.go:46	server/initialize.InitializeRunServer	服务启动完成
2022-10-25 18:49:01	INFO	initialize/server.go:55	server/initialize.InitializeRunServer	Shutting down server...
2022-10-25 18:49:01	INFO	initialize/server.go:65	server/initialize.InitializeRunServer	Server exiting!
2022-10-25 18:49:06	INFO	initialize/logger.go:106	server/initialize.InitLogger	初始化zap日志完成!
2022-10-25 18:49:06	INFO	initialize/redis.go:22	server/initialize.InitRedis	初始化redis数据库完成!
2022-10-25 18:49:06	INFO	initialize/mysql.go:62	server/initialize.InitMysql	初始化mysql数据库完成!
2022-10-25 18:49:06	INFO	initialize/casbin.go:20	server/initialize.InitCasbinEnforcer	初始化Casbin完成!
2022-10-25 18:49:06	INFO	router/router.go:45	server/app/router.InitRouter	初始化路由完成！
2022-10-25 18:49:06	INFO	initialize/server.go:46	server/initialize.InitializeRunServer	服务启动完成
2022-10-25 18:50:36	INFO	initialize/server.go:55	server/initialize.InitializeRunServer	Shutting down server...
2022-10-25 18:50:36	INFO	initialize/server.go:65	server/initialize.InitializeRunServer	Server exiting!
2022-10-25 18:51:34	INFO	initialize/logger.go:106	server/initialize.InitLogger	初始化zap日志完成!
2022-10-25 18:51:34	INFO	initialize/redis.go:22	server/initialize.InitRedis	初始化redis数据库完成!
2022-10-25 18:51:34	INFO	initialize/mysql.go:62	server/initialize.InitMysql	初始化mysql数据库完成!
2022-10-25 18:51:34	INFO	initialize/casbin.go:20	server/initialize.InitCasbinEnforcer	初始化Casbin完成!
2022-10-25 18:51:34	INFO	router/router.go:45	server/app/router.InitRouter	初始化路由完成！
2022-10-25 18:51:34	INFO	initialize/server.go:46	server/initialize.InitializeRunServer	服务启动完成
2022-10-25 18:57:01	INFO	initialize/server.go:55	server/initialize.InitializeRunServer	Shutting down server...
2022-10-25 18:57:01	INFO	initialize/server.go:65	server/initialize.InitializeRunServer	Server exiting!
2022-10-25 18:57:45	INFO	initialize/logger.go:106	server/initialize.InitLogger	初始化zap日志完成!
2022-10-25 18:57:45	INFO	initialize/redis.go:22	server/initialize.InitRedis	初始化redis数据库完成!
2022-10-25 18:57:45	INFO	initialize/mysql.go:62	server/initialize.InitMysql	初始化mysql数据库完成!
2022-10-25 18:57:45	INFO	initialize/casbin.go:20	server/initialize.InitCasbinEnforcer	初始化Casbin完成!
2022-10-25 18:57:45	INFO	router/router.go:45	server/app/router.InitRouter	初始化路由完成！
2022-10-25 18:57:45	INFO	initialize/server.go:46	server/initialize.InitializeRunServer	服务启动完成
2022-10-25 20:38:18	INFO	initialize/server.go:55	server/initialize.InitializeRunServer	Shutting down server...
2022-10-25 20:38:18	INFO	initialize/server.go:65	server/initialize.InitializeRunServer	Server exiting!
2022-10-25 21:45:07	INFO	initialize/logger.go:106	server/initialize.InitLogger	初始化zap日志完成!
2022-10-25 21:45:07	INFO	initialize/redis.go:22	server/initialize.InitRedis	初始化redis数据库完成!
2022-10-25 21:45:07	INFO	initialize/mysql.go:62	server/initialize.InitMysql	初始化mysql数据库完成!
2022-10-25 21:45:07	INFO	initialize/casbin.go:20	server/initialize.InitCasbinEnforcer	初始化Casbin完成!
2022-10-25 21:45:07	INFO	router/router.go:45	server/app/router.InitRouter	初始化路由完成！
2022-10-25 21:45:07	INFO	initialize/server.go:46	server/initialize.InitializeRunServer	服务启动完成
2022-10-25 21:47:20	INFO	initialize/server.go:55	server/initialize.InitializeRunServer	Shutting down server...
2022-10-25 21:47:20	INFO	initialize/server.go:65	server/initialize.InitializeRunServer	Server exiting!
2022-10-25 21:47:24	INFO	initialize/logger.go:106	server/initialize.InitLogger	初始化zap日志完成!
2022-10-25 21:47:24	INFO	initialize/redis.go:22	server/initialize.InitRedis	初始化redis数据库完成!
2022-10-25 21:47:24	INFO	initialize/mysql.go:62	server/initialize.InitMysql	初始化mysql数据库完成!
2022-10-25 21:47:25	INFO	initialize/casbin.go:20	server/initialize.InitCasbinEnforcer	初始化Casbin完成!
2022-10-25 21:47:25	INFO	router/router.go:45	server/app/router.InitRouter	初始化路由完成！
2022-10-25 21:47:25	INFO	initialize/server.go:46	server/initialize.InitializeRunServer	服务启动完成
2022-10-25 21:47:28	DEBUG	middleware/auth.go:114	server/middleware.unauthorized	JWT认证失败, 错误码: 401, 错误信息: cookie token is empty
2022-10-25 21:47:30	DEBUG	middleware/auth.go:114	server/middleware.unauthorized	JWT认证失败, 错误码: 401, 错误信息: cookie token is empty
2022-10-25 21:48:17	INFO	initialize/server.go:55	server/initialize.InitializeRunServer	Shutting down server...
2022-10-25 21:48:17	INFO	initialize/server.go:65	server/initialize.InitializeRunServer	Server exiting!
2022-10-25 21:48:21	INFO	initialize/logger.go:106	server/initialize.InitLogger	初始化zap日志完成!
2022-10-25 21:48:21	INFO	initialize/redis.go:22	server/initialize.InitRedis	初始化redis数据库完成!
2022-10-25 21:48:21	INFO	initialize/mysql.go:62	server/initialize.InitMysql	初始化mysql数据库完成!
2022-10-25 21:48:21	INFO	initialize/casbin.go:20	server/initialize.InitCasbinEnforcer	初始化Casbin完成!
2022-10-25 21:48:21	INFO	router/router.go:45	server/app/router.InitRouter	初始化路由完成！
2022-10-25 21:48:21	INFO	initialize/server.go:46	server/initialize.InitializeRunServer	服务启动完成
2022-10-25 21:50:47	INFO	initialize/server.go:55	server/initialize.InitializeRunServer	Shutting down server...
2022-10-25 21:50:47	INFO	initialize/server.go:65	server/initialize.InitializeRunServer	Server exiting!
2022-10-25 21:50:50	INFO	initialize/logger.go:106	server/initialize.InitLogger	初始化zap日志完成!
2022-10-25 21:50:50	INFO	initialize/redis.go:22	server/initialize.InitRedis	初始化redis数据库完成!
2022-10-25 21:50:50	INFO	initialize/mysql.go:62	server/initialize.InitMysql	初始化mysql数据库完成!
2022-10-25 21:50:51	INFO	initialize/casbin.go:20	server/initialize.InitCasbinEnforcer	初始化Casbin完成!
2022-10-25 21:50:51	INFO	router/router.go:45	server/app/router.InitRouter	初始化路由完成！
2022-10-25 21:50:51	INFO	initialize/server.go:46	server/initialize.InitializeRunServer	服务启动完成
2022-10-25 21:51:18	INFO	initialize/server.go:55	server/initialize.InitializeRunServer	Shutting down server...
2022-10-25 21:51:18	INFO	initialize/server.go:65	server/initialize.InitializeRunServer	Server exiting!
2022-10-25 21:51:30	INFO	initialize/logger.go:106	server/initialize.InitLogger	初始化zap日志完成!
2022-10-25 21:51:30	INFO	initialize/redis.go:22	server/initialize.InitRedis	初始化redis数据库完成!
2022-10-25 21:51:30	INFO	initialize/mysql.go:62	server/initialize.InitMysql	初始化mysql数据库完成!
2022-10-25 21:51:31	INFO	initialize/casbin.go:20	server/initialize.InitCasbinEnforcer	初始化Casbin完成!
2022-10-25 21:51:31	INFO	router/router.go:45	server/app/router.InitRouter	初始化路由完成！
2022-10-25 21:51:31	INFO	initialize/server.go:46	server/initialize.InitializeRunServer	服务启动完成
2022-10-25 21:53:23	INFO	initialize/server.go:55	server/initialize.InitializeRunServer	Shutting down server...
2022-10-25 21:53:23	INFO	initialize/server.go:65	server/initialize.InitializeRunServer	Server exiting!
2022-10-25 21:53:27	INFO	initialize/logger.go:106	server/initialize.InitLogger	初始化zap日志完成!
2022-10-25 21:53:27	INFO	initialize/redis.go:22	server/initialize.InitRedis	初始化redis数据库完成!
2022-10-25 21:53:27	INFO	initialize/mysql.go:62	server/initialize.InitMysql	初始化mysql数据库完成!
2022-10-25 21:53:27	INFO	initialize/casbin.go:20	server/initialize.InitCasbinEnforcer	初始化Casbin完成!
2022-10-25 21:53:27	INFO	router/router.go:45	server/app/router.InitRouter	初始化路由完成！
2022-10-25 21:53:27	INFO	initialize/server.go:46	server/initialize.InitializeRunServer	服务启动完成
2022-10-25 21:54:04	INFO	initialize/server.go:55	server/initialize.InitializeRunServer	Shutting down server...
2022-10-25 21:54:04	INFO	initialize/server.go:65	server/initialize.InitializeRunServer	Server exiting!
2022-10-25 21:54:08	INFO	initialize/logger.go:106	server/initialize.InitLogger	初始化zap日志完成!
2022-10-25 21:54:08	INFO	initialize/redis.go:22	server/initialize.InitRedis	初始化redis数据库完成!
2022-10-25 21:54:08	INFO	initialize/mysql.go:62	server/initialize.InitMysql	初始化mysql数据库完成!
2022-10-25 21:54:08	INFO	initialize/casbin.go:20	server/initialize.InitCasbinEnforcer	初始化Casbin完成!
2022-10-25 21:54:08	INFO	router/router.go:45	server/app/router.InitRouter	初始化路由完成！
2022-10-25 21:54:08	INFO	initialize/server.go:46	server/initialize.InitializeRunServer	服务启动完成
2022-10-25 22:04:55	INFO	initialize/server.go:55	server/initialize.InitializeRunServer	Shutting down server...
2022-10-25 22:04:55	INFO	initialize/server.go:65	server/initialize.InitializeRunServer	Server exiting!
2022-10-25 22:05:00	INFO	initialize/logger.go:106	server/initialize.InitLogger	初始化zap日志完成!
2022-10-25 22:05:00	INFO	initialize/redis.go:22	server/initialize.InitRedis	初始化redis数据库完成!
2022-10-25 22:05:00	INFO	initialize/mysql.go:62	server/initialize.InitMysql	初始化mysql数据库完成!
2022-10-25 22:05:00	INFO	initialize/casbin.go:20	server/initialize.InitCasbinEnforcer	初始化Casbin完成!
2022-10-25 22:05:00	INFO	router/router.go:45	server/app/router.InitRouter	初始化路由完成！
2022-10-25 22:05:00	INFO	initialize/server.go:46	server/initialize.InitializeRunServer	服务启动完成
2022-10-25 22:09:11	INFO	initialize/server.go:55	server/initialize.InitializeRunServer	Shutting down server...
2022-10-25 22:09:11	INFO	initialize/server.go:65	server/initialize.InitializeRunServer	Server exiting!
2022-10-25 22:09:16	INFO	initialize/logger.go:106	server/initialize.InitLogger	初始化zap日志完成!
2022-10-25 22:09:16	INFO	initialize/redis.go:22	server/initialize.InitRedis	初始化redis数据库完成!
2022-10-25 22:09:16	INFO	initialize/mysql.go:62	server/initialize.InitMysql	初始化mysql数据库完成!
2022-10-25 22:09:16	INFO	initialize/casbin.go:20	server/initialize.InitCasbinEnforcer	初始化Casbin完成!
2022-10-25 22:09:16	INFO	router/router.go:45	server/app/router.InitRouter	初始化路由完成！
2022-10-25 22:09:16	INFO	initialize/server.go:46	server/initialize.InitializeRunServer	服务启动完成
2022-10-25 22:10:27	INFO	initialize/server.go:55	server/initialize.InitializeRunServer	Shutting down server...
2022-10-25 22:10:27	INFO	initialize/server.go:65	server/initialize.InitializeRunServer	Server exiting!
2022-10-25 22:10:31	INFO	initialize/logger.go:106	server/initialize.InitLogger	初始化zap日志完成!
2022-10-25 22:10:31	INFO	initialize/redis.go:22	server/initialize.InitRedis	初始化redis数据库完成!
2022-10-25 22:10:31	INFO	initialize/mysql.go:62	server/initialize.InitMysql	初始化mysql数据库完成!
2022-10-25 22:10:32	INFO	initialize/casbin.go:20	server/initialize.InitCasbinEnforcer	初始化Casbin完成!
2022-10-25 22:10:32	INFO	router/router.go:45	server/app/router.InitRouter	初始化路由完成！
2022-10-25 22:10:32	INFO	initialize/server.go:46	server/initialize.InitializeRunServer	服务启动完成
2022-10-25 22:11:33	INFO	initialize/server.go:55	server/initialize.InitializeRunServer	Shutting down server...
2022-10-25 22:11:33	INFO	initialize/server.go:65	server/initialize.InitializeRunServer	Server exiting!
2022-10-25 22:11:37	INFO	initialize/logger.go:106	server/initialize.InitLogger	初始化zap日志完成!
2022-10-25 22:11:37	INFO	initialize/redis.go:22	server/initialize.InitRedis	初始化redis数据库完成!
2022-10-25 22:11:37	INFO	initialize/mysql.go:62	server/initialize.InitMysql	初始化mysql数据库完成!
2022-10-25 22:11:38	INFO	initialize/casbin.go:20	server/initialize.InitCasbinEnforcer	初始化Casbin完成!
2022-10-25 22:11:38	INFO	router/router.go:45	server/app/router.InitRouter	初始化路由完成！
2022-10-25 22:11:38	INFO	initialize/server.go:46	server/initialize.InitializeRunServer	服务启动完成
2022-10-25 22:18:45	INFO	initialize/server.go:55	server/initialize.InitializeRunServer	Shutting down server...
2022-10-25 22:18:45	INFO	initialize/server.go:65	server/initialize.InitializeRunServer	Server exiting!
2022-10-25 22:18:50	INFO	initialize/logger.go:106	server/initialize.InitLogger	初始化zap日志完成!
2022-10-25 22:18:50	INFO	initialize/redis.go:22	server/initialize.InitRedis	初始化redis数据库完成!
2022-10-25 22:18:50	INFO	initialize/mysql.go:62	server/initialize.InitMysql	初始化mysql数据库完成!
2022-10-25 22:18:50	INFO	initialize/casbin.go:20	server/initialize.InitCasbinEnforcer	初始化Casbin完成!
2022-10-25 22:18:50	INFO	router/router.go:45	server/app/router.InitRouter	初始化路由完成！
2022-10-25 22:18:50	INFO	initialize/server.go:46	server/initialize.InitializeRunServer	服务启动完成
2022-10-25 22:20:41	INFO	initialize/server.go:55	server/initialize.InitializeRunServer	Shutting down server...
2022-10-25 22:20:41	INFO	initialize/server.go:65	server/initialize.InitializeRunServer	Server exiting!
2022-10-25 22:20:46	INFO	initialize/logger.go:106	server/initialize.InitLogger	初始化zap日志完成!
2022-10-25 22:20:46	INFO	initialize/redis.go:22	server/initialize.InitRedis	初始化redis数据库完成!
2022-10-25 22:20:46	INFO	initialize/mysql.go:62	server/initialize.InitMysql	初始化mysql数据库完成!
2022-10-25 22:20:46	INFO	initialize/casbin.go:20	server/initialize.InitCasbinEnforcer	初始化Casbin完成!
2022-10-25 22:20:46	INFO	router/router.go:45	server/app/router.InitRouter	初始化路由完成！
2022-10-25 22:20:46	INFO	initialize/server.go:46	server/initialize.InitializeRunServer	服务启动完成
2022-10-25 22:21:32	INFO	initialize/server.go:55	server/initialize.InitializeRunServer	Shutting down server...
2022-10-25 22:21:32	INFO	initialize/server.go:65	server/initialize.InitializeRunServer	Server exiting!
2022-10-25 22:21:35	INFO	initialize/logger.go:106	server/initialize.InitLogger	初始化zap日志完成!
2022-10-25 22:21:36	INFO	initialize/redis.go:22	server/initialize.InitRedis	初始化redis数据库完成!
2022-10-25 22:21:36	INFO	initialize/mysql.go:62	server/initialize.InitMysql	初始化mysql数据库完成!
2022-10-25 22:21:36	INFO	initialize/casbin.go:20	server/initialize.InitCasbinEnforcer	初始化Casbin完成!
2022-10-25 22:21:36	INFO	router/router.go:45	server/app/router.InitRouter	初始化路由完成！
2022-10-25 22:21:36	INFO	initialize/server.go:46	server/initialize.InitializeRunServer	服务启动完成
2022-10-25 22:29:37	INFO	initialize/server.go:55	server/initialize.InitializeRunServer	Shutting down server...
2022-10-25 22:29:37	INFO	initialize/server.go:65	server/initialize.InitializeRunServer	Server exiting!
2022-10-25 22:29:42	INFO	initialize/logger.go:106	server/initialize.InitLogger	初始化zap日志完成!
2022-10-25 22:29:42	INFO	initialize/redis.go:22	server/initialize.InitRedis	初始化redis数据库完成!
2022-10-25 22:29:42	INFO	initialize/mysql.go:62	server/initialize.InitMysql	初始化mysql数据库完成!
2022-10-25 22:29:42	INFO	initialize/casbin.go:20	server/initialize.InitCasbinEnforcer	初始化Casbin完成!
2022-10-25 22:29:42	INFO	router/router.go:45	server/app/router.InitRouter	初始化路由完成！
2022-10-25 22:29:42	INFO	initialize/server.go:46	server/initialize.InitializeRunServer	服务启动完成
2022-10-25 22:42:03	INFO	initialize/server.go:55	server/initialize.InitializeRunServer	Shutting down server...
2022-10-25 22:42:03	INFO	initialize/server.go:65	server/initialize.InitializeRunServer	Server exiting!
2022-10-25 22:42:08	INFO	initialize/logger.go:106	server/initialize.InitLogger	初始化zap日志完成!
2022-10-25 22:42:08	INFO	initialize/redis.go:22	server/initialize.InitRedis	初始化redis数据库完成!
2022-10-25 22:42:08	INFO	initialize/mysql.go:62	server/initialize.InitMysql	初始化mysql数据库完成!
2022-10-25 22:42:08	INFO	initialize/casbin.go:20	server/initialize.InitCasbinEnforcer	初始化Casbin完成!
2022-10-25 22:42:08	INFO	router/router.go:45	server/app/router.InitRouter	初始化路由完成！
2022-10-25 22:42:08	INFO	initialize/server.go:46	server/initialize.InitializeRunServer	服务启动完成
2022-10-25 22:43:18	INFO	initialize/server.go:55	server/initialize.InitializeRunServer	Shutting down server...
2022-10-25 22:43:18	INFO	initialize/server.go:65	server/initialize.InitializeRunServer	Server exiting!
2022-10-25 22:43:22	INFO	initialize/logger.go:106	server/initialize.InitLogger	初始化zap日志完成!
2022-10-25 22:43:22	INFO	initialize/redis.go:22	server/initialize.InitRedis	初始化redis数据库完成!
2022-10-25 22:43:22	INFO	initialize/mysql.go:62	server/initialize.InitMysql	初始化mysql数据库完成!
2022-10-25 22:43:22	INFO	initialize/casbin.go:20	server/initialize.InitCasbinEnforcer	初始化Casbin完成!
2022-10-25 22:43:22	INFO	router/router.go:45	server/app/router.InitRouter	初始化路由完成！
2022-10-25 22:43:22	INFO	initialize/server.go:46	server/initialize.InitializeRunServer	服务启动完成
2022-10-25 22:46:34	INFO	initialize/server.go:55	server/initialize.InitializeRunServer	Shutting down server...
2022-10-25 22:46:34	INFO	initialize/server.go:65	server/initialize.InitializeRunServer	Server exiting!
2022-10-25 22:46:46	INFO	initialize/logger.go:106	server/initialize.InitLogger	初始化zap日志完成!
2022-10-25 22:46:46	INFO	initialize/redis.go:22	server/initialize.InitRedis	初始化redis数据库完成!
2022-10-25 22:46:46	INFO	initialize/mysql.go:62	server/initialize.InitMysql	初始化mysql数据库完成!
2022-10-25 22:46:46	INFO	initialize/casbin.go:20	server/initialize.InitCasbinEnforcer	初始化Casbin完成!
2022-10-25 22:46:46	INFO	router/router.go:45	server/app/router.InitRouter	初始化路由完成！
2022-10-25 22:46:46	INFO	initialize/server.go:46	server/initialize.InitializeRunServer	服务启动完成
2022-10-25 22:48:47	INFO	initialize/server.go:55	server/initialize.InitializeRunServer	Shutting down server...
2022-10-25 22:48:47	INFO	initialize/server.go:65	server/initialize.InitializeRunServer	Server exiting!
2022-10-25 22:48:51	INFO	initialize/logger.go:106	server/initialize.InitLogger	初始化zap日志完成!
2022-10-25 22:48:51	INFO	initialize/redis.go:22	server/initialize.InitRedis	初始化redis数据库完成!
2022-10-25 22:48:51	INFO	initialize/mysql.go:62	server/initialize.InitMysql	初始化mysql数据库完成!
2022-10-25 22:48:51	INFO	initialize/casbin.go:20	server/initialize.InitCasbinEnforcer	初始化Casbin完成!
2022-10-25 22:48:51	INFO	router/router.go:45	server/app/router.InitRouter	初始化路由完成！
2022-10-25 22:48:51	INFO	initialize/server.go:46	server/initialize.InitializeRunServer	服务启动完成
2022-10-25 23:25:56	INFO	initialize/server.go:55	server/initialize.InitializeRunServer	Shutting down server...
2022-10-25 23:25:56	INFO	initialize/server.go:65	server/initialize.InitializeRunServer	Server exiting!
2022-10-25 23:26:00	INFO	initialize/logger.go:106	server/initialize.InitLogger	初始化zap日志完成!
2022-10-25 23:26:00	INFO	initialize/redis.go:22	server/initialize.InitRedis	初始化redis数据库完成!
2022-10-25 23:26:00	INFO	initialize/mysql.go:62	server/initialize.InitMysql	初始化mysql数据库完成!
2022-10-25 23:26:01	INFO	initialize/casbin.go:20	server/initialize.InitCasbinEnforcer	初始化Casbin完成!
2022-10-25 23:26:01	INFO	router/router.go:45	server/app/router.InitRouter	初始化路由完成！
2022-10-25 23:26:01	INFO	initialize/server.go:46	server/initialize.InitializeRunServer	服务启动完成
2022-10-25 23:26:23	INFO	initialize/server.go:55	server/initialize.InitializeRunServer	Shutting down server...
2022-10-25 23:26:23	INFO	initialize/server.go:65	server/initialize.InitializeRunServer	Server exiting!
