2022-09-28 13:18:44	INFO	initialize/logger.go:106	server/initialize.InitLogger	初始化zap日志完成!
2022-09-28 13:18:45	INFO	initialize/mysql.go:62	server/initialize.InitMysql	初始化mysql数据库完成!
2022-09-28 13:19:01	INFO	initialize/logger.go:106	server/initialize.InitLogger	初始化zap日志完成!
2022-09-28 13:19:01	INFO	initialize/mysql.go:62	server/initialize.InitMysql	初始化mysql数据库完成!
2022-09-28 13:19:08	INFO	initialize/logger.go:106	server/initialize.InitLogger	初始化zap日志完成!
2022-09-28 13:19:09	INFO	initialize/mysql.go:62	server/initialize.InitMysql	初始化mysql数据库完成!
2022-09-28 13:19:21	INFO	initialize/redis.go:22	server/initialize.InitRedis	初始化redis数据库完成!
2022-09-28 13:19:22	INFO	initialize/casbin.go:20	server/initialize.InitCasbinEnforcer	初始化Casbin完成!
2022-09-28 13:19:22	INFO	router/router.go:45	server/app/router.InitRouter	初始化路由完成！
2022-09-28 13:19:22	INFO	initialize/server.go:46	server/initialize.InitializeRunServer	服务启动完成
2022-09-28 13:19:47	INFO	initialize/server.go:55	server/initialize.InitializeRunServer	Shutting down server...
2022-09-28 13:19:47	INFO	initialize/server.go:65	server/initialize.InitializeRunServer	Server exiting!
2022-09-28 13:19:50	INFO	initialize/logger.go:106	server/initialize.InitLogger	初始化zap日志完成!
2022-09-28 13:20:02	INFO	initialize/redis.go:22	server/initialize.InitRedis	初始化redis数据库完成!
2022-09-28 13:20:02	INFO	initialize/mysql.go:62	server/initialize.InitMysql	初始化mysql数据库完成!
2022-09-28 13:20:03	INFO	initialize/casbin.go:20	server/initialize.InitCasbinEnforcer	初始化Casbin完成!
2022-09-28 13:20:03	INFO	router/router.go:45	server/app/router.InitRouter	初始化路由完成！
2022-09-28 13:20:03	INFO	initialize/server.go:46	server/initialize.InitializeRunServer	服务启动完成
2022-09-28 13:21:18	INFO	initialize/server.go:55	server/initialize.InitializeRunServer	Shutting down server...
2022-09-28 13:21:18	INFO	initialize/server.go:65	server/initialize.InitializeRunServer	Server exiting!
2022-09-28 13:21:22	INFO	initialize/logger.go:106	server/initialize.InitLogger	初始化zap日志完成!
2022-09-28 13:21:22	INFO	initialize/redis.go:22	server/initialize.InitRedis	初始化redis数据库完成!
2022-09-28 13:21:22	INFO	initialize/mysql.go:62	server/initialize.InitMysql	初始化mysql数据库完成!
2022-09-28 13:21:23	INFO	initialize/casbin.go:20	server/initialize.InitCasbinEnforcer	初始化Casbin完成!
2022-09-28 13:21:23	INFO	router/router.go:45	server/app/router.InitRouter	初始化路由完成！
2022-09-28 13:21:23	INFO	initialize/server.go:46	server/initialize.InitializeRunServer	服务启动完成
2022-09-29 00:12:43	INFO	initialize/server.go:55	server/initialize.InitializeRunServer	Shutting down server...
