2022-10-28 17:40:07	INFO	initialize/logger.go:106	server/initialize.InitLogger	初始化zap日志完成!
2022-10-28 17:40:07	INFO	initialize/redis.go:22	server/initialize.InitRedis	初始化redis数据库完成!
2022-10-28 17:40:07	INFO	initialize/mysql.go:62	server/initialize.InitMysql	初始化mysql数据库完成!
2022-10-28 17:40:07	INFO	initialize/casbin.go:20	server/initialize.InitCasbinEnforcer	初始化Casbin完成!
2022-10-28 17:40:07	INFO	router/router.go:45	server/app/router.InitRouter	初始化路由完成！
2022-10-28 17:40:07	INFO	initialize/server.go:46	server/initialize.InitializeRunServer	服务启动完成
2022-10-28 18:24:35	INFO	initialize/server.go:55	server/initialize.InitializeRunServer	Shutting down server...
2022-10-28 18:24:35	INFO	initialize/server.go:65	server/initialize.InitializeRunServer	Server exiting!
2022-10-28 18:24:40	INFO	initialize/logger.go:106	server/initialize.InitLogger	初始化zap日志完成!
2022-10-28 18:24:40	INFO	initialize/redis.go:22	server/initialize.InitRedis	初始化redis数据库完成!
2022-10-28 18:24:40	INFO	initialize/mysql.go:62	server/initialize.InitMysql	初始化mysql数据库完成!
2022-10-28 18:24:41	INFO	initialize/casbin.go:20	server/initialize.InitCasbinEnforcer	初始化Casbin完成!
2022-10-28 18:24:41	INFO	router/router.go:45	server/app/router.InitRouter	初始化路由完成！
2022-10-28 18:24:41	INFO	initialize/server.go:46	server/initialize.InitializeRunServer	服务启动完成
2022-10-28 18:36:27	INFO	initialize/server.go:55	server/initialize.InitializeRunServer	Shutting down server...
2022-10-28 18:36:27	INFO	initialize/server.go:65	server/initialize.InitializeRunServer	Server exiting!
2022-10-28 18:37:43	INFO	initialize/logger.go:106	server/initialize.InitLogger	初始化zap日志完成!
2022-10-28 18:37:43	INFO	initialize/redis.go:22	server/initialize.InitRedis	初始化redis数据库完成!
2022-10-28 18:37:43	INFO	initialize/mysql.go:62	server/initialize.InitMysql	初始化mysql数据库完成!
2022-10-28 18:37:44	INFO	initialize/casbin.go:20	server/initialize.InitCasbinEnforcer	初始化Casbin完成!
2022-10-28 18:37:44	INFO	router/router.go:45	server/app/router.InitRouter	初始化路由完成！
2022-10-28 18:37:44	INFO	initialize/server.go:46	server/initialize.InitializeRunServer	服务启动完成
2022-10-28 18:37:50	INFO	initialize/server.go:55	server/initialize.InitializeRunServer	Shutting down server...
2022-10-28 18:37:50	INFO	initialize/server.go:65	server/initialize.InitializeRunServer	Server exiting!
2022-10-28 18:37:54	INFO	initialize/logger.go:106	server/initialize.InitLogger	初始化zap日志完成!
2022-10-28 18:37:54	INFO	initialize/redis.go:22	server/initialize.InitRedis	初始化redis数据库完成!
2022-10-28 18:37:54	INFO	initialize/mysql.go:62	server/initialize.InitMysql	初始化mysql数据库完成!
2022-10-28 18:37:54	INFO	initialize/casbin.go:20	server/initialize.InitCasbinEnforcer	初始化Casbin完成!
2022-10-28 18:37:54	INFO	router/router.go:45	server/app/router.InitRouter	初始化路由完成！
2022-10-28 18:37:54	INFO	initialize/server.go:46	server/initialize.InitializeRunServer	服务启动完成
2022-10-28 21:33:33	INFO	initialize/server.go:55	server/initialize.InitializeRunServer	Shutting down server...
2022-10-28 21:33:33	INFO	initialize/server.go:65	server/initialize.InitializeRunServer	Server exiting!
2022-10-28 21:33:39	INFO	initialize/logger.go:106	server/initialize.InitLogger	初始化zap日志完成!
2022-10-28 21:33:39	INFO	initialize/redis.go:22	server/initialize.InitRedis	初始化redis数据库完成!
2022-10-28 21:33:39	INFO	initialize/mysql.go:62	server/initialize.InitMysql	初始化mysql数据库完成!
2022-10-28 21:33:39	INFO	initialize/casbin.go:20	server/initialize.InitCasbinEnforcer	初始化Casbin完成!
2022-10-28 21:33:39	INFO	router/router.go:45	server/app/router.InitRouter	初始化路由完成！
2022-10-28 21:33:39	INFO	initialize/server.go:46	server/initialize.InitializeRunServer	服务启动完成
2022-10-28 21:36:14	INFO	initialize/server.go:55	server/initialize.InitializeRunServer	Shutting down server...
2022-10-28 21:36:14	INFO	initialize/server.go:65	server/initialize.InitializeRunServer	Server exiting!
2022-10-28 21:36:18	INFO	initialize/logger.go:106	server/initialize.InitLogger	初始化zap日志完成!
2022-10-28 21:36:18	INFO	initialize/redis.go:22	server/initialize.InitRedis	初始化redis数据库完成!
2022-10-28 21:36:18	INFO	initialize/mysql.go:62	server/initialize.InitMysql	初始化mysql数据库完成!
2022-10-28 21:36:18	INFO	initialize/casbin.go:20	server/initialize.InitCasbinEnforcer	初始化Casbin完成!
2022-10-28 21:36:18	INFO	router/router.go:45	server/app/router.InitRouter	初始化路由完成！
2022-10-28 21:36:18	INFO	initialize/server.go:46	server/initialize.InitializeRunServer	服务启动完成
2022-10-28 21:41:15	INFO	initialize/server.go:55	server/initialize.InitializeRunServer	Shutting down server...
2022-10-28 21:41:15	INFO	initialize/server.go:65	server/initialize.InitializeRunServer	Server exiting!
2022-10-28 21:41:32	INFO	initialize/logger.go:106	server/initialize.InitLogger	初始化zap日志完成!
2022-10-28 21:41:32	INFO	initialize/redis.go:22	server/initialize.InitRedis	初始化redis数据库完成!
2022-10-28 21:41:32	INFO	initialize/mysql.go:62	server/initialize.InitMysql	初始化mysql数据库完成!
2022-10-28 21:41:32	INFO	initialize/casbin.go:20	server/initialize.InitCasbinEnforcer	初始化Casbin完成!
2022-10-28 21:41:32	INFO	router/router.go:45	server/app/router.InitRouter	初始化路由完成！
2022-10-28 21:41:32	INFO	initialize/server.go:46	server/initialize.InitializeRunServer	服务启动完成
2022-10-28 21:47:33	INFO	initialize/server.go:55	server/initialize.InitializeRunServer	Shutting down server...
2022-10-28 21:47:33	INFO	initialize/server.go:65	server/initialize.InitializeRunServer	Server exiting!
2022-10-28 21:47:37	INFO	initialize/logger.go:106	server/initialize.InitLogger	初始化zap日志完成!
2022-10-28 21:47:37	INFO	initialize/redis.go:22	server/initialize.InitRedis	初始化redis数据库完成!
2022-10-28 21:47:37	INFO	initialize/mysql.go:62	server/initialize.InitMysql	初始化mysql数据库完成!
2022-10-28 21:47:37	INFO	initialize/casbin.go:20	server/initialize.InitCasbinEnforcer	初始化Casbin完成!
2022-10-28 21:47:37	INFO	router/router.go:45	server/app/router.InitRouter	初始化路由完成！
2022-10-28 21:47:37	INFO	initialize/server.go:46	server/initialize.InitializeRunServer	服务启动完成
2022-10-28 22:04:52	INFO	initialize/server.go:55	server/initialize.InitializeRunServer	Shutting down server...
2022-10-28 22:04:52	INFO	initialize/server.go:65	server/initialize.InitializeRunServer	Server exiting!
2022-10-28 22:52:31	INFO	initialize/logger.go:106	server/initialize.InitLogger	初始化zap日志完成!
2022-10-28 22:52:31	INFO	initialize/redis.go:22	server/initialize.InitRedis	初始化redis数据库完成!
2022-10-28 22:52:31	INFO	initialize/mysql.go:62	server/initialize.InitMysql	初始化mysql数据库完成!
2022-10-28 22:52:31	INFO	initialize/casbin.go:20	server/initialize.InitCasbinEnforcer	初始化Casbin完成!
2022-10-28 22:52:31	INFO	router/router.go:45	server/app/router.InitRouter	初始化路由完成！
2022-10-28 22:52:31	INFO	initialize/server.go:46	server/initialize.InitializeRunServer	服务启动完成
2022-10-28 22:58:28	INFO	initialize/server.go:55	server/initialize.InitializeRunServer	Shutting down server...
2022-10-28 22:58:28	INFO	initialize/server.go:65	server/initialize.InitializeRunServer	Server exiting!
2022-10-28 23:00:47	INFO	initialize/logger.go:106	server/initialize.InitLogger	初始化zap日志完成!
2022-10-28 23:00:47	INFO	initialize/redis.go:22	server/initialize.InitRedis	初始化redis数据库完成!
2022-10-28 23:00:48	INFO	initialize/mysql.go:62	server/initialize.InitMysql	初始化mysql数据库完成!
2022-10-28 23:00:48	INFO	initialize/casbin.go:20	server/initialize.InitCasbinEnforcer	初始化Casbin完成!
2022-10-28 23:00:48	INFO	router/router.go:45	server/app/router.InitRouter	初始化路由完成！
2022-10-28 23:00:48	INFO	initialize/server.go:46	server/initialize.InitializeRunServer	服务启动完成
2022-10-28 23:05:27	INFO	initialize/server.go:55	server/initialize.InitializeRunServer	Shutting down server...
2022-10-28 23:05:27	INFO	initialize/server.go:65	server/initialize.InitializeRunServer	Server exiting!
2022-10-28 23:05:32	INFO	initialize/logger.go:106	server/initialize.InitLogger	初始化zap日志完成!
2022-10-28 23:05:32	INFO	initialize/redis.go:22	server/initialize.InitRedis	初始化redis数据库完成!
2022-10-28 23:05:32	INFO	initialize/mysql.go:62	server/initialize.InitMysql	初始化mysql数据库完成!
2022-10-28 23:05:32	INFO	initialize/casbin.go:20	server/initialize.InitCasbinEnforcer	初始化Casbin完成!
2022-10-28 23:05:32	INFO	router/router.go:45	server/app/router.InitRouter	初始化路由完成！
2022-10-28 23:05:32	INFO	initialize/server.go:46	server/initialize.InitializeRunServer	服务启动完成
2022-10-28 23:30:58	INFO	initialize/server.go:55	server/initialize.InitializeRunServer	Shutting down server...
2022-10-28 23:30:58	INFO	initialize/server.go:65	server/initialize.InitializeRunServer	Server exiting!
2022-10-28 23:31:18	INFO	initialize/logger.go:106	server/initialize.InitLogger	初始化zap日志完成!
2022-10-28 23:31:18	INFO	initialize/redis.go:22	server/initialize.InitRedis	初始化redis数据库完成!
2022-10-28 23:31:18	INFO	initialize/mysql.go:62	server/initialize.InitMysql	初始化mysql数据库完成!
2022-10-28 23:31:18	INFO	initialize/casbin.go:20	server/initialize.InitCasbinEnforcer	初始化Casbin完成!
2022-10-28 23:31:18	INFO	router/router.go:45	server/app/router.InitRouter	初始化路由完成！
2022-10-28 23:31:18	INFO	initialize/server.go:46	server/initialize.InitializeRunServer	服务启动完成
2022-10-28 23:45:41	INFO	initialize/server.go:55	server/initialize.InitializeRunServer	Shutting down server...
2022-10-28 23:45:41	INFO	initialize/server.go:65	server/initialize.InitializeRunServer	Server exiting!
2022-10-28 23:45:45	INFO	initialize/logger.go:106	server/initialize.InitLogger	初始化zap日志完成!
2022-10-28 23:45:45	INFO	initialize/redis.go:22	server/initialize.InitRedis	初始化redis数据库完成!
2022-10-28 23:45:45	INFO	initialize/mysql.go:62	server/initialize.InitMysql	初始化mysql数据库完成!
2022-10-28 23:45:46	INFO	initialize/casbin.go:20	server/initialize.InitCasbinEnforcer	初始化Casbin完成!
2022-10-28 23:45:46	INFO	router/router.go:45	server/app/router.InitRouter	初始化路由完成！
2022-10-28 23:45:46	INFO	initialize/server.go:46	server/initialize.InitializeRunServer	服务启动完成
2022-10-28 23:56:45	INFO	initialize/server.go:55	server/initialize.InitializeRunServer	Shutting down server...
2022-10-28 23:56:45	INFO	initialize/server.go:65	server/initialize.InitializeRunServer	Server exiting!
