2022-10-02 14:06:47	INFO	initialize/logger.go:106	server/initialize.InitLogger	初始化zap日志完成!
2022-10-02 14:06:47	INFO	initialize/redis.go:22	server/initialize.InitRedis	初始化redis数据库完成!
2022-10-02 14:06:47	INFO	initialize/mysql.go:62	server/initialize.InitMysql	初始化mysql数据库完成!
2022-10-02 14:06:47	INFO	initialize/casbin.go:20	server/initialize.InitCasbinEnforcer	初始化Casbin完成!
2022-10-02 14:06:47	INFO	router/router.go:45	server/app/router.InitRouter	初始化路由完成！
2022-10-02 14:06:47	INFO	initialize/server.go:46	server/initialize.InitializeRunServer	服务启动完成
2022-10-02 14:09:50	INFO	initialize/server.go:55	server/initialize.InitializeRunServer	Shutting down server...
2022-10-02 14:09:50	INFO	initialize/server.go:65	server/initialize.InitializeRunServer	Server exiting!
2022-10-02 14:15:21	INFO	initialize/logger.go:106	server/initialize.InitLogger	初始化zap日志完成!
2022-10-02 14:15:21	INFO	initialize/redis.go:22	server/initialize.InitRedis	初始化redis数据库完成!
2022-10-02 14:15:21	INFO	initialize/mysql.go:62	server/initialize.InitMysql	初始化mysql数据库完成!
2022-10-02 14:15:21	INFO	initialize/casbin.go:20	server/initialize.InitCasbinEnforcer	初始化Casbin完成!
2022-10-02 14:15:21	INFO	router/router.go:45	server/app/router.InitRouter	初始化路由完成！
2022-10-02 14:15:21	INFO	initialize/server.go:46	server/initialize.InitializeRunServer	服务启动完成
2022-10-02 14:19:44	INFO	initialize/server.go:55	server/initialize.InitializeRunServer	Shutting down server...
2022-10-02 14:19:45	INFO	initialize/server.go:65	server/initialize.InitializeRunServer	Server exiting!
2022-10-02 14:42:45	INFO	initialize/logger.go:106	server/initialize.InitLogger	初始化zap日志完成!
2022-10-02 14:42:45	INFO	initialize/redis.go:23	server/initialize.InitRedis	初始化redis数据库完成!
2022-10-02 14:42:45	INFO	initialize/mysql.go:62	server/initialize.InitMysql	初始化mysql数据库完成!
2022-10-02 14:42:46	INFO	initialize/casbin.go:20	server/initialize.InitCasbinEnforcer	初始化Casbin完成!
2022-10-02 14:42:46	INFO	router/router.go:45	server/app/router.InitRouter	初始化路由完成！
2022-10-02 14:42:46	INFO	initialize/server.go:46	server/initialize.InitializeRunServer	服务启动完成
2022-10-02 14:46:33	INFO	initialize/server.go:55	server/initialize.InitializeRunServer	Shutting down server...
2022-10-02 14:46:33	INFO	initialize/server.go:65	server/initialize.InitializeRunServer	Server exiting!
2022-10-02 14:46:36	INFO	initialize/logger.go:106	server/initialize.InitLogger	初始化zap日志完成!
2022-10-02 14:46:36	INFO	initialize/redis.go:23	server/initialize.InitRedis	初始化redis数据库完成!
2022-10-02 14:46:36	INFO	initialize/mysql.go:62	server/initialize.InitMysql	初始化mysql数据库完成!
2022-10-02 14:46:37	INFO	initialize/casbin.go:20	server/initialize.InitCasbinEnforcer	初始化Casbin完成!
2022-10-02 14:46:37	INFO	router/router.go:45	server/app/router.InitRouter	初始化路由完成！
2022-10-02 14:46:37	INFO	initialize/server.go:46	server/initialize.InitializeRunServer	服务启动完成
2022-10-02 15:08:32	INFO	initialize/server.go:55	server/initialize.InitializeRunServer	Shutting down server...
2022-10-02 15:08:32	INFO	initialize/server.go:65	server/initialize.InitializeRunServer	Server exiting!
2022-10-02 15:08:36	INFO	initialize/logger.go:106	server/initialize.InitLogger	初始化zap日志完成!
2022-10-02 15:08:36	INFO	initialize/redis.go:22	server/initialize.InitRedis	初始化redis数据库完成!
2022-10-02 15:08:36	INFO	initialize/mysql.go:62	server/initialize.InitMysql	初始化mysql数据库完成!
2022-10-02 15:08:36	INFO	initialize/casbin.go:20	server/initialize.InitCasbinEnforcer	初始化Casbin完成!
2022-10-02 15:08:36	INFO	router/router.go:45	server/app/router.InitRouter	初始化路由完成！
2022-10-02 15:08:36	INFO	initialize/server.go:46	server/initialize.InitializeRunServer	服务启动完成
2022-10-02 20:08:37	INFO	initialize/server.go:55	server/initialize.InitializeRunServer	Shutting down server...
2022-10-02 20:08:37	INFO	initialize/server.go:65	server/initialize.InitializeRunServer	Server exiting!
2022-10-02 20:20:27	INFO	initialize/logger.go:106	server/initialize.InitLogger	初始化zap日志完成!
2022-10-02 20:20:27	INFO	initialize/redis.go:22	server/initialize.InitRedis	初始化redis数据库完成!
2022-10-02 20:20:27	INFO	initialize/mysql.go:62	server/initialize.InitMysql	初始化mysql数据库完成!
2022-10-02 20:20:27	INFO	initialize/casbin.go:20	server/initialize.InitCasbinEnforcer	初始化Casbin完成!
2022-10-02 20:20:27	INFO	router/router.go:45	server/app/router.InitRouter	初始化路由完成！
2022-10-02 20:20:27	INFO	initialize/server.go:46	server/initialize.InitializeRunServer	服务启动完成
2022-10-02 20:31:18	INFO	initialize/server.go:55	server/initialize.InitializeRunServer	Shutting down server...
2022-10-02 20:31:18	INFO	initialize/server.go:65	server/initialize.InitializeRunServer	Server exiting!
2022-10-02 20:31:22	INFO	initialize/logger.go:106	server/initialize.InitLogger	初始化zap日志完成!
2022-10-02 20:31:22	INFO	initialize/redis.go:22	server/initialize.InitRedis	初始化redis数据库完成!
2022-10-02 20:31:22	INFO	initialize/mysql.go:62	server/initialize.InitMysql	初始化mysql数据库完成!
2022-10-02 20:31:23	INFO	initialize/casbin.go:20	server/initialize.InitCasbinEnforcer	初始化Casbin完成!
2022-10-02 20:31:23	INFO	router/router.go:45	server/app/router.InitRouter	初始化路由完成！
2022-10-02 20:31:23	INFO	initialize/server.go:46	server/initialize.InitializeRunServer	服务启动完成
2022-10-02 20:34:48	INFO	initialize/server.go:55	server/initialize.InitializeRunServer	Shutting down server...
2022-10-02 20:34:48	INFO	initialize/server.go:65	server/initialize.InitializeRunServer	Server exiting!
2022-10-02 20:35:06	INFO	initialize/logger.go:106	server/initialize.InitLogger	初始化zap日志完成!
2022-10-02 20:35:06	INFO	initialize/redis.go:22	server/initialize.InitRedis	初始化redis数据库完成!
2022-10-02 20:35:06	INFO	initialize/mysql.go:62	server/initialize.InitMysql	初始化mysql数据库完成!
2022-10-02 20:35:06	INFO	initialize/casbin.go:20	server/initialize.InitCasbinEnforcer	初始化Casbin完成!
2022-10-02 20:35:06	INFO	router/router.go:45	server/app/router.InitRouter	初始化路由完成！
2022-10-02 20:35:06	INFO	initialize/server.go:46	server/initialize.InitializeRunServer	服务启动完成
2022-10-02 20:35:24	INFO	initialize/logger.go:106	server/initialize.InitLogger	初始化zap日志完成!
2022-10-02 20:35:24	INFO	initialize/redis.go:22	server/initialize.InitRedis	初始化redis数据库完成!
2022-10-02 20:35:25	INFO	initialize/mysql.go:62	server/initialize.InitMysql	初始化mysql数据库完成!
2022-10-02 20:35:25	INFO	initialize/casbin.go:20	server/initialize.InitCasbinEnforcer	初始化Casbin完成!
2022-10-02 20:35:25	INFO	router/router.go:45	server/app/router.InitRouter	初始化路由完成！
2022-10-02 20:35:25	INFO	initialize/server.go:46	server/initialize.InitializeRunServer	服务启动完成
2022-10-02 20:37:26	INFO	initialize/logger.go:106	server/initialize.InitLogger	初始化zap日志完成!
2022-10-02 20:37:26	INFO	initialize/redis.go:22	server/initialize.InitRedis	初始化redis数据库完成!
2022-10-02 20:37:26	INFO	initialize/mysql.go:62	server/initialize.InitMysql	初始化mysql数据库完成!
2022-10-02 20:37:26	INFO	initialize/casbin.go:20	server/initialize.InitCasbinEnforcer	初始化Casbin完成!
2022-10-02 20:37:26	INFO	router/router.go:45	server/app/router.InitRouter	初始化路由完成！
2022-10-02 20:37:26	INFO	initialize/server.go:46	server/initialize.InitializeRunServer	服务启动完成
2022-10-02 20:39:03	INFO	initialize/server.go:55	server/initialize.InitializeRunServer	Shutting down server...
2022-10-02 20:39:03	INFO	initialize/server.go:65	server/initialize.InitializeRunServer	Server exiting!
2022-10-02 20:39:07	INFO	initialize/logger.go:106	server/initialize.InitLogger	初始化zap日志完成!
2022-10-02 20:39:07	INFO	initialize/redis.go:22	server/initialize.InitRedis	初始化redis数据库完成!
2022-10-02 20:39:07	INFO	initialize/mysql.go:62	server/initialize.InitMysql	初始化mysql数据库完成!
2022-10-02 20:39:08	INFO	initialize/casbin.go:20	server/initialize.InitCasbinEnforcer	初始化Casbin完成!
2022-10-02 20:39:08	INFO	router/router.go:45	server/app/router.InitRouter	初始化路由完成！
2022-10-02 20:39:08	INFO	initialize/server.go:46	server/initialize.InitializeRunServer	服务启动完成
2022-10-02 20:39:42	INFO	initialize/server.go:55	server/initialize.InitializeRunServer	Shutting down server...
2022-10-02 20:39:42	INFO	initialize/server.go:65	server/initialize.InitializeRunServer	Server exiting!
2022-10-02 20:39:45	INFO	initialize/logger.go:106	server/initialize.InitLogger	初始化zap日志完成!
2022-10-02 20:39:45	INFO	initialize/redis.go:22	server/initialize.InitRedis	初始化redis数据库完成!
2022-10-02 20:39:45	INFO	initialize/mysql.go:62	server/initialize.InitMysql	初始化mysql数据库完成!
2022-10-02 20:39:45	INFO	initialize/casbin.go:20	server/initialize.InitCasbinEnforcer	初始化Casbin完成!
2022-10-02 20:39:45	INFO	router/router.go:45	server/app/router.InitRouter	初始化路由完成！
2022-10-02 20:39:45	INFO	initialize/server.go:46	server/initialize.InitializeRunServer	服务启动完成
2022-10-02 20:42:42	INFO	initialize/server.go:55	server/initialize.InitializeRunServer	Shutting down server...
2022-10-02 20:42:42	INFO	initialize/server.go:65	server/initialize.InitializeRunServer	Server exiting!
2022-10-02 20:42:46	INFO	initialize/logger.go:106	server/initialize.InitLogger	初始化zap日志完成!
2022-10-02 20:42:46	INFO	initialize/redis.go:22	server/initialize.InitRedis	初始化redis数据库完成!
2022-10-02 20:42:46	INFO	initialize/mysql.go:62	server/initialize.InitMysql	初始化mysql数据库完成!
2022-10-02 20:42:46	INFO	initialize/casbin.go:20	server/initialize.InitCasbinEnforcer	初始化Casbin完成!
2022-10-02 20:42:46	INFO	router/router.go:45	server/app/router.InitRouter	初始化路由完成！
2022-10-02 20:42:46	INFO	initialize/server.go:46	server/initialize.InitializeRunServer	服务启动完成
2022-10-02 21:13:33	INFO	initialize/server.go:55	server/initialize.InitializeRunServer	Shutting down server...
2022-10-02 21:13:33	INFO	initialize/server.go:65	server/initialize.InitializeRunServer	Server exiting!
2022-10-02 21:13:37	INFO	initialize/logger.go:106	server/initialize.InitLogger	初始化zap日志完成!
2022-10-02 21:13:37	INFO	initialize/redis.go:22	server/initialize.InitRedis	初始化redis数据库完成!
2022-10-02 21:13:37	INFO	initialize/mysql.go:62	server/initialize.InitMysql	初始化mysql数据库完成!
2022-10-02 21:13:37	INFO	initialize/casbin.go:20	server/initialize.InitCasbinEnforcer	初始化Casbin完成!
2022-10-02 21:13:37	INFO	router/router.go:45	server/app/router.InitRouter	初始化路由完成！
2022-10-02 21:13:37	INFO	initialize/server.go:46	server/initialize.InitializeRunServer	服务启动完成
2022-10-02 21:14:47	INFO	initialize/server.go:55	server/initialize.InitializeRunServer	Shutting down server...
2022-10-02 21:14:47	INFO	initialize/server.go:65	server/initialize.InitializeRunServer	Server exiting!
2022-10-02 21:14:51	INFO	initialize/logger.go:106	server/initialize.InitLogger	初始化zap日志完成!
2022-10-02 21:14:51	INFO	initialize/redis.go:22	server/initialize.InitRedis	初始化redis数据库完成!
2022-10-02 21:14:51	INFO	initialize/mysql.go:62	server/initialize.InitMysql	初始化mysql数据库完成!
2022-10-02 21:14:51	INFO	initialize/casbin.go:20	server/initialize.InitCasbinEnforcer	初始化Casbin完成!
2022-10-02 21:14:51	INFO	router/router.go:45	server/app/router.InitRouter	初始化路由完成！
2022-10-02 21:14:51	INFO	initialize/server.go:46	server/initialize.InitializeRunServer	服务启动完成
2022-10-02 21:16:09	INFO	initialize/server.go:55	server/initialize.InitializeRunServer	Shutting down server...
2022-10-02 21:16:09	INFO	initialize/server.go:65	server/initialize.InitializeRunServer	Server exiting!
2022-10-02 21:16:12	INFO	initialize/logger.go:106	server/initialize.InitLogger	初始化zap日志完成!
2022-10-02 21:16:12	INFO	initialize/redis.go:22	server/initialize.InitRedis	初始化redis数据库完成!
2022-10-02 21:16:12	INFO	initialize/mysql.go:62	server/initialize.InitMysql	初始化mysql数据库完成!
2022-10-02 21:16:12	INFO	initialize/casbin.go:20	server/initialize.InitCasbinEnforcer	初始化Casbin完成!
2022-10-02 21:16:12	INFO	router/router.go:45	server/app/router.InitRouter	初始化路由完成！
2022-10-02 21:16:12	INFO	initialize/server.go:46	server/initialize.InitializeRunServer	服务启动完成
2022-10-02 21:19:42	INFO	initialize/server.go:55	server/initialize.InitializeRunServer	Shutting down server...
2022-10-02 21:19:42	INFO	initialize/server.go:65	server/initialize.InitializeRunServer	Server exiting!
2022-10-02 21:19:45	INFO	initialize/logger.go:106	server/initialize.InitLogger	初始化zap日志完成!
2022-10-02 21:19:45	INFO	initialize/redis.go:22	server/initialize.InitRedis	初始化redis数据库完成!
2022-10-02 21:19:45	INFO	initialize/mysql.go:62	server/initialize.InitMysql	初始化mysql数据库完成!
2022-10-02 21:19:45	INFO	initialize/casbin.go:20	server/initialize.InitCasbinEnforcer	初始化Casbin完成!
2022-10-02 21:19:45	INFO	router/router.go:45	server/app/router.InitRouter	初始化路由完成！
2022-10-02 21:19:45	INFO	initialize/server.go:46	server/initialize.InitializeRunServer	服务启动完成
2022-10-02 21:29:32	INFO	initialize/server.go:55	server/initialize.InitializeRunServer	Shutting down server...
2022-10-02 21:29:32	INFO	initialize/server.go:65	server/initialize.InitializeRunServer	Server exiting!
2022-10-02 21:29:35	INFO	initialize/logger.go:106	server/initialize.InitLogger	初始化zap日志完成!
2022-10-02 21:29:35	INFO	initialize/redis.go:22	server/initialize.InitRedis	初始化redis数据库完成!
2022-10-02 21:29:35	INFO	initialize/mysql.go:62	server/initialize.InitMysql	初始化mysql数据库完成!
2022-10-02 21:29:35	INFO	initialize/casbin.go:20	server/initialize.InitCasbinEnforcer	初始化Casbin完成!
2022-10-02 21:29:35	INFO	router/router.go:45	server/app/router.InitRouter	初始化路由完成！
2022-10-02 21:29:35	INFO	initialize/server.go:46	server/initialize.InitializeRunServer	服务启动完成
2022-10-02 21:33:11	INFO	initialize/server.go:55	server/initialize.InitializeRunServer	Shutting down server...
2022-10-02 21:33:11	INFO	initialize/server.go:65	server/initialize.InitializeRunServer	Server exiting!
2022-10-02 21:33:15	INFO	initialize/logger.go:106	server/initialize.InitLogger	初始化zap日志完成!
2022-10-02 21:33:15	INFO	initialize/redis.go:22	server/initialize.InitRedis	初始化redis数据库完成!
2022-10-02 21:33:15	INFO	initialize/mysql.go:62	server/initialize.InitMysql	初始化mysql数据库完成!
2022-10-02 21:33:15	INFO	initialize/casbin.go:20	server/initialize.InitCasbinEnforcer	初始化Casbin完成!
2022-10-02 21:33:15	INFO	router/router.go:45	server/app/router.InitRouter	初始化路由完成！
2022-10-02 21:33:15	INFO	initialize/server.go:46	server/initialize.InitializeRunServer	服务启动完成
2022-10-02 21:35:57	INFO	initialize/server.go:55	server/initialize.InitializeRunServer	Shutting down server...
2022-10-02 21:35:57	INFO	initialize/server.go:65	server/initialize.InitializeRunServer	Server exiting!
2022-10-02 21:36:01	INFO	initialize/logger.go:106	server/initialize.InitLogger	初始化zap日志完成!
2022-10-02 21:36:01	INFO	initialize/redis.go:22	server/initialize.InitRedis	初始化redis数据库完成!
2022-10-02 21:36:01	INFO	initialize/mysql.go:62	server/initialize.InitMysql	初始化mysql数据库完成!
2022-10-02 21:36:01	INFO	initialize/casbin.go:20	server/initialize.InitCasbinEnforcer	初始化Casbin完成!
2022-10-02 21:36:01	INFO	router/router.go:45	server/app/router.InitRouter	初始化路由完成！
2022-10-02 21:36:01	INFO	initialize/server.go:46	server/initialize.InitializeRunServer	服务启动完成
2022-10-02 21:51:41	INFO	initialize/server.go:55	server/initialize.InitializeRunServer	Shutting down server...
2022-10-02 21:51:41	INFO	initialize/server.go:65	server/initialize.InitializeRunServer	Server exiting!
2022-10-02 21:51:46	INFO	initialize/logger.go:106	server/initialize.InitLogger	初始化zap日志完成!
2022-10-02 21:51:46	INFO	initialize/redis.go:22	server/initialize.InitRedis	初始化redis数据库完成!
2022-10-02 21:51:46	INFO	initialize/mysql.go:63	server/initialize.InitMysql	初始化mysql数据库完成!
2022-10-02 21:51:46	INFO	initialize/casbin.go:20	server/initialize.InitCasbinEnforcer	初始化Casbin完成!
2022-10-02 21:51:46	INFO	router/router.go:45	server/app/router.InitRouter	初始化路由完成！
2022-10-02 21:51:46	INFO	initialize/server.go:46	server/initialize.InitializeRunServer	服务启动完成
2022-10-02 21:54:23	INFO	initialize/server.go:55	server/initialize.InitializeRunServer	Shutting down server...
2022-10-02 21:54:23	INFO	initialize/server.go:65	server/initialize.InitializeRunServer	Server exiting!
2022-10-02 21:54:27	INFO	initialize/logger.go:106	server/initialize.InitLogger	初始化zap日志完成!
2022-10-02 21:54:27	INFO	initialize/redis.go:22	server/initialize.InitRedis	初始化redis数据库完成!
2022-10-02 21:54:27	INFO	initialize/mysql.go:62	server/initialize.InitMysql	初始化mysql数据库完成!
2022-10-02 21:54:27	INFO	initialize/casbin.go:20	server/initialize.InitCasbinEnforcer	初始化Casbin完成!
2022-10-02 21:54:27	INFO	router/router.go:45	server/app/router.InitRouter	初始化路由完成！
2022-10-02 21:54:27	INFO	initialize/server.go:46	server/initialize.InitializeRunServer	服务启动完成
2022-10-02 21:54:52	INFO	initialize/server.go:55	server/initialize.InitializeRunServer	Shutting down server...
2022-10-02 21:54:52	INFO	initialize/server.go:65	server/initialize.InitializeRunServer	Server exiting!
2022-10-02 21:54:56	INFO	initialize/logger.go:106	server/initialize.InitLogger	初始化zap日志完成!
2022-10-02 21:54:56	INFO	initialize/redis.go:22	server/initialize.InitRedis	初始化redis数据库完成!
2022-10-02 21:54:56	INFO	initialize/mysql.go:62	server/initialize.InitMysql	初始化mysql数据库完成!
2022-10-02 21:54:56	INFO	initialize/casbin.go:20	server/initialize.InitCasbinEnforcer	初始化Casbin完成!
2022-10-02 21:54:56	INFO	router/router.go:45	server/app/router.InitRouter	初始化路由完成！
2022-10-02 21:54:56	INFO	initialize/server.go:46	server/initialize.InitializeRunServer	服务启动完成
2022-10-02 21:55:23	INFO	initialize/server.go:55	server/initialize.InitializeRunServer	Shutting down server...
2022-10-02 21:55:23	INFO	initialize/server.go:65	server/initialize.InitializeRunServer	Server exiting!
2022-10-02 21:55:27	INFO	initialize/logger.go:106	server/initialize.InitLogger	初始化zap日志完成!
2022-10-02 21:55:27	INFO	initialize/redis.go:22	server/initialize.InitRedis	初始化redis数据库完成!
2022-10-02 21:55:27	INFO	initialize/mysql.go:62	server/initialize.InitMysql	初始化mysql数据库完成!
2022-10-02 21:55:27	INFO	initialize/casbin.go:20	server/initialize.InitCasbinEnforcer	初始化Casbin完成!
2022-10-02 21:55:27	INFO	router/router.go:45	server/app/router.InitRouter	初始化路由完成！
2022-10-02 21:55:27	INFO	initialize/server.go:46	server/initialize.InitializeRunServer	服务启动完成
2022-10-02 21:58:08	INFO	initialize/server.go:55	server/initialize.InitializeRunServer	Shutting down server...
2022-10-02 21:58:08	INFO	initialize/server.go:65	server/initialize.InitializeRunServer	Server exiting!
2022-10-02 21:58:12	INFO	initialize/logger.go:106	server/initialize.InitLogger	初始化zap日志完成!
2022-10-02 21:58:12	INFO	initialize/redis.go:22	server/initialize.InitRedis	初始化redis数据库完成!
2022-10-02 21:58:12	INFO	initialize/mysql.go:62	server/initialize.InitMysql	初始化mysql数据库完成!
2022-10-02 21:58:12	INFO	initialize/casbin.go:20	server/initialize.InitCasbinEnforcer	初始化Casbin完成!
2022-10-02 21:58:12	INFO	router/router.go:45	server/app/router.InitRouter	初始化路由完成！
2022-10-02 21:58:12	INFO	initialize/server.go:46	server/initialize.InitializeRunServer	服务启动完成
2022-10-02 22:41:58	INFO	initialize/server.go:55	server/initialize.InitializeRunServer	Shutting down server...
2022-10-02 22:41:58	INFO	initialize/server.go:65	server/initialize.InitializeRunServer	Server exiting!
2022-10-02 22:42:02	INFO	initialize/logger.go:106	server/initialize.InitLogger	初始化zap日志完成!
2022-10-02 22:42:02	INFO	initialize/redis.go:22	server/initialize.InitRedis	初始化redis数据库完成!
2022-10-02 22:42:02	INFO	initialize/mysql.go:62	server/initialize.InitMysql	初始化mysql数据库完成!
2022-10-02 22:42:02	INFO	initialize/casbin.go:20	server/initialize.InitCasbinEnforcer	初始化Casbin完成!
2022-10-02 22:42:02	INFO	router/router.go:45	server/app/router.InitRouter	初始化路由完成！
2022-10-02 22:42:02	INFO	initialize/server.go:46	server/initialize.InitializeRunServer	服务启动完成
2022-10-02 22:53:23	INFO	initialize/server.go:55	server/initialize.InitializeRunServer	Shutting down server...
2022-10-02 22:53:23	INFO	initialize/server.go:65	server/initialize.InitializeRunServer	Server exiting!
