2022-10-27 07:43:17	INFO	initialize/logger.go:106	server/initialize.InitLogger	初始化zap日志完成!
2022-10-27 07:43:17	INFO	initialize/redis.go:22	server/initialize.InitRedis	初始化redis数据库完成!
2022-10-27 07:43:17	INFO	initialize/mysql.go:62	server/initialize.InitMysql	初始化mysql数据库完成!
2022-10-27 07:43:17	INFO	initialize/casbin.go:20	server/initialize.InitCasbinEnforcer	初始化Casbin完成!
2022-10-27 07:43:17	INFO	router/router.go:45	server/app/router.InitRouter	初始化路由完成！
2022-10-27 07:43:17	INFO	initialize/server.go:46	server/initialize.InitializeRunServer	服务启动完成
2022-10-27 07:44:51	INFO	initialize/server.go:55	server/initialize.InitializeRunServer	Shutting down server...
2022-10-27 07:44:51	INFO	initialize/server.go:65	server/initialize.InitializeRunServer	Server exiting!
2022-10-27 07:44:55	INFO	initialize/logger.go:106	server/initialize.InitLogger	初始化zap日志完成!
2022-10-27 07:44:55	INFO	initialize/redis.go:22	server/initialize.InitRedis	初始化redis数据库完成!
2022-10-27 07:44:55	INFO	initialize/mysql.go:62	server/initialize.InitMysql	初始化mysql数据库完成!
2022-10-27 07:44:56	INFO	initialize/casbin.go:20	server/initialize.InitCasbinEnforcer	初始化Casbin完成!
2022-10-27 07:44:56	INFO	router/router.go:45	server/app/router.InitRouter	初始化路由完成！
2022-10-27 07:44:56	INFO	initialize/server.go:46	server/initialize.InitializeRunServer	服务启动完成
2022-10-27 07:58:28	INFO	initialize/server.go:55	server/initialize.InitializeRunServer	Shutting down server...
2022-10-27 07:58:28	INFO	initialize/server.go:65	server/initialize.InitializeRunServer	Server exiting!
2022-10-27 07:58:32	INFO	initialize/logger.go:106	server/initialize.InitLogger	初始化zap日志完成!
2022-10-27 07:58:32	INFO	initialize/redis.go:22	server/initialize.InitRedis	初始化redis数据库完成!
2022-10-27 07:58:32	INFO	initialize/mysql.go:62	server/initialize.InitMysql	初始化mysql数据库完成!
2022-10-27 07:58:33	INFO	initialize/casbin.go:20	server/initialize.InitCasbinEnforcer	初始化Casbin完成!
2022-10-27 07:58:33	INFO	router/router.go:45	server/app/router.InitRouter	初始化路由完成！
2022-10-27 07:58:33	INFO	initialize/server.go:46	server/initialize.InitializeRunServer	服务启动完成
2022-10-27 08:03:21	INFO	initialize/server.go:55	server/initialize.InitializeRunServer	Shutting down server...
2022-10-27 08:03:21	INFO	initialize/server.go:65	server/initialize.InitializeRunServer	Server exiting!
2022-10-27 08:03:25	INFO	initialize/logger.go:106	server/initialize.InitLogger	初始化zap日志完成!
2022-10-27 08:03:25	INFO	initialize/redis.go:22	server/initialize.InitRedis	初始化redis数据库完成!
2022-10-27 08:03:25	INFO	initialize/mysql.go:62	server/initialize.InitMysql	初始化mysql数据库完成!
2022-10-27 08:03:25	INFO	initialize/casbin.go:20	server/initialize.InitCasbinEnforcer	初始化Casbin完成!
2022-10-27 08:03:25	INFO	router/router.go:45	server/app/router.InitRouter	初始化路由完成！
2022-10-27 08:03:25	INFO	initialize/server.go:46	server/initialize.InitializeRunServer	服务启动完成
2022-10-27 08:08:44	INFO	initialize/server.go:55	server/initialize.InitializeRunServer	Shutting down server...
2022-10-27 08:08:44	INFO	initialize/server.go:65	server/initialize.InitializeRunServer	Server exiting!
2022-10-27 08:08:50	INFO	initialize/logger.go:106	server/initialize.InitLogger	初始化zap日志完成!
2022-10-27 08:08:50	INFO	initialize/redis.go:22	server/initialize.InitRedis	初始化redis数据库完成!
2022-10-27 08:08:50	INFO	initialize/mysql.go:62	server/initialize.InitMysql	初始化mysql数据库完成!
2022-10-27 08:08:50	INFO	initialize/casbin.go:20	server/initialize.InitCasbinEnforcer	初始化Casbin完成!
2022-10-27 08:08:50	INFO	router/router.go:45	server/app/router.InitRouter	初始化路由完成！
2022-10-27 08:08:50	INFO	initialize/server.go:46	server/initialize.InitializeRunServer	服务启动完成
2022-10-27 08:14:04	INFO	initialize/server.go:55	server/initialize.InitializeRunServer	Shutting down server...
2022-10-27 08:14:04	INFO	initialize/server.go:65	server/initialize.InitializeRunServer	Server exiting!
2022-10-27 08:14:08	INFO	initialize/logger.go:106	server/initialize.InitLogger	初始化zap日志完成!
2022-10-27 08:14:08	INFO	initialize/redis.go:22	server/initialize.InitRedis	初始化redis数据库完成!
2022-10-27 08:14:08	INFO	initialize/mysql.go:62	server/initialize.InitMysql	初始化mysql数据库完成!
2022-10-27 08:14:09	INFO	initialize/casbin.go:20	server/initialize.InitCasbinEnforcer	初始化Casbin完成!
2022-10-27 08:14:09	INFO	router/router.go:45	server/app/router.InitRouter	初始化路由完成！
2022-10-27 08:14:09	INFO	initialize/server.go:46	server/initialize.InitializeRunServer	服务启动完成
2022-10-27 08:19:06	INFO	initialize/server.go:55	server/initialize.InitializeRunServer	Shutting down server...
2022-10-27 08:19:06	INFO	initialize/server.go:65	server/initialize.InitializeRunServer	Server exiting!
2022-10-27 08:19:10	INFO	initialize/logger.go:106	server/initialize.InitLogger	初始化zap日志完成!
2022-10-27 08:19:10	INFO	initialize/redis.go:22	server/initialize.InitRedis	初始化redis数据库完成!
2022-10-27 08:19:10	INFO	initialize/mysql.go:62	server/initialize.InitMysql	初始化mysql数据库完成!
2022-10-27 08:19:10	INFO	initialize/casbin.go:20	server/initialize.InitCasbinEnforcer	初始化Casbin完成!
2022-10-27 08:19:10	INFO	router/router.go:45	server/app/router.InitRouter	初始化路由完成！
2022-10-27 08:19:10	INFO	initialize/server.go:46	server/initialize.InitializeRunServer	服务启动完成
2022-10-27 08:19:25	INFO	initialize/server.go:55	server/initialize.InitializeRunServer	Shutting down server...
2022-10-27 08:19:25	INFO	initialize/server.go:65	server/initialize.InitializeRunServer	Server exiting!
2022-10-27 08:19:29	INFO	initialize/logger.go:106	server/initialize.InitLogger	初始化zap日志完成!
2022-10-27 08:19:29	INFO	initialize/redis.go:22	server/initialize.InitRedis	初始化redis数据库完成!
2022-10-27 08:19:29	INFO	initialize/mysql.go:62	server/initialize.InitMysql	初始化mysql数据库完成!
2022-10-27 08:19:29	INFO	initialize/casbin.go:20	server/initialize.InitCasbinEnforcer	初始化Casbin完成!
2022-10-27 08:19:29	INFO	router/router.go:45	server/app/router.InitRouter	初始化路由完成！
2022-10-27 08:19:29	INFO	initialize/server.go:46	server/initialize.InitializeRunServer	服务启动完成
2022-10-27 08:24:01	INFO	initialize/server.go:55	server/initialize.InitializeRunServer	Shutting down server...
2022-10-27 08:24:01	INFO	initialize/server.go:65	server/initialize.InitializeRunServer	Server exiting!
2022-10-27 08:24:05	INFO	initialize/logger.go:106	server/initialize.InitLogger	初始化zap日志完成!
2022-10-27 08:24:05	INFO	initialize/redis.go:22	server/initialize.InitRedis	初始化redis数据库完成!
2022-10-27 08:24:06	INFO	initialize/mysql.go:62	server/initialize.InitMysql	初始化mysql数据库完成!
2022-10-27 08:24:07	INFO	initialize/casbin.go:20	server/initialize.InitCasbinEnforcer	初始化Casbin完成!
2022-10-27 08:24:07	INFO	router/router.go:45	server/app/router.InitRouter	初始化路由完成！
2022-10-27 08:24:07	INFO	initialize/server.go:46	server/initialize.InitializeRunServer	服务启动完成
2022-10-27 08:27:51	INFO	initialize/server.go:55	server/initialize.InitializeRunServer	Shutting down server...
2022-10-27 08:27:51	INFO	initialize/server.go:65	server/initialize.InitializeRunServer	Server exiting!
