2022-10-26 10:15:19	INFO	initialize/logger.go:106	server/initialize.InitLogger	初始化zap日志完成!
2022-10-26 10:15:19	INFO	initialize/redis.go:22	server/initialize.InitRedis	初始化redis数据库完成!
2022-10-26 10:15:19	INFO	initialize/mysql.go:62	server/initialize.InitMysql	初始化mysql数据库完成!
2022-10-26 10:15:19	INFO	initialize/casbin.go:20	server/initialize.InitCasbinEnforcer	初始化Casbin完成!
2022-10-26 10:15:19	INFO	router/router.go:45	server/app/router.InitRouter	初始化路由完成！
2022-10-26 10:15:19	INFO	initialize/server.go:46	server/initialize.InitializeRunServer	服务启动完成
2022-10-26 10:19:54	INFO	initialize/server.go:55	server/initialize.InitializeRunServer	Shutting down server...
2022-10-26 10:19:54	INFO	initialize/server.go:65	server/initialize.InitializeRunServer	Server exiting!
2022-10-26 10:19:59	INFO	initialize/logger.go:106	server/initialize.InitLogger	初始化zap日志完成!
2022-10-26 10:19:59	INFO	initialize/redis.go:22	server/initialize.InitRedis	初始化redis数据库完成!
2022-10-26 10:19:59	INFO	initialize/mysql.go:62	server/initialize.InitMysql	初始化mysql数据库完成!
2022-10-26 10:19:59	INFO	initialize/casbin.go:20	server/initialize.InitCasbinEnforcer	初始化Casbin完成!
2022-10-26 10:19:59	INFO	router/router.go:45	server/app/router.InitRouter	初始化路由完成！
2022-10-26 10:19:59	INFO	initialize/server.go:46	server/initialize.InitializeRunServer	服务启动完成
2022-10-26 11:17:12	INFO	initialize/server.go:55	server/initialize.InitializeRunServer	Shutting down server...
2022-10-26 11:17:12	INFO	initialize/server.go:65	server/initialize.InitializeRunServer	Server exiting!
2022-10-26 11:17:17	INFO	initialize/logger.go:106	server/initialize.InitLogger	初始化zap日志完成!
2022-10-26 11:17:17	INFO	initialize/redis.go:22	server/initialize.InitRedis	初始化redis数据库完成!
2022-10-26 11:17:17	INFO	initialize/mysql.go:62	server/initialize.InitMysql	初始化mysql数据库完成!
2022-10-26 11:17:17	INFO	initialize/casbin.go:20	server/initialize.InitCasbinEnforcer	初始化Casbin完成!
2022-10-26 11:17:17	INFO	router/router.go:45	server/app/router.InitRouter	初始化路由完成！
2022-10-26 11:17:17	INFO	initialize/server.go:46	server/initialize.InitializeRunServer	服务启动完成
2022-10-26 19:52:44	INFO	initialize/server.go:55	server/initialize.InitializeRunServer	Shutting down server...
2022-10-26 19:52:44	INFO	initialize/server.go:65	server/initialize.InitializeRunServer	Server exiting!
