2022-09-30 09:23:58	INFO	initialize/logger.go:106	server/initialize.InitLogger	初始化zap日志完成!
2022-09-30 09:23:58	INFO	initialize/redis.go:22	server/initialize.InitRedis	初始化redis数据库完成!
2022-09-30 09:23:58	INFO	initialize/mysql.go:62	server/initialize.InitMysql	初始化mysql数据库完成!
2022-09-30 09:23:58	INFO	initialize/casbin.go:20	server/initialize.InitCasbinEnforcer	初始化Casbin完成!
2022-09-30 09:23:58	INFO	router/router.go:45	server/app/router.InitRouter	初始化路由完成！
2022-09-30 09:23:58	INFO	initialize/server.go:46	server/initialize.InitializeRunServer	服务启动完成
2022-09-30 09:45:47	INFO	initialize/server.go:55	server/initialize.InitializeRunServer	Shutting down server...
2022-09-30 09:45:48	INFO	initialize/server.go:65	server/initialize.InitializeRunServer	Server exiting!
2022-09-30 09:45:52	INFO	initialize/logger.go:106	server/initialize.InitLogger	初始化zap日志完成!
2022-09-30 09:45:52	INFO	initialize/redis.go:22	server/initialize.InitRedis	初始化redis数据库完成!
2022-09-30 09:45:52	INFO	initialize/mysql.go:62	server/initialize.InitMysql	初始化mysql数据库完成!
2022-09-30 09:45:52	INFO	initialize/casbin.go:20	server/initialize.InitCasbinEnforcer	初始化Casbin完成!
2022-09-30 09:45:52	INFO	router/router.go:45	server/app/router.InitRouter	初始化路由完成！
2022-09-30 09:45:52	INFO	initialize/server.go:46	server/initialize.InitializeRunServer	服务启动完成
2022-09-30 09:47:58	INFO	initialize/server.go:55	server/initialize.InitializeRunServer	Shutting down server...
2022-09-30 09:47:58	INFO	initialize/server.go:65	server/initialize.InitializeRunServer	Server exiting!
2022-09-30 09:58:39	INFO	initialize/logger.go:106	server/initialize.InitLogger	初始化zap日志完成!
2022-09-30 09:58:39	INFO	initialize/redis.go:22	server/initialize.InitRedis	初始化redis数据库完成!
2022-09-30 09:58:39	INFO	initialize/mysql.go:62	server/initialize.InitMysql	初始化mysql数据库完成!
2022-09-30 09:58:40	INFO	initialize/casbin.go:20	server/initialize.InitCasbinEnforcer	初始化Casbin完成!
2022-09-30 09:58:40	INFO	router/router.go:45	server/app/router.InitRouter	初始化路由完成！
2022-09-30 09:58:40	INFO	initialize/server.go:46	server/initialize.InitializeRunServer	服务启动完成
2022-09-30 09:59:26	INFO	initialize/server.go:55	server/initialize.InitializeRunServer	Shutting down server...
2022-09-30 09:59:26	INFO	initialize/server.go:65	server/initialize.InitializeRunServer	Server exiting!
2022-09-30 09:59:37	INFO	initialize/logger.go:106	server/initialize.InitLogger	初始化zap日志完成!
2022-09-30 09:59:37	INFO	initialize/redis.go:22	server/initialize.InitRedis	初始化redis数据库完成!
2022-09-30 09:59:37	INFO	initialize/mysql.go:62	server/initialize.InitMysql	初始化mysql数据库完成!
2022-09-30 09:59:37	INFO	initialize/casbin.go:20	server/initialize.InitCasbinEnforcer	初始化Casbin完成!
2022-09-30 09:59:37	INFO	router/router.go:45	server/app/router.InitRouter	初始化路由完成！
2022-09-30 09:59:37	INFO	initialize/server.go:46	server/initialize.InitializeRunServer	服务启动完成
2022-09-30 10:04:39	INFO	initialize/server.go:55	server/initialize.InitializeRunServer	Shutting down server...
2022-09-30 10:04:39	INFO	initialize/server.go:65	server/initialize.InitializeRunServer	Server exiting!
2022-09-30 10:04:44	INFO	initialize/logger.go:106	server/initialize.InitLogger	初始化zap日志完成!
2022-09-30 10:04:44	INFO	initialize/redis.go:22	server/initialize.InitRedis	初始化redis数据库完成!
2022-09-30 10:04:44	INFO	initialize/mysql.go:62	server/initialize.InitMysql	初始化mysql数据库完成!
2022-09-30 10:04:44	INFO	initialize/casbin.go:20	server/initialize.InitCasbinEnforcer	初始化Casbin完成!
2022-09-30 10:04:44	INFO	router/router.go:45	server/app/router.InitRouter	初始化路由完成！
2022-09-30 10:04:44	INFO	initialize/server.go:46	server/initialize.InitializeRunServer	服务启动完成
2022-09-30 10:06:19	INFO	initialize/server.go:55	server/initialize.InitializeRunServer	Shutting down server...
2022-09-30 10:06:19	INFO	initialize/server.go:65	server/initialize.InitializeRunServer	Server exiting!
2022-09-30 10:06:24	INFO	initialize/logger.go:106	server/initialize.InitLogger	初始化zap日志完成!
2022-09-30 10:06:24	INFO	initialize/redis.go:22	server/initialize.InitRedis	初始化redis数据库完成!
2022-09-30 10:06:24	INFO	initialize/mysql.go:62	server/initialize.InitMysql	初始化mysql数据库完成!
2022-09-30 10:06:24	INFO	initialize/casbin.go:20	server/initialize.InitCasbinEnforcer	初始化Casbin完成!
2022-09-30 10:06:24	INFO	router/router.go:45	server/app/router.InitRouter	初始化路由完成！
2022-09-30 10:06:24	INFO	initialize/server.go:46	server/initialize.InitializeRunServer	服务启动完成
2022-09-30 10:07:18	INFO	initialize/server.go:55	server/initialize.InitializeRunServer	Shutting down server...
2022-09-30 10:07:18	INFO	initialize/server.go:65	server/initialize.InitializeRunServer	Server exiting!
2022-09-30 16:07:34	INFO	initialize/logger.go:106	server/initialize.InitLogger	初始化zap日志完成!
2022-09-30 16:07:34	INFO	initialize/redis.go:22	server/initialize.InitRedis	初始化redis数据库完成!
2022-09-30 16:07:34	INFO	initialize/mysql.go:62	server/initialize.InitMysql	初始化mysql数据库完成!
2022-09-30 16:07:34	INFO	initialize/casbin.go:20	server/initialize.InitCasbinEnforcer	初始化Casbin完成!
2022-09-30 16:07:34	INFO	router/router.go:45	server/app/router.InitRouter	初始化路由完成！
2022-09-30 16:07:34	INFO	initialize/server.go:46	server/initialize.InitializeRunServer	服务启动完成
2022-09-30 16:42:22	INFO	initialize/server.go:55	server/initialize.InitializeRunServer	Shutting down server...
2022-09-30 16:42:22	INFO	initialize/server.go:65	server/initialize.InitializeRunServer	Server exiting!
2022-09-30 16:42:25	INFO	initialize/logger.go:106	server/initialize.InitLogger	初始化zap日志完成!
2022-09-30 16:42:25	INFO	initialize/redis.go:22	server/initialize.InitRedis	初始化redis数据库完成!
2022-09-30 16:42:25	INFO	initialize/mysql.go:62	server/initialize.InitMysql	初始化mysql数据库完成!
2022-09-30 16:42:25	INFO	initialize/casbin.go:20	server/initialize.InitCasbinEnforcer	初始化Casbin完成!
2022-09-30 16:42:25	INFO	router/router.go:45	server/app/router.InitRouter	初始化路由完成！
2022-09-30 16:42:25	INFO	initialize/server.go:46	server/initialize.InitializeRunServer	服务启动完成
2022-09-30 16:43:42	INFO	initialize/server.go:55	server/initialize.InitializeRunServer	Shutting down server...
2022-09-30 16:43:42	INFO	initialize/server.go:65	server/initialize.InitializeRunServer	Server exiting!
2022-09-30 16:43:46	INFO	initialize/logger.go:106	server/initialize.InitLogger	初始化zap日志完成!
2022-09-30 16:43:46	INFO	initialize/redis.go:22	server/initialize.InitRedis	初始化redis数据库完成!
2022-09-30 16:43:46	INFO	initialize/mysql.go:62	server/initialize.InitMysql	初始化mysql数据库完成!
2022-09-30 16:43:46	INFO	initialize/casbin.go:20	server/initialize.InitCasbinEnforcer	初始化Casbin完成!
2022-09-30 16:43:46	INFO	router/router.go:45	server/app/router.InitRouter	初始化路由完成！
2022-09-30 16:43:46	INFO	initialize/server.go:46	server/initialize.InitializeRunServer	服务启动完成
2022-09-30 16:46:05	INFO	initialize/server.go:55	server/initialize.InitializeRunServer	Shutting down server...
2022-09-30 16:46:05	INFO	initialize/server.go:65	server/initialize.InitializeRunServer	Server exiting!
2022-09-30 16:46:09	INFO	initialize/logger.go:106	server/initialize.InitLogger	初始化zap日志完成!
2022-09-30 16:46:09	INFO	initialize/redis.go:22	server/initialize.InitRedis	初始化redis数据库完成!
2022-09-30 16:46:09	INFO	initialize/mysql.go:62	server/initialize.InitMysql	初始化mysql数据库完成!
2022-09-30 16:46:09	INFO	initialize/casbin.go:20	server/initialize.InitCasbinEnforcer	初始化Casbin完成!
2022-09-30 16:46:10	INFO	router/router.go:45	server/app/router.InitRouter	初始化路由完成！
2022-09-30 16:46:10	INFO	initialize/server.go:46	server/initialize.InitializeRunServer	服务启动完成
2022-09-30 16:50:03	INFO	initialize/server.go:55	server/initialize.InitializeRunServer	Shutting down server...
2022-09-30 16:50:03	INFO	initialize/server.go:65	server/initialize.InitializeRunServer	Server exiting!
2022-09-30 16:50:06	INFO	initialize/logger.go:106	server/initialize.InitLogger	初始化zap日志完成!
2022-09-30 16:50:06	INFO	initialize/redis.go:22	server/initialize.InitRedis	初始化redis数据库完成!
2022-09-30 16:50:06	INFO	initialize/mysql.go:62	server/initialize.InitMysql	初始化mysql数据库完成!
2022-09-30 16:50:07	INFO	initialize/casbin.go:20	server/initialize.InitCasbinEnforcer	初始化Casbin完成!
2022-09-30 16:50:07	INFO	router/router.go:45	server/app/router.InitRouter	初始化路由完成！
2022-09-30 16:50:07	INFO	initialize/server.go:46	server/initialize.InitializeRunServer	服务启动完成
2022-09-30 16:59:33	INFO	initialize/server.go:55	server/initialize.InitializeRunServer	Shutting down server...
2022-09-30 16:59:33	INFO	initialize/server.go:65	server/initialize.InitializeRunServer	Server exiting!
2022-09-30 16:59:36	INFO	initialize/logger.go:106	server/initialize.InitLogger	初始化zap日志完成!
2022-09-30 16:59:36	INFO	initialize/redis.go:22	server/initialize.InitRedis	初始化redis数据库完成!
2022-09-30 16:59:36	INFO	initialize/mysql.go:62	server/initialize.InitMysql	初始化mysql数据库完成!
2022-09-30 16:59:36	INFO	initialize/casbin.go:20	server/initialize.InitCasbinEnforcer	初始化Casbin完成!
2022-09-30 16:59:36	INFO	router/router.go:45	server/app/router.InitRouter	初始化路由完成！
2022-09-30 16:59:36	INFO	initialize/server.go:46	server/initialize.InitializeRunServer	服务启动完成
2022-09-30 19:39:18	INFO	initialize/server.go:55	server/initialize.InitializeRunServer	Shutting down server...
2022-09-30 19:39:18	INFO	initialize/server.go:65	server/initialize.InitializeRunServer	Server exiting!
2022-09-30 19:39:23	INFO	initialize/logger.go:106	server/initialize.InitLogger	初始化zap日志完成!
2022-09-30 19:39:23	INFO	initialize/redis.go:22	server/initialize.InitRedis	初始化redis数据库完成!
2022-09-30 19:39:23	INFO	initialize/mysql.go:62	server/initialize.InitMysql	初始化mysql数据库完成!
2022-09-30 19:39:23	INFO	initialize/casbin.go:20	server/initialize.InitCasbinEnforcer	初始化Casbin完成!
2022-09-30 19:39:23	INFO	router/router.go:45	server/app/router.InitRouter	初始化路由完成！
2022-09-30 19:39:23	INFO	initialize/server.go:46	server/initialize.InitializeRunServer	服务启动完成
2022-09-30 19:40:23	INFO	initialize/server.go:55	server/initialize.InitializeRunServer	Shutting down server...
2022-09-30 19:40:23	INFO	initialize/server.go:65	server/initialize.InitializeRunServer	Server exiting!
2022-09-30 19:40:27	INFO	initialize/logger.go:106	server/initialize.InitLogger	初始化zap日志完成!
2022-09-30 19:40:27	INFO	initialize/redis.go:22	server/initialize.InitRedis	初始化redis数据库完成!
2022-09-30 19:40:27	INFO	initialize/mysql.go:62	server/initialize.InitMysql	初始化mysql数据库完成!
2022-09-30 19:40:27	INFO	initialize/casbin.go:20	server/initialize.InitCasbinEnforcer	初始化Casbin完成!
2022-09-30 19:40:27	INFO	router/router.go:45	server/app/router.InitRouter	初始化路由完成！
2022-09-30 19:40:27	INFO	initialize/server.go:46	server/initialize.InitializeRunServer	服务启动完成
2022-09-30 19:41:15	INFO	initialize/server.go:55	server/initialize.InitializeRunServer	Shutting down server...
2022-09-30 19:41:15	INFO	initialize/server.go:65	server/initialize.InitializeRunServer	Server exiting!
2022-09-30 19:41:19	INFO	initialize/logger.go:106	server/initialize.InitLogger	初始化zap日志完成!
2022-09-30 19:41:19	INFO	initialize/redis.go:22	server/initialize.InitRedis	初始化redis数据库完成!
2022-09-30 19:41:19	INFO	initialize/mysql.go:62	server/initialize.InitMysql	初始化mysql数据库完成!
2022-09-30 19:41:19	INFO	initialize/casbin.go:20	server/initialize.InitCasbinEnforcer	初始化Casbin完成!
2022-09-30 19:41:19	INFO	router/router.go:45	server/app/router.InitRouter	初始化路由完成！
2022-09-30 19:41:19	INFO	initialize/server.go:46	server/initialize.InitializeRunServer	服务启动完成
2022-09-30 20:33:16	INFO	initialize/server.go:55	server/initialize.InitializeRunServer	Shutting down server...
2022-09-30 20:33:16	INFO	initialize/server.go:65	server/initialize.InitializeRunServer	Server exiting!
2022-09-30 22:31:45	INFO	initialize/logger.go:106	server/initialize.InitLogger	初始化zap日志完成!
2022-09-30 22:31:45	INFO	initialize/redis.go:22	server/initialize.InitRedis	初始化redis数据库完成!
2022-09-30 22:31:45	INFO	initialize/mysql.go:62	server/initialize.InitMysql	初始化mysql数据库完成!
2022-09-30 22:31:46	INFO	initialize/casbin.go:20	server/initialize.InitCasbinEnforcer	初始化Casbin完成!
2022-09-30 22:31:46	INFO	router/router.go:45	server/app/router.InitRouter	初始化路由完成！
2022-09-30 22:31:46	INFO	initialize/server.go:46	server/initialize.InitializeRunServer	服务启动完成
2022-09-30 22:33:17	INFO	initialize/server.go:55	server/initialize.InitializeRunServer	Shutting down server...
2022-09-30 22:33:17	INFO	initialize/server.go:65	server/initialize.InitializeRunServer	Server exiting!
2022-09-30 22:35:05	INFO	initialize/logger.go:106	server/initialize.InitLogger	初始化zap日志完成!
2022-09-30 22:35:05	INFO	initialize/redis.go:22	server/initialize.InitRedis	初始化redis数据库完成!
2022-09-30 22:35:06	INFO	initialize/mysql.go:62	server/initialize.InitMysql	初始化mysql数据库完成!
2022-09-30 22:35:06	INFO	initialize/casbin.go:20	server/initialize.InitCasbinEnforcer	初始化Casbin完成!
2022-09-30 22:35:06	INFO	router/router.go:45	server/app/router.InitRouter	初始化路由完成！
2022-09-30 22:35:06	INFO	initialize/server.go:46	server/initialize.InitializeRunServer	服务启动完成
2022-09-30 22:36:10	INFO	initialize/server.go:55	server/initialize.InitializeRunServer	Shutting down server...
2022-09-30 22:36:10	INFO	initialize/server.go:65	server/initialize.InitializeRunServer	Server exiting!
2022-09-30 22:36:13	INFO	initialize/logger.go:106	server/initialize.InitLogger	初始化zap日志完成!
2022-09-30 22:36:13	INFO	initialize/redis.go:22	server/initialize.InitRedis	初始化redis数据库完成!
2022-09-30 22:36:13	INFO	initialize/mysql.go:62	server/initialize.InitMysql	初始化mysql数据库完成!
2022-09-30 22:36:13	INFO	initialize/casbin.go:20	server/initialize.InitCasbinEnforcer	初始化Casbin完成!
2022-09-30 22:36:13	INFO	router/router.go:45	server/app/router.InitRouter	初始化路由完成！
2022-09-30 22:36:13	INFO	initialize/server.go:46	server/initialize.InitializeRunServer	服务启动完成
2022-09-30 22:37:21	INFO	initialize/server.go:55	server/initialize.InitializeRunServer	Shutting down server...
2022-09-30 22:37:21	INFO	initialize/server.go:65	server/initialize.InitializeRunServer	Server exiting!
2022-09-30 22:37:25	INFO	initialize/logger.go:106	server/initialize.InitLogger	初始化zap日志完成!
2022-09-30 22:37:25	INFO	initialize/redis.go:22	server/initialize.InitRedis	初始化redis数据库完成!
2022-09-30 22:37:25	INFO	initialize/mysql.go:62	server/initialize.InitMysql	初始化mysql数据库完成!
2022-09-30 22:37:25	INFO	initialize/casbin.go:20	server/initialize.InitCasbinEnforcer	初始化Casbin完成!
2022-09-30 22:37:25	INFO	router/router.go:45	server/app/router.InitRouter	初始化路由完成！
2022-09-30 22:37:25	INFO	initialize/server.go:46	server/initialize.InitializeRunServer	服务启动完成
2022-09-30 22:56:23	INFO	initialize/server.go:55	server/initialize.InitializeRunServer	Shutting down server...
2022-09-30 22:56:23	INFO	initialize/server.go:65	server/initialize.InitializeRunServer	Server exiting!
