2022-11-03 11:21:16	INFO	initialize/logger.go:106	server/initialize.InitLogger	初始化zap日志完成!
2022-11-03 11:21:16	INFO	initialize/redis.go:22	server/initialize.InitRedis	初始化redis数据库完成!
2022-11-03 11:21:16	INFO	initialize/mysql.go:62	server/initialize.InitMysql	初始化mysql数据库完成!
2022-11-03 11:21:17	INFO	initialize/casbin.go:20	server/initialize.InitCasbinEnforcer	初始化Casbin完成!
2022-11-03 11:21:17	INFO	router/router.go:45	server/app/router.InitRouter	初始化路由完成！
2022-11-03 11:21:17	INFO	initialize/server.go:46	server/initialize.InitializeRunServer	服务启动完成
2022-11-03 20:23:29	INFO	initialize/server.go:55	server/initialize.InitializeRunServer	Shutting down server...
2022-11-03 20:23:29	INFO	initialize/server.go:65	server/initialize.InitializeRunServer	Server exiting!
2022-11-03 20:27:09	INFO	initialize/logger.go:106	server/initialize.InitLogger	初始化zap日志完成!
2022-11-03 20:27:09	INFO	initialize/redis.go:22	server/initialize.InitRedis	初始化redis数据库完成!
2022-11-03 20:27:09	INFO	initialize/mysql.go:62	server/initialize.InitMysql	初始化mysql数据库完成!
2022-11-03 20:27:09	INFO	initialize/casbin.go:20	server/initialize.InitCasbinEnforcer	初始化Casbin完成!
2022-11-03 20:27:09	INFO	router/router.go:45	server/app/router.InitRouter	初始化路由完成！
2022-11-03 20:27:09	INFO	initialize/server.go:46	server/initialize.InitializeRunServer	服务启动完成
2022-11-03 20:27:14	INFO	initialize/server.go:55	server/initialize.InitializeRunServer	Shutting down server...
2022-11-03 20:27:14	INFO	initialize/server.go:65	server/initialize.InitializeRunServer	Server exiting!
2022-11-03 20:51:38	INFO	initialize/logger.go:106	server/initialize.InitLogger	初始化zap日志完成!
2022-11-03 20:51:38	INFO	initialize/redis.go:22	server/initialize.InitRedis	初始化redis数据库完成!
2022-11-03 20:51:38	INFO	initialize/mysql.go:62	server/initialize.InitMysql	初始化mysql数据库完成!
2022-11-03 20:51:38	INFO	initialize/casbin.go:20	server/initialize.InitCasbinEnforcer	初始化Casbin完成!
2022-11-03 20:51:38	INFO	router/router.go:45	server/app/router.InitRouter	初始化路由完成！
2022-11-03 20:51:38	INFO	initialize/server.go:46	server/initialize.InitializeRunServer	服务启动完成
2022-11-03 20:53:15	INFO	initialize/logger.go:106	server/initialize.InitLogger	初始化zap日志完成!
2022-11-03 20:53:15	INFO	initialize/redis.go:22	server/initialize.InitRedis	初始化redis数据库完成!
2022-11-03 20:53:15	INFO	initialize/mysql.go:62	server/initialize.InitMysql	初始化mysql数据库完成!
2022-11-03 20:53:15	INFO	initialize/casbin.go:20	server/initialize.InitCasbinEnforcer	初始化Casbin完成!
2022-11-03 20:53:15	INFO	router/router.go:45	server/app/router.InitRouter	初始化路由完成！
2022-11-03 20:53:15	INFO	initialize/server.go:46	server/initialize.InitializeRunServer	服务启动完成
2022-11-03 20:53:28	INFO	initialize/logger.go:106	server/initialize.InitLogger	初始化zap日志完成!
2022-11-03 20:53:28	INFO	initialize/redis.go:22	server/initialize.InitRedis	初始化redis数据库完成!
2022-11-03 20:53:28	INFO	initialize/mysql.go:62	server/initialize.InitMysql	初始化mysql数据库完成!
2022-11-03 20:53:28	INFO	initialize/casbin.go:20	server/initialize.InitCasbinEnforcer	初始化Casbin完成!
2022-11-03 20:53:28	INFO	router/router.go:45	server/app/router.InitRouter	初始化路由完成！
2022-11-03 20:53:28	INFO	initialize/server.go:46	server/initialize.InitializeRunServer	服务启动完成
2022-11-03 20:54:54	INFO	initialize/server.go:55	server/initialize.InitializeRunServer	Shutting down server...
2022-11-03 20:54:54	INFO	initialize/server.go:65	server/initialize.InitializeRunServer	Server exiting!
2022-11-03 20:54:58	INFO	initialize/logger.go:106	server/initialize.InitLogger	初始化zap日志完成!
2022-11-03 20:54:58	INFO	initialize/redis.go:22	server/initialize.InitRedis	初始化redis数据库完成!
2022-11-03 20:54:58	INFO	initialize/mysql.go:62	server/initialize.InitMysql	初始化mysql数据库完成!
2022-11-03 20:54:58	INFO	initialize/casbin.go:20	server/initialize.InitCasbinEnforcer	初始化Casbin完成!
2022-11-03 20:54:58	INFO	router/router.go:45	server/app/router.InitRouter	初始化路由完成！
2022-11-03 20:54:58	INFO	initialize/server.go:46	server/initialize.InitializeRunServer	服务启动完成
2022-11-03 20:58:36	INFO	initialize/server.go:55	server/initialize.InitializeRunServer	Shutting down server...
2022-11-03 20:58:36	INFO	initialize/server.go:65	server/initialize.InitializeRunServer	Server exiting!
2022-11-03 20:58:40	INFO	initialize/logger.go:106	server/initialize.InitLogger	初始化zap日志完成!
2022-11-03 20:58:40	INFO	initialize/redis.go:22	server/initialize.InitRedis	初始化redis数据库完成!
2022-11-03 20:58:40	INFO	initialize/mysql.go:62	server/initialize.InitMysql	初始化mysql数据库完成!
2022-11-03 20:58:40	INFO	initialize/casbin.go:20	server/initialize.InitCasbinEnforcer	初始化Casbin完成!
2022-11-03 20:58:40	INFO	router/router.go:45	server/app/router.InitRouter	初始化路由完成！
2022-11-03 20:58:40	INFO	initialize/server.go:46	server/initialize.InitializeRunServer	服务启动完成
2022-11-03 20:59:44	INFO	initialize/server.go:55	server/initialize.InitializeRunServer	Shutting down server...
2022-11-03 20:59:44	INFO	initialize/server.go:65	server/initialize.InitializeRunServer	Server exiting!
2022-11-03 20:59:48	INFO	initialize/logger.go:106	server/initialize.InitLogger	初始化zap日志完成!
2022-11-03 20:59:48	INFO	initialize/redis.go:22	server/initialize.InitRedis	初始化redis数据库完成!
2022-11-03 20:59:48	INFO	initialize/mysql.go:62	server/initialize.InitMysql	初始化mysql数据库完成!
2022-11-03 20:59:48	INFO	initialize/casbin.go:20	server/initialize.InitCasbinEnforcer	初始化Casbin完成!
2022-11-03 20:59:48	INFO	router/router.go:45	server/app/router.InitRouter	初始化路由完成！
2022-11-03 20:59:48	INFO	initialize/server.go:46	server/initialize.InitializeRunServer	服务启动完成
2022-11-03 21:02:52	INFO	initialize/server.go:55	server/initialize.InitializeRunServer	Shutting down server...
2022-11-03 21:02:52	INFO	initialize/server.go:65	server/initialize.InitializeRunServer	Server exiting!
2022-11-03 21:02:56	INFO	initialize/logger.go:106	server/initialize.InitLogger	初始化zap日志完成!
2022-11-03 21:02:57	INFO	initialize/redis.go:22	server/initialize.InitRedis	初始化redis数据库完成!
2022-11-03 21:02:57	INFO	initialize/mysql.go:62	server/initialize.InitMysql	初始化mysql数据库完成!
2022-11-03 21:02:57	INFO	initialize/casbin.go:20	server/initialize.InitCasbinEnforcer	初始化Casbin完成!
2022-11-03 21:02:57	INFO	router/router.go:45	server/app/router.InitRouter	初始化路由完成！
2022-11-03 21:02:57	INFO	initialize/server.go:46	server/initialize.InitializeRunServer	服务启动完成
2022-11-03 21:05:21	INFO	initialize/server.go:55	server/initialize.InitializeRunServer	Shutting down server...
2022-11-03 21:05:21	INFO	initialize/server.go:65	server/initialize.InitializeRunServer	Server exiting!
2022-11-03 21:05:26	INFO	initialize/logger.go:106	server/initialize.InitLogger	初始化zap日志完成!
2022-11-03 21:05:26	INFO	initialize/redis.go:22	server/initialize.InitRedis	初始化redis数据库完成!
2022-11-03 21:05:26	INFO	initialize/mysql.go:62	server/initialize.InitMysql	初始化mysql数据库完成!
2022-11-03 21:05:26	INFO	initialize/casbin.go:20	server/initialize.InitCasbinEnforcer	初始化Casbin完成!
2022-11-03 21:05:26	INFO	router/router.go:45	server/app/router.InitRouter	初始化路由完成！
2022-11-03 21:05:26	INFO	initialize/server.go:46	server/initialize.InitializeRunServer	服务启动完成
2022-11-03 21:09:08	INFO	initialize/server.go:55	server/initialize.InitializeRunServer	Shutting down server...
2022-11-03 21:09:08	INFO	initialize/server.go:65	server/initialize.InitializeRunServer	Server exiting!
2022-11-03 21:09:12	INFO	initialize/logger.go:106	server/initialize.InitLogger	初始化zap日志完成!
2022-11-03 21:09:12	INFO	initialize/redis.go:22	server/initialize.InitRedis	初始化redis数据库完成!
2022-11-03 21:09:12	INFO	initialize/mysql.go:62	server/initialize.InitMysql	初始化mysql数据库完成!
2022-11-03 21:09:13	INFO	initialize/casbin.go:20	server/initialize.InitCasbinEnforcer	初始化Casbin完成!
2022-11-03 21:09:13	INFO	router/router.go:45	server/app/router.InitRouter	初始化路由完成！
2022-11-03 21:09:13	INFO	initialize/server.go:46	server/initialize.InitializeRunServer	服务启动完成
2022-11-03 21:09:51	INFO	initialize/server.go:55	server/initialize.InitializeRunServer	Shutting down server...
2022-11-03 21:09:51	INFO	initialize/server.go:65	server/initialize.InitializeRunServer	Server exiting!
2022-11-03 21:09:55	INFO	initialize/logger.go:106	server/initialize.InitLogger	初始化zap日志完成!
2022-11-03 21:09:55	INFO	initialize/redis.go:22	server/initialize.InitRedis	初始化redis数据库完成!
2022-11-03 21:09:55	INFO	initialize/mysql.go:62	server/initialize.InitMysql	初始化mysql数据库完成!
2022-11-03 21:09:55	INFO	initialize/casbin.go:20	server/initialize.InitCasbinEnforcer	初始化Casbin完成!
2022-11-03 21:09:55	INFO	router/router.go:45	server/app/router.InitRouter	初始化路由完成！
2022-11-03 21:09:55	INFO	initialize/server.go:46	server/initialize.InitializeRunServer	服务启动完成
2022-11-03 21:11:55	INFO	initialize/server.go:55	server/initialize.InitializeRunServer	Shutting down server...
2022-11-03 21:11:55	INFO	initialize/server.go:65	server/initialize.InitializeRunServer	Server exiting!
2022-11-03 21:11:59	INFO	initialize/logger.go:106	server/initialize.InitLogger	初始化zap日志完成!
2022-11-03 21:12:00	INFO	initialize/redis.go:22	server/initialize.InitRedis	初始化redis数据库完成!
2022-11-03 21:12:00	INFO	initialize/mysql.go:62	server/initialize.InitMysql	初始化mysql数据库完成!
2022-11-03 21:12:00	INFO	initialize/casbin.go:20	server/initialize.InitCasbinEnforcer	初始化Casbin完成!
2022-11-03 21:12:00	INFO	router/router.go:45	server/app/router.InitRouter	初始化路由完成！
2022-11-03 21:12:00	INFO	initialize/server.go:46	server/initialize.InitializeRunServer	服务启动完成
2022-11-03 21:39:15	INFO	initialize/server.go:55	server/initialize.InitializeRunServer	Shutting down server...
2022-11-03 21:39:15	INFO	initialize/server.go:65	server/initialize.InitializeRunServer	Server exiting!
2022-11-03 21:39:21	INFO	initialize/logger.go:106	server/initialize.InitLogger	初始化zap日志完成!
2022-11-03 21:39:21	INFO	initialize/redis.go:22	server/initialize.InitRedis	初始化redis数据库完成!
2022-11-03 21:39:21	INFO	initialize/mysql.go:62	server/initialize.InitMysql	初始化mysql数据库完成!
2022-11-03 21:39:21	INFO	initialize/casbin.go:20	server/initialize.InitCasbinEnforcer	初始化Casbin完成!
2022-11-03 21:39:21	INFO	router/router.go:45	server/app/router.InitRouter	初始化路由完成！
2022-11-03 21:39:21	INFO	initialize/server.go:46	server/initialize.InitializeRunServer	服务启动完成
2022-11-03 21:39:56	INFO	initialize/server.go:55	server/initialize.InitializeRunServer	Shutting down server...
2022-11-03 21:39:56	INFO	initialize/server.go:65	server/initialize.InitializeRunServer	Server exiting!
2022-11-03 21:40:01	INFO	initialize/logger.go:106	server/initialize.InitLogger	初始化zap日志完成!
2022-11-03 21:40:01	INFO	initialize/redis.go:22	server/initialize.InitRedis	初始化redis数据库完成!
2022-11-03 21:40:01	INFO	initialize/mysql.go:62	server/initialize.InitMysql	初始化mysql数据库完成!
2022-11-03 21:40:01	INFO	initialize/casbin.go:20	server/initialize.InitCasbinEnforcer	初始化Casbin完成!
2022-11-03 21:40:01	INFO	router/router.go:45	server/app/router.InitRouter	初始化路由完成！
2022-11-03 21:40:01	INFO	initialize/server.go:46	server/initialize.InitializeRunServer	服务启动完成
2022-11-03 21:41:32	INFO	initialize/server.go:55	server/initialize.InitializeRunServer	Shutting down server...
2022-11-03 21:41:32	INFO	initialize/server.go:65	server/initialize.InitializeRunServer	Server exiting!
2022-11-03 21:41:59	INFO	initialize/logger.go:106	server/initialize.InitLogger	初始化zap日志完成!
2022-11-03 21:41:59	INFO	initialize/redis.go:22	server/initialize.InitRedis	初始化redis数据库完成!
2022-11-03 21:41:59	INFO	initialize/mysql.go:62	server/initialize.InitMysql	初始化mysql数据库完成!
2022-11-03 21:42:00	INFO	initialize/casbin.go:20	server/initialize.InitCasbinEnforcer	初始化Casbin完成!
2022-11-03 21:42:00	INFO	router/router.go:45	server/app/router.InitRouter	初始化路由完成！
2022-11-03 21:42:00	INFO	initialize/server.go:46	server/initialize.InitializeRunServer	服务启动完成
2022-11-03 21:43:53	INFO	initialize/server.go:55	server/initialize.InitializeRunServer	Shutting down server...
2022-11-03 21:43:53	INFO	initialize/server.go:65	server/initialize.InitializeRunServer	Server exiting!
2022-11-03 21:43:57	INFO	initialize/logger.go:106	server/initialize.InitLogger	初始化zap日志完成!
2022-11-03 21:43:57	INFO	initialize/redis.go:22	server/initialize.InitRedis	初始化redis数据库完成!
2022-11-03 21:43:57	INFO	initialize/mysql.go:62	server/initialize.InitMysql	初始化mysql数据库完成!
2022-11-03 21:43:57	INFO	initialize/casbin.go:20	server/initialize.InitCasbinEnforcer	初始化Casbin完成!
2022-11-03 21:43:57	INFO	router/router.go:45	server/app/router.InitRouter	初始化路由完成！
2022-11-03 21:43:57	INFO	initialize/server.go:46	server/initialize.InitializeRunServer	服务启动完成
2022-11-03 21:46:25	INFO	initialize/server.go:55	server/initialize.InitializeRunServer	Shutting down server...
2022-11-03 21:46:25	INFO	initialize/server.go:65	server/initialize.InitializeRunServer	Server exiting!
2022-11-03 21:46:30	INFO	initialize/logger.go:106	server/initialize.InitLogger	初始化zap日志完成!
2022-11-03 21:46:30	INFO	initialize/redis.go:22	server/initialize.InitRedis	初始化redis数据库完成!
2022-11-03 21:46:30	INFO	initialize/mysql.go:62	server/initialize.InitMysql	初始化mysql数据库完成!
2022-11-03 21:46:30	INFO	initialize/casbin.go:20	server/initialize.InitCasbinEnforcer	初始化Casbin完成!
2022-11-03 21:46:30	INFO	router/router.go:45	server/app/router.InitRouter	初始化路由完成！
2022-11-03 21:46:30	INFO	initialize/server.go:46	server/initialize.InitializeRunServer	服务启动完成
2022-11-03 21:47:26	INFO	initialize/server.go:55	server/initialize.InitializeRunServer	Shutting down server...
2022-11-03 21:47:26	INFO	initialize/server.go:65	server/initialize.InitializeRunServer	Server exiting!
2022-11-03 21:47:30	INFO	initialize/logger.go:106	server/initialize.InitLogger	初始化zap日志完成!
2022-11-03 21:47:30	INFO	initialize/redis.go:22	server/initialize.InitRedis	初始化redis数据库完成!
2022-11-03 21:47:30	INFO	initialize/mysql.go:62	server/initialize.InitMysql	初始化mysql数据库完成!
2022-11-03 21:47:30	INFO	initialize/casbin.go:20	server/initialize.InitCasbinEnforcer	初始化Casbin完成!
2022-11-03 21:47:30	INFO	router/router.go:45	server/app/router.InitRouter	初始化路由完成！
2022-11-03 21:47:30	INFO	initialize/server.go:46	server/initialize.InitializeRunServer	服务启动完成
2022-11-03 21:52:29	INFO	initialize/server.go:55	server/initialize.InitializeRunServer	Shutting down server...
2022-11-03 21:52:29	INFO	initialize/server.go:65	server/initialize.InitializeRunServer	Server exiting!
2022-11-03 21:52:33	INFO	initialize/logger.go:106	server/initialize.InitLogger	初始化zap日志完成!
2022-11-03 21:52:33	INFO	initialize/redis.go:22	server/initialize.InitRedis	初始化redis数据库完成!
2022-11-03 21:52:33	INFO	initialize/mysql.go:62	server/initialize.InitMysql	初始化mysql数据库完成!
2022-11-03 21:52:33	INFO	initialize/casbin.go:20	server/initialize.InitCasbinEnforcer	初始化Casbin完成!
2022-11-03 21:52:33	INFO	router/router.go:45	server/app/router.InitRouter	初始化路由完成！
2022-11-03 21:52:33	INFO	initialize/server.go:46	server/initialize.InitializeRunServer	服务启动完成
2022-11-03 21:55:06	INFO	initialize/server.go:55	server/initialize.InitializeRunServer	Shutting down server...
2022-11-03 21:55:06	INFO	initialize/server.go:65	server/initialize.InitializeRunServer	Server exiting!
2022-11-03 21:55:11	INFO	initialize/logger.go:106	server/initialize.InitLogger	初始化zap日志完成!
2022-11-03 21:55:11	INFO	initialize/redis.go:22	server/initialize.InitRedis	初始化redis数据库完成!
2022-11-03 21:55:11	INFO	initialize/mysql.go:62	server/initialize.InitMysql	初始化mysql数据库完成!
2022-11-03 21:55:11	INFO	initialize/casbin.go:20	server/initialize.InitCasbinEnforcer	初始化Casbin完成!
2022-11-03 21:55:11	INFO	router/router.go:45	server/app/router.InitRouter	初始化路由完成！
2022-11-03 21:55:11	INFO	initialize/server.go:46	server/initialize.InitializeRunServer	服务启动完成
2022-11-03 21:56:30	INFO	initialize/server.go:55	server/initialize.InitializeRunServer	Shutting down server...
2022-11-03 21:56:30	INFO	initialize/server.go:65	server/initialize.InitializeRunServer	Server exiting!
2022-11-03 21:56:34	INFO	initialize/logger.go:106	server/initialize.InitLogger	初始化zap日志完成!
2022-11-03 21:56:34	INFO	initialize/redis.go:22	server/initialize.InitRedis	初始化redis数据库完成!
2022-11-03 21:56:34	INFO	initialize/mysql.go:62	server/initialize.InitMysql	初始化mysql数据库完成!
2022-11-03 21:56:34	INFO	initialize/casbin.go:20	server/initialize.InitCasbinEnforcer	初始化Casbin完成!
2022-11-03 21:56:34	INFO	router/router.go:45	server/app/router.InitRouter	初始化路由完成！
2022-11-03 21:56:34	INFO	initialize/server.go:46	server/initialize.InitializeRunServer	服务启动完成
2022-11-03 21:56:57	INFO	initialize/server.go:55	server/initialize.InitializeRunServer	Shutting down server...
2022-11-03 21:56:57	INFO	initialize/server.go:65	server/initialize.InitializeRunServer	Server exiting!
2022-11-03 21:57:01	INFO	initialize/logger.go:106	server/initialize.InitLogger	初始化zap日志完成!
2022-11-03 21:57:01	INFO	initialize/redis.go:22	server/initialize.InitRedis	初始化redis数据库完成!
2022-11-03 21:57:01	INFO	initialize/mysql.go:62	server/initialize.InitMysql	初始化mysql数据库完成!
2022-11-03 21:57:01	INFO	initialize/casbin.go:20	server/initialize.InitCasbinEnforcer	初始化Casbin完成!
2022-11-03 21:57:01	INFO	router/router.go:45	server/app/router.InitRouter	初始化路由完成！
2022-11-03 21:57:01	INFO	initialize/server.go:46	server/initialize.InitializeRunServer	服务启动完成
2022-11-03 21:57:17	INFO	initialize/server.go:55	server/initialize.InitializeRunServer	Shutting down server...
2022-11-03 21:57:17	INFO	initialize/server.go:65	server/initialize.InitializeRunServer	Server exiting!
2022-11-03 21:57:22	INFO	initialize/logger.go:106	server/initialize.InitLogger	初始化zap日志完成!
2022-11-03 21:57:22	INFO	initialize/redis.go:22	server/initialize.InitRedis	初始化redis数据库完成!
2022-11-03 21:57:22	INFO	initialize/mysql.go:62	server/initialize.InitMysql	初始化mysql数据库完成!
2022-11-03 21:57:22	INFO	initialize/casbin.go:20	server/initialize.InitCasbinEnforcer	初始化Casbin完成!
2022-11-03 21:57:22	INFO	router/router.go:45	server/app/router.InitRouter	初始化路由完成！
2022-11-03 21:57:22	INFO	initialize/server.go:46	server/initialize.InitializeRunServer	服务启动完成
2022-11-03 21:59:32	INFO	initialize/server.go:55	server/initialize.InitializeRunServer	Shutting down server...
2022-11-03 21:59:32	INFO	initialize/server.go:65	server/initialize.InitializeRunServer	Server exiting!
2022-11-03 21:59:37	INFO	initialize/logger.go:106	server/initialize.InitLogger	初始化zap日志完成!
2022-11-03 21:59:37	INFO	initialize/redis.go:22	server/initialize.InitRedis	初始化redis数据库完成!
2022-11-03 21:59:37	INFO	initialize/mysql.go:62	server/initialize.InitMysql	初始化mysql数据库完成!
2022-11-03 21:59:37	INFO	initialize/casbin.go:20	server/initialize.InitCasbinEnforcer	初始化Casbin完成!
2022-11-03 21:59:37	INFO	router/router.go:45	server/app/router.InitRouter	初始化路由完成！
2022-11-03 21:59:37	INFO	initialize/server.go:46	server/initialize.InitializeRunServer	服务启动完成
2022-11-03 21:59:57	INFO	initialize/server.go:55	server/initialize.InitializeRunServer	Shutting down server...
2022-11-03 21:59:57	INFO	initialize/server.go:65	server/initialize.InitializeRunServer	Server exiting!
2022-11-03 22:00:02	INFO	initialize/logger.go:106	server/initialize.InitLogger	初始化zap日志完成!
2022-11-03 22:00:02	INFO	initialize/redis.go:22	server/initialize.InitRedis	初始化redis数据库完成!
2022-11-03 22:00:02	INFO	initialize/mysql.go:62	server/initialize.InitMysql	初始化mysql数据库完成!
2022-11-03 22:00:02	INFO	initialize/casbin.go:20	server/initialize.InitCasbinEnforcer	初始化Casbin完成!
2022-11-03 22:00:02	INFO	router/router.go:45	server/app/router.InitRouter	初始化路由完成！
2022-11-03 22:00:02	INFO	initialize/server.go:46	server/initialize.InitializeRunServer	服务启动完成
2022-11-03 22:01:47	INFO	initialize/server.go:55	server/initialize.InitializeRunServer	Shutting down server...
2022-11-03 22:01:47	INFO	initialize/server.go:65	server/initialize.InitializeRunServer	Server exiting!
2022-11-03 22:01:52	INFO	initialize/logger.go:106	server/initialize.InitLogger	初始化zap日志完成!
2022-11-03 22:01:52	INFO	initialize/redis.go:22	server/initialize.InitRedis	初始化redis数据库完成!
2022-11-03 22:01:52	INFO	initialize/mysql.go:62	server/initialize.InitMysql	初始化mysql数据库完成!
2022-11-03 22:01:53	INFO	initialize/casbin.go:20	server/initialize.InitCasbinEnforcer	初始化Casbin完成!
2022-11-03 22:01:53	INFO	router/router.go:45	server/app/router.InitRouter	初始化路由完成！
2022-11-03 22:01:53	INFO	initialize/server.go:46	server/initialize.InitializeRunServer	服务启动完成
2022-11-03 22:07:13	INFO	initialize/server.go:55	server/initialize.InitializeRunServer	Shutting down server...
2022-11-03 22:07:13	INFO	initialize/server.go:65	server/initialize.InitializeRunServer	Server exiting!
2022-11-03 22:07:17	INFO	initialize/logger.go:106	server/initialize.InitLogger	初始化zap日志完成!
2022-11-03 22:07:17	INFO	initialize/redis.go:22	server/initialize.InitRedis	初始化redis数据库完成!
2022-11-03 22:07:17	INFO	initialize/mysql.go:62	server/initialize.InitMysql	初始化mysql数据库完成!
2022-11-03 22:07:17	INFO	initialize/casbin.go:20	server/initialize.InitCasbinEnforcer	初始化Casbin完成!
2022-11-03 22:07:17	INFO	router/router.go:45	server/app/router.InitRouter	初始化路由完成！
2022-11-03 22:07:17	INFO	initialize/server.go:46	server/initialize.InitializeRunServer	服务启动完成
2022-11-03 22:27:31	INFO	initialize/server.go:55	server/initialize.InitializeRunServer	Shutting down server...
2022-11-03 22:27:31	INFO	initialize/server.go:65	server/initialize.InitializeRunServer	Server exiting!
2022-11-03 22:27:36	INFO	initialize/logger.go:106	server/initialize.InitLogger	初始化zap日志完成!
2022-11-03 22:27:36	INFO	initialize/redis.go:22	server/initialize.InitRedis	初始化redis数据库完成!
2022-11-03 22:27:36	INFO	initialize/mysql.go:62	server/initialize.InitMysql	初始化mysql数据库完成!
2022-11-03 22:27:36	INFO	initialize/casbin.go:20	server/initialize.InitCasbinEnforcer	初始化Casbin完成!
2022-11-03 22:27:36	INFO	router/router.go:45	server/app/router.InitRouter	初始化路由完成！
2022-11-03 22:27:36	INFO	initialize/server.go:46	server/initialize.InitializeRunServer	服务启动完成
2022-11-03 22:43:44	INFO	initialize/server.go:55	server/initialize.InitializeRunServer	Shutting down server...
2022-11-03 22:43:44	INFO	initialize/server.go:65	server/initialize.InitializeRunServer	Server exiting!
