2022-11-21 11:46:18	INFO	initialize/logger.go:106	server/initialize.InitLogger	初始化zap日志完成!
2022-11-21 11:46:18	INFO	initialize/redis.go:22	server/initialize.InitRedis	初始化redis数据库完成!
2022-11-21 11:46:18	INFO	initialize/mysql.go:62	server/initialize.InitMysql	初始化mysql数据库完成!
2022-11-21 11:46:18	INFO	initialize/casbin.go:20	server/initialize.InitCasbinEnforcer	初始化Casbin完成!
2022-11-21 11:46:18	INFO	router/router.go:45	server/app/router.InitRouter	初始化路由完成！
2022-11-21 11:46:18	INFO	initialize/server.go:46	server/initialize.InitRun	服务启动完成
2022-11-21 12:17:55	DEBUG	middleware/auth.go:114	server/middleware.unauthorized	JWT认证失败, 错误码: 401, 错误信息: 用户角色被禁用
2022-11-21 12:17:58	DEBUG	middleware/auth.go:114	server/middleware.unauthorized	JWT认证失败, 错误码: 401, 错误信息: 用户角色被禁用
2022-11-21 12:18:54	INFO	initialize/server.go:55	server/initialize.InitRun	Shutting down server...
2022-11-21 12:18:54	INFO	initialize/server.go:65	server/initialize.InitRun	Server exiting!
2022-11-21 12:19:06	INFO	initialize/logger.go:106	server/initialize.InitLogger	初始化zap日志完成!
2022-11-21 12:19:06	INFO	initialize/redis.go:22	server/initialize.InitRedis	初始化redis数据库完成!
2022-11-21 12:19:06	INFO	initialize/mysql.go:62	server/initialize.InitMysql	初始化mysql数据库完成!
2022-11-21 12:19:06	INFO	initialize/casbin.go:20	server/initialize.InitCasbinEnforcer	初始化Casbin完成!
2022-11-21 12:19:06	INFO	router/router.go:45	server/app/router.InitRouter	初始化路由完成！
2022-11-21 12:19:06	INFO	initialize/server.go:46	server/initialize.InitRun	服务启动完成
2022-11-21 12:23:25	DEBUG	middleware/auth.go:114	server/middleware.unauthorized	JWT认证失败, 错误码: 401, 错误信息: 验证码错误
2022-11-21 12:57:09	INFO	initialize/server.go:55	server/initialize.InitRun	Shutting down server...
2022-11-21 12:57:09	INFO	initialize/server.go:65	server/initialize.InitRun	Server exiting!
2022-11-21 13:05:56	INFO	initialize/logger.go:106	server/initialize.InitLogger	初始化zap日志完成!
2022-11-21 13:05:56	INFO	initialize/redis.go:22	server/initialize.InitRedis	初始化redis数据库完成!
2022-11-21 13:05:56	INFO	initialize/mysql.go:62	server/initialize.InitMysql	初始化mysql数据库完成!
2022-11-21 13:05:57	INFO	initialize/casbin.go:20	server/initialize.InitCasbinEnforcer	初始化Casbin完成!
2022-11-21 13:05:57	INFO	router/router.go:45	server/app/router.InitRouter	初始化路由完成！
2022-11-21 13:05:57	INFO	initialize/server.go:46	server/initialize.InitRun	服务启动完成
2022-11-21 21:54:28	INFO	initialize/server.go:55	server/initialize.InitRun	Shutting down server...
2022-11-21 21:54:28	INFO	initialize/server.go:65	server/initialize.InitRun	Server exiting!
