2022-09-29 04:35:02	INFO	initialize/logger.go:106	server/initialize.InitLogger	初始化zap日志完成!
2022-09-29 04:35:02	INFO	initialize/redis.go:22	server/initialize.InitRedis	初始化redis数据库完成!
2022-09-29 04:35:02	INFO	initialize/mysql.go:62	server/initialize.InitMysql	初始化mysql数据库完成!
2022-09-29 04:35:02	INFO	initialize/casbin.go:20	server/initialize.InitCasbinEnforcer	初始化Casbin完成!
2022-09-29 04:35:02	INFO	router/router.go:45	server/app/router.InitRouter	初始化路由完成！
2022-09-29 04:35:02	INFO	initialize/server.go:46	server/initialize.InitializeRunServer	服务启动完成
2022-09-29 04:35:18	INFO	initialize/server.go:55	server/initialize.InitializeRunServer	Shutting down server...
2022-09-29 04:35:18	INFO	initialize/server.go:65	server/initialize.InitializeRunServer	Server exiting!
2022-09-29 04:35:27	INFO	initialize/logger.go:106	server/initialize.InitLogger	初始化zap日志完成!
2022-09-29 04:35:27	INFO	initialize/redis.go:22	server/initialize.InitRedis	初始化redis数据库完成!
2022-09-29 04:36:02	INFO	initialize/logger.go:106	server/initialize.InitLogger	初始化zap日志完成!
2022-09-29 04:36:02	INFO	initialize/redis.go:22	server/initialize.InitRedis	初始化redis数据库完成!
2022-09-29 04:36:02	INFO	initialize/mysql.go:62	server/initialize.InitMysql	初始化mysql数据库完成!
2022-09-29 04:36:02	INFO	initialize/casbin.go:20	server/initialize.InitCasbinEnforcer	初始化Casbin完成!
2022-09-29 04:36:02	INFO	router/router.go:45	server/app/router.InitRouter	初始化路由完成！
2022-09-29 04:36:02	INFO	initialize/server.go:46	server/initialize.InitializeRunServer	服务启动完成
2022-09-29 04:36:17	INFO	initialize/server.go:55	server/initialize.InitializeRunServer	Shutting down server...
2022-09-29 04:36:17	INFO	initialize/server.go:65	server/initialize.InitializeRunServer	Server exiting!
2022-09-29 04:36:21	INFO	initialize/logger.go:106	server/initialize.InitLogger	初始化zap日志完成!
2022-09-29 04:36:21	INFO	initialize/redis.go:22	server/initialize.InitRedis	初始化redis数据库完成!
2022-09-29 04:36:21	INFO	initialize/mysql.go:62	server/initialize.InitMysql	初始化mysql数据库完成!
2022-09-29 04:36:21	INFO	initialize/casbin.go:20	server/initialize.InitCasbinEnforcer	初始化Casbin完成!
2022-09-29 04:36:21	INFO	router/router.go:45	server/app/router.InitRouter	初始化路由完成！
2022-09-29 04:36:21	INFO	initialize/server.go:46	server/initialize.InitializeRunServer	服务启动完成
2022-09-29 04:36:57	INFO	initialize/server.go:55	server/initialize.InitializeRunServer	Shutting down server...
2022-09-29 04:36:57	INFO	initialize/server.go:65	server/initialize.InitializeRunServer	Server exiting!
2022-09-29 04:37:00	INFO	initialize/logger.go:106	server/initialize.InitLogger	初始化zap日志完成!
2022-09-29 04:37:00	INFO	initialize/redis.go:22	server/initialize.InitRedis	初始化redis数据库完成!
2022-09-29 04:37:00	INFO	initialize/mysql.go:62	server/initialize.InitMysql	初始化mysql数据库完成!
2022-09-29 04:37:00	INFO	initialize/casbin.go:20	server/initialize.InitCasbinEnforcer	初始化Casbin完成!
2022-09-29 04:37:00	INFO	router/router.go:45	server/app/router.InitRouter	初始化路由完成！
2022-09-29 04:37:00	INFO	initialize/server.go:46	server/initialize.InitializeRunServer	服务启动完成
2022-09-29 04:37:10	INFO	initialize/server.go:55	server/initialize.InitializeRunServer	Shutting down server...
2022-09-29 04:37:10	INFO	initialize/server.go:65	server/initialize.InitializeRunServer	Server exiting!
2022-09-29 17:01:47	INFO	initialize/logger.go:106	server/initialize.InitLogger	初始化zap日志完成!
2022-09-29 17:01:47	INFO	initialize/redis.go:22	server/initialize.InitRedis	初始化redis数据库完成!
2022-09-29 17:01:47	INFO	initialize/mysql.go:62	server/initialize.InitMysql	初始化mysql数据库完成!
2022-09-29 17:01:47	INFO	initialize/casbin.go:20	server/initialize.InitCasbinEnforcer	初始化Casbin完成!
2022-09-29 17:01:47	INFO	router/router.go:45	server/app/router.InitRouter	初始化路由完成！
2022-09-29 17:01:47	INFO	initialize/server.go:46	server/initialize.InitializeRunServer	服务启动完成
2022-09-29 17:03:09	INFO	initialize/server.go:55	server/initialize.InitializeRunServer	Shutting down server...
2022-09-29 17:03:09	INFO	initialize/server.go:65	server/initialize.InitializeRunServer	Server exiting!
2022-09-29 17:05:02	INFO	initialize/logger.go:106	server/initialize.InitLogger	初始化zap日志完成!
2022-09-29 17:05:02	INFO	initialize/redis.go:22	server/initialize.InitRedis	初始化redis数据库完成!
2022-09-29 17:05:02	INFO	initialize/mysql.go:62	server/initialize.InitMysql	初始化mysql数据库完成!
2022-09-29 17:05:02	INFO	initialize/casbin.go:20	server/initialize.InitCasbinEnforcer	初始化Casbin完成!
2022-09-29 17:05:02	INFO	router/router.go:45	server/app/router.InitRouter	初始化路由完成！
2022-09-29 17:05:02	INFO	initialize/server.go:46	server/initialize.InitializeRunServer	服务启动完成
2022-09-29 17:05:09	INFO	initialize/server.go:55	server/initialize.InitializeRunServer	Shutting down server...
2022-09-29 17:05:09	INFO	initialize/server.go:65	server/initialize.InitializeRunServer	Server exiting!
