2022-10-01 00:33:57	INFO	initialize/logger.go:106	server/initialize.InitLogger	初始化zap日志完成!
2022-10-01 00:33:58	INFO	initialize/redis.go:22	server/initialize.InitRedis	初始化redis数据库完成!
2022-10-01 00:33:58	INFO	initialize/mysql.go:62	server/initialize.InitMysql	初始化mysql数据库完成!
2022-10-01 00:33:58	INFO	initialize/casbin.go:20	server/initialize.InitCasbinEnforcer	初始化Casbin完成!
2022-10-01 00:33:58	INFO	router/router.go:45	server/app/router.InitRouter	初始化路由完成！
2022-10-01 00:33:58	INFO	initialize/server.go:46	server/initialize.InitializeRunServer	服务启动完成
2022-10-01 00:34:29	INFO	initialize/server.go:55	server/initialize.InitializeRunServer	Shutting down server...
2022-10-01 00:34:29	INFO	initialize/server.go:65	server/initialize.InitializeRunServer	Server exiting!
2022-10-01 00:34:32	INFO	initialize/logger.go:106	server/initialize.InitLogger	初始化zap日志完成!
2022-10-01 00:34:32	INFO	initialize/redis.go:22	server/initialize.InitRedis	初始化redis数据库完成!
2022-10-01 00:34:32	INFO	initialize/mysql.go:62	server/initialize.InitMysql	初始化mysql数据库完成!
2022-10-01 00:34:32	INFO	initialize/casbin.go:20	server/initialize.InitCasbinEnforcer	初始化Casbin完成!
2022-10-01 00:34:32	INFO	router/router.go:45	server/app/router.InitRouter	初始化路由完成！
2022-10-01 00:34:32	INFO	initialize/server.go:46	server/initialize.InitializeRunServer	服务启动完成
2022-10-01 00:35:58	INFO	initialize/server.go:55	server/initialize.InitializeRunServer	Shutting down server...
2022-10-01 00:35:59	INFO	initialize/server.go:65	server/initialize.InitializeRunServer	Server exiting!
2022-10-01 00:36:03	INFO	initialize/logger.go:106	server/initialize.InitLogger	初始化zap日志完成!
2022-10-01 00:36:03	INFO	initialize/redis.go:22	server/initialize.InitRedis	初始化redis数据库完成!
2022-10-01 00:36:03	INFO	initialize/mysql.go:62	server/initialize.InitMysql	初始化mysql数据库完成!
2022-10-01 00:36:03	INFO	initialize/casbin.go:20	server/initialize.InitCasbinEnforcer	初始化Casbin完成!
2022-10-01 00:36:03	INFO	router/router.go:45	server/app/router.InitRouter	初始化路由完成！
2022-10-01 00:36:03	INFO	initialize/server.go:46	server/initialize.InitializeRunServer	服务启动完成
2022-10-01 00:36:37	INFO	initialize/server.go:55	server/initialize.InitializeRunServer	Shutting down server...
2022-10-01 00:36:37	INFO	initialize/server.go:65	server/initialize.InitializeRunServer	Server exiting!
2022-10-01 00:36:41	INFO	initialize/logger.go:106	server/initialize.InitLogger	初始化zap日志完成!
2022-10-01 00:36:41	INFO	initialize/redis.go:22	server/initialize.InitRedis	初始化redis数据库完成!
2022-10-01 00:36:41	INFO	initialize/mysql.go:62	server/initialize.InitMysql	初始化mysql数据库完成!
2022-10-01 00:36:41	INFO	initialize/casbin.go:20	server/initialize.InitCasbinEnforcer	初始化Casbin完成!
2022-10-01 00:36:41	INFO	router/router.go:45	server/app/router.InitRouter	初始化路由完成！
2022-10-01 00:36:41	INFO	initialize/server.go:46	server/initialize.InitializeRunServer	服务启动完成
2022-10-01 00:37:41	INFO	initialize/server.go:55	server/initialize.InitializeRunServer	Shutting down server...
2022-10-01 00:37:41	INFO	initialize/server.go:65	server/initialize.InitializeRunServer	Server exiting!
2022-10-01 00:37:55	INFO	initialize/logger.go:106	server/initialize.InitLogger	初始化zap日志完成!
2022-10-01 00:37:55	INFO	initialize/redis.go:22	server/initialize.InitRedis	初始化redis数据库完成!
2022-10-01 00:37:55	INFO	initialize/mysql.go:62	server/initialize.InitMysql	初始化mysql数据库完成!
2022-10-01 00:37:55	INFO	initialize/casbin.go:20	server/initialize.InitCasbinEnforcer	初始化Casbin完成!
2022-10-01 00:37:55	INFO	router/router.go:45	server/app/router.InitRouter	初始化路由完成！
2022-10-01 00:37:55	INFO	initialize/server.go:46	server/initialize.InitializeRunServer	服务启动完成
2022-10-01 02:06:31	INFO	initialize/server.go:55	server/initialize.InitializeRunServer	Shutting down server...
2022-10-01 02:06:31	INFO	initialize/server.go:65	server/initialize.InitializeRunServer	Server exiting!
2022-10-01 02:51:22	INFO	initialize/logger.go:106	server/initialize.InitLogger	初始化zap日志完成!
2022-10-01 02:51:22	INFO	initialize/redis.go:22	server/initialize.InitRedis	初始化redis数据库完成!
2022-10-01 02:51:23	INFO	initialize/mysql.go:62	server/initialize.InitMysql	初始化mysql数据库完成!
2022-10-01 02:51:23	INFO	initialize/casbin.go:20	server/initialize.InitCasbinEnforcer	初始化Casbin完成!
2022-10-01 02:51:23	INFO	router/router.go:45	server/app/router.InitRouter	初始化路由完成！
2022-10-01 02:51:23	INFO	initialize/server.go:46	server/initialize.InitializeRunServer	服务启动完成
2022-10-01 02:51:24	INFO	initialize/server.go:55	server/initialize.InitializeRunServer	Shutting down server...
2022-10-01 02:51:24	INFO	initialize/server.go:65	server/initialize.InitializeRunServer	Server exiting!
2022-10-01 16:24:45	INFO	initialize/logger.go:106	server/initialize.InitLogger	初始化zap日志完成!
2022-10-01 16:24:45	INFO	initialize/redis.go:22	server/initialize.InitRedis	初始化redis数据库完成!
2022-10-01 16:24:45	INFO	initialize/mysql.go:62	server/initialize.InitMysql	初始化mysql数据库完成!
2022-10-01 16:24:45	INFO	initialize/casbin.go:20	server/initialize.InitCasbinEnforcer	初始化Casbin完成!
2022-10-01 16:24:45	INFO	router/router.go:45	server/app/router.InitRouter	初始化路由完成！
2022-10-01 16:24:45	INFO	initialize/server.go:46	server/initialize.InitializeRunServer	服务启动完成
2022-10-01 18:20:13	INFO	initialize/server.go:55	server/initialize.InitializeRunServer	Shutting down server...
2022-10-01 18:20:13	INFO	initialize/server.go:65	server/initialize.InitializeRunServer	Server exiting!
2022-10-01 18:20:17	INFO	initialize/logger.go:106	server/initialize.InitLogger	初始化zap日志完成!
2022-10-01 18:20:17	INFO	initialize/redis.go:22	server/initialize.InitRedis	初始化redis数据库完成!
2022-10-01 18:20:17	INFO	initialize/mysql.go:62	server/initialize.InitMysql	初始化mysql数据库完成!
2022-10-01 18:20:17	INFO	initialize/casbin.go:20	server/initialize.InitCasbinEnforcer	初始化Casbin完成!
2022-10-01 18:20:17	INFO	router/router.go:45	server/app/router.InitRouter	初始化路由完成！
2022-10-01 18:20:17	INFO	initialize/server.go:46	server/initialize.InitializeRunServer	服务启动完成
2022-10-01 20:10:32	INFO	initialize/server.go:55	server/initialize.InitializeRunServer	Shutting down server...
2022-10-01 20:10:32	INFO	initialize/server.go:65	server/initialize.InitializeRunServer	Server exiting!
2022-10-01 20:10:36	INFO	initialize/logger.go:106	server/initialize.InitLogger	初始化zap日志完成!
2022-10-01 20:10:36	INFO	initialize/redis.go:22	server/initialize.InitRedis	初始化redis数据库完成!
2022-10-01 20:10:36	INFO	initialize/mysql.go:62	server/initialize.InitMysql	初始化mysql数据库完成!
2022-10-01 20:10:36	INFO	initialize/casbin.go:20	server/initialize.InitCasbinEnforcer	初始化Casbin完成!
2022-10-01 20:10:36	INFO	router/router.go:45	server/app/router.InitRouter	初始化路由完成！
2022-10-01 20:10:36	INFO	initialize/server.go:46	server/initialize.InitializeRunServer	服务启动完成
2022-10-01 20:13:27	INFO	initialize/server.go:55	server/initialize.InitializeRunServer	Shutting down server...
2022-10-01 20:13:27	INFO	initialize/server.go:65	server/initialize.InitializeRunServer	Server exiting!
2022-10-01 20:13:31	INFO	initialize/logger.go:106	server/initialize.InitLogger	初始化zap日志完成!
2022-10-01 20:13:31	INFO	initialize/redis.go:22	server/initialize.InitRedis	初始化redis数据库完成!
2022-10-01 20:13:31	INFO	initialize/mysql.go:62	server/initialize.InitMysql	初始化mysql数据库完成!
2022-10-01 20:13:31	INFO	initialize/casbin.go:20	server/initialize.InitCasbinEnforcer	初始化Casbin完成!
2022-10-01 20:13:31	INFO	router/router.go:45	server/app/router.InitRouter	初始化路由完成！
2022-10-01 20:13:31	INFO	initialize/server.go:46	server/initialize.InitializeRunServer	服务启动完成
2022-10-01 20:15:25	INFO	initialize/server.go:55	server/initialize.InitializeRunServer	Shutting down server...
2022-10-01 20:15:25	INFO	initialize/server.go:65	server/initialize.InitializeRunServer	Server exiting!
2022-10-01 20:15:28	INFO	initialize/logger.go:106	server/initialize.InitLogger	初始化zap日志完成!
2022-10-01 20:15:28	INFO	initialize/redis.go:22	server/initialize.InitRedis	初始化redis数据库完成!
2022-10-01 20:15:29	INFO	initialize/mysql.go:62	server/initialize.InitMysql	初始化mysql数据库完成!
2022-10-01 20:15:29	INFO	initialize/casbin.go:20	server/initialize.InitCasbinEnforcer	初始化Casbin完成!
2022-10-01 20:15:29	INFO	router/router.go:45	server/app/router.InitRouter	初始化路由完成！
2022-10-01 20:15:29	INFO	initialize/server.go:46	server/initialize.InitializeRunServer	服务启动完成
2022-10-01 20:17:58	INFO	initialize/server.go:55	server/initialize.InitializeRunServer	Shutting down server...
2022-10-01 20:17:58	INFO	initialize/server.go:65	server/initialize.InitializeRunServer	Server exiting!
2022-10-01 20:18:02	INFO	initialize/logger.go:106	server/initialize.InitLogger	初始化zap日志完成!
2022-10-01 20:18:02	INFO	initialize/redis.go:22	server/initialize.InitRedis	初始化redis数据库完成!
2022-10-01 20:18:02	INFO	initialize/mysql.go:62	server/initialize.InitMysql	初始化mysql数据库完成!
2022-10-01 20:18:02	INFO	initialize/casbin.go:20	server/initialize.InitCasbinEnforcer	初始化Casbin完成!
2022-10-01 20:18:02	INFO	router/router.go:45	server/app/router.InitRouter	初始化路由完成！
2022-10-01 20:18:02	INFO	initialize/server.go:46	server/initialize.InitializeRunServer	服务启动完成
2022-10-01 20:20:16	INFO	initialize/server.go:55	server/initialize.InitializeRunServer	Shutting down server...
2022-10-01 20:20:16	INFO	initialize/server.go:65	server/initialize.InitializeRunServer	Server exiting!
2022-10-01 20:20:20	INFO	initialize/logger.go:106	server/initialize.InitLogger	初始化zap日志完成!
2022-10-01 20:20:20	INFO	initialize/redis.go:22	server/initialize.InitRedis	初始化redis数据库完成!
2022-10-01 20:20:20	INFO	initialize/mysql.go:62	server/initialize.InitMysql	初始化mysql数据库完成!
2022-10-01 20:20:20	INFO	initialize/casbin.go:20	server/initialize.InitCasbinEnforcer	初始化Casbin完成!
2022-10-01 20:20:20	INFO	router/router.go:45	server/app/router.InitRouter	初始化路由完成！
2022-10-01 20:20:20	INFO	initialize/server.go:46	server/initialize.InitializeRunServer	服务启动完成
2022-10-01 20:43:10	INFO	initialize/server.go:55	server/initialize.InitializeRunServer	Shutting down server...
2022-10-01 20:43:10	INFO	initialize/server.go:65	server/initialize.InitializeRunServer	Server exiting!
2022-10-01 20:49:00	INFO	initialize/logger.go:106	server/initialize.InitLogger	初始化zap日志完成!
2022-10-01 20:49:00	INFO	initialize/redis.go:22	server/initialize.InitRedis	初始化redis数据库完成!
2022-10-01 20:49:00	INFO	initialize/mysql.go:62	server/initialize.InitMysql	初始化mysql数据库完成!
2022-10-01 20:49:00	INFO	initialize/casbin.go:20	server/initialize.InitCasbinEnforcer	初始化Casbin完成!
2022-10-01 20:49:00	INFO	router/router.go:45	server/app/router.InitRouter	初始化路由完成！
2022-10-01 20:49:00	INFO	initialize/server.go:46	server/initialize.InitializeRunServer	服务启动完成
2022-10-01 20:49:50	INFO	initialize/server.go:55	server/initialize.InitializeRunServer	Shutting down server...
2022-10-01 20:49:50	INFO	initialize/server.go:65	server/initialize.InitializeRunServer	Server exiting!
2022-10-01 21:14:55	INFO	initialize/logger.go:106	server/initialize.InitLogger	初始化zap日志完成!
2022-10-01 21:14:55	INFO	initialize/redis.go:22	server/initialize.InitRedis	初始化redis数据库完成!
2022-10-01 21:14:55	INFO	initialize/mysql.go:62	server/initialize.InitMysql	初始化mysql数据库完成!
2022-10-01 21:14:56	INFO	initialize/casbin.go:20	server/initialize.InitCasbinEnforcer	初始化Casbin完成!
2022-10-01 21:14:56	INFO	router/router.go:45	server/app/router.InitRouter	初始化路由完成！
2022-10-01 21:14:56	INFO	initialize/server.go:46	server/initialize.InitializeRunServer	服务启动完成
2022-10-01 21:15:07	INFO	initialize/server.go:55	server/initialize.InitializeRunServer	Shutting down server...
2022-10-01 21:15:07	INFO	initialize/server.go:65	server/initialize.InitializeRunServer	Server exiting!
2022-10-01 21:29:50	INFO	initialize/logger.go:106	server/initialize.InitLogger	初始化zap日志完成!
2022-10-01 21:29:50	INFO	initialize/redis.go:22	server/initialize.InitRedis	初始化redis数据库完成!
2022-10-01 21:29:50	INFO	initialize/mysql.go:62	server/initialize.InitMysql	初始化mysql数据库完成!
2022-10-01 21:29:50	INFO	initialize/casbin.go:20	server/initialize.InitCasbinEnforcer	初始化Casbin完成!
2022-10-01 21:29:50	INFO	router/router.go:45	server/app/router.InitRouter	初始化路由完成！
2022-10-01 21:29:50	INFO	initialize/server.go:46	server/initialize.InitializeRunServer	服务启动完成
2022-10-01 21:31:02	INFO	initialize/server.go:55	server/initialize.InitializeRunServer	Shutting down server...
2022-10-01 21:31:02	INFO	initialize/server.go:65	server/initialize.InitializeRunServer	Server exiting!
2022-10-01 21:31:06	INFO	initialize/logger.go:106	server/initialize.InitLogger	初始化zap日志完成!
2022-10-01 21:31:06	INFO	initialize/redis.go:22	server/initialize.InitRedis	初始化redis数据库完成!
2022-10-01 21:31:06	INFO	initialize/mysql.go:62	server/initialize.InitMysql	初始化mysql数据库完成!
2022-10-01 21:31:07	INFO	initialize/casbin.go:20	server/initialize.InitCasbinEnforcer	初始化Casbin完成!
2022-10-01 21:31:07	INFO	router/router.go:45	server/app/router.InitRouter	初始化路由完成！
2022-10-01 21:31:07	INFO	initialize/server.go:46	server/initialize.InitializeRunServer	服务启动完成
2022-10-01 21:33:47	INFO	initialize/server.go:55	server/initialize.InitializeRunServer	Shutting down server...
2022-10-01 21:33:47	INFO	initialize/server.go:65	server/initialize.InitializeRunServer	Server exiting!
2022-10-01 21:33:51	INFO	initialize/logger.go:106	server/initialize.InitLogger	初始化zap日志完成!
2022-10-01 21:33:51	INFO	initialize/redis.go:22	server/initialize.InitRedis	初始化redis数据库完成!
2022-10-01 21:33:51	INFO	initialize/mysql.go:62	server/initialize.InitMysql	初始化mysql数据库完成!
2022-10-01 21:33:51	INFO	initialize/casbin.go:20	server/initialize.InitCasbinEnforcer	初始化Casbin完成!
2022-10-01 21:33:51	INFO	router/router.go:45	server/app/router.InitRouter	初始化路由完成！
2022-10-01 21:33:51	INFO	initialize/server.go:46	server/initialize.InitializeRunServer	服务启动完成
2022-10-01 21:37:53	INFO	initialize/server.go:55	server/initialize.InitializeRunServer	Shutting down server...
2022-10-01 21:37:53	INFO	initialize/server.go:65	server/initialize.InitializeRunServer	Server exiting!
2022-10-01 21:38:03	INFO	initialize/logger.go:106	server/initialize.InitLogger	初始化zap日志完成!
2022-10-01 21:38:03	INFO	initialize/redis.go:22	server/initialize.InitRedis	初始化redis数据库完成!
2022-10-01 21:38:04	INFO	initialize/mysql.go:62	server/initialize.InitMysql	初始化mysql数据库完成!
2022-10-01 21:38:04	INFO	initialize/casbin.go:20	server/initialize.InitCasbinEnforcer	初始化Casbin完成!
2022-10-01 21:38:04	INFO	router/router.go:45	server/app/router.InitRouter	初始化路由完成！
2022-10-01 21:38:04	INFO	initialize/server.go:46	server/initialize.InitializeRunServer	服务启动完成
2022-10-01 21:39:38	INFO	initialize/server.go:55	server/initialize.InitializeRunServer	Shutting down server...
2022-10-01 21:39:38	INFO	initialize/server.go:65	server/initialize.InitializeRunServer	Server exiting!
2022-10-01 21:39:42	INFO	initialize/logger.go:106	server/initialize.InitLogger	初始化zap日志完成!
2022-10-01 21:39:42	INFO	initialize/redis.go:22	server/initialize.InitRedis	初始化redis数据库完成!
2022-10-01 21:39:42	INFO	initialize/mysql.go:62	server/initialize.InitMysql	初始化mysql数据库完成!
2022-10-01 21:39:42	INFO	initialize/casbin.go:20	server/initialize.InitCasbinEnforcer	初始化Casbin完成!
2022-10-01 21:39:42	INFO	router/router.go:45	server/app/router.InitRouter	初始化路由完成！
2022-10-01 21:39:42	INFO	initialize/server.go:46	server/initialize.InitializeRunServer	服务启动完成
2022-10-01 21:41:47	INFO	initialize/server.go:55	server/initialize.InitializeRunServer	Shutting down server...
2022-10-01 21:41:47	INFO	initialize/server.go:65	server/initialize.InitializeRunServer	Server exiting!
2022-10-01 21:41:51	INFO	initialize/logger.go:106	server/initialize.InitLogger	初始化zap日志完成!
2022-10-01 21:41:51	INFO	initialize/redis.go:22	server/initialize.InitRedis	初始化redis数据库完成!
2022-10-01 21:41:51	INFO	initialize/mysql.go:62	server/initialize.InitMysql	初始化mysql数据库完成!
2022-10-01 21:41:52	INFO	initialize/casbin.go:20	server/initialize.InitCasbinEnforcer	初始化Casbin完成!
2022-10-01 21:41:52	INFO	router/router.go:45	server/app/router.InitRouter	初始化路由完成！
2022-10-01 21:41:52	INFO	initialize/server.go:46	server/initialize.InitializeRunServer	服务启动完成
2022-10-01 21:51:59	INFO	initialize/server.go:55	server/initialize.InitializeRunServer	Shutting down server...
2022-10-01 21:51:59	INFO	initialize/server.go:65	server/initialize.InitializeRunServer	Server exiting!
2022-10-01 21:52:02	INFO	initialize/logger.go:106	server/initialize.InitLogger	初始化zap日志完成!
2022-10-01 21:52:02	INFO	initialize/redis.go:22	server/initialize.InitRedis	初始化redis数据库完成!
2022-10-01 21:52:02	INFO	initialize/mysql.go:62	server/initialize.InitMysql	初始化mysql数据库完成!
2022-10-01 21:52:03	INFO	initialize/casbin.go:20	server/initialize.InitCasbinEnforcer	初始化Casbin完成!
2022-10-01 21:52:03	INFO	router/router.go:45	server/app/router.InitRouter	初始化路由完成！
2022-10-01 21:52:03	INFO	initialize/server.go:46	server/initialize.InitializeRunServer	服务启动完成
2022-10-02 02:01:43	INFO	initialize/server.go:55	server/initialize.InitializeRunServer	Shutting down server...
2022-10-02 02:01:43	INFO	initialize/server.go:65	server/initialize.InitializeRunServer	Server exiting!
