2022-09-22 11:51:35	INFO	initialize/logger.go:106	server/initialize.InitLogger	初始化zap日志完成!
2022-09-22 11:54:10	INFO	initialize/logger.go:106	server/initialize.InitLogger	初始化zap日志完成!
2022-09-22 11:54:10	INFO	initialize/mysql.go:63	server/initialize.InitMysql	初始化mysql数据库完成!
2022-09-22 11:54:10	INFO	initialize/redis.go:22	server/initialize.InitRedis	初始化redis数据库完成!
2022-09-22 11:54:10	INFO	initialize/casbin.go:20	server/initialize.InitCasbinEnforcer	初始化Casbin完成!
2022-09-22 11:54:10	INFO	router/router.go:45	server/app/router.InitRouter	初始化路由完成！
2022-09-22 11:54:10	INFO	initialize/server.go:46	server/initialize.InitializeRunServer	服务启动完成
2022-09-22 13:52:51	INFO	initialize/server.go:55	server/initialize.InitializeRunServer	Shutting down server...
2022-09-22 13:52:51	INFO	initialize/server.go:65	server/initialize.InitializeRunServer	Server exiting!
2022-09-22 13:52:55	INFO	initialize/logger.go:106	server/initialize.InitLogger	初始化zap日志完成!
2022-09-22 13:52:55	INFO	initialize/mysql.go:63	server/initialize.InitMysql	初始化mysql数据库完成!
2022-09-22 13:52:56	INFO	initialize/redis.go:22	server/initialize.InitRedis	初始化redis数据库完成!
2022-09-22 13:52:56	INFO	initialize/casbin.go:20	server/initialize.InitCasbinEnforcer	初始化Casbin完成!
2022-09-22 13:52:56	INFO	router/router.go:45	server/app/router.InitRouter	初始化路由完成！
2022-09-22 13:52:56	INFO	initialize/server.go:46	server/initialize.InitializeRunServer	服务启动完成
2022-09-22 16:14:29	INFO	initialize/server.go:55	server/initialize.InitializeRunServer	Shutting down server...
2022-09-22 16:14:29	INFO	initialize/server.go:65	server/initialize.InitializeRunServer	Server exiting!
2022-09-22 16:14:34	INFO	initialize/logger.go:106	server/initialize.InitLogger	初始化zap日志完成!
2022-09-22 16:14:34	INFO	initialize/mysql.go:63	server/initialize.InitMysql	初始化mysql数据库完成!
2022-09-22 16:14:34	INFO	initialize/redis.go:22	server/initialize.InitRedis	初始化redis数据库完成!
2022-09-22 16:14:34	INFO	initialize/casbin.go:20	server/initialize.InitCasbinEnforcer	初始化Casbin完成!
2022-09-22 16:14:34	INFO	router/router.go:45	server/app/router.InitRouter	初始化路由完成！
2022-09-22 16:14:34	INFO	initialize/server.go:46	server/initialize.InitializeRunServer	服务启动完成
2022-09-22 16:18:54	INFO	initialize/server.go:55	server/initialize.InitializeRunServer	Shutting down server...
2022-09-22 16:18:54	INFO	initialize/server.go:65	server/initialize.InitializeRunServer	Server exiting!
2022-09-22 16:19:15	INFO	initialize/logger.go:106	server/initialize.InitLogger	初始化zap日志完成!
2022-09-22 16:19:15	INFO	initialize/mysql.go:63	server/initialize.InitMysql	初始化mysql数据库完成!
2022-09-22 16:19:16	INFO	initialize/redis.go:22	server/initialize.InitRedis	初始化redis数据库完成!
2022-09-22 16:19:16	INFO	initialize/casbin.go:20	server/initialize.InitCasbinEnforcer	初始化Casbin完成!
2022-09-22 16:19:16	INFO	router/router.go:45	server/app/router.InitRouter	初始化路由完成！
2022-09-22 16:19:16	INFO	initialize/server.go:46	server/initialize.InitializeRunServer	服务启动完成
2022-09-22 16:24:31	INFO	initialize/server.go:55	server/initialize.InitializeRunServer	Shutting down server...
2022-09-22 16:24:31	INFO	initialize/server.go:65	server/initialize.InitializeRunServer	Server exiting!
2022-09-22 16:24:35	INFO	initialize/logger.go:106	server/initialize.InitLogger	初始化zap日志完成!
2022-09-22 16:24:36	INFO	initialize/mysql.go:63	server/initialize.InitMysql	初始化mysql数据库完成!
2022-09-22 16:24:36	INFO	initialize/redis.go:22	server/initialize.InitRedis	初始化redis数据库完成!
2022-09-22 16:24:36	INFO	initialize/casbin.go:20	server/initialize.InitCasbinEnforcer	初始化Casbin完成!
2022-09-22 16:24:36	INFO	router/router.go:45	server/app/router.InitRouter	初始化路由完成！
2022-09-22 16:24:36	INFO	initialize/server.go:46	server/initialize.InitializeRunServer	服务启动完成
2022-09-22 16:27:00	INFO	initialize/server.go:55	server/initialize.InitializeRunServer	Shutting down server...
2022-09-22 16:27:00	INFO	initialize/server.go:65	server/initialize.InitializeRunServer	Server exiting!
2022-09-22 16:27:04	INFO	initialize/logger.go:106	server/initialize.InitLogger	初始化zap日志完成!
2022-09-22 16:27:04	INFO	initialize/mysql.go:63	server/initialize.InitMysql	初始化mysql数据库完成!
2022-09-22 16:27:04	INFO	initialize/redis.go:22	server/initialize.InitRedis	初始化redis数据库完成!
2022-09-22 16:27:04	INFO	initialize/casbin.go:20	server/initialize.InitCasbinEnforcer	初始化Casbin完成!
2022-09-22 16:27:04	INFO	router/router.go:45	server/app/router.InitRouter	初始化路由完成！
2022-09-22 16:27:04	INFO	initialize/server.go:46	server/initialize.InitializeRunServer	服务启动完成
2022-09-22 16:27:31	INFO	initialize/server.go:55	server/initialize.InitializeRunServer	Shutting down server...
2022-09-22 16:27:31	INFO	initialize/server.go:65	server/initialize.InitializeRunServer	Server exiting!
2022-09-22 16:27:34	INFO	initialize/logger.go:106	server/initialize.InitLogger	初始化zap日志完成!
2022-09-22 16:27:34	INFO	initialize/mysql.go:63	server/initialize.InitMysql	初始化mysql数据库完成!
2022-09-22 16:27:35	INFO	initialize/redis.go:22	server/initialize.InitRedis	初始化redis数据库完成!
2022-09-22 16:27:35	INFO	initialize/casbin.go:20	server/initialize.InitCasbinEnforcer	初始化Casbin完成!
2022-09-22 16:27:35	INFO	router/router.go:45	server/app/router.InitRouter	初始化路由完成！
2022-09-22 16:27:35	INFO	initialize/server.go:46	server/initialize.InitializeRunServer	服务启动完成
2022-09-22 16:28:32	DEBUG	middleware/auth.go:120	server/middleware.unauthorized	JWT认证失败, 错误码: 401, 错误信息: Token is expired
2022-09-22 16:28:34	DEBUG	middleware/auth.go:120	server/middleware.unauthorized	JWT认证失败, 错误码: 401, 错误信息: Token is expired
2022-09-22 16:29:52	INFO	initialize/server.go:55	server/initialize.InitializeRunServer	Shutting down server...
2022-09-22 16:29:52	INFO	initialize/server.go:65	server/initialize.InitializeRunServer	Server exiting!
2022-09-22 16:29:55	INFO	initialize/logger.go:106	server/initialize.InitLogger	初始化zap日志完成!
2022-09-22 16:29:55	INFO	initialize/mysql.go:63	server/initialize.InitMysql	初始化mysql数据库完成!
2022-09-22 16:29:56	INFO	initialize/redis.go:22	server/initialize.InitRedis	初始化redis数据库完成!
2022-09-22 16:29:56	INFO	initialize/casbin.go:20	server/initialize.InitCasbinEnforcer	初始化Casbin完成!
2022-09-22 16:29:56	INFO	router/router.go:45	server/app/router.InitRouter	初始化路由完成！
2022-09-22 16:29:56	INFO	initialize/server.go:46	server/initialize.InitializeRunServer	服务启动完成
2022-09-22 16:40:15	INFO	initialize/server.go:55	server/initialize.InitializeRunServer	Shutting down server...
2022-09-22 16:40:15	INFO	initialize/server.go:65	server/initialize.InitializeRunServer	Server exiting!
2022-09-22 16:40:20	INFO	initialize/logger.go:106	server/initialize.InitLogger	初始化zap日志完成!
2022-09-22 16:40:20	INFO	initialize/mysql.go:63	server/initialize.InitMysql	初始化mysql数据库完成!
2022-09-22 16:40:20	INFO	initialize/redis.go:22	server/initialize.InitRedis	初始化redis数据库完成!
2022-09-22 16:40:20	INFO	initialize/casbin.go:20	server/initialize.InitCasbinEnforcer	初始化Casbin完成!
2022-09-22 16:40:20	INFO	router/router.go:45	server/app/router.InitRouter	初始化路由完成！
2022-09-22 16:40:20	INFO	initialize/server.go:46	server/initialize.InitializeRunServer	服务启动完成
2022-09-22 16:43:49	INFO	initialize/server.go:55	server/initialize.InitializeRunServer	Shutting down server...
2022-09-22 16:43:49	INFO	initialize/server.go:65	server/initialize.InitializeRunServer	Server exiting!
2022-09-22 16:46:05	INFO	initialize/logger.go:106	server/initialize.InitLogger	初始化zap日志完成!
2022-09-22 16:46:05	INFO	initialize/mysql.go:63	server/initialize.InitMysql	初始化mysql数据库完成!
2022-09-22 16:46:06	INFO	initialize/redis.go:22	server/initialize.InitRedis	初始化redis数据库完成!
2022-09-22 16:46:06	INFO	initialize/casbin.go:20	server/initialize.InitCasbinEnforcer	初始化Casbin完成!
2022-09-22 16:46:06	INFO	router/router.go:45	server/app/router.InitRouter	初始化路由完成！
2022-09-22 16:46:06	INFO	initialize/server.go:46	server/initialize.InitializeRunServer	服务启动完成
2022-09-22 16:48:20	INFO	initialize/server.go:55	server/initialize.InitializeRunServer	Shutting down server...
2022-09-22 16:48:20	INFO	initialize/server.go:65	server/initialize.InitializeRunServer	Server exiting!
2022-09-22 16:48:34	INFO	initialize/logger.go:106	server/initialize.InitLogger	初始化zap日志完成!
2022-09-22 16:48:34	INFO	initialize/mysql.go:63	server/initialize.InitMysql	初始化mysql数据库完成!
2022-09-22 16:48:34	INFO	initialize/redis.go:22	server/initialize.InitRedis	初始化redis数据库完成!
2022-09-22 16:48:34	INFO	initialize/casbin.go:20	server/initialize.InitCasbinEnforcer	初始化Casbin完成!
2022-09-22 16:48:34	INFO	router/router.go:45	server/app/router.InitRouter	初始化路由完成！
2022-09-22 16:48:34	INFO	initialize/server.go:46	server/initialize.InitializeRunServer	服务启动完成
2022-09-22 16:53:47	INFO	initialize/server.go:55	server/initialize.InitializeRunServer	Shutting down server...
2022-09-22 16:53:47	INFO	initialize/server.go:65	server/initialize.InitializeRunServer	Server exiting!
2022-09-22 16:53:51	INFO	initialize/logger.go:106	server/initialize.InitLogger	初始化zap日志完成!
2022-09-22 16:53:51	INFO	initialize/mysql.go:63	server/initialize.InitMysql	初始化mysql数据库完成!
2022-09-22 16:53:51	INFO	initialize/redis.go:22	server/initialize.InitRedis	初始化redis数据库完成!
2022-09-22 16:53:51	INFO	initialize/casbin.go:20	server/initialize.InitCasbinEnforcer	初始化Casbin完成!
2022-09-22 16:53:51	INFO	router/router.go:45	server/app/router.InitRouter	初始化路由完成！
2022-09-22 16:53:51	INFO	initialize/server.go:46	server/initialize.InitializeRunServer	服务启动完成
2022-09-22 20:45:03	INFO	initialize/server.go:55	server/initialize.InitializeRunServer	Shutting down server...
2022-09-22 20:45:03	INFO	initialize/server.go:65	server/initialize.InitializeRunServer	Server exiting!
2022-09-22 20:45:07	INFO	initialize/logger.go:106	server/initialize.InitLogger	初始化zap日志完成!
2022-09-22 20:45:07	INFO	initialize/mysql.go:63	server/initialize.InitMysql	初始化mysql数据库完成!
2022-09-22 20:45:07	INFO	initialize/redis.go:22	server/initialize.InitRedis	初始化redis数据库完成!
2022-09-22 20:45:07	INFO	initialize/casbin.go:20	server/initialize.InitCasbinEnforcer	初始化Casbin完成!
2022-09-22 20:45:07	INFO	router/router.go:45	server/app/router.InitRouter	初始化路由完成！
2022-09-22 20:45:07	INFO	initialize/server.go:46	server/initialize.InitializeRunServer	服务启动完成
2022-09-22 20:46:15	INFO	initialize/server.go:55	server/initialize.InitializeRunServer	Shutting down server...
2022-09-22 20:46:15	INFO	initialize/server.go:65	server/initialize.InitializeRunServer	Server exiting!
2022-09-22 20:50:03	INFO	initialize/logger.go:106	server/initialize.InitLogger	初始化zap日志完成!
2022-09-22 20:50:03	INFO	initialize/mysql.go:63	server/initialize.InitMysql	初始化mysql数据库完成!
2022-09-22 20:50:03	INFO	initialize/redis.go:22	server/initialize.InitRedis	初始化redis数据库完成!
2022-09-22 20:50:03	INFO	initialize/casbin.go:20	server/initialize.InitCasbinEnforcer	初始化Casbin完成!
2022-09-22 20:50:03	INFO	router/router.go:45	server/app/router.InitRouter	初始化路由完成！
2022-09-22 20:50:03	INFO	initialize/server.go:46	server/initialize.InitializeRunServer	服务启动完成
2022-09-22 21:42:13	INFO	initialize/server.go:55	server/initialize.InitializeRunServer	Shutting down server...
2022-09-22 21:42:13	INFO	initialize/server.go:65	server/initialize.InitializeRunServer	Server exiting!
2022-09-22 21:42:18	INFO	initialize/logger.go:106	server/initialize.InitLogger	初始化zap日志完成!
2022-09-22 21:42:18	INFO	initialize/mysql.go:63	server/initialize.InitMysql	初始化mysql数据库完成!
2022-09-22 21:42:18	INFO	initialize/redis.go:22	server/initialize.InitRedis	初始化redis数据库完成!
2022-09-22 21:42:18	INFO	initialize/casbin.go:20	server/initialize.InitCasbinEnforcer	初始化Casbin完成!
2022-09-22 21:42:18	INFO	router/router.go:45	server/app/router.InitRouter	初始化路由完成！
2022-09-22 21:42:18	INFO	initialize/server.go:46	server/initialize.InitializeRunServer	服务启动完成
2022-09-22 22:12:43	DEBUG	middleware/auth.go:120	server/middleware.unauthorized	JWT认证失败, 错误码: 401, 错误信息: cookie token is empty
2022-09-22 22:17:43	INFO	initialize/server.go:55	server/initialize.InitializeRunServer	Shutting down server...
2022-09-22 22:17:43	INFO	initialize/server.go:65	server/initialize.InitializeRunServer	Server exiting!
2022-09-22 22:17:48	INFO	initialize/logger.go:106	server/initialize.InitLogger	初始化zap日志完成!
2022-09-22 22:17:48	INFO	initialize/mysql.go:63	server/initialize.InitMysql	初始化mysql数据库完成!
2022-09-22 22:17:49	INFO	initialize/redis.go:22	server/initialize.InitRedis	初始化redis数据库完成!
2022-09-22 22:17:49	INFO	initialize/casbin.go:20	server/initialize.InitCasbinEnforcer	初始化Casbin完成!
2022-09-22 22:17:49	INFO	router/router.go:45	server/app/router.InitRouter	初始化路由完成！
2022-09-22 22:17:49	INFO	initialize/server.go:46	server/initialize.InitializeRunServer	服务启动完成
2022-09-22 22:19:33	INFO	initialize/server.go:55	server/initialize.InitializeRunServer	Shutting down server...
2022-09-22 22:19:33	INFO	initialize/server.go:65	server/initialize.InitializeRunServer	Server exiting!
2022-09-22 22:19:38	INFO	initialize/logger.go:106	server/initialize.InitLogger	初始化zap日志完成!
2022-09-22 22:19:38	INFO	initialize/mysql.go:63	server/initialize.InitMysql	初始化mysql数据库完成!
2022-09-22 22:19:38	INFO	initialize/redis.go:22	server/initialize.InitRedis	初始化redis数据库完成!
2022-09-22 22:19:38	INFO	initialize/casbin.go:20	server/initialize.InitCasbinEnforcer	初始化Casbin完成!
2022-09-22 22:19:38	INFO	router/router.go:45	server/app/router.InitRouter	初始化路由完成！
2022-09-22 22:19:38	INFO	initialize/server.go:46	server/initialize.InitializeRunServer	服务启动完成
2022-09-22 22:20:03	INFO	initialize/server.go:55	server/initialize.InitializeRunServer	Shutting down server...
2022-09-22 22:20:03	INFO	initialize/server.go:65	server/initialize.InitializeRunServer	Server exiting!
2022-09-22 22:20:07	INFO	initialize/logger.go:106	server/initialize.InitLogger	初始化zap日志完成!
2022-09-22 22:20:07	INFO	initialize/mysql.go:63	server/initialize.InitMysql	初始化mysql数据库完成!
2022-09-22 22:20:07	INFO	initialize/redis.go:22	server/initialize.InitRedis	初始化redis数据库完成!
2022-09-22 22:20:07	INFO	initialize/casbin.go:20	server/initialize.InitCasbinEnforcer	初始化Casbin完成!
2022-09-22 22:20:07	INFO	router/router.go:45	server/app/router.InitRouter	初始化路由完成！
2022-09-22 22:20:07	INFO	initialize/server.go:46	server/initialize.InitializeRunServer	服务启动完成
2022-09-22 22:21:47	INFO	initialize/server.go:55	server/initialize.InitializeRunServer	Shutting down server...
2022-09-22 22:21:47	INFO	initialize/server.go:65	server/initialize.InitializeRunServer	Server exiting!
2022-09-22 22:21:50	INFO	initialize/logger.go:106	server/initialize.InitLogger	初始化zap日志完成!
2022-09-22 22:21:50	INFO	initialize/mysql.go:63	server/initialize.InitMysql	初始化mysql数据库完成!
2022-09-22 22:21:51	INFO	initialize/redis.go:22	server/initialize.InitRedis	初始化redis数据库完成!
2022-09-22 22:21:51	INFO	initialize/casbin.go:20	server/initialize.InitCasbinEnforcer	初始化Casbin完成!
2022-09-22 22:21:51	INFO	router/router.go:45	server/app/router.InitRouter	初始化路由完成！
2022-09-22 22:21:51	INFO	initialize/server.go:46	server/initialize.InitializeRunServer	服务启动完成
2022-09-22 22:29:36	INFO	initialize/server.go:55	server/initialize.InitializeRunServer	Shutting down server...
2022-09-22 22:29:36	INFO	initialize/server.go:65	server/initialize.InitializeRunServer	Server exiting!
2022-09-22 22:29:40	INFO	initialize/logger.go:106	server/initialize.InitLogger	初始化zap日志完成!
2022-09-22 22:29:40	INFO	initialize/mysql.go:63	server/initialize.InitMysql	初始化mysql数据库完成!
2022-09-22 22:29:41	INFO	initialize/redis.go:22	server/initialize.InitRedis	初始化redis数据库完成!
2022-09-22 22:29:41	INFO	initialize/casbin.go:20	server/initialize.InitCasbinEnforcer	初始化Casbin完成!
2022-09-22 22:29:41	INFO	router/router.go:45	server/app/router.InitRouter	初始化路由完成！
2022-09-22 22:29:41	INFO	initialize/server.go:46	server/initialize.InitializeRunServer	服务启动完成
2022-09-22 22:29:56	INFO	initialize/server.go:55	server/initialize.InitializeRunServer	Shutting down server...
2022-09-22 22:29:56	INFO	initialize/server.go:65	server/initialize.InitializeRunServer	Server exiting!
2022-09-22 22:29:59	INFO	initialize/logger.go:106	server/initialize.InitLogger	初始化zap日志完成!
2022-09-22 22:29:59	INFO	initialize/mysql.go:63	server/initialize.InitMysql	初始化mysql数据库完成!
2022-09-22 22:30:00	INFO	initialize/redis.go:22	server/initialize.InitRedis	初始化redis数据库完成!
2022-09-22 22:30:00	INFO	initialize/casbin.go:20	server/initialize.InitCasbinEnforcer	初始化Casbin完成!
2022-09-22 22:30:00	INFO	router/router.go:45	server/app/router.InitRouter	初始化路由完成！
2022-09-22 22:30:00	INFO	initialize/server.go:46	server/initialize.InitializeRunServer	服务启动完成
2022-09-22 22:35:21	INFO	initialize/server.go:55	server/initialize.InitializeRunServer	Shutting down server...
2022-09-22 22:35:21	INFO	initialize/server.go:65	server/initialize.InitializeRunServer	Server exiting!
2022-09-22 22:35:25	INFO	initialize/logger.go:106	server/initialize.InitLogger	初始化zap日志完成!
2022-09-22 22:35:25	INFO	initialize/mysql.go:63	server/initialize.InitMysql	初始化mysql数据库完成!
2022-09-22 22:35:26	INFO	initialize/redis.go:22	server/initialize.InitRedis	初始化redis数据库完成!
2022-09-22 22:35:26	INFO	initialize/casbin.go:20	server/initialize.InitCasbinEnforcer	初始化Casbin完成!
2022-09-22 22:35:26	INFO	router/router.go:45	server/app/router.InitRouter	初始化路由完成！
2022-09-22 22:35:26	INFO	initialize/server.go:46	server/initialize.InitializeRunServer	服务启动完成
2022-09-22 22:35:48	INFO	initialize/server.go:55	server/initialize.InitializeRunServer	Shutting down server...
2022-09-22 22:35:48	INFO	initialize/server.go:65	server/initialize.InitializeRunServer	Server exiting!
2022-09-22 22:35:51	INFO	initialize/logger.go:106	server/initialize.InitLogger	初始化zap日志完成!
2022-09-22 22:35:51	INFO	initialize/mysql.go:63	server/initialize.InitMysql	初始化mysql数据库完成!
2022-09-22 22:35:52	INFO	initialize/redis.go:22	server/initialize.InitRedis	初始化redis数据库完成!
2022-09-22 22:35:52	INFO	initialize/casbin.go:20	server/initialize.InitCasbinEnforcer	初始化Casbin完成!
2022-09-22 22:35:52	INFO	router/router.go:45	server/app/router.InitRouter	初始化路由完成！
2022-09-22 22:35:52	INFO	initialize/server.go:46	server/initialize.InitializeRunServer	服务启动完成
2022-09-22 22:38:10	INFO	initialize/server.go:55	server/initialize.InitializeRunServer	Shutting down server...
2022-09-22 22:38:10	INFO	initialize/server.go:65	server/initialize.InitializeRunServer	Server exiting!
2022-09-22 22:38:14	INFO	initialize/logger.go:106	server/initialize.InitLogger	初始化zap日志完成!
2022-09-22 22:38:14	INFO	initialize/mysql.go:63	server/initialize.InitMysql	初始化mysql数据库完成!
2022-09-22 22:38:14	INFO	initialize/redis.go:22	server/initialize.InitRedis	初始化redis数据库完成!
2022-09-22 22:38:14	INFO	initialize/casbin.go:20	server/initialize.InitCasbinEnforcer	初始化Casbin完成!
2022-09-22 22:38:14	INFO	router/router.go:45	server/app/router.InitRouter	初始化路由完成！
2022-09-22 22:38:14	INFO	initialize/server.go:46	server/initialize.InitializeRunServer	服务启动完成
2022-09-22 22:38:23	INFO	initialize/server.go:55	server/initialize.InitializeRunServer	Shutting down server...
2022-09-22 22:38:23	INFO	initialize/server.go:65	server/initialize.InitializeRunServer	Server exiting!
2022-09-22 22:38:27	INFO	initialize/logger.go:106	server/initialize.InitLogger	初始化zap日志完成!
2022-09-22 22:38:27	INFO	initialize/mysql.go:63	server/initialize.InitMysql	初始化mysql数据库完成!
2022-09-22 22:38:27	INFO	initialize/redis.go:22	server/initialize.InitRedis	初始化redis数据库完成!
2022-09-22 22:38:27	INFO	initialize/casbin.go:20	server/initialize.InitCasbinEnforcer	初始化Casbin完成!
2022-09-22 22:38:27	INFO	router/router.go:45	server/app/router.InitRouter	初始化路由完成！
2022-09-22 22:38:27	INFO	initialize/server.go:46	server/initialize.InitializeRunServer	服务启动完成
2022-09-22 22:38:43	INFO	initialize/server.go:55	server/initialize.InitializeRunServer	Shutting down server...
2022-09-22 22:38:43	INFO	initialize/server.go:65	server/initialize.InitializeRunServer	Server exiting!
2022-09-22 22:38:47	INFO	initialize/logger.go:106	server/initialize.InitLogger	初始化zap日志完成!
2022-09-22 22:38:47	INFO	initialize/mysql.go:63	server/initialize.InitMysql	初始化mysql数据库完成!
2022-09-22 22:38:47	INFO	initialize/redis.go:22	server/initialize.InitRedis	初始化redis数据库完成!
2022-09-22 22:38:47	INFO	initialize/casbin.go:20	server/initialize.InitCasbinEnforcer	初始化Casbin完成!
2022-09-22 22:38:47	INFO	router/router.go:45	server/app/router.InitRouter	初始化路由完成！
2022-09-22 22:38:47	INFO	initialize/server.go:46	server/initialize.InitializeRunServer	服务启动完成
2022-09-22 22:41:14	INFO	initialize/server.go:55	server/initialize.InitializeRunServer	Shutting down server...
2022-09-22 22:41:14	INFO	initialize/server.go:65	server/initialize.InitializeRunServer	Server exiting!
2022-09-22 22:41:19	INFO	initialize/logger.go:106	server/initialize.InitLogger	初始化zap日志完成!
2022-09-22 22:41:19	INFO	initialize/mysql.go:63	server/initialize.InitMysql	初始化mysql数据库完成!
2022-09-22 22:41:20	INFO	initialize/redis.go:22	server/initialize.InitRedis	初始化redis数据库完成!
2022-09-22 22:41:20	INFO	initialize/casbin.go:20	server/initialize.InitCasbinEnforcer	初始化Casbin完成!
2022-09-22 22:41:20	INFO	router/router.go:45	server/app/router.InitRouter	初始化路由完成！
2022-09-22 22:41:20	INFO	initialize/server.go:46	server/initialize.InitializeRunServer	服务启动完成
2022-09-22 22:41:50	INFO	initialize/server.go:55	server/initialize.InitializeRunServer	Shutting down server...
2022-09-22 22:41:50	INFO	initialize/server.go:65	server/initialize.InitializeRunServer	Server exiting!
2022-09-22 22:41:53	INFO	initialize/logger.go:106	server/initialize.InitLogger	初始化zap日志完成!
2022-09-22 22:41:53	INFO	initialize/mysql.go:63	server/initialize.InitMysql	初始化mysql数据库完成!
2022-09-22 22:41:53	INFO	initialize/redis.go:22	server/initialize.InitRedis	初始化redis数据库完成!
2022-09-22 22:41:53	INFO	initialize/casbin.go:20	server/initialize.InitCasbinEnforcer	初始化Casbin完成!
2022-09-22 22:41:53	INFO	router/router.go:45	server/app/router.InitRouter	初始化路由完成！
2022-09-22 22:41:53	INFO	initialize/server.go:46	server/initialize.InitializeRunServer	服务启动完成
2022-09-22 22:57:28	INFO	initialize/server.go:55	server/initialize.InitializeRunServer	Shutting down server...
2022-09-22 22:57:28	INFO	initialize/server.go:65	server/initialize.InitializeRunServer	Server exiting!
2022-09-22 22:57:32	INFO	initialize/logger.go:106	server/initialize.InitLogger	初始化zap日志完成!
2022-09-22 22:57:32	INFO	initialize/mysql.go:63	server/initialize.InitMysql	初始化mysql数据库完成!
2022-09-22 22:57:32	INFO	initialize/redis.go:22	server/initialize.InitRedis	初始化redis数据库完成!
2022-09-22 22:57:32	INFO	initialize/casbin.go:20	server/initialize.InitCasbinEnforcer	初始化Casbin完成!
2022-09-22 22:57:32	INFO	router/router.go:45	server/app/router.InitRouter	初始化路由完成！
2022-09-22 22:57:32	INFO	initialize/server.go:46	server/initialize.InitializeRunServer	服务启动完成
2022-09-22 23:01:14	INFO	initialize/server.go:55	server/initialize.InitializeRunServer	Shutting down server...
2022-09-22 23:01:14	INFO	initialize/server.go:65	server/initialize.InitializeRunServer	Server exiting!
2022-09-22 23:01:17	INFO	initialize/logger.go:106	server/initialize.InitLogger	初始化zap日志完成!
2022-09-22 23:01:18	INFO	initialize/mysql.go:63	server/initialize.InitMysql	初始化mysql数据库完成!
2022-09-22 23:01:18	INFO	initialize/redis.go:22	server/initialize.InitRedis	初始化redis数据库完成!
2022-09-22 23:01:18	INFO	initialize/casbin.go:20	server/initialize.InitCasbinEnforcer	初始化Casbin完成!
2022-09-22 23:01:18	INFO	router/router.go:45	server/app/router.InitRouter	初始化路由完成！
2022-09-22 23:01:18	INFO	initialize/server.go:46	server/initialize.InitializeRunServer	服务启动完成
2022-09-22 23:01:37	INFO	initialize/server.go:55	server/initialize.InitializeRunServer	Shutting down server...
2022-09-22 23:01:37	INFO	initialize/server.go:65	server/initialize.InitializeRunServer	Server exiting!
2022-09-22 23:01:41	INFO	initialize/logger.go:106	server/initialize.InitLogger	初始化zap日志完成!
2022-09-22 23:01:41	INFO	initialize/mysql.go:63	server/initialize.InitMysql	初始化mysql数据库完成!
2022-09-22 23:01:41	INFO	initialize/redis.go:22	server/initialize.InitRedis	初始化redis数据库完成!
2022-09-22 23:01:41	INFO	initialize/casbin.go:20	server/initialize.InitCasbinEnforcer	初始化Casbin完成!
2022-09-22 23:01:41	INFO	router/router.go:45	server/app/router.InitRouter	初始化路由完成！
2022-09-22 23:01:41	INFO	initialize/server.go:46	server/initialize.InitializeRunServer	服务启动完成
2022-09-22 23:01:57	INFO	initialize/server.go:55	server/initialize.InitializeRunServer	Shutting down server...
2022-09-22 23:01:57	INFO	initialize/server.go:65	server/initialize.InitializeRunServer	Server exiting!
2022-09-22 23:02:00	INFO	initialize/logger.go:106	server/initialize.InitLogger	初始化zap日志完成!
2022-09-22 23:02:00	INFO	initialize/mysql.go:63	server/initialize.InitMysql	初始化mysql数据库完成!
2022-09-22 23:02:01	INFO	initialize/redis.go:22	server/initialize.InitRedis	初始化redis数据库完成!
2022-09-22 23:02:01	INFO	initialize/casbin.go:20	server/initialize.InitCasbinEnforcer	初始化Casbin完成!
2022-09-22 23:02:01	INFO	router/router.go:45	server/app/router.InitRouter	初始化路由完成！
2022-09-22 23:02:01	INFO	initialize/server.go:46	server/initialize.InitializeRunServer	服务启动完成
2022-09-22 23:06:02	INFO	initialize/server.go:55	server/initialize.InitializeRunServer	Shutting down server...
2022-09-22 23:06:02	INFO	initialize/server.go:65	server/initialize.InitializeRunServer	Server exiting!
2022-09-22 23:06:06	INFO	initialize/logger.go:106	server/initialize.InitLogger	初始化zap日志完成!
2022-09-22 23:06:06	INFO	initialize/mysql.go:63	server/initialize.InitMysql	初始化mysql数据库完成!
2022-09-22 23:06:07	INFO	initialize/redis.go:22	server/initialize.InitRedis	初始化redis数据库完成!
2022-09-22 23:06:07	INFO	initialize/casbin.go:20	server/initialize.InitCasbinEnforcer	初始化Casbin完成!
2022-09-22 23:06:07	INFO	router/router.go:45	server/app/router.InitRouter	初始化路由完成！
2022-09-22 23:06:07	INFO	initialize/server.go:46	server/initialize.InitializeRunServer	服务启动完成
2022-09-22 23:06:23	INFO	initialize/server.go:55	server/initialize.InitializeRunServer	Shutting down server...
2022-09-22 23:06:23	INFO	initialize/server.go:65	server/initialize.InitializeRunServer	Server exiting!
2022-09-22 23:06:27	INFO	initialize/logger.go:106	server/initialize.InitLogger	初始化zap日志完成!
2022-09-22 23:06:27	INFO	initialize/mysql.go:63	server/initialize.InitMysql	初始化mysql数据库完成!
2022-09-22 23:06:27	INFO	initialize/redis.go:22	server/initialize.InitRedis	初始化redis数据库完成!
2022-09-22 23:06:27	INFO	initialize/casbin.go:20	server/initialize.InitCasbinEnforcer	初始化Casbin完成!
2022-09-22 23:06:27	INFO	router/router.go:45	server/app/router.InitRouter	初始化路由完成！
2022-09-22 23:06:27	INFO	initialize/server.go:46	server/initialize.InitializeRunServer	服务启动完成
2022-09-22 23:06:55	INFO	initialize/server.go:55	server/initialize.InitializeRunServer	Shutting down server...
2022-09-22 23:06:55	INFO	initialize/server.go:65	server/initialize.InitializeRunServer	Server exiting!
2022-09-22 23:06:58	INFO	initialize/logger.go:106	server/initialize.InitLogger	初始化zap日志完成!
2022-09-22 23:06:58	INFO	initialize/mysql.go:63	server/initialize.InitMysql	初始化mysql数据库完成!
2022-09-22 23:06:58	INFO	initialize/redis.go:22	server/initialize.InitRedis	初始化redis数据库完成!
2022-09-22 23:06:58	INFO	initialize/casbin.go:20	server/initialize.InitCasbinEnforcer	初始化Casbin完成!
2022-09-22 23:06:58	INFO	router/router.go:45	server/app/router.InitRouter	初始化路由完成！
2022-09-22 23:06:58	INFO	initialize/server.go:46	server/initialize.InitializeRunServer	服务启动完成
2022-09-22 23:12:10	INFO	initialize/server.go:55	server/initialize.InitializeRunServer	Shutting down server...
2022-09-22 23:12:10	INFO	initialize/server.go:65	server/initialize.InitializeRunServer	Server exiting!
2022-09-22 23:12:15	INFO	initialize/logger.go:106	server/initialize.InitLogger	初始化zap日志完成!
2022-09-22 23:12:15	INFO	initialize/mysql.go:63	server/initialize.InitMysql	初始化mysql数据库完成!
2022-09-22 23:12:15	INFO	initialize/redis.go:22	server/initialize.InitRedis	初始化redis数据库完成!
2022-09-22 23:12:15	INFO	initialize/casbin.go:20	server/initialize.InitCasbinEnforcer	初始化Casbin完成!
2022-09-22 23:12:15	INFO	router/router.go:45	server/app/router.InitRouter	初始化路由完成！
2022-09-22 23:12:15	INFO	initialize/server.go:46	server/initialize.InitializeRunServer	服务启动完成
2022-09-22 23:12:23	INFO	initialize/server.go:55	server/initialize.InitializeRunServer	Shutting down server...
2022-09-22 23:12:23	INFO	initialize/server.go:65	server/initialize.InitializeRunServer	Server exiting!
2022-09-22 23:12:27	INFO	initialize/logger.go:106	server/initialize.InitLogger	初始化zap日志完成!
2022-09-22 23:12:27	INFO	initialize/mysql.go:63	server/initialize.InitMysql	初始化mysql数据库完成!
2022-09-22 23:12:27	INFO	initialize/redis.go:22	server/initialize.InitRedis	初始化redis数据库完成!
2022-09-22 23:12:27	INFO	initialize/casbin.go:20	server/initialize.InitCasbinEnforcer	初始化Casbin完成!
2022-09-22 23:12:27	INFO	router/router.go:45	server/app/router.InitRouter	初始化路由完成！
2022-09-22 23:12:27	INFO	initialize/server.go:46	server/initialize.InitializeRunServer	服务启动完成
2022-09-22 23:12:37	INFO	initialize/server.go:55	server/initialize.InitializeRunServer	Shutting down server...
2022-09-22 23:12:37	INFO	initialize/server.go:65	server/initialize.InitializeRunServer	Server exiting!
2022-09-22 23:12:41	INFO	initialize/logger.go:106	server/initialize.InitLogger	初始化zap日志完成!
2022-09-22 23:12:41	INFO	initialize/mysql.go:63	server/initialize.InitMysql	初始化mysql数据库完成!
2022-09-22 23:12:41	INFO	initialize/redis.go:22	server/initialize.InitRedis	初始化redis数据库完成!
2022-09-22 23:12:41	INFO	initialize/casbin.go:20	server/initialize.InitCasbinEnforcer	初始化Casbin完成!
2022-09-22 23:12:41	INFO	router/router.go:45	server/app/router.InitRouter	初始化路由完成！
2022-09-22 23:12:41	INFO	initialize/server.go:46	server/initialize.InitializeRunServer	服务启动完成
2022-09-22 23:16:53	INFO	initialize/server.go:55	server/initialize.InitializeRunServer	Shutting down server...
2022-09-22 23:16:53	INFO	initialize/server.go:65	server/initialize.InitializeRunServer	Server exiting!
2022-09-22 23:16:57	INFO	initialize/logger.go:106	server/initialize.InitLogger	初始化zap日志完成!
2022-09-22 23:16:57	INFO	initialize/mysql.go:63	server/initialize.InitMysql	初始化mysql数据库完成!
2022-09-22 23:16:57	INFO	initialize/redis.go:22	server/initialize.InitRedis	初始化redis数据库完成!
2022-09-22 23:16:57	INFO	initialize/casbin.go:20	server/initialize.InitCasbinEnforcer	初始化Casbin完成!
2022-09-22 23:16:57	INFO	router/router.go:45	server/app/router.InitRouter	初始化路由完成！
2022-09-22 23:16:57	INFO	initialize/server.go:46	server/initialize.InitializeRunServer	服务启动完成
2022-09-22 23:17:34	INFO	initialize/server.go:55	server/initialize.InitializeRunServer	Shutting down server...
2022-09-22 23:17:34	INFO	initialize/server.go:65	server/initialize.InitializeRunServer	Server exiting!
2022-09-22 23:17:38	INFO	initialize/logger.go:106	server/initialize.InitLogger	初始化zap日志完成!
2022-09-22 23:17:38	INFO	initialize/mysql.go:63	server/initialize.InitMysql	初始化mysql数据库完成!
2022-09-22 23:17:38	INFO	initialize/redis.go:22	server/initialize.InitRedis	初始化redis数据库完成!
2022-09-22 23:17:38	INFO	initialize/casbin.go:20	server/initialize.InitCasbinEnforcer	初始化Casbin完成!
2022-09-22 23:17:38	INFO	router/router.go:45	server/app/router.InitRouter	初始化路由完成！
2022-09-22 23:17:38	INFO	initialize/server.go:46	server/initialize.InitializeRunServer	服务启动完成
2022-09-22 23:18:52	INFO	initialize/server.go:55	server/initialize.InitializeRunServer	Shutting down server...
2022-09-22 23:18:52	INFO	initialize/server.go:65	server/initialize.InitializeRunServer	Server exiting!
2022-09-22 23:18:56	INFO	initialize/logger.go:106	server/initialize.InitLogger	初始化zap日志完成!
2022-09-22 23:18:56	INFO	initialize/mysql.go:63	server/initialize.InitMysql	初始化mysql数据库完成!
2022-09-22 23:18:56	INFO	initialize/redis.go:22	server/initialize.InitRedis	初始化redis数据库完成!
2022-09-22 23:18:57	INFO	initialize/casbin.go:20	server/initialize.InitCasbinEnforcer	初始化Casbin完成!
2022-09-22 23:18:57	INFO	router/router.go:45	server/app/router.InitRouter	初始化路由完成！
2022-09-22 23:18:57	INFO	initialize/server.go:46	server/initialize.InitializeRunServer	服务启动完成
2022-09-22 23:42:33	INFO	initialize/server.go:55	server/initialize.InitializeRunServer	Shutting down server...
2022-09-22 23:42:33	INFO	initialize/server.go:65	server/initialize.InitializeRunServer	Server exiting!
