2022-10-09 12:03:44	INFO	initialize/logger.go:106	server/initialize.InitLogger	初始化zap日志完成!
2022-10-09 12:03:44	INFO	initialize/redis.go:22	server/initialize.InitRedis	初始化redis数据库完成!
2022-10-09 12:03:44	INFO	initialize/mysql.go:62	server/initialize.InitMysql	初始化mysql数据库完成!
2022-10-09 12:03:44	INFO	initialize/casbin.go:20	server/initialize.InitCasbinEnforcer	初始化Casbin完成!
2022-10-09 12:03:44	INFO	router/router.go:45	server/app/router.InitRouter	初始化路由完成！
2022-10-09 12:03:44	INFO	initialize/server.go:46	server/initialize.InitializeRunServer	服务启动完成
2022-10-09 13:41:31	INFO	initialize/server.go:55	server/initialize.InitializeRunServer	Shutting down server...
2022-10-09 13:41:31	INFO	initialize/server.go:65	server/initialize.InitializeRunServer	Server exiting!
2022-10-09 13:41:35	INFO	initialize/logger.go:106	server/initialize.InitLogger	初始化zap日志完成!
2022-10-09 13:41:35	INFO	initialize/redis.go:22	server/initialize.InitRedis	初始化redis数据库完成!
2022-10-09 13:41:35	INFO	initialize/mysql.go:62	server/initialize.InitMysql	初始化mysql数据库完成!
2022-10-09 13:41:36	INFO	initialize/casbin.go:20	server/initialize.InitCasbinEnforcer	初始化Casbin完成!
2022-10-09 13:41:36	INFO	router/router.go:45	server/app/router.InitRouter	初始化路由完成！
2022-10-09 13:41:36	INFO	initialize/server.go:46	server/initialize.InitializeRunServer	服务启动完成
2022-10-09 13:47:57	INFO	initialize/server.go:55	server/initialize.InitializeRunServer	Shutting down server...
2022-10-09 13:47:57	INFO	initialize/server.go:65	server/initialize.InitializeRunServer	Server exiting!
2022-10-09 13:48:01	INFO	initialize/logger.go:106	server/initialize.InitLogger	初始化zap日志完成!
2022-10-09 13:48:01	INFO	initialize/redis.go:22	server/initialize.InitRedis	初始化redis数据库完成!
2022-10-09 13:48:01	INFO	initialize/mysql.go:62	server/initialize.InitMysql	初始化mysql数据库完成!
2022-10-09 13:48:02	INFO	initialize/casbin.go:20	server/initialize.InitCasbinEnforcer	初始化Casbin完成!
2022-10-09 13:48:02	INFO	router/router.go:45	server/app/router.InitRouter	初始化路由完成！
2022-10-09 13:48:02	INFO	initialize/server.go:46	server/initialize.InitializeRunServer	服务启动完成
2022-10-09 14:09:59	INFO	initialize/server.go:55	server/initialize.InitializeRunServer	Shutting down server...
2022-10-09 14:09:59	INFO	initialize/server.go:65	server/initialize.InitializeRunServer	Server exiting!
2022-10-09 14:10:03	INFO	initialize/logger.go:106	server/initialize.InitLogger	初始化zap日志完成!
2022-10-09 14:10:03	INFO	initialize/redis.go:22	server/initialize.InitRedis	初始化redis数据库完成!
2022-10-09 14:10:04	INFO	initialize/mysql.go:62	server/initialize.InitMysql	初始化mysql数据库完成!
2022-10-09 14:10:04	INFO	initialize/casbin.go:20	server/initialize.InitCasbinEnforcer	初始化Casbin完成!
2022-10-09 14:10:04	INFO	router/router.go:45	server/app/router.InitRouter	初始化路由完成！
2022-10-09 14:10:04	INFO	initialize/server.go:46	server/initialize.InitializeRunServer	服务启动完成
2022-10-09 14:16:04	INFO	initialize/server.go:55	server/initialize.InitializeRunServer	Shutting down server...
2022-10-09 14:16:04	INFO	initialize/server.go:65	server/initialize.InitializeRunServer	Server exiting!
2022-10-09 14:16:08	INFO	initialize/logger.go:106	server/initialize.InitLogger	初始化zap日志完成!
2022-10-09 14:16:08	INFO	initialize/redis.go:22	server/initialize.InitRedis	初始化redis数据库完成!
2022-10-09 14:16:09	INFO	initialize/mysql.go:62	server/initialize.InitMysql	初始化mysql数据库完成!
2022-10-09 14:16:09	INFO	initialize/casbin.go:20	server/initialize.InitCasbinEnforcer	初始化Casbin完成!
2022-10-09 14:16:09	INFO	router/router.go:45	server/app/router.InitRouter	初始化路由完成！
2022-10-09 14:16:09	INFO	initialize/server.go:46	server/initialize.InitializeRunServer	服务启动完成
2022-10-09 16:11:52	INFO	initialize/server.go:55	server/initialize.InitializeRunServer	Shutting down server...
2022-10-09 16:11:52	INFO	initialize/server.go:65	server/initialize.InitializeRunServer	Server exiting!
