2022-09-20 11:07:00	INFO	initialize/logger.go:106	server/initialize.InitLogger	初始化zap日志完成!
2022-09-20 11:07:00	INFO	initialize/mysql.go:63	server/initialize.InitMysql	初始化mysql数据库完成!
2022-09-20 11:07:00	INFO	initialize/redis.go:22	server/initialize.InitRedis	初始化redis数据库完成!
2022-09-20 11:07:00	INFO	initialize/casbin.go:20	server/initialize.InitCasbinEnforcer	初始化Casbin完成!
2022-09-20 11:07:00	INFO	router/router.go:45	server/app/router.InitRouter	初始化路由完成！
2022-09-20 11:07:00	INFO	initialize/server.go:46	server/initialize.InitializeRunServer	服务启动完成
2022-09-20 11:13:48	INFO	initialize/server.go:55	server/initialize.InitializeRunServer	Shutting down server...
2022-09-20 11:13:48	INFO	initialize/server.go:65	server/initialize.InitializeRunServer	Server exiting!
2022-09-20 11:14:29	INFO	initialize/logger.go:106	server/initialize.InitLogger	初始化zap日志完成!
2022-09-20 11:14:29	INFO	initialize/mysql.go:63	server/initialize.InitMysql	初始化mysql数据库完成!
2022-09-20 11:14:29	INFO	initialize/redis.go:22	server/initialize.InitRedis	初始化redis数据库完成!
2022-09-20 11:14:30	INFO	initialize/casbin.go:20	server/initialize.InitCasbinEnforcer	初始化Casbin完成!
2022-09-20 11:14:30	INFO	router/router.go:45	server/app/router.InitRouter	初始化路由完成！
2022-09-20 11:14:30	INFO	initialize/server.go:46	server/initialize.InitializeRunServer	服务启动完成
2022-09-20 11:15:33	INFO	initialize/server.go:55	server/initialize.InitializeRunServer	Shutting down server...
2022-09-20 11:15:33	INFO	initialize/server.go:65	server/initialize.InitializeRunServer	Server exiting!
2022-09-20 11:17:31	INFO	initialize/logger.go:106	server/initialize.InitLogger	初始化zap日志完成!
2022-09-20 11:17:31	INFO	initialize/mysql.go:63	server/initialize.InitMysql	初始化mysql数据库完成!
2022-09-20 11:17:32	INFO	initialize/redis.go:22	server/initialize.InitRedis	初始化redis数据库完成!
2022-09-20 11:17:32	INFO	initialize/casbin.go:20	server/initialize.InitCasbinEnforcer	初始化Casbin完成!
2022-09-20 11:17:32	INFO	router/router.go:45	server/app/router.InitRouter	初始化路由完成！
2022-09-20 11:17:32	INFO	initialize/server.go:46	server/initialize.InitializeRunServer	服务启动完成
2022-09-20 11:18:35	INFO	initialize/server.go:55	server/initialize.InitializeRunServer	Shutting down server...
2022-09-20 11:18:35	INFO	initialize/server.go:65	server/initialize.InitializeRunServer	Server exiting!
2022-09-20 11:18:58	INFO	initialize/logger.go:106	server/initialize.InitLogger	初始化zap日志完成!
2022-09-20 11:18:58	INFO	initialize/mysql.go:63	server/initialize.InitMysql	初始化mysql数据库完成!
2022-09-20 11:18:59	INFO	initialize/redis.go:22	server/initialize.InitRedis	初始化redis数据库完成!
2022-09-20 11:18:59	INFO	initialize/casbin.go:20	server/initialize.InitCasbinEnforcer	初始化Casbin完成!
2022-09-20 11:18:59	INFO	router/router.go:45	server/app/router.InitRouter	初始化路由完成！
2022-09-20 11:18:59	INFO	initialize/server.go:46	server/initialize.InitializeRunServer	服务启动完成
2022-09-20 11:31:50	INFO	initialize/server.go:55	server/initialize.InitializeRunServer	Shutting down server...
2022-09-20 11:31:50	INFO	initialize/server.go:65	server/initialize.InitializeRunServer	Server exiting!
2022-09-20 11:31:53	INFO	initialize/logger.go:106	server/initialize.InitLogger	初始化zap日志完成!
2022-09-20 11:31:53	INFO	initialize/mysql.go:63	server/initialize.InitMysql	初始化mysql数据库完成!
2022-09-20 11:31:54	INFO	initialize/redis.go:22	server/initialize.InitRedis	初始化redis数据库完成!
2022-09-20 11:31:54	INFO	initialize/casbin.go:20	server/initialize.InitCasbinEnforcer	初始化Casbin完成!
2022-09-20 11:31:54	INFO	router/router.go:45	server/app/router.InitRouter	初始化路由完成！
2022-09-20 11:31:54	INFO	initialize/server.go:46	server/initialize.InitializeRunServer	服务启动完成
2022-09-20 11:32:26	INFO	initialize/server.go:55	server/initialize.InitializeRunServer	Shutting down server...
2022-09-20 11:32:26	INFO	initialize/server.go:65	server/initialize.InitializeRunServer	Server exiting!
2022-09-20 11:33:09	INFO	initialize/logger.go:106	server/initialize.InitLogger	初始化zap日志完成!
2022-09-20 11:33:09	INFO	initialize/mysql.go:63	server/initialize.InitMysql	初始化mysql数据库完成!
2022-09-20 11:33:09	INFO	initialize/redis.go:22	server/initialize.InitRedis	初始化redis数据库完成!
2022-09-20 11:33:09	INFO	initialize/casbin.go:20	server/initialize.InitCasbinEnforcer	初始化Casbin完成!
2022-09-20 11:33:09	INFO	router/router.go:45	server/app/router.InitRouter	初始化路由完成！
2022-09-20 11:33:09	INFO	initialize/server.go:46	server/initialize.InitializeRunServer	服务启动完成
2022-09-20 11:33:13	INFO	initialize/server.go:55	server/initialize.InitializeRunServer	Shutting down server...
2022-09-20 11:33:13	INFO	initialize/server.go:65	server/initialize.InitializeRunServer	Server exiting!
2022-09-20 11:34:05	INFO	initialize/logger.go:106	server/initialize.InitLogger	初始化zap日志完成!
2022-09-20 11:34:05	INFO	initialize/mysql.go:63	server/initialize.InitMysql	初始化mysql数据库完成!
2022-09-20 11:34:06	INFO	initialize/redis.go:22	server/initialize.InitRedis	初始化redis数据库完成!
2022-09-20 11:34:06	INFO	initialize/casbin.go:20	server/initialize.InitCasbinEnforcer	初始化Casbin完成!
2022-09-20 11:34:06	INFO	router/router.go:45	server/app/router.InitRouter	初始化路由完成！
2022-09-20 11:34:06	INFO	initialize/server.go:46	server/initialize.InitializeRunServer	服务启动完成
2022-09-20 11:34:28	INFO	initialize/server.go:55	server/initialize.InitializeRunServer	Shutting down server...
2022-09-20 11:34:28	INFO	initialize/server.go:65	server/initialize.InitializeRunServer	Server exiting!
2022-09-20 11:34:50	INFO	initialize/logger.go:106	server/initialize.InitLogger	初始化zap日志完成!
2022-09-20 11:34:50	INFO	initialize/mysql.go:63	server/initialize.InitMysql	初始化mysql数据库完成!
2022-09-20 11:34:51	INFO	initialize/redis.go:22	server/initialize.InitRedis	初始化redis数据库完成!
2022-09-20 11:34:51	INFO	initialize/casbin.go:20	server/initialize.InitCasbinEnforcer	初始化Casbin完成!
2022-09-20 11:34:51	INFO	router/router.go:45	server/app/router.InitRouter	初始化路由完成！
2022-09-20 11:34:51	INFO	initialize/server.go:46	server/initialize.InitializeRunServer	服务启动完成
2022-09-20 11:34:52	INFO	initialize/server.go:55	server/initialize.InitializeRunServer	Shutting down server...
2022-09-20 11:34:52	INFO	initialize/server.go:65	server/initialize.InitializeRunServer	Server exiting!
2022-09-20 11:35:54	INFO	initialize/logger.go:106	server/initialize.InitLogger	初始化zap日志完成!
2022-09-20 11:35:54	INFO	initialize/mysql.go:63	server/initialize.InitMysql	初始化mysql数据库完成!
2022-09-20 11:35:54	INFO	initialize/redis.go:22	server/initialize.InitRedis	初始化redis数据库完成!
2022-09-20 11:35:54	INFO	initialize/casbin.go:20	server/initialize.InitCasbinEnforcer	初始化Casbin完成!
2022-09-20 11:35:54	INFO	router/router.go:45	server/app/router.InitRouter	初始化路由完成！
2022-09-20 11:35:54	INFO	initialize/server.go:46	server/initialize.InitializeRunServer	服务启动完成
2022-09-20 11:37:18	INFO	initialize/server.go:55	server/initialize.InitializeRunServer	Shutting down server...
2022-09-20 11:37:18	INFO	initialize/server.go:65	server/initialize.InitializeRunServer	Server exiting!
2022-09-20 11:37:43	INFO	initialize/logger.go:106	server/initialize.InitLogger	初始化zap日志完成!
2022-09-20 11:37:43	INFO	initialize/mysql.go:63	server/initialize.InitMysql	初始化mysql数据库完成!
2022-09-20 11:37:43	INFO	initialize/redis.go:22	server/initialize.InitRedis	初始化redis数据库完成!
2022-09-20 11:37:44	INFO	initialize/casbin.go:20	server/initialize.InitCasbinEnforcer	初始化Casbin完成!
2022-09-20 11:37:44	INFO	router/router.go:45	server/app/router.InitRouter	初始化路由完成！
2022-09-20 11:37:44	INFO	initialize/server.go:46	server/initialize.InitializeRunServer	服务启动完成
2022-09-20 11:50:23	INFO	initialize/server.go:55	server/initialize.InitializeRunServer	Shutting down server...
2022-09-20 11:50:23	INFO	initialize/server.go:65	server/initialize.InitializeRunServer	Server exiting!
2022-09-20 11:51:26	INFO	initialize/logger.go:106	server/initialize.InitLogger	初始化zap日志完成!
2022-09-20 11:51:26	INFO	initialize/mysql.go:63	server/initialize.InitMysql	初始化mysql数据库完成!
2022-09-20 11:51:26	INFO	initialize/redis.go:22	server/initialize.InitRedis	初始化redis数据库完成!
2022-09-20 11:51:26	INFO	initialize/casbin.go:20	server/initialize.InitCasbinEnforcer	初始化Casbin完成!
2022-09-20 11:51:26	INFO	router/router.go:45	server/app/router.InitRouter	初始化路由完成！
2022-09-20 11:51:26	INFO	initialize/server.go:46	server/initialize.InitializeRunServer	服务启动完成
2022-09-20 11:51:56	INFO	initialize/server.go:55	server/initialize.InitializeRunServer	Shutting down server...
2022-09-20 11:51:56	INFO	initialize/server.go:65	server/initialize.InitializeRunServer	Server exiting!
2022-09-20 11:52:00	INFO	initialize/logger.go:106	server/initialize.InitLogger	初始化zap日志完成!
2022-09-20 11:52:00	INFO	initialize/mysql.go:63	server/initialize.InitMysql	初始化mysql数据库完成!
2022-09-20 11:52:01	INFO	initialize/redis.go:22	server/initialize.InitRedis	初始化redis数据库完成!
2022-09-20 11:52:01	INFO	initialize/casbin.go:20	server/initialize.InitCasbinEnforcer	初始化Casbin完成!
2022-09-20 11:52:01	INFO	router/router.go:45	server/app/router.InitRouter	初始化路由完成！
2022-09-20 11:52:01	INFO	initialize/server.go:46	server/initialize.InitializeRunServer	服务启动完成
2022-09-20 14:10:51	INFO	initialize/server.go:55	server/initialize.InitializeRunServer	Shutting down server...
2022-09-20 14:10:51	INFO	initialize/server.go:65	server/initialize.InitializeRunServer	Server exiting!
2022-09-20 14:11:20	INFO	initialize/logger.go:106	server/initialize.InitLogger	初始化zap日志完成!
2022-09-20 14:11:20	INFO	initialize/mysql.go:63	server/initialize.InitMysql	初始化mysql数据库完成!
2022-09-20 14:11:21	INFO	initialize/redis.go:22	server/initialize.InitRedis	初始化redis数据库完成!
2022-09-20 14:11:21	INFO	initialize/casbin.go:20	server/initialize.InitCasbinEnforcer	初始化Casbin完成!
2022-09-20 14:11:21	INFO	router/router.go:45	server/app/router.InitRouter	初始化路由完成！
2022-09-20 14:11:21	INFO	initialize/server.go:46	server/initialize.InitializeRunServer	服务启动完成
2022-09-20 14:50:24	INFO	initialize/server.go:55	server/initialize.InitializeRunServer	Shutting down server...
2022-09-20 14:50:24	INFO	initialize/server.go:65	server/initialize.InitializeRunServer	Server exiting!
2022-09-20 14:50:27	INFO	initialize/logger.go:106	server/initialize.InitLogger	初始化zap日志完成!
2022-09-20 14:50:27	INFO	initialize/mysql.go:63	server/initialize.InitMysql	初始化mysql数据库完成!
2022-09-20 14:50:27	INFO	initialize/redis.go:22	server/initialize.InitRedis	初始化redis数据库完成!
2022-09-20 14:50:28	INFO	initialize/casbin.go:20	server/initialize.InitCasbinEnforcer	初始化Casbin完成!
2022-09-20 14:50:28	INFO	router/router.go:45	server/app/router.InitRouter	初始化路由完成！
2022-09-20 14:50:28	INFO	initialize/server.go:46	server/initialize.InitializeRunServer	服务启动完成
2022-09-20 21:45:40	INFO	initialize/server.go:55	server/initialize.InitializeRunServer	Shutting down server...
2022-09-20 21:45:40	INFO	initialize/server.go:65	server/initialize.InitializeRunServer	Server exiting!
