2022-10-04 10:42:38	INFO	initialize/logger.go:106	server/initialize.InitLogger	初始化zap日志完成!
2022-10-04 10:42:38	INFO	initialize/redis.go:22	server/initialize.InitRedis	初始化redis数据库完成!
2022-10-04 10:42:38	INFO	initialize/mysql.go:62	server/initialize.InitMysql	初始化mysql数据库完成!
2022-10-04 10:42:38	INFO	initialize/casbin.go:20	server/initialize.InitCasbinEnforcer	初始化Casbin完成!
2022-10-04 10:42:38	INFO	router/router.go:45	server/app/router.InitRouter	初始化路由完成！
2022-10-04 10:42:38	INFO	initialize/server.go:46	server/initialize.InitializeRunServer	服务启动完成
2022-10-04 10:42:42	INFO	initialize/server.go:55	server/initialize.InitializeRunServer	Shutting down server...
2022-10-04 10:42:42	INFO	initialize/server.go:65	server/initialize.InitializeRunServer	Server exiting!
2022-10-04 11:11:01	INFO	initialize/logger.go:106	server/initialize.InitLogger	初始化zap日志完成!
2022-10-04 11:11:01	INFO	initialize/redis.go:22	server/initialize.InitRedis	初始化redis数据库完成!
2022-10-04 11:11:01	INFO	initialize/mysql.go:62	server/initialize.InitMysql	初始化mysql数据库完成!
2022-10-04 11:11:02	INFO	initialize/casbin.go:20	server/initialize.InitCasbinEnforcer	初始化Casbin完成!
2022-10-04 11:11:02	INFO	router/router.go:45	server/app/router.InitRouter	初始化路由完成！
2022-10-04 11:11:02	INFO	initialize/server.go:46	server/initialize.InitializeRunServer	服务启动完成
2022-10-04 11:20:53	INFO	initialize/server.go:55	server/initialize.InitializeRunServer	Shutting down server...
2022-10-04 11:20:53	INFO	initialize/server.go:65	server/initialize.InitializeRunServer	Server exiting!
2022-10-04 11:20:57	INFO	initialize/logger.go:106	server/initialize.InitLogger	初始化zap日志完成!
2022-10-04 11:20:57	INFO	initialize/redis.go:22	server/initialize.InitRedis	初始化redis数据库完成!
2022-10-04 11:20:57	INFO	initialize/mysql.go:62	server/initialize.InitMysql	初始化mysql数据库完成!
2022-10-04 11:20:58	INFO	initialize/casbin.go:20	server/initialize.InitCasbinEnforcer	初始化Casbin完成!
2022-10-04 11:20:58	INFO	router/router.go:45	server/app/router.InitRouter	初始化路由完成！
2022-10-04 11:20:58	INFO	initialize/server.go:46	server/initialize.InitializeRunServer	服务启动完成
2022-10-04 16:09:39	INFO	initialize/server.go:55	server/initialize.InitializeRunServer	Shutting down server...
2022-10-04 16:09:39	INFO	initialize/server.go:65	server/initialize.InitializeRunServer	Server exiting!
