2022-10-23 11:47:35	INFO	initialize/logger.go:106	server/initialize.InitLogger	初始化zap日志完成!
2022-10-23 11:47:44	INFO	initialize/redis.go:22	server/initialize.InitRedis	初始化redis数据库完成!
2022-10-23 11:49:16	INFO	initialize/logger.go:106	server/initialize.InitLogger	初始化zap日志完成!
2022-10-23 11:49:25	INFO	initialize/redis.go:22	server/initialize.InitRedis	初始化redis数据库完成!
2022-10-23 11:50:13	INFO	initialize/logger.go:106	server/initialize.InitLogger	初始化zap日志完成!
2022-10-23 11:50:33	INFO	initialize/redis.go:22	server/initialize.InitRedis	初始化redis数据库完成!
2022-10-23 11:51:09	INFO	initialize/logger.go:106	server/initialize.InitLogger	初始化zap日志完成!
2022-10-23 11:51:24	INFO	initialize/redis.go:22	server/initialize.InitRedis	初始化redis数据库完成!
2022-10-23 11:52:06	INFO	initialize/logger.go:106	server/initialize.InitLogger	初始化zap日志完成!
2022-10-23 11:52:26	INFO	initialize/redis.go:22	server/initialize.InitRedis	初始化redis数据库完成!
2022-10-23 11:52:31	INFO	initialize/logger.go:106	server/initialize.InitLogger	初始化zap日志完成!
2022-10-23 11:52:51	INFO	initialize/redis.go:22	server/initialize.InitRedis	初始化redis数据库完成!
2022-10-23 11:53:51	INFO	initialize/logger.go:106	server/initialize.InitLogger	初始化zap日志完成!
2022-10-23 11:53:56	INFO	initialize/redis.go:22	server/initialize.InitRedis	初始化redis数据库完成!
2022-10-23 11:54:48	INFO	initialize/logger.go:106	server/initialize.InitLogger	初始化zap日志完成!
2022-10-23 11:55:07	INFO	initialize/redis.go:22	server/initialize.InitRedis	初始化redis数据库完成!
2022-10-23 11:58:07	INFO	initialize/logger.go:106	server/initialize.InitLogger	初始化zap日志完成!
2022-10-23 11:58:07	INFO	initialize/redis.go:22	server/initialize.InitRedis	初始化redis数据库完成!
2022-10-23 11:59:30	INFO	initialize/logger.go:106	server/initialize.InitLogger	初始化zap日志完成!
2022-10-23 11:59:30	INFO	initialize/redis.go:22	server/initialize.InitRedis	初始化redis数据库完成!
2022-10-23 12:04:06	INFO	initialize/logger.go:106	server/initialize.InitLogger	初始化zap日志完成!
2022-10-23 12:04:07	INFO	initialize/redis.go:22	server/initialize.InitRedis	初始化redis数据库完成!
2022-10-23 12:04:07	INFO	initialize/mysql.go:62	server/initialize.InitMysql	初始化mysql数据库完成!
2022-10-23 12:04:08	INFO	initialize/casbin.go:20	server/initialize.InitCasbinEnforcer	初始化Casbin完成!
2022-10-23 12:04:08	INFO	router/router.go:45	server/app/router.InitRouter	初始化路由完成！
2022-10-23 12:04:08	INFO	initialize/server.go:46	server/initialize.InitializeRunServer	服务启动完成
2022-10-23 12:05:14	INFO	initialize/server.go:55	server/initialize.InitializeRunServer	Shutting down server...
2022-10-23 12:05:14	INFO	initialize/server.go:65	server/initialize.InitializeRunServer	Server exiting!
2022-10-23 12:05:17	INFO	initialize/logger.go:106	server/initialize.InitLogger	初始化zap日志完成!
2022-10-23 12:05:17	INFO	initialize/redis.go:22	server/initialize.InitRedis	初始化redis数据库完成!
2022-10-23 12:05:17	INFO	initialize/mysql.go:62	server/initialize.InitMysql	初始化mysql数据库完成!
2022-10-23 12:05:18	INFO	initialize/casbin.go:20	server/initialize.InitCasbinEnforcer	初始化Casbin完成!
2022-10-23 12:05:18	INFO	router/router.go:45	server/app/router.InitRouter	初始化路由完成！
2022-10-23 12:05:18	INFO	initialize/server.go:46	server/initialize.InitializeRunServer	服务启动完成
2022-10-23 13:28:15	INFO	initialize/server.go:55	server/initialize.InitializeRunServer	Shutting down server...
2022-10-23 13:28:15	INFO	initialize/server.go:65	server/initialize.InitializeRunServer	Server exiting!
2022-10-23 13:29:04	INFO	initialize/logger.go:106	server/initialize.InitLogger	初始化zap日志完成!
2022-10-23 13:29:04	INFO	initialize/redis.go:22	server/initialize.InitRedis	初始化redis数据库完成!
2022-10-23 13:29:04	INFO	initialize/mysql.go:62	server/initialize.InitMysql	初始化mysql数据库完成!
2022-10-23 13:29:05	INFO	initialize/casbin.go:20	server/initialize.InitCasbinEnforcer	初始化Casbin完成!
2022-10-23 13:29:05	INFO	router/router.go:45	server/app/router.InitRouter	初始化路由完成！
2022-10-23 13:29:05	INFO	initialize/server.go:46	server/initialize.InitializeRunServer	服务启动完成
2022-10-23 13:32:43	DEBUG	middleware/auth.go:120	server/middleware.unauthorized	JWT认证失败, 错误码: 401, 错误信息: cookie token is empty
2022-10-23 13:33:40	DEBUG	middleware/auth.go:120	server/middleware.unauthorized	JWT认证失败, 错误码: 401, 错误信息: cookie token is empty
2022-10-23 13:33:43	DEBUG	middleware/auth.go:120	server/middleware.unauthorized	JWT认证失败, 错误码: 401, 错误信息: cookie token is empty
2022-10-23 13:33:44	DEBUG	middleware/auth.go:120	server/middleware.unauthorized	JWT认证失败, 错误码: 401, 错误信息: cookie token is empty
2022-10-23 13:34:46	DEBUG	middleware/auth.go:120	server/middleware.unauthorized	JWT认证失败, 错误码: 401, 错误信息: cookie token is empty
2022-10-23 13:35:50	INFO	initialize/server.go:55	server/initialize.InitializeRunServer	Shutting down server...
2022-10-23 13:35:50	INFO	initialize/server.go:65	server/initialize.InitializeRunServer	Server exiting!
2022-10-23 13:35:55	INFO	initialize/logger.go:106	server/initialize.InitLogger	初始化zap日志完成!
2022-10-23 13:35:55	INFO	initialize/redis.go:22	server/initialize.InitRedis	初始化redis数据库完成!
2022-10-23 13:35:55	INFO	initialize/mysql.go:62	server/initialize.InitMysql	初始化mysql数据库完成!
2022-10-23 13:35:56	INFO	initialize/casbin.go:20	server/initialize.InitCasbinEnforcer	初始化Casbin完成!
2022-10-23 13:35:56	INFO	router/router.go:45	server/app/router.InitRouter	初始化路由完成！
2022-10-23 13:35:56	INFO	initialize/server.go:46	server/initialize.InitializeRunServer	服务启动完成
2022-10-23 13:40:13	INFO	initialize/server.go:55	server/initialize.InitializeRunServer	Shutting down server...
2022-10-23 13:40:13	INFO	initialize/server.go:65	server/initialize.InitializeRunServer	Server exiting!
2022-10-23 13:40:16	INFO	initialize/logger.go:106	server/initialize.InitLogger	初始化zap日志完成!
2022-10-23 13:40:17	INFO	initialize/redis.go:22	server/initialize.InitRedis	初始化redis数据库完成!
2022-10-23 13:40:17	INFO	initialize/mysql.go:62	server/initialize.InitMysql	初始化mysql数据库完成!
2022-10-23 13:40:18	INFO	initialize/casbin.go:20	server/initialize.InitCasbinEnforcer	初始化Casbin完成!
2022-10-23 13:40:18	INFO	router/router.go:45	server/app/router.InitRouter	初始化路由完成！
2022-10-23 13:40:18	INFO	initialize/server.go:46	server/initialize.InitializeRunServer	服务启动完成
2022-10-23 14:04:51	DEBUG	middleware/auth.go:120	server/middleware.unauthorized	JWT认证失败, 错误码: 401, 错误信息: cookie token is empty
2022-10-23 14:04:56	DEBUG	middleware/auth.go:120	server/middleware.unauthorized	JWT认证失败, 错误码: 401, 错误信息: cookie token is empty
2022-10-23 14:05:00	DEBUG	middleware/auth.go:120	server/middleware.unauthorized	JWT认证失败, 错误码: 401, 错误信息: cookie token is empty
2022-10-23 14:05:00	DEBUG	middleware/auth.go:120	server/middleware.unauthorized	JWT认证失败, 错误码: 401, 错误信息: cookie token is empty
2022-10-23 14:05:00	DEBUG	middleware/auth.go:120	server/middleware.unauthorized	JWT认证失败, 错误码: 401, 错误信息: cookie token is empty
2022-10-23 14:05:01	DEBUG	middleware/auth.go:120	server/middleware.unauthorized	JWT认证失败, 错误码: 401, 错误信息: cookie token is empty
2022-10-23 14:05:01	DEBUG	middleware/auth.go:120	server/middleware.unauthorized	JWT认证失败, 错误码: 401, 错误信息: cookie token is empty
2022-10-23 14:05:01	DEBUG	middleware/auth.go:120	server/middleware.unauthorized	JWT认证失败, 错误码: 401, 错误信息: cookie token is empty
2022-10-23 14:05:01	DEBUG	middleware/auth.go:120	server/middleware.unauthorized	JWT认证失败, 错误码: 401, 错误信息: cookie token is empty
2022-10-23 14:05:02	DEBUG	middleware/auth.go:120	server/middleware.unauthorized	JWT认证失败, 错误码: 401, 错误信息: cookie token is empty
2022-10-23 14:05:02	DEBUG	middleware/auth.go:120	server/middleware.unauthorized	JWT认证失败, 错误码: 401, 错误信息: cookie token is empty
2022-10-23 14:05:02	DEBUG	middleware/auth.go:120	server/middleware.unauthorized	JWT认证失败, 错误码: 401, 错误信息: cookie token is empty
2022-10-23 14:05:02	DEBUG	middleware/auth.go:120	server/middleware.unauthorized	JWT认证失败, 错误码: 401, 错误信息: cookie token is empty
2022-10-23 14:05:03	DEBUG	middleware/auth.go:120	server/middleware.unauthorized	JWT认证失败, 错误码: 401, 错误信息: cookie token is empty
2022-10-23 14:09:17	INFO	initialize/server.go:55	server/initialize.InitializeRunServer	Shutting down server...
2022-10-23 14:09:17	INFO	initialize/server.go:65	server/initialize.InitializeRunServer	Server exiting!
2022-10-23 14:09:44	INFO	initialize/logger.go:106	server/initialize.InitLogger	初始化zap日志完成!
2022-10-23 14:09:44	INFO	initialize/redis.go:22	server/initialize.InitRedis	初始化redis数据库完成!
2022-10-23 14:10:37	INFO	initialize/logger.go:106	server/initialize.InitLogger	初始化zap日志完成!
2022-10-23 14:10:49	INFO	initialize/redis.go:22	server/initialize.InitRedis	初始化redis数据库完成!
2022-10-23 14:12:21	INFO	initialize/logger.go:106	server/initialize.InitLogger	初始化zap日志完成!
2022-10-23 14:12:34	INFO	initialize/redis.go:22	server/initialize.InitRedis	初始化redis数据库完成!
2022-10-23 14:14:16	INFO	initialize/logger.go:106	server/initialize.InitLogger	初始化zap日志完成!
2022-10-23 14:14:16	INFO	initialize/redis.go:22	server/initialize.InitRedis	初始化redis数据库完成!
2022-10-23 14:14:17	INFO	initialize/mysql.go:62	server/initialize.InitMysql	初始化mysql数据库完成!
2022-10-23 14:14:17	INFO	initialize/casbin.go:20	server/initialize.InitCasbinEnforcer	初始化Casbin完成!
2022-10-23 14:14:17	INFO	router/router.go:45	server/app/router.InitRouter	初始化路由完成！
2022-10-23 14:14:17	INFO	initialize/server.go:46	server/initialize.InitializeRunServer	服务启动完成
2022-10-23 14:40:43	INFO	initialize/server.go:55	server/initialize.InitializeRunServer	Shutting down server...
2022-10-23 14:40:43	INFO	initialize/server.go:65	server/initialize.InitializeRunServer	Server exiting!
2022-10-23 14:40:47	INFO	initialize/logger.go:106	server/initialize.InitLogger	初始化zap日志完成!
2022-10-23 14:40:48	INFO	initialize/redis.go:22	server/initialize.InitRedis	初始化redis数据库完成!
2022-10-23 14:40:48	INFO	initialize/mysql.go:62	server/initialize.InitMysql	初始化mysql数据库完成!
2022-10-23 14:40:49	INFO	initialize/casbin.go:20	server/initialize.InitCasbinEnforcer	初始化Casbin完成!
2022-10-23 14:40:49	INFO	router/router.go:45	server/app/router.InitRouter	初始化路由完成！
2022-10-23 14:40:49	INFO	initialize/server.go:46	server/initialize.InitializeRunServer	服务启动完成
2022-10-23 14:47:54	INFO	initialize/server.go:55	server/initialize.InitializeRunServer	Shutting down server...
2022-10-23 14:47:54	INFO	initialize/server.go:65	server/initialize.InitializeRunServer	Server exiting!
2022-10-23 14:47:58	INFO	initialize/logger.go:106	server/initialize.InitLogger	初始化zap日志完成!
2022-10-23 14:47:58	INFO	initialize/redis.go:22	server/initialize.InitRedis	初始化redis数据库完成!
2022-10-23 14:47:58	INFO	initialize/mysql.go:62	server/initialize.InitMysql	初始化mysql数据库完成!
2022-10-23 14:47:59	INFO	initialize/casbin.go:20	server/initialize.InitCasbinEnforcer	初始化Casbin完成!
2022-10-23 14:47:59	INFO	router/router.go:45	server/app/router.InitRouter	初始化路由完成！
2022-10-23 14:47:59	INFO	initialize/server.go:46	server/initialize.InitializeRunServer	服务启动完成
2022-10-23 14:49:01	INFO	initialize/server.go:55	server/initialize.InitializeRunServer	Shutting down server...
2022-10-23 14:49:01	INFO	initialize/server.go:65	server/initialize.InitializeRunServer	Server exiting!
2022-10-23 14:49:04	INFO	initialize/logger.go:106	server/initialize.InitLogger	初始化zap日志完成!
2022-10-23 14:49:04	INFO	initialize/redis.go:22	server/initialize.InitRedis	初始化redis数据库完成!
2022-10-23 14:49:04	INFO	initialize/mysql.go:62	server/initialize.InitMysql	初始化mysql数据库完成!
2022-10-23 14:49:05	INFO	initialize/casbin.go:20	server/initialize.InitCasbinEnforcer	初始化Casbin完成!
2022-10-23 14:49:05	INFO	router/router.go:45	server/app/router.InitRouter	初始化路由完成！
2022-10-23 14:49:05	INFO	initialize/server.go:46	server/initialize.InitializeRunServer	服务启动完成
2022-10-23 14:49:20	INFO	initialize/server.go:55	server/initialize.InitializeRunServer	Shutting down server...
2022-10-23 14:49:20	INFO	initialize/server.go:65	server/initialize.InitializeRunServer	Server exiting!
2022-10-23 14:49:23	INFO	initialize/logger.go:106	server/initialize.InitLogger	初始化zap日志完成!
2022-10-23 14:49:23	INFO	initialize/redis.go:22	server/initialize.InitRedis	初始化redis数据库完成!
2022-10-23 14:49:24	INFO	initialize/mysql.go:62	server/initialize.InitMysql	初始化mysql数据库完成!
2022-10-23 14:49:25	INFO	initialize/casbin.go:20	server/initialize.InitCasbinEnforcer	初始化Casbin完成!
2022-10-23 14:49:25	INFO	router/router.go:45	server/app/router.InitRouter	初始化路由完成！
2022-10-23 14:49:25	INFO	initialize/server.go:46	server/initialize.InitializeRunServer	服务启动完成
2022-10-23 15:01:02	INFO	initialize/server.go:55	server/initialize.InitializeRunServer	Shutting down server...
2022-10-23 15:01:02	INFO	initialize/server.go:65	server/initialize.InitializeRunServer	Server exiting!
2022-10-23 15:01:06	INFO	initialize/logger.go:106	server/initialize.InitLogger	初始化zap日志完成!
2022-10-23 15:01:06	INFO	initialize/redis.go:22	server/initialize.InitRedis	初始化redis数据库完成!
2022-10-23 15:01:07	INFO	initialize/mysql.go:62	server/initialize.InitMysql	初始化mysql数据库完成!
2022-10-23 15:01:07	INFO	initialize/casbin.go:20	server/initialize.InitCasbinEnforcer	初始化Casbin完成!
2022-10-23 15:01:07	INFO	router/router.go:45	server/app/router.InitRouter	初始化路由完成！
2022-10-23 15:01:07	INFO	initialize/server.go:46	server/initialize.InitializeRunServer	服务启动完成
2022-10-23 15:28:20	INFO	initialize/server.go:55	server/initialize.InitializeRunServer	Shutting down server...
2022-10-23 15:28:20	INFO	initialize/server.go:65	server/initialize.InitializeRunServer	Server exiting!
2022-10-23 15:58:10	INFO	initialize/logger.go:106	server/initialize.InitLogger	初始化zap日志完成!
2022-10-23 15:58:10	INFO	initialize/redis.go:22	server/initialize.InitRedis	初始化redis数据库完成!
2022-10-23 15:58:10	INFO	initialize/mysql.go:62	server/initialize.InitMysql	初始化mysql数据库完成!
2022-10-23 15:58:10	INFO	initialize/casbin.go:20	server/initialize.InitCasbinEnforcer	初始化Casbin完成!
2022-10-23 15:58:10	INFO	router/router.go:45	server/app/router.InitRouter	初始化路由完成！
2022-10-23 15:58:10	INFO	initialize/server.go:46	server/initialize.InitializeRunServer	服务启动完成
2022-10-23 16:05:14	INFO	initialize/server.go:55	server/initialize.InitializeRunServer	Shutting down server...
2022-10-23 16:05:14	INFO	initialize/server.go:65	server/initialize.InitializeRunServer	Server exiting!
2022-10-23 16:05:17	INFO	initialize/logger.go:106	server/initialize.InitLogger	初始化zap日志完成!
2022-10-23 16:05:17	INFO	initialize/redis.go:22	server/initialize.InitRedis	初始化redis数据库完成!
2022-10-23 16:05:17	INFO	initialize/mysql.go:62	server/initialize.InitMysql	初始化mysql数据库完成!
2022-10-23 16:05:17	INFO	initialize/casbin.go:20	server/initialize.InitCasbinEnforcer	初始化Casbin完成!
2022-10-23 16:05:17	INFO	router/router.go:45	server/app/router.InitRouter	初始化路由完成！
2022-10-23 16:05:17	INFO	initialize/server.go:46	server/initialize.InitializeRunServer	服务启动完成
2022-10-23 16:11:56	INFO	initialize/server.go:55	server/initialize.InitializeRunServer	Shutting down server...
2022-10-23 16:11:56	INFO	initialize/server.go:65	server/initialize.InitializeRunServer	Server exiting!
2022-10-23 16:11:59	INFO	initialize/logger.go:106	server/initialize.InitLogger	初始化zap日志完成!
2022-10-23 16:11:59	INFO	initialize/redis.go:22	server/initialize.InitRedis	初始化redis数据库完成!
2022-10-23 16:11:59	INFO	initialize/mysql.go:62	server/initialize.InitMysql	初始化mysql数据库完成!
2022-10-23 16:11:59	INFO	initialize/casbin.go:20	server/initialize.InitCasbinEnforcer	初始化Casbin完成!
2022-10-23 16:11:59	INFO	router/router.go:45	server/app/router.InitRouter	初始化路由完成！
2022-10-23 16:11:59	INFO	initialize/server.go:46	server/initialize.InitializeRunServer	服务启动完成
2022-10-23 16:17:54	INFO	initialize/server.go:55	server/initialize.InitializeRunServer	Shutting down server...
2022-10-23 16:17:54	INFO	initialize/server.go:65	server/initialize.InitializeRunServer	Server exiting!
2022-10-23 16:17:57	INFO	initialize/logger.go:106	server/initialize.InitLogger	初始化zap日志完成!
2022-10-23 16:17:57	INFO	initialize/redis.go:22	server/initialize.InitRedis	初始化redis数据库完成!
2022-10-23 16:17:57	INFO	initialize/mysql.go:62	server/initialize.InitMysql	初始化mysql数据库完成!
2022-10-23 16:17:57	INFO	initialize/casbin.go:20	server/initialize.InitCasbinEnforcer	初始化Casbin完成!
2022-10-23 16:17:57	INFO	router/router.go:45	server/app/router.InitRouter	初始化路由完成！
2022-10-23 16:17:57	INFO	initialize/server.go:46	server/initialize.InitializeRunServer	服务启动完成
2022-10-23 16:18:30	INFO	initialize/server.go:55	server/initialize.InitializeRunServer	Shutting down server...
2022-10-23 16:18:30	INFO	initialize/server.go:65	server/initialize.InitializeRunServer	Server exiting!
2022-10-23 16:18:33	INFO	initialize/logger.go:106	server/initialize.InitLogger	初始化zap日志完成!
2022-10-23 16:18:33	INFO	initialize/redis.go:22	server/initialize.InitRedis	初始化redis数据库完成!
2022-10-23 16:18:33	INFO	initialize/mysql.go:62	server/initialize.InitMysql	初始化mysql数据库完成!
2022-10-23 16:18:33	INFO	initialize/casbin.go:20	server/initialize.InitCasbinEnforcer	初始化Casbin完成!
2022-10-23 16:18:33	INFO	router/router.go:45	server/app/router.InitRouter	初始化路由完成！
2022-10-23 16:18:33	INFO	initialize/server.go:46	server/initialize.InitializeRunServer	服务启动完成
2022-10-23 16:20:06	INFO	initialize/server.go:55	server/initialize.InitializeRunServer	Shutting down server...
2022-10-23 16:20:06	INFO	initialize/server.go:65	server/initialize.InitializeRunServer	Server exiting!
2022-10-23 16:20:09	INFO	initialize/logger.go:106	server/initialize.InitLogger	初始化zap日志完成!
2022-10-23 16:20:09	INFO	initialize/redis.go:22	server/initialize.InitRedis	初始化redis数据库完成!
2022-10-23 16:20:09	INFO	initialize/mysql.go:62	server/initialize.InitMysql	初始化mysql数据库完成!
2022-10-23 16:20:09	INFO	initialize/casbin.go:20	server/initialize.InitCasbinEnforcer	初始化Casbin完成!
2022-10-23 16:20:09	INFO	router/router.go:45	server/app/router.InitRouter	初始化路由完成！
2022-10-23 16:20:09	INFO	initialize/server.go:46	server/initialize.InitializeRunServer	服务启动完成
2022-10-23 16:20:33	INFO	initialize/server.go:55	server/initialize.InitializeRunServer	Shutting down server...
2022-10-23 16:20:33	INFO	initialize/server.go:65	server/initialize.InitializeRunServer	Server exiting!
2022-10-23 16:20:36	INFO	initialize/logger.go:106	server/initialize.InitLogger	初始化zap日志完成!
2022-10-23 16:20:36	INFO	initialize/redis.go:22	server/initialize.InitRedis	初始化redis数据库完成!
2022-10-23 16:20:36	INFO	initialize/mysql.go:62	server/initialize.InitMysql	初始化mysql数据库完成!
2022-10-23 16:20:36	INFO	initialize/casbin.go:20	server/initialize.InitCasbinEnforcer	初始化Casbin完成!
2022-10-23 16:20:36	INFO	router/router.go:45	server/app/router.InitRouter	初始化路由完成！
2022-10-23 16:20:36	INFO	initialize/server.go:46	server/initialize.InitializeRunServer	服务启动完成
2022-10-23 16:21:03	INFO	initialize/server.go:55	server/initialize.InitializeRunServer	Shutting down server...
2022-10-23 16:21:03	INFO	initialize/server.go:65	server/initialize.InitializeRunServer	Server exiting!
2022-10-23 16:21:08	INFO	initialize/logger.go:106	server/initialize.InitLogger	初始化zap日志完成!
2022-10-23 16:21:08	INFO	initialize/redis.go:22	server/initialize.InitRedis	初始化redis数据库完成!
2022-10-23 16:21:08	INFO	initialize/mysql.go:62	server/initialize.InitMysql	初始化mysql数据库完成!
2022-10-23 16:21:09	INFO	initialize/casbin.go:20	server/initialize.InitCasbinEnforcer	初始化Casbin完成!
2022-10-23 16:21:09	INFO	router/router.go:45	server/app/router.InitRouter	初始化路由完成！
2022-10-23 16:21:09	INFO	initialize/server.go:46	server/initialize.InitializeRunServer	服务启动完成
2022-10-23 16:23:11	INFO	initialize/server.go:55	server/initialize.InitializeRunServer	Shutting down server...
2022-10-23 16:23:11	INFO	initialize/server.go:65	server/initialize.InitializeRunServer	Server exiting!
2022-10-23 16:23:14	INFO	initialize/logger.go:106	server/initialize.InitLogger	初始化zap日志完成!
2022-10-23 16:23:14	INFO	initialize/redis.go:22	server/initialize.InitRedis	初始化redis数据库完成!
2022-10-23 16:23:14	INFO	initialize/mysql.go:62	server/initialize.InitMysql	初始化mysql数据库完成!
2022-10-23 16:23:14	INFO	initialize/casbin.go:20	server/initialize.InitCasbinEnforcer	初始化Casbin完成!
2022-10-23 16:23:14	INFO	router/router.go:45	server/app/router.InitRouter	初始化路由完成！
2022-10-23 16:23:14	INFO	initialize/server.go:46	server/initialize.InitializeRunServer	服务启动完成
2022-10-23 16:23:43	INFO	initialize/server.go:55	server/initialize.InitializeRunServer	Shutting down server...
2022-10-23 16:23:43	INFO	initialize/server.go:65	server/initialize.InitializeRunServer	Server exiting!
2022-10-23 16:23:46	INFO	initialize/logger.go:106	server/initialize.InitLogger	初始化zap日志完成!
2022-10-23 16:23:46	INFO	initialize/redis.go:22	server/initialize.InitRedis	初始化redis数据库完成!
2022-10-23 16:23:46	INFO	initialize/mysql.go:62	server/initialize.InitMysql	初始化mysql数据库完成!
2022-10-23 16:23:46	INFO	initialize/casbin.go:20	server/initialize.InitCasbinEnforcer	初始化Casbin完成!
2022-10-23 16:23:46	INFO	router/router.go:45	server/app/router.InitRouter	初始化路由完成！
2022-10-23 16:23:46	INFO	initialize/server.go:46	server/initialize.InitializeRunServer	服务启动完成
2022-10-23 16:44:04	INFO	initialize/server.go:55	server/initialize.InitializeRunServer	Shutting down server...
2022-10-23 16:44:04	INFO	initialize/server.go:65	server/initialize.InitializeRunServer	Server exiting!
2022-10-23 16:57:12	INFO	initialize/logger.go:106	server/initialize.InitLogger	初始化zap日志完成!
2022-10-23 16:57:12	INFO	initialize/redis.go:22	server/initialize.InitRedis	初始化redis数据库完成!
2022-10-23 16:57:12	INFO	initialize/mysql.go:62	server/initialize.InitMysql	初始化mysql数据库完成!
2022-10-23 16:57:12	INFO	initialize/casbin.go:20	server/initialize.InitCasbinEnforcer	初始化Casbin完成!
2022-10-23 16:57:12	INFO	router/router.go:45	server/app/router.InitRouter	初始化路由完成！
2022-10-23 16:57:12	INFO	initialize/server.go:46	server/initialize.InitializeRunServer	服务启动完成
2022-10-23 16:57:46	INFO	initialize/server.go:55	server/initialize.InitializeRunServer	Shutting down server...
2022-10-23 16:57:46	INFO	initialize/server.go:65	server/initialize.InitializeRunServer	Server exiting!
2022-10-23 16:57:49	INFO	initialize/logger.go:106	server/initialize.InitLogger	初始化zap日志完成!
2022-10-23 16:57:49	INFO	initialize/redis.go:22	server/initialize.InitRedis	初始化redis数据库完成!
2022-10-23 16:57:49	INFO	initialize/mysql.go:62	server/initialize.InitMysql	初始化mysql数据库完成!
2022-10-23 16:57:49	INFO	initialize/casbin.go:20	server/initialize.InitCasbinEnforcer	初始化Casbin完成!
2022-10-23 16:57:49	INFO	router/router.go:45	server/app/router.InitRouter	初始化路由完成！
2022-10-23 16:57:49	INFO	initialize/server.go:46	server/initialize.InitializeRunServer	服务启动完成
2022-10-23 16:58:13	INFO	initialize/server.go:55	server/initialize.InitializeRunServer	Shutting down server...
2022-10-23 16:58:13	INFO	initialize/server.go:65	server/initialize.InitializeRunServer	Server exiting!
2022-10-23 16:58:16	INFO	initialize/logger.go:106	server/initialize.InitLogger	初始化zap日志完成!
2022-10-23 16:58:16	INFO	initialize/redis.go:22	server/initialize.InitRedis	初始化redis数据库完成!
2022-10-23 16:58:16	INFO	initialize/mysql.go:62	server/initialize.InitMysql	初始化mysql数据库完成!
2022-10-23 16:58:16	INFO	initialize/casbin.go:20	server/initialize.InitCasbinEnforcer	初始化Casbin完成!
2022-10-23 16:58:16	INFO	router/router.go:45	server/app/router.InitRouter	初始化路由完成！
2022-10-23 16:58:16	INFO	initialize/server.go:46	server/initialize.InitializeRunServer	服务启动完成
2022-10-23 16:58:43	INFO	initialize/server.go:55	server/initialize.InitializeRunServer	Shutting down server...
2022-10-23 16:58:43	INFO	initialize/server.go:65	server/initialize.InitializeRunServer	Server exiting!
2022-10-23 16:58:46	INFO	initialize/logger.go:106	server/initialize.InitLogger	初始化zap日志完成!
2022-10-23 16:58:46	INFO	initialize/redis.go:22	server/initialize.InitRedis	初始化redis数据库完成!
2022-10-23 16:58:46	INFO	initialize/mysql.go:62	server/initialize.InitMysql	初始化mysql数据库完成!
2022-10-23 16:58:47	INFO	initialize/casbin.go:20	server/initialize.InitCasbinEnforcer	初始化Casbin完成!
2022-10-23 16:58:47	INFO	router/router.go:45	server/app/router.InitRouter	初始化路由完成！
2022-10-23 16:58:47	INFO	initialize/server.go:46	server/initialize.InitializeRunServer	服务启动完成
2022-10-23 17:09:29	INFO	initialize/server.go:55	server/initialize.InitializeRunServer	Shutting down server...
2022-10-23 17:09:29	INFO	initialize/server.go:65	server/initialize.InitializeRunServer	Server exiting!
2022-10-23 17:09:32	INFO	initialize/logger.go:106	server/initialize.InitLogger	初始化zap日志完成!
2022-10-23 17:09:32	INFO	initialize/redis.go:22	server/initialize.InitRedis	初始化redis数据库完成!
2022-10-23 17:09:32	INFO	initialize/mysql.go:62	server/initialize.InitMysql	初始化mysql数据库完成!
2022-10-23 17:09:33	INFO	initialize/casbin.go:20	server/initialize.InitCasbinEnforcer	初始化Casbin完成!
2022-10-23 17:09:33	INFO	router/router.go:45	server/app/router.InitRouter	初始化路由完成！
2022-10-23 17:09:33	INFO	initialize/server.go:46	server/initialize.InitializeRunServer	服务启动完成
2022-10-23 17:10:22	INFO	initialize/server.go:55	server/initialize.InitializeRunServer	Shutting down server...
2022-10-23 17:10:22	INFO	initialize/server.go:65	server/initialize.InitializeRunServer	Server exiting!
2022-10-23 17:10:26	INFO	initialize/logger.go:106	server/initialize.InitLogger	初始化zap日志完成!
2022-10-23 17:10:26	INFO	initialize/redis.go:22	server/initialize.InitRedis	初始化redis数据库完成!
2022-10-23 17:10:27	INFO	initialize/mysql.go:62	server/initialize.InitMysql	初始化mysql数据库完成!
2022-10-23 17:10:27	INFO	initialize/casbin.go:20	server/initialize.InitCasbinEnforcer	初始化Casbin完成!
2022-10-23 17:10:27	INFO	router/router.go:45	server/app/router.InitRouter	初始化路由完成！
2022-10-23 17:10:27	INFO	initialize/server.go:46	server/initialize.InitializeRunServer	服务启动完成
2022-10-23 17:10:47	INFO	initialize/server.go:55	server/initialize.InitializeRunServer	Shutting down server...
2022-10-23 17:10:47	INFO	initialize/server.go:65	server/initialize.InitializeRunServer	Server exiting!
2022-10-23 17:10:51	INFO	initialize/logger.go:106	server/initialize.InitLogger	初始化zap日志完成!
2022-10-23 17:10:51	INFO	initialize/redis.go:22	server/initialize.InitRedis	初始化redis数据库完成!
2022-10-23 17:10:51	INFO	initialize/mysql.go:62	server/initialize.InitMysql	初始化mysql数据库完成!
2022-10-23 17:10:51	INFO	initialize/casbin.go:20	server/initialize.InitCasbinEnforcer	初始化Casbin完成!
2022-10-23 17:10:51	INFO	router/router.go:45	server/app/router.InitRouter	初始化路由完成！
2022-10-23 17:10:51	INFO	initialize/server.go:46	server/initialize.InitializeRunServer	服务启动完成
2022-10-23 17:12:06	INFO	initialize/server.go:55	server/initialize.InitializeRunServer	Shutting down server...
2022-10-23 17:12:06	INFO	initialize/server.go:65	server/initialize.InitializeRunServer	Server exiting!
2022-10-23 17:12:10	INFO	initialize/logger.go:106	server/initialize.InitLogger	初始化zap日志完成!
2022-10-23 17:12:10	INFO	initialize/redis.go:22	server/initialize.InitRedis	初始化redis数据库完成!
2022-10-23 17:12:10	INFO	initialize/mysql.go:62	server/initialize.InitMysql	初始化mysql数据库完成!
2022-10-23 17:12:11	INFO	initialize/casbin.go:20	server/initialize.InitCasbinEnforcer	初始化Casbin完成!
2022-10-23 17:12:11	INFO	router/router.go:45	server/app/router.InitRouter	初始化路由完成！
2022-10-23 17:12:11	INFO	initialize/server.go:46	server/initialize.InitializeRunServer	服务启动完成
2022-10-23 17:17:09	INFO	initialize/server.go:55	server/initialize.InitializeRunServer	Shutting down server...
2022-10-23 17:17:09	INFO	initialize/server.go:65	server/initialize.InitializeRunServer	Server exiting!
2022-10-23 17:17:12	INFO	initialize/logger.go:106	server/initialize.InitLogger	初始化zap日志完成!
2022-10-23 17:17:12	INFO	initialize/redis.go:22	server/initialize.InitRedis	初始化redis数据库完成!
2022-10-23 17:17:12	INFO	initialize/mysql.go:62	server/initialize.InitMysql	初始化mysql数据库完成!
2022-10-23 17:17:13	INFO	initialize/casbin.go:20	server/initialize.InitCasbinEnforcer	初始化Casbin完成!
2022-10-23 17:17:13	INFO	router/router.go:45	server/app/router.InitRouter	初始化路由完成！
2022-10-23 17:17:13	INFO	initialize/server.go:46	server/initialize.InitializeRunServer	服务启动完成
2022-10-23 17:44:11	INFO	initialize/server.go:55	server/initialize.InitializeRunServer	Shutting down server...
2022-10-23 17:44:11	INFO	initialize/server.go:65	server/initialize.InitializeRunServer	Server exiting!
2022-10-23 17:44:14	INFO	initialize/logger.go:106	server/initialize.InitLogger	初始化zap日志完成!
2022-10-23 17:44:14	INFO	initialize/redis.go:22	server/initialize.InitRedis	初始化redis数据库完成!
2022-10-23 17:44:14	INFO	initialize/mysql.go:62	server/initialize.InitMysql	初始化mysql数据库完成!
2022-10-23 17:44:15	INFO	initialize/casbin.go:20	server/initialize.InitCasbinEnforcer	初始化Casbin完成!
2022-10-23 17:44:15	INFO	router/router.go:45	server/app/router.InitRouter	初始化路由完成！
2022-10-23 17:44:15	INFO	initialize/server.go:46	server/initialize.InitializeRunServer	服务启动完成
2022-10-23 17:45:07	INFO	initialize/server.go:55	server/initialize.InitializeRunServer	Shutting down server...
2022-10-23 17:45:07	INFO	initialize/server.go:65	server/initialize.InitializeRunServer	Server exiting!
2022-10-23 17:45:10	INFO	initialize/logger.go:106	server/initialize.InitLogger	初始化zap日志完成!
2022-10-23 17:45:11	INFO	initialize/redis.go:22	server/initialize.InitRedis	初始化redis数据库完成!
2022-10-23 17:45:11	INFO	initialize/mysql.go:62	server/initialize.InitMysql	初始化mysql数据库完成!
2022-10-23 17:45:11	INFO	initialize/casbin.go:20	server/initialize.InitCasbinEnforcer	初始化Casbin完成!
2022-10-23 17:45:11	INFO	router/router.go:45	server/app/router.InitRouter	初始化路由完成！
2022-10-23 17:45:11	INFO	initialize/server.go:46	server/initialize.InitializeRunServer	服务启动完成
2022-10-23 18:29:08	INFO	initialize/server.go:55	server/initialize.InitializeRunServer	Shutting down server...
2022-10-23 18:29:08	INFO	initialize/server.go:65	server/initialize.InitializeRunServer	Server exiting!
2022-10-23 18:29:11	INFO	initialize/logger.go:106	server/initialize.InitLogger	初始化zap日志完成!
2022-10-23 18:29:11	INFO	initialize/redis.go:22	server/initialize.InitRedis	初始化redis数据库完成!
2022-10-23 18:29:11	INFO	initialize/mysql.go:62	server/initialize.InitMysql	初始化mysql数据库完成!
2022-10-23 18:29:11	INFO	initialize/casbin.go:20	server/initialize.InitCasbinEnforcer	初始化Casbin完成!
2022-10-23 18:29:11	INFO	router/router.go:45	server/app/router.InitRouter	初始化路由完成！
2022-10-23 18:29:11	INFO	initialize/server.go:46	server/initialize.InitializeRunServer	服务启动完成
2022-10-23 18:29:52	INFO	initialize/server.go:55	server/initialize.InitializeRunServer	Shutting down server...
2022-10-23 18:29:52	INFO	initialize/server.go:65	server/initialize.InitializeRunServer	Server exiting!
2022-10-23 18:29:55	INFO	initialize/logger.go:106	server/initialize.InitLogger	初始化zap日志完成!
2022-10-23 18:29:55	INFO	initialize/redis.go:22	server/initialize.InitRedis	初始化redis数据库完成!
2022-10-23 18:29:55	INFO	initialize/mysql.go:62	server/initialize.InitMysql	初始化mysql数据库完成!
2022-10-23 18:29:56	INFO	initialize/casbin.go:20	server/initialize.InitCasbinEnforcer	初始化Casbin完成!
2022-10-23 18:29:56	INFO	router/router.go:45	server/app/router.InitRouter	初始化路由完成！
2022-10-23 18:29:56	INFO	initialize/server.go:46	server/initialize.InitializeRunServer	服务启动完成
2022-10-23 20:03:48	INFO	initialize/server.go:55	server/initialize.InitializeRunServer	Shutting down server...
2022-10-23 20:03:48	INFO	initialize/server.go:65	server/initialize.InitializeRunServer	Server exiting!
2022-10-23 20:03:52	INFO	initialize/logger.go:106	server/initialize.InitLogger	初始化zap日志完成!
2022-10-23 20:03:52	INFO	initialize/redis.go:22	server/initialize.InitRedis	初始化redis数据库完成!
2022-10-23 20:03:52	INFO	initialize/mysql.go:62	server/initialize.InitMysql	初始化mysql数据库完成!
2022-10-23 20:03:52	INFO	initialize/casbin.go:20	server/initialize.InitCasbinEnforcer	初始化Casbin完成!
2022-10-23 20:03:52	INFO	router/router.go:45	server/app/router.InitRouter	初始化路由完成！
2022-10-23 20:03:52	INFO	initialize/server.go:46	server/initialize.InitializeRunServer	服务启动完成
2022-10-23 20:04:08	INFO	initialize/server.go:55	server/initialize.InitializeRunServer	Shutting down server...
2022-10-23 20:04:08	INFO	initialize/server.go:65	server/initialize.InitializeRunServer	Server exiting!
2022-10-23 20:04:11	INFO	initialize/logger.go:106	server/initialize.InitLogger	初始化zap日志完成!
2022-10-23 20:04:11	INFO	initialize/redis.go:22	server/initialize.InitRedis	初始化redis数据库完成!
2022-10-23 20:04:12	INFO	initialize/mysql.go:62	server/initialize.InitMysql	初始化mysql数据库完成!
2022-10-23 20:04:12	INFO	initialize/casbin.go:20	server/initialize.InitCasbinEnforcer	初始化Casbin完成!
2022-10-23 20:04:12	INFO	router/router.go:45	server/app/router.InitRouter	初始化路由完成！
2022-10-23 20:04:12	INFO	initialize/server.go:46	server/initialize.InitializeRunServer	服务启动完成
2022-10-23 20:44:43	INFO	initialize/server.go:55	server/initialize.InitializeRunServer	Shutting down server...
2022-10-23 20:44:43	INFO	initialize/server.go:65	server/initialize.InitializeRunServer	Server exiting!
2022-10-23 20:44:47	INFO	initialize/logger.go:106	server/initialize.InitLogger	初始化zap日志完成!
2022-10-23 20:44:47	INFO	initialize/redis.go:22	server/initialize.InitRedis	初始化redis数据库完成!
2022-10-23 20:44:47	INFO	initialize/mysql.go:62	server/initialize.InitMysql	初始化mysql数据库完成!
2022-10-23 20:44:47	INFO	initialize/casbin.go:20	server/initialize.InitCasbinEnforcer	初始化Casbin完成!
2022-10-23 20:44:47	INFO	router/router.go:45	server/app/router.InitRouter	初始化路由完成！
2022-10-23 20:44:47	INFO	initialize/server.go:46	server/initialize.InitializeRunServer	服务启动完成
2022-10-23 20:58:15	INFO	initialize/server.go:55	server/initialize.InitializeRunServer	Shutting down server...
2022-10-23 20:58:15	INFO	initialize/server.go:65	server/initialize.InitializeRunServer	Server exiting!
2022-10-23 20:58:19	INFO	initialize/logger.go:106	server/initialize.InitLogger	初始化zap日志完成!
2022-10-23 20:58:19	INFO	initialize/redis.go:22	server/initialize.InitRedis	初始化redis数据库完成!
2022-10-23 20:58:19	INFO	initialize/mysql.go:62	server/initialize.InitMysql	初始化mysql数据库完成!
2022-10-23 20:58:19	INFO	initialize/casbin.go:20	server/initialize.InitCasbinEnforcer	初始化Casbin完成!
2022-10-23 20:58:19	INFO	router/router.go:45	server/app/router.InitRouter	初始化路由完成！
2022-10-23 20:58:19	INFO	initialize/server.go:46	server/initialize.InitializeRunServer	服务启动完成
2022-10-23 21:15:23	INFO	initialize/server.go:55	server/initialize.InitializeRunServer	Shutting down server...
2022-10-23 21:15:23	INFO	initialize/server.go:65	server/initialize.InitializeRunServer	Server exiting!
2022-10-23 21:15:27	INFO	initialize/logger.go:106	server/initialize.InitLogger	初始化zap日志完成!
2022-10-23 21:15:27	INFO	initialize/redis.go:22	server/initialize.InitRedis	初始化redis数据库完成!
2022-10-23 21:15:27	INFO	initialize/mysql.go:62	server/initialize.InitMysql	初始化mysql数据库完成!
2022-10-23 21:15:27	INFO	initialize/casbin.go:20	server/initialize.InitCasbinEnforcer	初始化Casbin完成!
2022-10-23 21:15:27	INFO	router/router.go:45	server/app/router.InitRouter	初始化路由完成！
2022-10-23 21:15:27	INFO	initialize/server.go:46	server/initialize.InitializeRunServer	服务启动完成
2022-10-23 21:16:30	INFO	initialize/server.go:55	server/initialize.InitializeRunServer	Shutting down server...
2022-10-23 21:16:30	INFO	initialize/server.go:65	server/initialize.InitializeRunServer	Server exiting!
2022-10-23 21:16:34	INFO	initialize/logger.go:106	server/initialize.InitLogger	初始化zap日志完成!
2022-10-23 21:16:34	INFO	initialize/redis.go:22	server/initialize.InitRedis	初始化redis数据库完成!
2022-10-23 21:16:34	INFO	initialize/mysql.go:62	server/initialize.InitMysql	初始化mysql数据库完成!
2022-10-23 21:16:34	INFO	initialize/casbin.go:20	server/initialize.InitCasbinEnforcer	初始化Casbin完成!
2022-10-23 21:16:34	INFO	router/router.go:45	server/app/router.InitRouter	初始化路由完成！
2022-10-23 21:16:34	INFO	initialize/server.go:46	server/initialize.InitializeRunServer	服务启动完成
2022-10-23 21:17:16	INFO	initialize/server.go:55	server/initialize.InitializeRunServer	Shutting down server...
2022-10-23 21:17:16	INFO	initialize/server.go:65	server/initialize.InitializeRunServer	Server exiting!
2022-10-23 21:17:25	INFO	initialize/logger.go:106	server/initialize.InitLogger	初始化zap日志完成!
2022-10-23 21:17:25	INFO	initialize/redis.go:22	server/initialize.InitRedis	初始化redis数据库完成!
2022-10-23 21:17:25	INFO	initialize/mysql.go:62	server/initialize.InitMysql	初始化mysql数据库完成!
2022-10-23 21:17:25	INFO	initialize/casbin.go:20	server/initialize.InitCasbinEnforcer	初始化Casbin完成!
2022-10-23 21:17:25	INFO	router/router.go:45	server/app/router.InitRouter	初始化路由完成！
2022-10-23 21:17:25	INFO	initialize/server.go:46	server/initialize.InitializeRunServer	服务启动完成
2022-10-23 21:25:10	DEBUG	middleware/auth.go:120	server/middleware.unauthorized	JWT认证失败, 错误码: 401, 错误信息: Key: 'RegisterAndLoginRequest.code' Error:Field validation for 'code' failed on the 'required' tag
2022-10-23 21:25:24	DEBUG	middleware/auth.go:120	server/middleware.unauthorized	JWT认证失败, 错误码: 401, 错误信息: Key: 'RegisterAndLoginRequest.code' Error:Field validation for 'code' failed on the 'required' tag
2022-10-23 21:26:35	DEBUG	middleware/auth.go:120	server/middleware.unauthorized	JWT认证失败, 错误码: 401, 错误信息: Key: 'RegisterAndLoginRequest.code' Error:Field validation for 'code' failed on the 'required' tag
2022-10-23 21:42:54	INFO	initialize/server.go:55	server/initialize.InitializeRunServer	Shutting down server...
2022-10-23 21:42:54	INFO	initialize/server.go:65	server/initialize.InitializeRunServer	Server exiting!
2022-10-23 21:42:58	INFO	initialize/logger.go:106	server/initialize.InitLogger	初始化zap日志完成!
2022-10-23 21:42:58	INFO	initialize/redis.go:22	server/initialize.InitRedis	初始化redis数据库完成!
2022-10-23 21:42:58	INFO	initialize/mysql.go:62	server/initialize.InitMysql	初始化mysql数据库完成!
2022-10-23 21:42:58	INFO	initialize/casbin.go:20	server/initialize.InitCasbinEnforcer	初始化Casbin完成!
2022-10-23 21:42:58	INFO	router/router.go:45	server/app/router.InitRouter	初始化路由完成！
2022-10-23 21:42:58	INFO	initialize/server.go:46	server/initialize.InitializeRunServer	服务启动完成
2022-10-23 21:47:58	INFO	initialize/server.go:55	server/initialize.InitializeRunServer	Shutting down server...
2022-10-23 21:47:58	INFO	initialize/server.go:65	server/initialize.InitializeRunServer	Server exiting!
2022-10-23 21:48:02	INFO	initialize/logger.go:106	server/initialize.InitLogger	初始化zap日志完成!
2022-10-23 21:48:02	INFO	initialize/redis.go:22	server/initialize.InitRedis	初始化redis数据库完成!
2022-10-23 21:48:02	INFO	initialize/mysql.go:62	server/initialize.InitMysql	初始化mysql数据库完成!
2022-10-23 21:48:02	INFO	initialize/casbin.go:20	server/initialize.InitCasbinEnforcer	初始化Casbin完成!
2022-10-23 21:48:02	INFO	router/router.go:45	server/app/router.InitRouter	初始化路由完成！
2022-10-23 21:48:02	INFO	initialize/server.go:46	server/initialize.InitializeRunServer	服务启动完成
2022-10-23 21:53:35	INFO	initialize/server.go:55	server/initialize.InitializeRunServer	Shutting down server...
2022-10-23 21:53:35	INFO	initialize/server.go:65	server/initialize.InitializeRunServer	Server exiting!
2022-10-23 21:53:39	INFO	initialize/logger.go:106	server/initialize.InitLogger	初始化zap日志完成!
2022-10-23 21:53:39	INFO	initialize/redis.go:22	server/initialize.InitRedis	初始化redis数据库完成!
2022-10-23 21:53:39	INFO	initialize/mysql.go:62	server/initialize.InitMysql	初始化mysql数据库完成!
2022-10-23 21:53:39	INFO	initialize/casbin.go:20	server/initialize.InitCasbinEnforcer	初始化Casbin完成!
2022-10-23 21:53:39	INFO	router/router.go:45	server/app/router.InitRouter	初始化路由完成！
2022-10-23 21:53:39	INFO	initialize/server.go:46	server/initialize.InitializeRunServer	服务启动完成
2022-10-23 21:56:12	INFO	initialize/server.go:55	server/initialize.InitializeRunServer	Shutting down server...
2022-10-23 21:56:12	INFO	initialize/server.go:65	server/initialize.InitializeRunServer	Server exiting!
2022-10-23 21:56:16	INFO	initialize/logger.go:106	server/initialize.InitLogger	初始化zap日志完成!
2022-10-23 21:56:16	INFO	initialize/redis.go:22	server/initialize.InitRedis	初始化redis数据库完成!
2022-10-23 21:56:16	INFO	initialize/mysql.go:62	server/initialize.InitMysql	初始化mysql数据库完成!
2022-10-23 21:56:16	INFO	initialize/casbin.go:20	server/initialize.InitCasbinEnforcer	初始化Casbin完成!
2022-10-23 21:56:16	INFO	router/router.go:45	server/app/router.InitRouter	初始化路由完成！
2022-10-23 21:56:16	INFO	initialize/server.go:46	server/initialize.InitializeRunServer	服务启动完成
2022-10-23 22:14:40	INFO	initialize/server.go:55	server/initialize.InitializeRunServer	Shutting down server...
2022-10-23 22:14:40	INFO	initialize/server.go:65	server/initialize.InitializeRunServer	Server exiting!
2022-10-23 22:14:45	INFO	initialize/logger.go:106	server/initialize.InitLogger	初始化zap日志完成!
2022-10-23 22:14:45	INFO	initialize/redis.go:22	server/initialize.InitRedis	初始化redis数据库完成!
2022-10-23 22:14:45	INFO	initialize/mysql.go:62	server/initialize.InitMysql	初始化mysql数据库完成!
2022-10-23 22:14:45	INFO	initialize/casbin.go:20	server/initialize.InitCasbinEnforcer	初始化Casbin完成!
2022-10-23 22:14:45	INFO	router/router.go:45	server/app/router.InitRouter	初始化路由完成！
2022-10-23 22:14:45	INFO	initialize/server.go:46	server/initialize.InitializeRunServer	服务启动完成
2022-10-23 22:14:49	DEBUG	middleware/auth.go:120	server/middleware.unauthorized	JWT认证失败, 错误码: 401, 错误信息: 验证码错误
2022-10-23 22:15:07	DEBUG	middleware/auth.go:120	server/middleware.unauthorized	JWT认证失败, 错误码: 401, 错误信息: 验证码错误
2022-10-23 22:16:11	INFO	initialize/server.go:55	server/initialize.InitializeRunServer	Shutting down server...
2022-10-23 22:16:11	INFO	initialize/server.go:65	server/initialize.InitializeRunServer	Server exiting!
2022-10-23 22:16:14	INFO	initialize/logger.go:106	server/initialize.InitLogger	初始化zap日志完成!
2022-10-23 22:16:14	INFO	initialize/redis.go:22	server/initialize.InitRedis	初始化redis数据库完成!
2022-10-23 22:16:14	INFO	initialize/mysql.go:62	server/initialize.InitMysql	初始化mysql数据库完成!
2022-10-23 22:16:14	INFO	initialize/casbin.go:20	server/initialize.InitCasbinEnforcer	初始化Casbin完成!
2022-10-23 22:16:14	INFO	router/router.go:45	server/app/router.InitRouter	初始化路由完成！
2022-10-23 22:16:14	INFO	initialize/server.go:46	server/initialize.InitializeRunServer	服务启动完成
2022-10-23 22:16:18	DEBUG	middleware/auth.go:120	server/middleware.unauthorized	JWT认证失败, 错误码: 401, 错误信息: 验证码错误
2022-10-23 22:17:09	DEBUG	middleware/auth.go:120	server/middleware.unauthorized	JWT认证失败, 错误码: 401, 错误信息: 验证码错误
2022-10-23 22:18:04	INFO	initialize/server.go:55	server/initialize.InitializeRunServer	Shutting down server...
2022-10-23 22:18:04	INFO	initialize/server.go:65	server/initialize.InitializeRunServer	Server exiting!
2022-10-23 22:18:07	INFO	initialize/logger.go:106	server/initialize.InitLogger	初始化zap日志完成!
2022-10-23 22:18:07	INFO	initialize/redis.go:22	server/initialize.InitRedis	初始化redis数据库完成!
2022-10-23 22:18:07	INFO	initialize/mysql.go:62	server/initialize.InitMysql	初始化mysql数据库完成!
2022-10-23 22:18:08	INFO	initialize/casbin.go:20	server/initialize.InitCasbinEnforcer	初始化Casbin完成!
2022-10-23 22:18:08	INFO	router/router.go:45	server/app/router.InitRouter	初始化路由完成！
2022-10-23 22:18:08	INFO	initialize/server.go:46	server/initialize.InitializeRunServer	服务启动完成
2022-10-23 22:18:11	DEBUG	middleware/auth.go:117	server/middleware.unauthorized	JWT认证失败, 错误码: 401, 错误信息: 验证码错误
2022-10-23 22:19:59	INFO	initialize/server.go:55	server/initialize.InitializeRunServer	Shutting down server...
2022-10-23 22:19:59	INFO	initialize/server.go:65	server/initialize.InitializeRunServer	Server exiting!
2022-10-23 22:20:02	INFO	initialize/logger.go:106	server/initialize.InitLogger	初始化zap日志完成!
2022-10-23 22:20:02	INFO	initialize/redis.go:22	server/initialize.InitRedis	初始化redis数据库完成!
2022-10-23 22:20:02	INFO	initialize/mysql.go:62	server/initialize.InitMysql	初始化mysql数据库完成!
2022-10-23 22:20:02	INFO	initialize/casbin.go:20	server/initialize.InitCasbinEnforcer	初始化Casbin完成!
2022-10-23 22:20:02	INFO	router/router.go:45	server/app/router.InitRouter	初始化路由完成！
2022-10-23 22:20:02	INFO	initialize/server.go:46	server/initialize.InitializeRunServer	服务启动完成
2022-10-23 22:20:44	DEBUG	middleware/auth.go:117	server/middleware.unauthorized	JWT认证失败, 错误码: 401, 错误信息: 验证码错误
2022-10-23 22:23:09	INFO	initialize/server.go:55	server/initialize.InitializeRunServer	Shutting down server...
2022-10-23 22:23:09	INFO	initialize/server.go:65	server/initialize.InitializeRunServer	Server exiting!
2022-10-23 22:23:14	INFO	initialize/logger.go:106	server/initialize.InitLogger	初始化zap日志完成!
2022-10-23 22:23:14	INFO	initialize/redis.go:22	server/initialize.InitRedis	初始化redis数据库完成!
2022-10-23 22:23:14	INFO	initialize/mysql.go:62	server/initialize.InitMysql	初始化mysql数据库完成!
2022-10-23 22:23:14	INFO	initialize/casbin.go:20	server/initialize.InitCasbinEnforcer	初始化Casbin完成!
2022-10-23 22:23:14	INFO	router/router.go:45	server/app/router.InitRouter	初始化路由完成！
2022-10-23 22:23:14	INFO	initialize/server.go:46	server/initialize.InitializeRunServer	服务启动完成
2022-10-23 22:23:17	DEBUG	middleware/auth.go:117	server/middleware.unauthorized	JWT认证失败, 错误码: 401, 错误信息: 验证码错误
2022-10-23 22:23:34	DEBUG	middleware/auth.go:117	server/middleware.unauthorized	JWT认证失败, 错误码: 401, 错误信息: 密码错误
2022-10-23 22:25:24	INFO	initialize/server.go:55	server/initialize.InitializeRunServer	Shutting down server...
2022-10-23 22:25:24	INFO	initialize/server.go:65	server/initialize.InitializeRunServer	Server exiting!
2022-10-23 22:25:28	INFO	initialize/logger.go:106	server/initialize.InitLogger	初始化zap日志完成!
2022-10-23 22:25:28	INFO	initialize/redis.go:22	server/initialize.InitRedis	初始化redis数据库完成!
2022-10-23 22:25:28	INFO	initialize/mysql.go:62	server/initialize.InitMysql	初始化mysql数据库完成!
2022-10-23 22:25:29	INFO	initialize/casbin.go:20	server/initialize.InitCasbinEnforcer	初始化Casbin完成!
2022-10-23 22:25:29	INFO	router/router.go:45	server/app/router.InitRouter	初始化路由完成！
2022-10-23 22:25:29	INFO	initialize/server.go:46	server/initialize.InitializeRunServer	服务启动完成
2022-10-23 22:25:54	DEBUG	middleware/auth.go:114	server/middleware.unauthorized	JWT认证失败, 错误码: 401, 错误信息: 验证码错误
2022-10-23 22:25:56	DEBUG	middleware/auth.go:114	server/middleware.unauthorized	JWT认证失败, 错误码: 401, 错误信息: 验证码错误
2022-10-23 22:27:52	INFO	initialize/server.go:55	server/initialize.InitializeRunServer	Shutting down server...
2022-10-23 22:27:52	INFO	initialize/server.go:65	server/initialize.InitializeRunServer	Server exiting!
2022-10-23 22:27:55	INFO	initialize/logger.go:106	server/initialize.InitLogger	初始化zap日志完成!
2022-10-23 22:27:55	INFO	initialize/redis.go:22	server/initialize.InitRedis	初始化redis数据库完成!
2022-10-23 22:27:55	INFO	initialize/mysql.go:62	server/initialize.InitMysql	初始化mysql数据库完成!
2022-10-23 22:27:55	INFO	initialize/casbin.go:20	server/initialize.InitCasbinEnforcer	初始化Casbin完成!
2022-10-23 22:27:55	INFO	router/router.go:45	server/app/router.InitRouter	初始化路由完成！
2022-10-23 22:27:55	INFO	initialize/server.go:46	server/initialize.InitializeRunServer	服务启动完成
2022-10-23 22:37:22	DEBUG	middleware/auth.go:114	server/middleware.unauthorized	JWT认证失败, 错误码: 401, 错误信息: 验证码错误
2022-10-23 22:37:41	DEBUG	middleware/auth.go:114	server/middleware.unauthorized	JWT认证失败, 错误码: 401, 错误信息: 验证码错误
2022-10-23 22:37:50	DEBUG	middleware/auth.go:114	server/middleware.unauthorized	JWT认证失败, 错误码: 401, 错误信息: 验证码错误
2022-10-23 22:53:34	INFO	initialize/server.go:55	server/initialize.InitializeRunServer	Shutting down server...
2022-10-23 22:53:34	INFO	initialize/server.go:65	server/initialize.InitializeRunServer	Server exiting!
