2023-03-13 14:03:37	INFO	initialize/logger.go:106	server/initialize.InitLogger	初始化zap日志完成!
2023-03-13 14:03:46	INFO	initialize/redis.go:22	server/initialize.InitRedis	初始化redis数据库完成!
2023-03-13 14:04:52	INFO	initialize/logger.go:106	server/initialize.InitLogger	初始化zap日志完成!
2023-03-13 14:04:52	INFO	initialize/redis.go:22	server/initialize.InitRedis	初始化redis数据库完成!
2023-03-13 14:05:29	INFO	initialize/logger.go:106	server/initialize.InitLogger	初始化zap日志完成!
2023-03-13 14:05:29	INFO	initialize/redis.go:22	server/initialize.InitRedis	初始化redis数据库完成!
2023-03-13 14:05:51	INFO	initialize/logger.go:106	server/initialize.InitLogger	初始化zap日志完成!
2023-03-13 14:05:51	INFO	initialize/redis.go:22	server/initialize.InitRedis	初始化redis数据库完成!
2023-03-13 14:05:51	INFO	initialize/mysql.go:62	server/initialize.InitMysql	初始化mysql数据库完成!
2023-03-13 14:05:52	INFO	initialize/casbin.go:20	server/initialize.InitCasbinEnforcer	初始化Casbin完成!
2023-03-13 14:05:52	INFO	router/router.go:49	server/app/router.InitRouter	初始化路由完成！
2023-03-13 14:05:52	INFO	initialize/server.go:46	server/initialize.InitRun	服务启动完成
2023-03-13 14:33:08	INFO	initialize/server.go:55	server/initialize.InitRun	Shutting down server...
2023-03-13 14:33:08	INFO	initialize/server.go:65	server/initialize.InitRun	Server exiting!
2023-03-13 14:41:23	INFO	initialize/logger.go:106	server/initialize.InitLogger	初始化zap日志完成!
2023-03-13 14:41:23	INFO	initialize/redis.go:22	server/initialize.InitRedis	初始化redis数据库完成!
2023-03-13 14:41:23	INFO	initialize/mysql.go:62	server/initialize.InitMysql	初始化mysql数据库完成!
2023-03-13 14:41:23	INFO	initialize/casbin.go:20	server/initialize.InitCasbinEnforcer	初始化Casbin完成!
2023-03-13 14:41:23	INFO	router/router.go:49	server/app/router.InitRouter	初始化路由完成！
2023-03-13 14:41:23	INFO	initialize/server.go:46	server/initialize.InitRun	服务启动完成
2023-03-13 14:44:07	INFO	initialize/server.go:55	server/initialize.InitRun	Shutting down server...
2023-03-13 14:44:07	INFO	initialize/server.go:65	server/initialize.InitRun	Server exiting!
2023-03-13 14:44:11	INFO	initialize/logger.go:106	server/initialize.InitLogger	初始化zap日志完成!
2023-03-13 14:44:11	INFO	initialize/redis.go:22	server/initialize.InitRedis	初始化redis数据库完成!
2023-03-13 14:44:11	INFO	initialize/mysql.go:62	server/initialize.InitMysql	初始化mysql数据库完成!
2023-03-13 14:44:11	INFO	initialize/casbin.go:20	server/initialize.InitCasbinEnforcer	初始化Casbin完成!
2023-03-13 14:44:11	INFO	router/router.go:49	server/app/router.InitRouter	初始化路由完成！
2023-03-13 14:44:11	INFO	initialize/server.go:46	server/initialize.InitRun	服务启动完成
2023-03-13 14:45:44	INFO	initialize/server.go:55	server/initialize.InitRun	Shutting down server...
2023-03-13 14:45:44	INFO	initialize/server.go:65	server/initialize.InitRun	Server exiting!
2023-03-13 14:45:49	INFO	initialize/logger.go:106	server/initialize.InitLogger	初始化zap日志完成!
2023-03-13 14:45:49	INFO	initialize/redis.go:22	server/initialize.InitRedis	初始化redis数据库完成!
2023-03-13 14:45:49	INFO	initialize/mysql.go:62	server/initialize.InitMysql	初始化mysql数据库完成!
2023-03-13 14:45:49	INFO	initialize/casbin.go:20	server/initialize.InitCasbinEnforcer	初始化Casbin完成!
2023-03-13 14:45:49	INFO	router/router.go:49	server/app/router.InitRouter	初始化路由完成！
2023-03-13 14:45:49	INFO	initialize/server.go:46	server/initialize.InitRun	服务启动完成
2023-03-13 14:54:38	INFO	initialize/server.go:55	server/initialize.InitRun	Shutting down server...
2023-03-13 14:54:38	INFO	initialize/server.go:65	server/initialize.InitRun	Server exiting!
2023-03-13 14:54:43	INFO	initialize/logger.go:106	server/initialize.InitLogger	初始化zap日志完成!
2023-03-13 14:54:43	INFO	initialize/redis.go:22	server/initialize.InitRedis	初始化redis数据库完成!
2023-03-13 14:54:43	INFO	initialize/mysql.go:62	server/initialize.InitMysql	初始化mysql数据库完成!
2023-03-13 14:54:43	INFO	initialize/casbin.go:20	server/initialize.InitCasbinEnforcer	初始化Casbin完成!
2023-03-13 14:54:43	INFO	router/router.go:49	server/app/router.InitRouter	初始化路由完成！
2023-03-13 14:54:43	INFO	initialize/server.go:46	server/initialize.InitRun	服务启动完成
2023-03-13 14:56:17	INFO	initialize/server.go:55	server/initialize.InitRun	Shutting down server...
2023-03-13 14:56:17	INFO	initialize/server.go:65	server/initialize.InitRun	Server exiting!
2023-03-13 15:35:05	INFO	initialize/logger.go:106	server/initialize.InitLogger	初始化zap日志完成!
2023-03-13 15:35:05	INFO	initialize/redis.go:22	server/initialize.InitRedis	初始化redis数据库完成!
2023-03-13 15:35:05	INFO	initialize/mysql.go:62	server/initialize.InitMysql	初始化mysql数据库完成!
2023-03-13 15:35:05	INFO	initialize/casbin.go:20	server/initialize.InitCasbinEnforcer	初始化Casbin完成!
2023-03-13 15:35:05	INFO	router/router.go:49	server/app/router.InitRouter	初始化路由完成！
2023-03-13 15:35:05	INFO	initialize/server.go:46	server/initialize.InitRun	服务启动完成
2023-03-14 12:38:09	INFO	initialize/server.go:55	server/initialize.InitRun	Shutting down server...
2023-03-14 12:38:09	INFO	initialize/server.go:65	server/initialize.InitRun	Server exiting!
