2023-01-19 13:03:37	INFO	initialize/logger.go:106	server/initialize.InitLogger	初始化zap日志完成!
2023-01-19 13:03:37	INFO	initialize/redis.go:22	server/initialize.InitRedis	初始化redis数据库完成!
2023-01-19 13:03:37	INFO	initialize/mysql.go:62	server/initialize.InitMysql	初始化mysql数据库完成!
2023-01-19 13:03:38	INFO	initialize/casbin.go:20	server/initialize.InitCasbinEnforcer	初始化Casbin完成!
2023-01-19 13:03:38	INFO	router/router.go:46	server/app/router.InitRouter	初始化路由完成！
2023-01-19 13:03:38	INFO	initialize/server.go:46	server/initialize.InitRun	服务启动完成
2023-01-19 13:03:44	INFO	initialize/server.go:55	server/initialize.InitRun	Shutting down server...
2023-01-19 13:03:44	INFO	initialize/server.go:65	server/initialize.InitRun	Server exiting!
2023-01-19 13:03:49	INFO	initialize/logger.go:106	server/initialize.InitLogger	初始化zap日志完成!
2023-01-19 13:03:49	INFO	initialize/redis.go:22	server/initialize.InitRedis	初始化redis数据库完成!
2023-01-19 13:03:50	INFO	initialize/mysql.go:62	server/initialize.InitMysql	初始化mysql数据库完成!
2023-01-19 13:03:50	INFO	initialize/casbin.go:20	server/initialize.InitCasbinEnforcer	初始化Casbin完成!
2023-01-19 13:03:50	INFO	router/router.go:47	server/app/router.InitRouter	初始化路由完成！
2023-01-19 13:03:50	INFO	initialize/server.go:46	server/initialize.InitRun	服务启动完成
2023-01-19 13:08:35	INFO	initialize/server.go:55	server/initialize.InitRun	Shutting down server...
2023-01-19 13:08:35	INFO	initialize/server.go:65	server/initialize.InitRun	Server exiting!
2023-01-19 13:08:40	INFO	initialize/logger.go:106	server/initialize.InitLogger	初始化zap日志完成!
2023-01-19 13:08:40	INFO	initialize/redis.go:22	server/initialize.InitRedis	初始化redis数据库完成!
2023-01-19 13:08:41	INFO	initialize/mysql.go:62	server/initialize.InitMysql	初始化mysql数据库完成!
2023-01-19 13:08:41	INFO	initialize/casbin.go:20	server/initialize.InitCasbinEnforcer	初始化Casbin完成!
2023-01-19 13:08:41	INFO	router/router.go:47	server/app/router.InitRouter	初始化路由完成！
2023-01-19 13:08:41	INFO	initialize/server.go:46	server/initialize.InitRun	服务启动完成
2023-01-19 13:11:05	INFO	initialize/server.go:55	server/initialize.InitRun	Shutting down server...
2023-01-19 13:11:05	INFO	initialize/server.go:65	server/initialize.InitRun	Server exiting!
2023-01-19 13:11:12	INFO	initialize/logger.go:106	server/initialize.InitLogger	初始化zap日志完成!
2023-01-19 13:11:12	INFO	initialize/redis.go:22	server/initialize.InitRedis	初始化redis数据库完成!
2023-01-19 13:11:12	INFO	initialize/mysql.go:62	server/initialize.InitMysql	初始化mysql数据库完成!
2023-01-19 13:11:13	INFO	initialize/casbin.go:20	server/initialize.InitCasbinEnforcer	初始化Casbin完成!
2023-01-19 13:11:13	INFO	router/router.go:47	server/app/router.InitRouter	初始化路由完成！
2023-01-19 13:11:13	INFO	initialize/server.go:46	server/initialize.InitRun	服务启动完成
2023-01-19 13:11:53	INFO	initialize/server.go:55	server/initialize.InitRun	Shutting down server...
2023-01-19 13:11:53	INFO	initialize/server.go:65	server/initialize.InitRun	Server exiting!
2023-01-19 13:11:57	INFO	initialize/logger.go:106	server/initialize.InitLogger	初始化zap日志完成!
2023-01-19 13:11:57	INFO	initialize/redis.go:22	server/initialize.InitRedis	初始化redis数据库完成!
2023-01-19 13:11:58	INFO	initialize/mysql.go:62	server/initialize.InitMysql	初始化mysql数据库完成!
2023-01-19 13:11:58	INFO	initialize/casbin.go:20	server/initialize.InitCasbinEnforcer	初始化Casbin完成!
2023-01-19 13:11:58	INFO	router/router.go:47	server/app/router.InitRouter	初始化路由完成！
2023-01-19 13:11:58	INFO	initialize/server.go:46	server/initialize.InitRun	服务启动完成
2023-01-19 13:16:40	INFO	initialize/server.go:55	server/initialize.InitRun	Shutting down server...
2023-01-19 13:16:40	INFO	initialize/server.go:65	server/initialize.InitRun	Server exiting!
2023-01-19 13:16:45	INFO	initialize/logger.go:106	server/initialize.InitLogger	初始化zap日志完成!
2023-01-19 13:16:55	INFO	initialize/logger.go:106	server/initialize.InitLogger	初始化zap日志完成!
2023-01-19 13:17:08	INFO	initialize/logger.go:106	server/initialize.InitLogger	初始化zap日志完成!
2023-01-19 13:17:28	INFO	initialize/redis.go:22	server/initialize.InitRedis	初始化redis数据库完成!
2023-01-19 13:17:39	INFO	initialize/logger.go:106	server/initialize.InitLogger	初始化zap日志完成!
2023-01-19 13:18:57	INFO	initialize/logger.go:106	server/initialize.InitLogger	初始化zap日志完成!
2023-01-19 13:18:57	INFO	initialize/redis.go:22	server/initialize.InitRedis	初始化redis数据库完成!
2023-01-19 13:18:58	INFO	initialize/mysql.go:62	server/initialize.InitMysql	初始化mysql数据库完成!
2023-01-19 13:18:58	INFO	initialize/casbin.go:20	server/initialize.InitCasbinEnforcer	初始化Casbin完成!
2023-01-19 13:18:58	INFO	router/router.go:47	server/app/router.InitRouter	初始化路由完成！
2023-01-19 13:18:58	INFO	initialize/server.go:46	server/initialize.InitRun	服务启动完成
2023-01-19 13:19:29	INFO	initialize/server.go:55	server/initialize.InitRun	Shutting down server...
2023-01-19 13:19:29	INFO	initialize/server.go:65	server/initialize.InitRun	Server exiting!
2023-01-19 16:57:50	INFO	initialize/logger.go:106	server/initialize.InitLogger	初始化zap日志完成!
2023-01-19 16:57:50	INFO	initialize/redis.go:22	server/initialize.InitRedis	初始化redis数据库完成!
2023-01-19 16:57:50	INFO	initialize/mysql.go:62	server/initialize.InitMysql	初始化mysql数据库完成!
2023-01-19 16:57:51	INFO	initialize/casbin.go:20	server/initialize.InitCasbinEnforcer	初始化Casbin完成!
2023-01-19 16:57:51	INFO	router/router.go:47	server/app/router.InitRouter	初始化路由完成！
2023-01-19 16:57:51	INFO	initialize/server.go:46	server/initialize.InitRun	服务启动完成
2023-01-19 17:16:28	INFO	initialize/server.go:55	server/initialize.InitRun	Shutting down server...
2023-01-19 17:16:28	INFO	initialize/server.go:65	server/initialize.InitRun	Server exiting!
2023-01-19 17:17:06	INFO	initialize/logger.go:106	server/initialize.InitLogger	初始化zap日志完成!
2023-01-19 17:17:06	INFO	initialize/redis.go:22	server/initialize.InitRedis	初始化redis数据库完成!
2023-01-19 17:17:07	INFO	initialize/mysql.go:62	server/initialize.InitMysql	初始化mysql数据库完成!
2023-01-19 17:17:07	INFO	initialize/casbin.go:20	server/initialize.InitCasbinEnforcer	初始化Casbin完成!
2023-01-19 17:17:07	INFO	router/router.go:47	server/app/router.InitRouter	初始化路由完成！
2023-01-19 17:17:07	INFO	initialize/server.go:46	server/initialize.InitRun	服务启动完成
2023-01-19 17:21:46	INFO	initialize/server.go:55	server/initialize.InitRun	Shutting down server...
2023-01-19 17:21:46	INFO	initialize/server.go:65	server/initialize.InitRun	Server exiting!
2023-01-19 17:21:52	INFO	initialize/logger.go:106	server/initialize.InitLogger	初始化zap日志完成!
2023-01-19 17:21:52	INFO	initialize/redis.go:22	server/initialize.InitRedis	初始化redis数据库完成!
2023-01-19 17:21:52	INFO	initialize/mysql.go:62	server/initialize.InitMysql	初始化mysql数据库完成!
2023-01-19 17:21:53	INFO	initialize/casbin.go:20	server/initialize.InitCasbinEnforcer	初始化Casbin完成!
2023-01-19 17:21:53	INFO	router/router.go:47	server/app/router.InitRouter	初始化路由完成！
2023-01-19 17:21:53	INFO	initialize/server.go:46	server/initialize.InitRun	服务启动完成
2023-01-19 17:53:51	INFO	initialize/server.go:55	server/initialize.InitRun	Shutting down server...
2023-01-19 17:53:51	INFO	initialize/server.go:65	server/initialize.InitRun	Server exiting!
2023-01-19 17:53:57	INFO	initialize/logger.go:106	server/initialize.InitLogger	初始化zap日志完成!
2023-01-19 17:53:57	INFO	initialize/redis.go:22	server/initialize.InitRedis	初始化redis数据库完成!
2023-01-19 17:53:57	INFO	initialize/mysql.go:62	server/initialize.InitMysql	初始化mysql数据库完成!
2023-01-19 17:53:58	INFO	initialize/casbin.go:20	server/initialize.InitCasbinEnforcer	初始化Casbin完成!
2023-01-19 17:53:58	INFO	router/router.go:47	server/app/router.InitRouter	初始化路由完成！
2023-01-19 17:53:58	INFO	initialize/server.go:46	server/initialize.InitRun	服务启动完成
2023-01-19 17:54:33	INFO	initialize/server.go:55	server/initialize.InitRun	Shutting down server...
2023-01-19 17:54:33	INFO	initialize/server.go:65	server/initialize.InitRun	Server exiting!
2023-01-19 17:54:38	INFO	initialize/logger.go:106	server/initialize.InitLogger	初始化zap日志完成!
2023-01-19 17:54:38	INFO	initialize/redis.go:22	server/initialize.InitRedis	初始化redis数据库完成!
2023-01-19 17:54:39	INFO	initialize/mysql.go:62	server/initialize.InitMysql	初始化mysql数据库完成!
2023-01-19 17:54:39	INFO	initialize/casbin.go:20	server/initialize.InitCasbinEnforcer	初始化Casbin完成!
2023-01-19 17:54:39	INFO	router/router.go:47	server/app/router.InitRouter	初始化路由完成！
2023-01-19 17:54:39	INFO	initialize/server.go:46	server/initialize.InitRun	服务启动完成
2023-01-19 17:55:39	INFO	initialize/server.go:55	server/initialize.InitRun	Shutting down server...
2023-01-19 17:55:39	INFO	initialize/server.go:65	server/initialize.InitRun	Server exiting!
2023-01-19 17:55:44	INFO	initialize/logger.go:106	server/initialize.InitLogger	初始化zap日志完成!
2023-01-19 17:55:44	INFO	initialize/redis.go:22	server/initialize.InitRedis	初始化redis数据库完成!
2023-01-19 17:55:45	INFO	initialize/mysql.go:62	server/initialize.InitMysql	初始化mysql数据库完成!
2023-01-19 17:55:46	INFO	initialize/casbin.go:20	server/initialize.InitCasbinEnforcer	初始化Casbin完成!
2023-01-19 17:55:46	INFO	router/router.go:47	server/app/router.InitRouter	初始化路由完成！
2023-01-19 17:55:46	INFO	initialize/server.go:46	server/initialize.InitRun	服务启动完成
2023-01-19 18:33:39	INFO	initialize/server.go:55	server/initialize.InitRun	Shutting down server...
