2023-01-28 17:07:23	INFO	initialize/logger.go:106	server/initialize.InitLogger	初始化zap日志完成!
2023-01-28 17:07:23	INFO	initialize/redis.go:22	server/initialize.InitRedis	初始化redis数据库完成!
2023-01-28 17:07:23	INFO	initialize/mysql.go:62	server/initialize.InitMysql	初始化mysql数据库完成!
2023-01-28 17:07:24	INFO	initialize/casbin.go:20	server/initialize.InitCasbinEnforcer	初始化Casbin完成!
2023-01-28 17:07:24	INFO	router/router.go:51	server/app/router.InitRouter	初始化路由完成！
2023-01-28 17:07:24	INFO	initialize/server.go:46	server/initialize.InitRun	服务启动完成
2023-01-28 17:17:39	INFO	initialize/server.go:55	server/initialize.InitRun	Shutting down server...
2023-01-28 17:17:39	INFO	initialize/server.go:65	server/initialize.InitRun	Server exiting!
2023-01-28 17:18:16	INFO	initialize/logger.go:106	server/initialize.InitLogger	初始化zap日志完成!
2023-01-28 17:18:17	INFO	initialize/redis.go:22	server/initialize.InitRedis	初始化redis数据库完成!
2023-01-28 17:18:17	INFO	initialize/mysql.go:62	server/initialize.InitMysql	初始化mysql数据库完成!
2023-01-28 17:18:18	INFO	initialize/casbin.go:20	server/initialize.InitCasbinEnforcer	初始化Casbin完成!
2023-01-28 17:18:18	INFO	router/router.go:51	server/app/router.InitRouter	初始化路由完成！
2023-01-28 17:18:18	INFO	initialize/server.go:46	server/initialize.InitRun	服务启动完成
2023-01-28 17:27:07	INFO	initialize/server.go:55	server/initialize.InitRun	Shutting down server...
2023-01-28 17:27:07	INFO	initialize/server.go:65	server/initialize.InitRun	Server exiting!
2023-01-28 17:27:12	INFO	initialize/logger.go:106	server/initialize.InitLogger	初始化zap日志完成!
2023-01-28 17:27:12	INFO	initialize/redis.go:22	server/initialize.InitRedis	初始化redis数据库完成!
2023-01-28 17:27:12	INFO	initialize/mysql.go:62	server/initialize.InitMysql	初始化mysql数据库完成!
2023-01-28 17:27:13	INFO	initialize/casbin.go:20	server/initialize.InitCasbinEnforcer	初始化Casbin完成!
2023-01-28 17:27:13	INFO	router/router.go:51	server/app/router.InitRouter	初始化路由完成！
2023-01-28 17:27:13	INFO	initialize/server.go:46	server/initialize.InitRun	服务启动完成
2023-01-28 17:41:35	INFO	initialize/server.go:55	server/initialize.InitRun	Shutting down server...
2023-01-28 17:41:35	INFO	initialize/server.go:65	server/initialize.InitRun	Server exiting!
