2023-03-18 13:11:06	INFO	initialize/logger.go:106	server/initialize.InitLogger	初始化zap日志完成!
2023-03-18 13:11:06	INFO	initialize/redis.go:22	server/initialize.InitRedis	初始化redis数据库完成!
2023-03-18 13:11:06	INFO	initialize/mysql.go:62	server/initialize.InitMysql	初始化mysql数据库完成!
2023-03-18 13:11:06	INFO	initialize/casbin.go:20	server/initialize.InitCasbinEnforcer	初始化Casbin完成!
2023-03-18 13:11:06	INFO	router/router.go:49	server/app/router.InitRouter	初始化路由完成！
2023-03-18 13:11:06	INFO	initialize/server.go:46	server/initialize.InitRun	服务启动完成
2023-03-18 13:17:43	INFO	initialize/server.go:55	server/initialize.InitRun	Shutting down server...
2023-03-18 13:17:43	INFO	initialize/server.go:65	server/initialize.InitRun	Server exiting!
2023-03-18 13:17:46	INFO	initialize/logger.go:106	server/initialize.InitLogger	初始化zap日志完成!
2023-03-18 13:17:46	INFO	initialize/redis.go:22	server/initialize.InitRedis	初始化redis数据库完成!
2023-03-18 13:17:46	INFO	initialize/mysql.go:62	server/initialize.InitMysql	初始化mysql数据库完成!
2023-03-18 13:17:47	INFO	initialize/casbin.go:20	server/initialize.InitCasbinEnforcer	初始化Casbin完成!
2023-03-18 13:17:47	INFO	router/router.go:49	server/app/router.InitRouter	初始化路由完成！
2023-03-18 13:17:47	INFO	initialize/server.go:46	server/initialize.InitRun	服务启动完成
2023-03-18 13:19:31	INFO	initialize/server.go:55	server/initialize.InitRun	Shutting down server...
2023-03-18 13:19:31	INFO	initialize/server.go:65	server/initialize.InitRun	Server exiting!
2023-03-18 13:19:34	INFO	initialize/logger.go:106	server/initialize.InitLogger	初始化zap日志完成!
2023-03-18 13:19:34	INFO	initialize/redis.go:22	server/initialize.InitRedis	初始化redis数据库完成!
2023-03-18 13:19:34	INFO	initialize/mysql.go:62	server/initialize.InitMysql	初始化mysql数据库完成!
2023-03-18 13:19:34	INFO	initialize/casbin.go:20	server/initialize.InitCasbinEnforcer	初始化Casbin完成!
2023-03-18 13:19:35	INFO	router/router.go:49	server/app/router.InitRouter	初始化路由完成！
2023-03-18 13:19:35	INFO	initialize/server.go:46	server/initialize.InitRun	服务启动完成
2023-03-18 13:22:02	INFO	initialize/server.go:55	server/initialize.InitRun	Shutting down server...
2023-03-18 13:22:02	INFO	initialize/server.go:65	server/initialize.InitRun	Server exiting!
2023-03-18 13:22:06	INFO	initialize/logger.go:106	server/initialize.InitLogger	初始化zap日志完成!
2023-03-18 13:22:06	INFO	initialize/redis.go:22	server/initialize.InitRedis	初始化redis数据库完成!
2023-03-18 13:22:06	INFO	initialize/mysql.go:62	server/initialize.InitMysql	初始化mysql数据库完成!
2023-03-18 13:22:06	INFO	initialize/casbin.go:20	server/initialize.InitCasbinEnforcer	初始化Casbin完成!
2023-03-18 13:22:06	INFO	router/router.go:49	server/app/router.InitRouter	初始化路由完成！
2023-03-18 13:22:06	INFO	initialize/server.go:46	server/initialize.InitRun	服务启动完成
2023-03-18 13:22:32	INFO	initialize/server.go:55	server/initialize.InitRun	Shutting down server...
2023-03-18 13:22:32	INFO	initialize/server.go:65	server/initialize.InitRun	Server exiting!
2023-03-18 13:22:36	INFO	initialize/logger.go:106	server/initialize.InitLogger	初始化zap日志完成!
2023-03-18 13:22:36	INFO	initialize/redis.go:22	server/initialize.InitRedis	初始化redis数据库完成!
2023-03-18 13:22:36	INFO	initialize/mysql.go:62	server/initialize.InitMysql	初始化mysql数据库完成!
2023-03-18 13:22:36	INFO	initialize/casbin.go:20	server/initialize.InitCasbinEnforcer	初始化Casbin完成!
2023-03-18 13:22:36	INFO	router/router.go:49	server/app/router.InitRouter	初始化路由完成！
2023-03-18 13:22:36	INFO	initialize/server.go:46	server/initialize.InitRun	服务启动完成
2023-03-18 13:26:36	INFO	initialize/server.go:55	server/initialize.InitRun	Shutting down server...
2023-03-18 13:26:36	INFO	initialize/server.go:65	server/initialize.InitRun	Server exiting!
2023-03-18 13:26:40	INFO	initialize/logger.go:106	server/initialize.InitLogger	初始化zap日志完成!
2023-03-18 13:26:40	INFO	initialize/redis.go:22	server/initialize.InitRedis	初始化redis数据库完成!
2023-03-18 13:26:40	INFO	initialize/mysql.go:62	server/initialize.InitMysql	初始化mysql数据库完成!
2023-03-18 13:26:40	INFO	initialize/casbin.go:20	server/initialize.InitCasbinEnforcer	初始化Casbin完成!
2023-03-18 13:26:40	INFO	router/router.go:49	server/app/router.InitRouter	初始化路由完成！
2023-03-18 13:26:40	INFO	initialize/server.go:46	server/initialize.InitRun	服务启动完成
2023-03-18 13:28:08	DEBUG	middleware/auth.go:120	server/middleware.unauthorized	JWT认证失败, 错误码: 401, 错误信息: cookie token is empty
2023-03-18 13:43:08	INFO	initialize/server.go:55	server/initialize.InitRun	Shutting down server...
2023-03-18 13:43:08	INFO	initialize/server.go:65	server/initialize.InitRun	Server exiting!
2023-03-18 13:43:37	INFO	initialize/logger.go:106	server/initialize.InitLogger	初始化zap日志完成!
2023-03-18 13:43:37	INFO	initialize/redis.go:22	server/initialize.InitRedis	初始化redis数据库完成!
2023-03-18 13:43:37	INFO	initialize/mysql.go:62	server/initialize.InitMysql	初始化mysql数据库完成!
2023-03-18 13:43:37	INFO	initialize/casbin.go:20	server/initialize.InitCasbinEnforcer	初始化Casbin完成!
2023-03-18 13:43:37	INFO	router/router.go:49	server/router.InitRouter	初始化路由完成！
2023-03-18 13:43:37	INFO	initialize/server.go:46	server/initialize.InitRun	服务启动完成
2023-03-18 13:45:29	INFO	initialize/server.go:55	server/initialize.InitRun	Shutting down server...
2023-03-18 13:45:29	INFO	initialize/server.go:65	server/initialize.InitRun	Server exiting!
