2023-01-21 19:55:46	INFO	initialize/logger.go:106	server/initialize.InitLogger	初始化zap日志完成!
2023-01-21 19:55:46	INFO	initialize/redis.go:22	server/initialize.InitRedis	初始化redis数据库完成!
2023-01-21 19:55:47	INFO	initialize/mysql.go:62	server/initialize.InitMysql	初始化mysql数据库完成!
2023-01-21 19:55:47	INFO	initialize/casbin.go:20	server/initialize.InitCasbinEnforcer	初始化Casbin完成!
2023-01-21 19:55:47	INFO	router/router.go:47	server/app/router.InitRouter	初始化路由完成！
2023-01-21 19:55:47	INFO	initialize/server.go:46	server/initialize.InitRun	服务启动完成
2023-01-21 19:58:19	INFO	initialize/server.go:55	server/initialize.InitRun	Shutting down server...
2023-01-21 19:58:19	INFO	initialize/server.go:65	server/initialize.InitRun	Server exiting!
2023-01-21 19:58:25	INFO	initialize/logger.go:106	server/initialize.InitLogger	初始化zap日志完成!
2023-01-21 19:58:25	INFO	initialize/redis.go:22	server/initialize.InitRedis	初始化redis数据库完成!
2023-01-21 19:58:25	INFO	initialize/mysql.go:62	server/initialize.InitMysql	初始化mysql数据库完成!
2023-01-21 19:58:26	INFO	initialize/casbin.go:20	server/initialize.InitCasbinEnforcer	初始化Casbin完成!
2023-01-21 19:58:26	INFO	router/router.go:47	server/app/router.InitRouter	初始化路由完成！
2023-01-21 19:58:26	INFO	initialize/server.go:46	server/initialize.InitRun	服务启动完成
2023-01-21 20:05:15	INFO	initialize/server.go:55	server/initialize.InitRun	Shutting down server...
2023-01-21 20:05:15	INFO	initialize/server.go:65	server/initialize.InitRun	Server exiting!
2023-01-21 20:05:20	INFO	initialize/logger.go:106	server/initialize.InitLogger	初始化zap日志完成!
2023-01-21 20:05:20	INFO	initialize/redis.go:22	server/initialize.InitRedis	初始化redis数据库完成!
2023-01-21 20:05:21	INFO	initialize/mysql.go:62	server/initialize.InitMysql	初始化mysql数据库完成!
2023-01-21 20:05:22	INFO	initialize/casbin.go:20	server/initialize.InitCasbinEnforcer	初始化Casbin完成!
2023-01-21 20:05:22	INFO	router/router.go:47	server/app/router.InitRouter	初始化路由完成！
2023-01-21 20:05:22	INFO	initialize/server.go:46	server/initialize.InitRun	服务启动完成
2023-01-21 20:11:57	INFO	initialize/server.go:55	server/initialize.InitRun	Shutting down server...
2023-01-21 20:11:57	INFO	initialize/server.go:65	server/initialize.InitRun	Server exiting!
2023-01-21 20:12:03	INFO	initialize/logger.go:106	server/initialize.InitLogger	初始化zap日志完成!
2023-01-21 20:12:04	INFO	initialize/redis.go:22	server/initialize.InitRedis	初始化redis数据库完成!
2023-01-21 20:12:04	INFO	initialize/mysql.go:62	server/initialize.InitMysql	初始化mysql数据库完成!
2023-01-21 20:12:05	INFO	initialize/casbin.go:20	server/initialize.InitCasbinEnforcer	初始化Casbin完成!
2023-01-21 20:12:05	INFO	router/router.go:47	server/app/router.InitRouter	初始化路由完成！
2023-01-21 20:12:05	INFO	initialize/server.go:46	server/initialize.InitRun	服务启动完成
2023-01-21 20:32:49	INFO	initialize/server.go:55	server/initialize.InitRun	Shutting down server...
2023-01-21 20:32:49	INFO	initialize/server.go:65	server/initialize.InitRun	Server exiting!
2023-01-21 20:32:55	INFO	initialize/logger.go:106	server/initialize.InitLogger	初始化zap日志完成!
2023-01-21 20:32:55	INFO	initialize/redis.go:22	server/initialize.InitRedis	初始化redis数据库完成!
2023-01-21 20:32:55	INFO	initialize/mysql.go:62	server/initialize.InitMysql	初始化mysql数据库完成!
2023-01-21 20:32:56	INFO	initialize/casbin.go:20	server/initialize.InitCasbinEnforcer	初始化Casbin完成!
2023-01-21 20:32:56	INFO	router/router.go:47	server/app/router.InitRouter	初始化路由完成！
2023-01-21 20:32:56	INFO	initialize/server.go:46	server/initialize.InitRun	服务启动完成
2023-01-21 20:35:57	INFO	initialize/server.go:55	server/initialize.InitRun	Shutting down server...
2023-01-21 20:35:57	INFO	initialize/server.go:65	server/initialize.InitRun	Server exiting!
2023-01-21 20:36:03	INFO	initialize/logger.go:106	server/initialize.InitLogger	初始化zap日志完成!
2023-01-21 20:36:04	INFO	initialize/redis.go:22	server/initialize.InitRedis	初始化redis数据库完成!
2023-01-21 20:36:04	INFO	initialize/mysql.go:62	server/initialize.InitMysql	初始化mysql数据库完成!
2023-01-21 20:36:05	INFO	initialize/casbin.go:20	server/initialize.InitCasbinEnforcer	初始化Casbin完成!
2023-01-21 20:36:05	INFO	router/router.go:47	server/app/router.InitRouter	初始化路由完成！
2023-01-21 20:36:05	INFO	initialize/server.go:46	server/initialize.InitRun	服务启动完成
2023-01-21 20:38:27	INFO	initialize/server.go:55	server/initialize.InitRun	Shutting down server...
2023-01-21 20:38:27	INFO	initialize/server.go:65	server/initialize.InitRun	Server exiting!
2023-01-21 20:38:37	INFO	initialize/logger.go:106	server/initialize.InitLogger	初始化zap日志完成!
2023-01-21 20:38:37	INFO	initialize/redis.go:22	server/initialize.InitRedis	初始化redis数据库完成!
2023-01-21 20:38:37	INFO	initialize/mysql.go:62	server/initialize.InitMysql	初始化mysql数据库完成!
2023-01-21 20:38:38	INFO	initialize/casbin.go:20	server/initialize.InitCasbinEnforcer	初始化Casbin完成!
2023-01-21 20:38:38	INFO	router/router.go:47	server/app/router.InitRouter	初始化路由完成！
2023-01-21 20:38:38	INFO	initialize/server.go:46	server/initialize.InitRun	服务启动完成
2023-01-21 20:49:27	INFO	initialize/server.go:55	server/initialize.InitRun	Shutting down server...
2023-01-21 20:49:27	INFO	initialize/server.go:65	server/initialize.InitRun	Server exiting!
2023-01-21 20:49:33	INFO	initialize/logger.go:106	server/initialize.InitLogger	初始化zap日志完成!
2023-01-21 20:49:33	INFO	initialize/redis.go:22	server/initialize.InitRedis	初始化redis数据库完成!
2023-01-21 20:49:33	INFO	initialize/mysql.go:62	server/initialize.InitMysql	初始化mysql数据库完成!
2023-01-21 20:49:34	INFO	initialize/casbin.go:20	server/initialize.InitCasbinEnforcer	初始化Casbin完成!
2023-01-21 20:49:34	INFO	router/router.go:47	server/app/router.InitRouter	初始化路由完成！
2023-01-21 20:49:34	INFO	initialize/server.go:46	server/initialize.InitRun	服务启动完成
2023-01-21 20:51:30	INFO	initialize/server.go:55	server/initialize.InitRun	Shutting down server...
2023-01-21 20:51:30	INFO	initialize/server.go:65	server/initialize.InitRun	Server exiting!
2023-01-21 20:51:36	INFO	initialize/logger.go:106	server/initialize.InitLogger	初始化zap日志完成!
2023-01-21 20:51:36	INFO	initialize/redis.go:22	server/initialize.InitRedis	初始化redis数据库完成!
2023-01-21 20:51:37	INFO	initialize/mysql.go:62	server/initialize.InitMysql	初始化mysql数据库完成!
2023-01-21 20:51:37	INFO	initialize/casbin.go:20	server/initialize.InitCasbinEnforcer	初始化Casbin完成!
2023-01-21 20:51:37	INFO	router/router.go:47	server/app/router.InitRouter	初始化路由完成！
2023-01-21 20:51:37	INFO	initialize/server.go:46	server/initialize.InitRun	服务启动完成
2023-01-21 20:51:59	INFO	initialize/server.go:55	server/initialize.InitRun	Shutting down server...
2023-01-21 20:51:59	INFO	initialize/server.go:65	server/initialize.InitRun	Server exiting!
2023-01-21 20:52:05	INFO	initialize/logger.go:106	server/initialize.InitLogger	初始化zap日志完成!
2023-01-21 20:52:05	INFO	initialize/redis.go:22	server/initialize.InitRedis	初始化redis数据库完成!
2023-01-21 20:52:05	INFO	initialize/mysql.go:62	server/initialize.InitMysql	初始化mysql数据库完成!
2023-01-21 20:52:06	INFO	initialize/casbin.go:20	server/initialize.InitCasbinEnforcer	初始化Casbin完成!
2023-01-21 20:52:06	INFO	router/router.go:47	server/app/router.InitRouter	初始化路由完成！
2023-01-21 20:52:06	INFO	initialize/server.go:46	server/initialize.InitRun	服务启动完成
2023-01-21 20:55:04	INFO	initialize/server.go:55	server/initialize.InitRun	Shutting down server...
2023-01-21 20:55:04	INFO	initialize/server.go:65	server/initialize.InitRun	Server exiting!
2023-01-21 20:55:10	INFO	initialize/logger.go:106	server/initialize.InitLogger	初始化zap日志完成!
2023-01-21 20:55:10	INFO	initialize/redis.go:22	server/initialize.InitRedis	初始化redis数据库完成!
2023-01-21 20:55:11	INFO	initialize/mysql.go:62	server/initialize.InitMysql	初始化mysql数据库完成!
2023-01-21 20:55:12	INFO	initialize/casbin.go:20	server/initialize.InitCasbinEnforcer	初始化Casbin完成!
2023-01-21 20:55:12	INFO	router/router.go:47	server/app/router.InitRouter	初始化路由完成！
2023-01-21 20:55:12	INFO	initialize/server.go:46	server/initialize.InitRun	服务启动完成
2023-01-21 20:56:45	INFO	initialize/server.go:55	server/initialize.InitRun	Shutting down server...
2023-01-21 20:56:45	INFO	initialize/server.go:65	server/initialize.InitRun	Server exiting!
2023-01-21 20:56:51	INFO	initialize/logger.go:106	server/initialize.InitLogger	初始化zap日志完成!
2023-01-21 20:56:51	INFO	initialize/redis.go:22	server/initialize.InitRedis	初始化redis数据库完成!
2023-01-21 20:56:51	INFO	initialize/mysql.go:62	server/initialize.InitMysql	初始化mysql数据库完成!
2023-01-21 20:56:52	INFO	initialize/casbin.go:20	server/initialize.InitCasbinEnforcer	初始化Casbin完成!
2023-01-21 20:56:52	INFO	router/router.go:47	server/app/router.InitRouter	初始化路由完成！
2023-01-21 20:56:52	INFO	initialize/server.go:46	server/initialize.InitRun	服务启动完成
2023-01-21 20:59:56	INFO	initialize/server.go:55	server/initialize.InitRun	Shutting down server...
2023-01-21 20:59:56	INFO	initialize/server.go:65	server/initialize.InitRun	Server exiting!
2023-01-21 21:00:01	INFO	initialize/logger.go:106	server/initialize.InitLogger	初始化zap日志完成!
2023-01-21 21:00:01	INFO	initialize/redis.go:22	server/initialize.InitRedis	初始化redis数据库完成!
2023-01-21 21:00:01	INFO	initialize/mysql.go:62	server/initialize.InitMysql	初始化mysql数据库完成!
2023-01-21 21:00:02	INFO	initialize/casbin.go:20	server/initialize.InitCasbinEnforcer	初始化Casbin完成!
2023-01-21 21:00:02	INFO	router/router.go:47	server/app/router.InitRouter	初始化路由完成！
2023-01-21 21:00:02	INFO	initialize/server.go:46	server/initialize.InitRun	服务启动完成
2023-01-21 21:32:45	INFO	initialize/server.go:55	server/initialize.InitRun	Shutting down server...
2023-01-21 21:32:45	INFO	initialize/server.go:65	server/initialize.InitRun	Server exiting!
2023-01-21 21:33:04	INFO	initialize/logger.go:106	server/initialize.InitLogger	初始化zap日志完成!
2023-01-21 21:33:04	INFO	initialize/redis.go:22	server/initialize.InitRedis	初始化redis数据库完成!
2023-01-21 21:33:05	INFO	initialize/mysql.go:62	server/initialize.InitMysql	初始化mysql数据库完成!
2023-01-21 21:33:05	INFO	initialize/casbin.go:20	server/initialize.InitCasbinEnforcer	初始化Casbin完成!
2023-01-21 21:33:05	INFO	router/router.go:47	server/app/router.InitRouter	初始化路由完成！
2023-01-21 21:33:05	INFO	initialize/server.go:46	server/initialize.InitRun	服务启动完成
2023-01-21 21:33:20	INFO	initialize/server.go:55	server/initialize.InitRun	Shutting down server...
2023-01-21 21:33:20	INFO	initialize/server.go:65	server/initialize.InitRun	Server exiting!
2023-01-21 21:33:26	INFO	initialize/logger.go:106	server/initialize.InitLogger	初始化zap日志完成!
2023-01-21 21:33:26	INFO	initialize/redis.go:22	server/initialize.InitRedis	初始化redis数据库完成!
2023-01-21 21:33:26	INFO	initialize/mysql.go:62	server/initialize.InitMysql	初始化mysql数据库完成!
2023-01-21 21:33:27	INFO	initialize/casbin.go:20	server/initialize.InitCasbinEnforcer	初始化Casbin完成!
2023-01-21 21:33:27	INFO	router/router.go:47	server/app/router.InitRouter	初始化路由完成！
2023-01-21 21:33:27	INFO	initialize/server.go:46	server/initialize.InitRun	服务启动完成
2023-01-21 21:34:56	INFO	initialize/server.go:55	server/initialize.InitRun	Shutting down server...
2023-01-21 21:34:56	INFO	initialize/server.go:65	server/initialize.InitRun	Server exiting!
2023-01-21 21:35:01	INFO	initialize/logger.go:106	server/initialize.InitLogger	初始化zap日志完成!
2023-01-21 21:35:01	INFO	initialize/redis.go:22	server/initialize.InitRedis	初始化redis数据库完成!
2023-01-21 21:35:01	INFO	initialize/mysql.go:62	server/initialize.InitMysql	初始化mysql数据库完成!
2023-01-21 21:35:02	INFO	initialize/casbin.go:20	server/initialize.InitCasbinEnforcer	初始化Casbin完成!
2023-01-21 21:35:02	INFO	router/router.go:47	server/app/router.InitRouter	初始化路由完成！
2023-01-21 21:35:02	INFO	initialize/server.go:46	server/initialize.InitRun	服务启动完成
2023-01-21 21:41:06	INFO	initialize/server.go:55	server/initialize.InitRun	Shutting down server...
2023-01-21 21:41:06	INFO	initialize/server.go:65	server/initialize.InitRun	Server exiting!
2023-01-21 21:41:11	INFO	initialize/logger.go:106	server/initialize.InitLogger	初始化zap日志完成!
2023-01-21 21:41:12	INFO	initialize/redis.go:22	server/initialize.InitRedis	初始化redis数据库完成!
2023-01-21 21:41:12	INFO	initialize/mysql.go:62	server/initialize.InitMysql	初始化mysql数据库完成!
2023-01-21 21:41:13	INFO	initialize/casbin.go:20	server/initialize.InitCasbinEnforcer	初始化Casbin完成!
2023-01-21 21:41:13	INFO	router/router.go:47	server/app/router.InitRouter	初始化路由完成！
2023-01-21 21:41:13	INFO	initialize/server.go:46	server/initialize.InitRun	服务启动完成
2023-01-21 21:49:32	INFO	initialize/server.go:55	server/initialize.InitRun	Shutting down server...
2023-01-21 21:49:32	INFO	initialize/server.go:65	server/initialize.InitRun	Server exiting!
2023-01-21 21:49:37	INFO	initialize/logger.go:106	server/initialize.InitLogger	初始化zap日志完成!
2023-01-21 21:49:37	INFO	initialize/redis.go:22	server/initialize.InitRedis	初始化redis数据库完成!
2023-01-21 21:49:37	INFO	initialize/mysql.go:62	server/initialize.InitMysql	初始化mysql数据库完成!
2023-01-21 21:49:38	INFO	initialize/casbin.go:20	server/initialize.InitCasbinEnforcer	初始化Casbin完成!
2023-01-21 21:49:38	INFO	router/router.go:47	server/app/router.InitRouter	初始化路由完成！
2023-01-21 21:49:38	INFO	initialize/server.go:46	server/initialize.InitRun	服务启动完成
2023-01-21 21:54:14	INFO	initialize/server.go:55	server/initialize.InitRun	Shutting down server...
2023-01-21 21:54:14	INFO	initialize/server.go:65	server/initialize.InitRun	Server exiting!
2023-01-21 21:54:18	INFO	initialize/logger.go:106	server/initialize.InitLogger	初始化zap日志完成!
2023-01-21 21:54:18	INFO	initialize/redis.go:22	server/initialize.InitRedis	初始化redis数据库完成!
2023-01-21 21:54:19	INFO	initialize/mysql.go:62	server/initialize.InitMysql	初始化mysql数据库完成!
2023-01-21 21:54:20	INFO	initialize/casbin.go:20	server/initialize.InitCasbinEnforcer	初始化Casbin完成!
2023-01-21 21:54:20	INFO	router/router.go:47	server/app/router.InitRouter	初始化路由完成！
2023-01-21 21:54:20	INFO	initialize/server.go:46	server/initialize.InitRun	服务启动完成
2023-01-21 21:54:50	INFO	initialize/server.go:55	server/initialize.InitRun	Shutting down server...
2023-01-21 21:54:50	INFO	initialize/server.go:65	server/initialize.InitRun	Server exiting!
2023-01-21 21:54:55	INFO	initialize/logger.go:106	server/initialize.InitLogger	初始化zap日志完成!
2023-01-21 21:54:55	INFO	initialize/redis.go:22	server/initialize.InitRedis	初始化redis数据库完成!
2023-01-21 21:54:56	INFO	initialize/mysql.go:62	server/initialize.InitMysql	初始化mysql数据库完成!
2023-01-21 21:54:56	INFO	initialize/casbin.go:20	server/initialize.InitCasbinEnforcer	初始化Casbin完成!
2023-01-21 21:54:56	INFO	router/router.go:47	server/app/router.InitRouter	初始化路由完成！
2023-01-21 21:54:56	INFO	initialize/server.go:46	server/initialize.InitRun	服务启动完成
2023-01-21 21:55:35	INFO	initialize/server.go:55	server/initialize.InitRun	Shutting down server...
2023-01-21 21:55:35	INFO	initialize/server.go:65	server/initialize.InitRun	Server exiting!
2023-01-21 21:55:39	INFO	initialize/logger.go:106	server/initialize.InitLogger	初始化zap日志完成!
2023-01-21 21:55:39	INFO	initialize/redis.go:22	server/initialize.InitRedis	初始化redis数据库完成!
2023-01-21 21:55:39	INFO	initialize/mysql.go:62	server/initialize.InitMysql	初始化mysql数据库完成!
2023-01-21 21:55:40	INFO	initialize/casbin.go:20	server/initialize.InitCasbinEnforcer	初始化Casbin完成!
2023-01-21 21:55:40	INFO	router/router.go:47	server/app/router.InitRouter	初始化路由完成！
2023-01-21 21:55:40	INFO	initialize/server.go:46	server/initialize.InitRun	服务启动完成
2023-01-21 21:57:53	INFO	initialize/server.go:55	server/initialize.InitRun	Shutting down server...
2023-01-21 21:57:53	INFO	initialize/server.go:65	server/initialize.InitRun	Server exiting!
2023-01-21 21:57:57	INFO	initialize/logger.go:106	server/initialize.InitLogger	初始化zap日志完成!
2023-01-21 21:57:57	INFO	initialize/redis.go:22	server/initialize.InitRedis	初始化redis数据库完成!
2023-01-21 21:57:57	INFO	initialize/mysql.go:62	server/initialize.InitMysql	初始化mysql数据库完成!
2023-01-21 21:57:58	INFO	initialize/casbin.go:20	server/initialize.InitCasbinEnforcer	初始化Casbin完成!
2023-01-21 21:57:58	INFO	router/router.go:47	server/app/router.InitRouter	初始化路由完成！
2023-01-21 21:57:58	INFO	initialize/server.go:46	server/initialize.InitRun	服务启动完成
2023-01-21 22:00:27	INFO	initialize/server.go:55	server/initialize.InitRun	Shutting down server...
2023-01-21 22:00:27	INFO	initialize/server.go:65	server/initialize.InitRun	Server exiting!
2023-01-21 22:00:31	INFO	initialize/logger.go:106	server/initialize.InitLogger	初始化zap日志完成!
2023-01-21 22:00:31	INFO	initialize/redis.go:22	server/initialize.InitRedis	初始化redis数据库完成!
2023-01-21 22:00:31	INFO	initialize/mysql.go:62	server/initialize.InitMysql	初始化mysql数据库完成!
2023-01-21 22:00:32	INFO	initialize/casbin.go:20	server/initialize.InitCasbinEnforcer	初始化Casbin完成!
2023-01-21 22:00:32	INFO	router/router.go:47	server/app/router.InitRouter	初始化路由完成！
2023-01-21 22:00:32	INFO	initialize/server.go:46	server/initialize.InitRun	服务启动完成
2023-01-21 22:05:34	INFO	initialize/server.go:55	server/initialize.InitRun	Shutting down server...
2023-01-21 22:05:34	INFO	initialize/server.go:65	server/initialize.InitRun	Server exiting!
2023-01-21 22:05:39	INFO	initialize/logger.go:106	server/initialize.InitLogger	初始化zap日志完成!
2023-01-21 22:05:39	INFO	initialize/redis.go:22	server/initialize.InitRedis	初始化redis数据库完成!
2023-01-21 22:05:39	INFO	initialize/mysql.go:62	server/initialize.InitMysql	初始化mysql数据库完成!
2023-01-21 22:05:40	INFO	initialize/casbin.go:20	server/initialize.InitCasbinEnforcer	初始化Casbin完成!
2023-01-21 22:05:40	INFO	router/router.go:47	server/app/router.InitRouter	初始化路由完成！
2023-01-21 22:05:40	INFO	initialize/server.go:46	server/initialize.InitRun	服务启动完成
2023-01-21 22:19:55	INFO	initialize/server.go:55	server/initialize.InitRun	Shutting down server...
2023-01-21 22:19:55	INFO	initialize/server.go:65	server/initialize.InitRun	Server exiting!
2023-01-21 22:19:59	INFO	initialize/logger.go:106	server/initialize.InitLogger	初始化zap日志完成!
2023-01-21 22:19:59	INFO	initialize/redis.go:22	server/initialize.InitRedis	初始化redis数据库完成!
2023-01-21 22:19:59	INFO	initialize/mysql.go:62	server/initialize.InitMysql	初始化mysql数据库完成!
2023-01-21 22:20:00	INFO	initialize/casbin.go:20	server/initialize.InitCasbinEnforcer	初始化Casbin完成!
2023-01-21 22:20:00	INFO	router/router.go:47	server/app/router.InitRouter	初始化路由完成！
2023-01-21 22:20:00	INFO	initialize/server.go:46	server/initialize.InitRun	服务启动完成
2023-01-21 22:21:58	INFO	initialize/server.go:55	server/initialize.InitRun	Shutting down server...
2023-01-21 22:21:58	INFO	initialize/server.go:65	server/initialize.InitRun	Server exiting!
2023-01-21 22:22:02	INFO	initialize/logger.go:106	server/initialize.InitLogger	初始化zap日志完成!
2023-01-21 22:22:02	INFO	initialize/redis.go:22	server/initialize.InitRedis	初始化redis数据库完成!
2023-01-21 22:22:03	INFO	initialize/mysql.go:62	server/initialize.InitMysql	初始化mysql数据库完成!
2023-01-21 22:22:03	INFO	initialize/casbin.go:20	server/initialize.InitCasbinEnforcer	初始化Casbin完成!
2023-01-21 22:22:03	INFO	router/router.go:47	server/app/router.InitRouter	初始化路由完成！
2023-01-21 22:22:03	INFO	initialize/server.go:46	server/initialize.InitRun	服务启动完成
2023-01-21 22:26:16	INFO	initialize/server.go:55	server/initialize.InitRun	Shutting down server...
2023-01-21 22:26:16	INFO	initialize/server.go:65	server/initialize.InitRun	Server exiting!
2023-01-21 22:26:21	INFO	initialize/logger.go:106	server/initialize.InitLogger	初始化zap日志完成!
2023-01-21 22:26:21	INFO	initialize/redis.go:22	server/initialize.InitRedis	初始化redis数据库完成!
2023-01-21 22:26:21	INFO	initialize/mysql.go:62	server/initialize.InitMysql	初始化mysql数据库完成!
2023-01-21 22:26:22	INFO	initialize/casbin.go:20	server/initialize.InitCasbinEnforcer	初始化Casbin完成!
2023-01-21 22:26:22	INFO	router/router.go:47	server/app/router.InitRouter	初始化路由完成！
2023-01-21 22:26:22	INFO	initialize/server.go:46	server/initialize.InitRun	服务启动完成
2023-01-21 22:26:38	INFO	initialize/server.go:55	server/initialize.InitRun	Shutting down server...
2023-01-21 22:26:38	INFO	initialize/server.go:65	server/initialize.InitRun	Server exiting!
2023-01-21 22:26:42	INFO	initialize/logger.go:106	server/initialize.InitLogger	初始化zap日志完成!
2023-01-21 22:26:42	INFO	initialize/redis.go:22	server/initialize.InitRedis	初始化redis数据库完成!
2023-01-21 22:26:42	INFO	initialize/mysql.go:62	server/initialize.InitMysql	初始化mysql数据库完成!
2023-01-21 22:26:43	INFO	initialize/casbin.go:20	server/initialize.InitCasbinEnforcer	初始化Casbin完成!
2023-01-21 22:26:43	INFO	router/router.go:47	server/app/router.InitRouter	初始化路由完成！
2023-01-21 22:26:43	INFO	initialize/server.go:46	server/initialize.InitRun	服务启动完成
2023-01-21 22:33:55	INFO	initialize/server.go:55	server/initialize.InitRun	Shutting down server...
2023-01-21 22:33:55	INFO	initialize/server.go:65	server/initialize.InitRun	Server exiting!
