2023-02-10 13:36:35	INFO	initialize/logger.go:106	server/initialize.InitLogger	初始化zap日志完成!
2023-02-10 13:36:58	INFO	initialize/logger.go:106	server/initialize.InitLogger	初始化zap日志完成!
2023-02-10 13:37:11	INFO	initialize/redis.go:22	server/initialize.InitRedis	初始化redis数据库完成!
2023-02-10 13:37:11	INFO	initialize/mysql.go:62	server/initialize.InitMysql	初始化mysql数据库完成!
2023-02-10 13:37:12	INFO	initialize/casbin.go:20	server/initialize.InitCasbinEnforcer	初始化Casbin完成!
2023-02-10 13:37:12	INFO	router/router.go:51	server/app/router.InitRouter	初始化路由完成！
2023-02-10 13:37:12	INFO	initialize/server.go:46	server/initialize.InitRun	服务启动完成
2023-02-10 13:52:35	INFO	initialize/server.go:55	server/initialize.InitRun	Shutting down server...
2023-02-10 13:52:35	INFO	initialize/server.go:65	server/initialize.InitRun	Server exiting!
2023-02-10 13:55:12	INFO	initialize/logger.go:106	server/initialize.InitLogger	初始化zap日志完成!
2023-02-10 13:55:12	INFO	initialize/redis.go:22	server/initialize.InitRedis	初始化redis数据库完成!
2023-02-10 13:55:12	INFO	initialize/mysql.go:62	server/initialize.InitMysql	初始化mysql数据库完成!
2023-02-10 13:55:13	INFO	initialize/casbin.go:20	server/initialize.InitCasbinEnforcer	初始化Casbin完成!
2023-02-10 13:55:13	INFO	router/router.go:51	server/app/router.InitRouter	初始化路由完成！
2023-02-10 13:55:13	INFO	initialize/server.go:46	server/initialize.InitRun	服务启动完成
2023-02-10 13:58:23	INFO	initialize/server.go:55	server/initialize.InitRun	Shutting down server...
2023-02-10 13:58:23	INFO	initialize/server.go:65	server/initialize.InitRun	Server exiting!
2023-02-10 13:58:28	INFO	initialize/logger.go:106	server/initialize.InitLogger	初始化zap日志完成!
2023-02-10 13:58:28	INFO	initialize/redis.go:22	server/initialize.InitRedis	初始化redis数据库完成!
2023-02-10 13:58:28	INFO	initialize/mysql.go:62	server/initialize.InitMysql	初始化mysql数据库完成!
2023-02-10 13:58:29	INFO	initialize/casbin.go:20	server/initialize.InitCasbinEnforcer	初始化Casbin完成!
2023-02-10 13:58:29	INFO	router/router.go:51	server/app/router.InitRouter	初始化路由完成！
2023-02-10 13:58:29	INFO	initialize/server.go:46	server/initialize.InitRun	服务启动完成
2023-02-10 13:59:17	INFO	initialize/server.go:55	server/initialize.InitRun	Shutting down server...
2023-02-10 13:59:17	INFO	initialize/server.go:65	server/initialize.InitRun	Server exiting!
2023-02-10 13:59:22	INFO	initialize/logger.go:106	server/initialize.InitLogger	初始化zap日志完成!
2023-02-10 13:59:22	INFO	initialize/redis.go:22	server/initialize.InitRedis	初始化redis数据库完成!
2023-02-10 13:59:22	INFO	initialize/mysql.go:62	server/initialize.InitMysql	初始化mysql数据库完成!
2023-02-10 13:59:23	INFO	initialize/casbin.go:20	server/initialize.InitCasbinEnforcer	初始化Casbin完成!
2023-02-10 13:59:23	INFO	router/router.go:51	server/app/router.InitRouter	初始化路由完成！
2023-02-10 13:59:23	INFO	initialize/server.go:46	server/initialize.InitRun	服务启动完成
2023-02-10 14:41:26	INFO	initialize/server.go:55	server/initialize.InitRun	Shutting down server...
2023-02-10 14:41:26	INFO	initialize/server.go:65	server/initialize.InitRun	Server exiting!
2023-02-10 14:41:32	INFO	initialize/logger.go:106	server/initialize.InitLogger	初始化zap日志完成!
2023-02-10 14:41:32	INFO	initialize/redis.go:22	server/initialize.InitRedis	初始化redis数据库完成!
2023-02-10 14:41:32	INFO	initialize/mysql.go:62	server/initialize.InitMysql	初始化mysql数据库完成!
2023-02-10 14:41:33	INFO	initialize/casbin.go:20	server/initialize.InitCasbinEnforcer	初始化Casbin完成!
2023-02-10 14:41:33	INFO	router/router.go:51	server/app/router.InitRouter	初始化路由完成！
2023-02-10 14:41:33	INFO	initialize/server.go:46	server/initialize.InitRun	服务启动完成
2023-02-10 14:44:34	INFO	initialize/server.go:55	server/initialize.InitRun	Shutting down server...
2023-02-10 14:44:39	INFO	initialize/logger.go:106	server/initialize.InitLogger	初始化zap日志完成!
2023-02-10 14:44:59	INFO	initialize/redis.go:22	server/initialize.InitRedis	初始化redis数据库完成!
2023-02-10 14:45:12	INFO	initialize/logger.go:106	server/initialize.InitLogger	初始化zap日志完成!
2023-02-10 14:45:32	INFO	initialize/redis.go:22	server/initialize.InitRedis	初始化redis数据库完成!
2023-02-10 14:47:28	INFO	initialize/logger.go:106	server/initialize.InitLogger	初始化zap日志完成!
2023-02-10 14:47:48	INFO	initialize/redis.go:22	server/initialize.InitRedis	初始化redis数据库完成!
2023-02-10 16:55:26	INFO	initialize/logger.go:106	server/initialize.InitLogger	初始化zap日志完成!
2023-02-10 16:55:26	INFO	initialize/redis.go:22	server/initialize.InitRedis	初始化redis数据库完成!
2023-02-10 16:55:27	INFO	initialize/mysql.go:62	server/initialize.InitMysql	初始化mysql数据库完成!
2023-02-10 16:55:27	INFO	initialize/casbin.go:20	server/initialize.InitCasbinEnforcer	初始化Casbin完成!
2023-02-10 16:55:27	INFO	router/router.go:51	server/app/router.InitRouter	初始化路由完成！
2023-02-10 16:55:27	INFO	initialize/server.go:46	server/initialize.InitRun	服务启动完成
2023-02-10 16:56:46	INFO	initialize/server.go:55	server/initialize.InitRun	Shutting down server...
2023-02-10 16:56:46	INFO	initialize/server.go:65	server/initialize.InitRun	Server exiting!
2023-02-10 16:56:50	INFO	initialize/logger.go:106	server/initialize.InitLogger	初始化zap日志完成!
2023-02-10 16:56:51	INFO	initialize/redis.go:22	server/initialize.InitRedis	初始化redis数据库完成!
2023-02-10 16:56:51	INFO	initialize/mysql.go:62	server/initialize.InitMysql	初始化mysql数据库完成!
2023-02-10 16:56:51	INFO	initialize/casbin.go:20	server/initialize.InitCasbinEnforcer	初始化Casbin完成!
2023-02-10 16:56:51	INFO	router/router.go:51	server/app/router.InitRouter	初始化路由完成！
2023-02-10 16:56:51	INFO	initialize/server.go:46	server/initialize.InitRun	服务启动完成
2023-02-10 16:59:37	INFO	initialize/server.go:55	server/initialize.InitRun	Shutting down server...
2023-02-10 16:59:37	INFO	initialize/server.go:65	server/initialize.InitRun	Server exiting!
2023-02-10 16:59:42	INFO	initialize/logger.go:106	server/initialize.InitLogger	初始化zap日志完成!
2023-02-10 16:59:42	INFO	initialize/redis.go:22	server/initialize.InitRedis	初始化redis数据库完成!
2023-02-10 16:59:42	INFO	initialize/mysql.go:62	server/initialize.InitMysql	初始化mysql数据库完成!
2023-02-10 16:59:43	INFO	initialize/casbin.go:20	server/initialize.InitCasbinEnforcer	初始化Casbin完成!
2023-02-10 16:59:43	INFO	router/router.go:51	server/app/router.InitRouter	初始化路由完成！
2023-02-10 16:59:43	INFO	initialize/server.go:46	server/initialize.InitRun	服务启动完成
2023-02-10 17:09:19	INFO	initialize/server.go:55	server/initialize.InitRun	Shutting down server...
2023-02-10 17:09:19	INFO	initialize/server.go:65	server/initialize.InitRun	Server exiting!
2023-02-10 17:09:24	INFO	initialize/logger.go:106	server/initialize.InitLogger	初始化zap日志完成!
2023-02-10 17:09:24	INFO	initialize/redis.go:22	server/initialize.InitRedis	初始化redis数据库完成!
2023-02-10 17:09:24	INFO	initialize/mysql.go:62	server/initialize.InitMysql	初始化mysql数据库完成!
2023-02-10 17:09:25	INFO	initialize/casbin.go:20	server/initialize.InitCasbinEnforcer	初始化Casbin完成!
2023-02-10 17:09:25	INFO	router/router.go:51	server/app/router.InitRouter	初始化路由完成！
2023-02-10 17:09:25	INFO	initialize/server.go:46	server/initialize.InitRun	服务启动完成
2023-02-10 17:10:24	INFO	initialize/server.go:55	server/initialize.InitRun	Shutting down server...
2023-02-10 17:10:24	INFO	initialize/server.go:65	server/initialize.InitRun	Server exiting!
2023-02-10 17:10:28	INFO	initialize/logger.go:106	server/initialize.InitLogger	初始化zap日志完成!
2023-02-10 17:10:28	INFO	initialize/redis.go:22	server/initialize.InitRedis	初始化redis数据库完成!
2023-02-10 17:10:28	INFO	initialize/mysql.go:62	server/initialize.InitMysql	初始化mysql数据库完成!
2023-02-10 17:10:29	INFO	initialize/casbin.go:20	server/initialize.InitCasbinEnforcer	初始化Casbin完成!
2023-02-10 17:10:29	INFO	router/router.go:51	server/app/router.InitRouter	初始化路由完成！
2023-02-10 17:10:29	INFO	initialize/server.go:46	server/initialize.InitRun	服务启动完成
2023-02-10 17:22:05	INFO	initialize/server.go:55	server/initialize.InitRun	Shutting down server...
2023-02-10 17:22:05	INFO	initialize/server.go:65	server/initialize.InitRun	Server exiting!
2023-02-10 17:22:10	INFO	initialize/logger.go:106	server/initialize.InitLogger	初始化zap日志完成!
2023-02-10 17:22:10	INFO	initialize/redis.go:22	server/initialize.InitRedis	初始化redis数据库完成!
2023-02-10 17:22:10	INFO	initialize/mysql.go:62	server/initialize.InitMysql	初始化mysql数据库完成!
2023-02-10 17:22:11	INFO	initialize/casbin.go:20	server/initialize.InitCasbinEnforcer	初始化Casbin完成!
2023-02-10 17:22:11	INFO	router/router.go:51	server/app/router.InitRouter	初始化路由完成！
2023-02-10 17:22:11	INFO	initialize/server.go:46	server/initialize.InitRun	服务启动完成
2023-02-10 17:42:16	INFO	initialize/server.go:55	server/initialize.InitRun	Shutting down server...
2023-02-10 17:42:16	INFO	initialize/server.go:65	server/initialize.InitRun	Server exiting!
2023-02-10 17:42:21	INFO	initialize/logger.go:106	server/initialize.InitLogger	初始化zap日志完成!
2023-02-10 17:42:21	INFO	initialize/redis.go:22	server/initialize.InitRedis	初始化redis数据库完成!
2023-02-10 17:42:22	INFO	initialize/mysql.go:62	server/initialize.InitMysql	初始化mysql数据库完成!
2023-02-10 17:42:23	INFO	initialize/casbin.go:20	server/initialize.InitCasbinEnforcer	初始化Casbin完成!
2023-02-10 17:42:23	INFO	router/router.go:51	server/app/router.InitRouter	初始化路由完成！
2023-02-10 17:42:23	INFO	initialize/server.go:46	server/initialize.InitRun	服务启动完成
2023-02-10 17:53:00	INFO	initialize/server.go:55	server/initialize.InitRun	Shutting down server...
2023-02-10 17:53:00	INFO	initialize/server.go:65	server/initialize.InitRun	Server exiting!
2023-02-10 17:53:04	INFO	initialize/logger.go:106	server/initialize.InitLogger	初始化zap日志完成!
2023-02-10 17:53:04	INFO	initialize/redis.go:22	server/initialize.InitRedis	初始化redis数据库完成!
2023-02-10 17:53:05	INFO	initialize/mysql.go:62	server/initialize.InitMysql	初始化mysql数据库完成!
2023-02-10 17:53:05	INFO	initialize/casbin.go:20	server/initialize.InitCasbinEnforcer	初始化Casbin完成!
2023-02-10 17:53:05	INFO	router/router.go:51	server/app/router.InitRouter	初始化路由完成！
2023-02-10 17:53:05	INFO	initialize/server.go:46	server/initialize.InitRun	服务启动完成
2023-02-10 18:09:37	INFO	initialize/server.go:55	server/initialize.InitRun	Shutting down server...
2023-02-10 18:09:37	INFO	initialize/server.go:65	server/initialize.InitRun	Server exiting!
2023-02-10 18:09:41	INFO	initialize/logger.go:106	server/initialize.InitLogger	初始化zap日志完成!
2023-02-10 18:09:41	INFO	initialize/redis.go:22	server/initialize.InitRedis	初始化redis数据库完成!
2023-02-10 18:09:41	INFO	initialize/mysql.go:62	server/initialize.InitMysql	初始化mysql数据库完成!
2023-02-10 18:09:42	INFO	initialize/casbin.go:20	server/initialize.InitCasbinEnforcer	初始化Casbin完成!
2023-02-10 18:09:42	INFO	router/router.go:51	server/app/router.InitRouter	初始化路由完成！
2023-02-10 18:09:42	INFO	initialize/server.go:46	server/initialize.InitRun	服务启动完成
2023-02-10 18:14:19	INFO	initialize/server.go:55	server/initialize.InitRun	Shutting down server...
2023-02-10 18:14:20	INFO	initialize/server.go:65	server/initialize.InitRun	Server exiting!
2023-02-10 18:14:25	INFO	initialize/logger.go:106	server/initialize.InitLogger	初始化zap日志完成!
2023-02-10 18:14:25	INFO	initialize/redis.go:22	server/initialize.InitRedis	初始化redis数据库完成!
2023-02-10 18:14:25	INFO	initialize/mysql.go:62	server/initialize.InitMysql	初始化mysql数据库完成!
2023-02-10 18:14:26	INFO	initialize/casbin.go:20	server/initialize.InitCasbinEnforcer	初始化Casbin完成!
2023-02-10 18:14:26	INFO	router/router.go:51	server/app/router.InitRouter	初始化路由完成！
2023-02-10 18:14:26	INFO	initialize/server.go:46	server/initialize.InitRun	服务启动完成
2023-02-10 18:14:44	DEBUG	middleware/auth.go:114	server/middleware.unauthorized	JWT认证失败, 错误码: 401, 错误信息: cookie token is empty
2023-02-10 18:18:00	INFO	initialize/server.go:55	server/initialize.InitRun	Shutting down server...
2023-02-10 18:18:00	INFO	initialize/server.go:65	server/initialize.InitRun	Server exiting!
2023-02-10 18:18:05	INFO	initialize/logger.go:106	server/initialize.InitLogger	初始化zap日志完成!
2023-02-10 18:18:05	INFO	initialize/redis.go:22	server/initialize.InitRedis	初始化redis数据库完成!
2023-02-10 18:18:06	INFO	initialize/mysql.go:62	server/initialize.InitMysql	初始化mysql数据库完成!
2023-02-10 18:18:06	INFO	initialize/casbin.go:20	server/initialize.InitCasbinEnforcer	初始化Casbin完成!
2023-02-10 18:18:06	INFO	router/router.go:51	server/app/router.InitRouter	初始化路由完成！
2023-02-10 18:18:06	INFO	initialize/server.go:46	server/initialize.InitRun	服务启动完成
2023-02-10 18:19:20	INFO	initialize/server.go:55	server/initialize.InitRun	Shutting down server...
2023-02-10 18:19:20	INFO	initialize/server.go:65	server/initialize.InitRun	Server exiting!
2023-02-10 18:19:25	INFO	initialize/logger.go:106	server/initialize.InitLogger	初始化zap日志完成!
2023-02-10 18:19:25	INFO	initialize/redis.go:22	server/initialize.InitRedis	初始化redis数据库完成!
2023-02-10 18:19:25	INFO	initialize/mysql.go:62	server/initialize.InitMysql	初始化mysql数据库完成!
2023-02-10 18:19:26	INFO	initialize/casbin.go:20	server/initialize.InitCasbinEnforcer	初始化Casbin完成!
2023-02-10 18:19:26	INFO	router/router.go:51	server/app/router.InitRouter	初始化路由完成！
2023-02-10 18:19:26	INFO	initialize/server.go:46	server/initialize.InitRun	服务启动完成
2023-02-10 18:19:54	DEBUG	middleware/auth.go:114	server/middleware.unauthorized	JWT认证失败, 错误码: 401, 错误信息: cookie token is empty
2023-02-10 18:24:44	INFO	initialize/server.go:55	server/initialize.InitRun	Shutting down server...
2023-02-10 18:24:44	INFO	initialize/server.go:65	server/initialize.InitRun	Server exiting!
2023-02-10 18:24:49	INFO	initialize/logger.go:106	server/initialize.InitLogger	初始化zap日志完成!
2023-02-10 18:24:49	INFO	initialize/redis.go:22	server/initialize.InitRedis	初始化redis数据库完成!
2023-02-10 18:24:49	INFO	initialize/mysql.go:62	server/initialize.InitMysql	初始化mysql数据库完成!
2023-02-10 18:24:50	INFO	initialize/casbin.go:20	server/initialize.InitCasbinEnforcer	初始化Casbin完成!
2023-02-10 18:24:50	INFO	router/router.go:51	server/app/router.InitRouter	初始化路由完成！
2023-02-10 18:24:50	INFO	initialize/server.go:46	server/initialize.InitRun	服务启动完成
2023-02-10 18:29:15	INFO	initialize/server.go:55	server/initialize.InitRun	Shutting down server...
2023-02-10 18:29:15	INFO	initialize/server.go:65	server/initialize.InitRun	Server exiting!
2023-02-10 18:29:20	INFO	initialize/logger.go:106	server/initialize.InitLogger	初始化zap日志完成!
2023-02-10 18:29:20	INFO	initialize/redis.go:22	server/initialize.InitRedis	初始化redis数据库完成!
2023-02-10 18:29:20	INFO	initialize/mysql.go:62	server/initialize.InitMysql	初始化mysql数据库完成!
2023-02-10 18:29:21	INFO	initialize/casbin.go:20	server/initialize.InitCasbinEnforcer	初始化Casbin完成!
2023-02-10 18:29:21	INFO	router/router.go:51	server/app/router.InitRouter	初始化路由完成！
2023-02-10 18:29:21	INFO	initialize/server.go:46	server/initialize.InitRun	服务启动完成
2023-02-10 18:29:49	DEBUG	middleware/auth.go:120	server/middleware.unauthorized	JWT认证失败, 错误码: 401, 错误信息: 用户不存在
2023-02-10 19:44:28	INFO	initialize/server.go:55	server/initialize.InitRun	Shutting down server...
2023-02-10 19:44:28	INFO	initialize/server.go:65	server/initialize.InitRun	Server exiting!
2023-02-10 19:44:33	INFO	initialize/logger.go:106	server/initialize.InitLogger	初始化zap日志完成!
2023-02-10 19:44:33	INFO	initialize/redis.go:22	server/initialize.InitRedis	初始化redis数据库完成!
2023-02-10 19:44:33	INFO	initialize/mysql.go:62	server/initialize.InitMysql	初始化mysql数据库完成!
2023-02-10 19:44:34	INFO	initialize/casbin.go:20	server/initialize.InitCasbinEnforcer	初始化Casbin完成!
2023-02-10 19:44:34	INFO	router/router.go:51	server/app/router.InitRouter	初始化路由完成！
2023-02-10 19:44:34	INFO	initialize/server.go:46	server/initialize.InitRun	服务启动完成
2023-02-10 19:44:42	INFO	initialize/server.go:55	server/initialize.InitRun	Shutting down server...
2023-02-10 19:44:42	INFO	initialize/server.go:65	server/initialize.InitRun	Server exiting!
2023-02-10 19:44:47	INFO	initialize/logger.go:106	server/initialize.InitLogger	初始化zap日志完成!
2023-02-10 19:44:47	INFO	initialize/redis.go:22	server/initialize.InitRedis	初始化redis数据库完成!
2023-02-10 19:44:47	INFO	initialize/mysql.go:62	server/initialize.InitMysql	初始化mysql数据库完成!
2023-02-10 19:44:48	INFO	initialize/casbin.go:20	server/initialize.InitCasbinEnforcer	初始化Casbin完成!
2023-02-10 19:44:48	INFO	router/router.go:51	server/app/router.InitRouter	初始化路由完成！
2023-02-10 19:44:48	INFO	initialize/server.go:46	server/initialize.InitRun	服务启动完成
2023-02-10 19:47:32	INFO	initialize/server.go:55	server/initialize.InitRun	Shutting down server...
2023-02-10 19:47:32	INFO	initialize/server.go:65	server/initialize.InitRun	Server exiting!
2023-02-10 19:47:37	INFO	initialize/logger.go:106	server/initialize.InitLogger	初始化zap日志完成!
2023-02-10 19:47:37	INFO	initialize/redis.go:22	server/initialize.InitRedis	初始化redis数据库完成!
2023-02-10 19:47:37	INFO	initialize/mysql.go:62	server/initialize.InitMysql	初始化mysql数据库完成!
2023-02-10 19:47:38	INFO	initialize/casbin.go:20	server/initialize.InitCasbinEnforcer	初始化Casbin完成!
2023-02-10 19:47:38	INFO	router/router.go:51	server/app/router.InitRouter	初始化路由完成！
2023-02-10 19:47:38	INFO	initialize/server.go:46	server/initialize.InitRun	服务启动完成
2023-02-10 19:48:49	INFO	initialize/server.go:55	server/initialize.InitRun	Shutting down server...
2023-02-10 19:48:49	INFO	initialize/server.go:65	server/initialize.InitRun	Server exiting!
2023-02-10 19:48:54	INFO	initialize/logger.go:106	server/initialize.InitLogger	初始化zap日志完成!
2023-02-10 19:48:54	INFO	initialize/redis.go:22	server/initialize.InitRedis	初始化redis数据库完成!
2023-02-10 19:48:54	INFO	initialize/mysql.go:62	server/initialize.InitMysql	初始化mysql数据库完成!
2023-02-10 19:48:55	INFO	initialize/casbin.go:20	server/initialize.InitCasbinEnforcer	初始化Casbin完成!
2023-02-10 19:48:55	INFO	router/router.go:51	server/app/router.InitRouter	初始化路由完成！
2023-02-10 19:48:55	INFO	initialize/server.go:46	server/initialize.InitRun	服务启动完成
2023-02-10 20:01:29	INFO	initialize/server.go:55	server/initialize.InitRun	Shutting down server...
2023-02-10 20:01:29	INFO	initialize/server.go:65	server/initialize.InitRun	Server exiting!
2023-02-10 20:01:34	INFO	initialize/logger.go:106	server/initialize.InitLogger	初始化zap日志完成!
2023-02-10 20:01:34	INFO	initialize/redis.go:22	server/initialize.InitRedis	初始化redis数据库完成!
2023-02-10 20:01:34	INFO	initialize/mysql.go:62	server/initialize.InitMysql	初始化mysql数据库完成!
2023-02-10 20:01:35	INFO	initialize/casbin.go:20	server/initialize.InitCasbinEnforcer	初始化Casbin完成!
2023-02-10 20:01:35	INFO	router/router.go:51	server/app/router.InitRouter	初始化路由完成！
2023-02-10 20:01:35	INFO	initialize/server.go:46	server/initialize.InitRun	服务启动完成
2023-02-10 20:02:02	INFO	initialize/server.go:55	server/initialize.InitRun	Shutting down server...
2023-02-10 20:02:02	INFO	initialize/server.go:65	server/initialize.InitRun	Server exiting!
2023-02-10 20:02:06	INFO	initialize/logger.go:106	server/initialize.InitLogger	初始化zap日志完成!
2023-02-10 20:02:06	INFO	initialize/redis.go:22	server/initialize.InitRedis	初始化redis数据库完成!
2023-02-10 20:02:06	INFO	initialize/mysql.go:62	server/initialize.InitMysql	初始化mysql数据库完成!
2023-02-10 20:02:07	INFO	initialize/casbin.go:20	server/initialize.InitCasbinEnforcer	初始化Casbin完成!
2023-02-10 20:02:07	INFO	router/router.go:51	server/app/router.InitRouter	初始化路由完成！
2023-02-10 20:02:07	INFO	initialize/server.go:46	server/initialize.InitRun	服务启动完成
2023-02-10 20:02:25	INFO	initialize/server.go:55	server/initialize.InitRun	Shutting down server...
2023-02-10 20:02:25	INFO	initialize/server.go:65	server/initialize.InitRun	Server exiting!
2023-02-10 20:02:29	INFO	initialize/logger.go:106	server/initialize.InitLogger	初始化zap日志完成!
2023-02-10 20:02:29	INFO	initialize/redis.go:22	server/initialize.InitRedis	初始化redis数据库完成!
2023-02-10 20:02:29	INFO	initialize/mysql.go:62	server/initialize.InitMysql	初始化mysql数据库完成!
2023-02-10 20:02:30	INFO	initialize/casbin.go:20	server/initialize.InitCasbinEnforcer	初始化Casbin完成!
2023-02-10 20:02:30	INFO	router/router.go:51	server/app/router.InitRouter	初始化路由完成！
2023-02-10 20:02:30	INFO	initialize/server.go:46	server/initialize.InitRun	服务启动完成
2023-02-10 20:04:16	INFO	initialize/server.go:55	server/initialize.InitRun	Shutting down server...
2023-02-10 20:04:16	INFO	initialize/server.go:65	server/initialize.InitRun	Server exiting!
2023-02-10 20:04:21	INFO	initialize/logger.go:106	server/initialize.InitLogger	初始化zap日志完成!
2023-02-10 20:04:21	INFO	initialize/redis.go:22	server/initialize.InitRedis	初始化redis数据库完成!
2023-02-10 20:04:21	INFO	initialize/mysql.go:62	server/initialize.InitMysql	初始化mysql数据库完成!
2023-02-10 20:04:22	INFO	initialize/casbin.go:20	server/initialize.InitCasbinEnforcer	初始化Casbin完成!
2023-02-10 20:04:22	INFO	router/router.go:51	server/app/router.InitRouter	初始化路由完成！
2023-02-10 20:04:22	INFO	initialize/server.go:46	server/initialize.InitRun	服务启动完成
2023-02-10 20:06:39	DEBUG	middleware/auth.go:120	server/middleware.unauthorized	JWT认证失败, 错误码: 401, 错误信息: cookie token is empty
2023-02-10 20:07:21	DEBUG	middleware/auth.go:120	server/middleware.unauthorized	JWT认证失败, 错误码: 401, 错误信息: cookie token is empty
2023-02-10 20:09:37	DEBUG	middleware/auth.go:120	server/middleware.unauthorized	JWT认证失败, 错误码: 401, 错误信息: cookie token is empty
2023-02-10 20:12:17	INFO	initialize/server.go:55	server/initialize.InitRun	Shutting down server...
2023-02-10 20:12:17	INFO	initialize/server.go:65	server/initialize.InitRun	Server exiting!
2023-02-10 20:12:21	INFO	initialize/logger.go:106	server/initialize.InitLogger	初始化zap日志完成!
2023-02-10 20:12:21	INFO	initialize/redis.go:22	server/initialize.InitRedis	初始化redis数据库完成!
2023-02-10 20:12:21	INFO	initialize/mysql.go:62	server/initialize.InitMysql	初始化mysql数据库完成!
2023-02-10 20:12:22	INFO	initialize/casbin.go:20	server/initialize.InitCasbinEnforcer	初始化Casbin完成!
2023-02-10 20:12:22	INFO	router/router.go:51	server/app/router.InitRouter	初始化路由完成！
2023-02-10 20:12:22	INFO	initialize/server.go:46	server/initialize.InitRun	服务启动完成
2023-02-10 20:46:50	INFO	initialize/server.go:55	server/initialize.InitRun	Shutting down server...
2023-02-10 20:46:50	INFO	initialize/server.go:65	server/initialize.InitRun	Server exiting!
2023-02-10 20:46:55	INFO	initialize/logger.go:106	server/initialize.InitLogger	初始化zap日志完成!
2023-02-10 20:46:55	INFO	initialize/redis.go:22	server/initialize.InitRedis	初始化redis数据库完成!
2023-02-10 20:46:55	INFO	initialize/mysql.go:62	server/initialize.InitMysql	初始化mysql数据库完成!
2023-02-10 20:46:56	INFO	initialize/casbin.go:20	server/initialize.InitCasbinEnforcer	初始化Casbin完成!
2023-02-10 20:46:56	INFO	router/router.go:51	server/app/router.InitRouter	初始化路由完成！
2023-02-10 20:46:56	INFO	initialize/server.go:46	server/initialize.InitRun	服务启动完成
2023-02-10 20:47:46	INFO	initialize/server.go:55	server/initialize.InitRun	Shutting down server...
2023-02-10 20:47:46	INFO	initialize/server.go:65	server/initialize.InitRun	Server exiting!
2023-02-10 20:47:50	INFO	initialize/logger.go:106	server/initialize.InitLogger	初始化zap日志完成!
2023-02-10 20:47:50	INFO	initialize/redis.go:22	server/initialize.InitRedis	初始化redis数据库完成!
2023-02-10 20:47:51	INFO	initialize/mysql.go:62	server/initialize.InitMysql	初始化mysql数据库完成!
2023-02-10 20:47:52	INFO	initialize/casbin.go:20	server/initialize.InitCasbinEnforcer	初始化Casbin完成!
2023-02-10 20:47:52	INFO	router/router.go:51	server/app/router.InitRouter	初始化路由完成！
2023-02-10 20:47:52	INFO	initialize/server.go:46	server/initialize.InitRun	服务启动完成
2023-02-10 20:49:05	INFO	initialize/server.go:55	server/initialize.InitRun	Shutting down server...
2023-02-10 20:49:05	INFO	initialize/server.go:65	server/initialize.InitRun	Server exiting!
2023-02-10 20:49:09	INFO	initialize/logger.go:106	server/initialize.InitLogger	初始化zap日志完成!
2023-02-10 20:49:09	INFO	initialize/redis.go:22	server/initialize.InitRedis	初始化redis数据库完成!
2023-02-10 20:49:10	INFO	initialize/mysql.go:62	server/initialize.InitMysql	初始化mysql数据库完成!
2023-02-10 20:49:10	INFO	initialize/casbin.go:20	server/initialize.InitCasbinEnforcer	初始化Casbin完成!
2023-02-10 20:49:10	INFO	router/router.go:51	server/app/router.InitRouter	初始化路由完成！
2023-02-10 20:49:10	INFO	initialize/server.go:46	server/initialize.InitRun	服务启动完成
2023-02-10 20:49:48	INFO	initialize/server.go:55	server/initialize.InitRun	Shutting down server...
2023-02-10 20:49:48	INFO	initialize/server.go:65	server/initialize.InitRun	Server exiting!
2023-02-10 20:49:52	INFO	initialize/logger.go:106	server/initialize.InitLogger	初始化zap日志完成!
2023-02-10 20:49:52	INFO	initialize/redis.go:22	server/initialize.InitRedis	初始化redis数据库完成!
2023-02-10 20:49:52	INFO	initialize/mysql.go:62	server/initialize.InitMysql	初始化mysql数据库完成!
2023-02-10 20:49:53	INFO	initialize/casbin.go:20	server/initialize.InitCasbinEnforcer	初始化Casbin完成!
2023-02-10 20:49:53	INFO	router/router.go:51	server/app/router.InitRouter	初始化路由完成！
2023-02-10 20:49:53	INFO	initialize/server.go:46	server/initialize.InitRun	服务启动完成
2023-02-10 20:55:22	INFO	initialize/server.go:55	server/initialize.InitRun	Shutting down server...
2023-02-10 20:55:22	INFO	initialize/server.go:65	server/initialize.InitRun	Server exiting!
2023-02-10 20:55:26	INFO	initialize/logger.go:106	server/initialize.InitLogger	初始化zap日志完成!
2023-02-10 20:55:26	INFO	initialize/redis.go:22	server/initialize.InitRedis	初始化redis数据库完成!
2023-02-10 20:55:27	INFO	initialize/mysql.go:62	server/initialize.InitMysql	初始化mysql数据库完成!
2023-02-10 20:55:27	INFO	initialize/casbin.go:20	server/initialize.InitCasbinEnforcer	初始化Casbin完成!
2023-02-10 20:55:27	INFO	router/router.go:51	server/app/router.InitRouter	初始化路由完成！
2023-02-10 20:55:27	INFO	initialize/server.go:46	server/initialize.InitRun	服务启动完成
2023-02-10 21:10:10	INFO	initialize/server.go:55	server/initialize.InitRun	Shutting down server...
2023-02-10 21:10:10	INFO	initialize/server.go:65	server/initialize.InitRun	Server exiting!
2023-02-10 21:10:14	INFO	initialize/logger.go:106	server/initialize.InitLogger	初始化zap日志完成!
2023-02-10 21:10:14	INFO	initialize/redis.go:22	server/initialize.InitRedis	初始化redis数据库完成!
2023-02-10 21:10:14	INFO	initialize/mysql.go:62	server/initialize.InitMysql	初始化mysql数据库完成!
2023-02-10 21:10:15	INFO	initialize/casbin.go:20	server/initialize.InitCasbinEnforcer	初始化Casbin完成!
2023-02-10 21:10:15	INFO	router/router.go:51	server/app/router.InitRouter	初始化路由完成！
2023-02-10 21:10:15	INFO	initialize/server.go:46	server/initialize.InitRun	服务启动完成
2023-02-10 21:13:00	INFO	initialize/server.go:55	server/initialize.InitRun	Shutting down server...
2023-02-10 21:13:00	INFO	initialize/server.go:65	server/initialize.InitRun	Server exiting!
2023-02-10 21:13:04	INFO	initialize/logger.go:106	server/initialize.InitLogger	初始化zap日志完成!
2023-02-10 21:13:04	INFO	initialize/redis.go:22	server/initialize.InitRedis	初始化redis数据库完成!
2023-02-10 21:13:04	INFO	initialize/mysql.go:62	server/initialize.InitMysql	初始化mysql数据库完成!
2023-02-10 21:13:05	INFO	initialize/casbin.go:20	server/initialize.InitCasbinEnforcer	初始化Casbin完成!
2023-02-10 21:13:05	INFO	router/router.go:51	server/app/router.InitRouter	初始化路由完成！
2023-02-10 21:13:05	INFO	initialize/server.go:46	server/initialize.InitRun	服务启动完成
2023-02-10 21:14:48	INFO	initialize/server.go:55	server/initialize.InitRun	Shutting down server...
2023-02-10 21:14:48	INFO	initialize/server.go:65	server/initialize.InitRun	Server exiting!
2023-02-10 21:14:52	INFO	initialize/logger.go:106	server/initialize.InitLogger	初始化zap日志完成!
2023-02-10 21:14:52	INFO	initialize/redis.go:22	server/initialize.InitRedis	初始化redis数据库完成!
2023-02-10 21:14:52	INFO	initialize/mysql.go:62	server/initialize.InitMysql	初始化mysql数据库完成!
2023-02-10 21:14:53	INFO	initialize/casbin.go:20	server/initialize.InitCasbinEnforcer	初始化Casbin完成!
2023-02-10 21:14:53	INFO	router/router.go:51	server/app/router.InitRouter	初始化路由完成！
2023-02-10 21:14:53	INFO	initialize/server.go:46	server/initialize.InitRun	服务启动完成
2023-02-10 21:16:57	INFO	initialize/server.go:55	server/initialize.InitRun	Shutting down server...
2023-02-10 21:16:57	INFO	initialize/server.go:65	server/initialize.InitRun	Server exiting!
2023-02-10 21:17:02	INFO	initialize/logger.go:106	server/initialize.InitLogger	初始化zap日志完成!
2023-02-10 21:17:02	INFO	initialize/redis.go:22	server/initialize.InitRedis	初始化redis数据库完成!
2023-02-10 21:17:02	INFO	initialize/mysql.go:62	server/initialize.InitMysql	初始化mysql数据库完成!
2023-02-10 21:17:03	INFO	initialize/casbin.go:20	server/initialize.InitCasbinEnforcer	初始化Casbin完成!
2023-02-10 21:17:03	INFO	router/router.go:51	server/app/router.InitRouter	初始化路由完成！
2023-02-10 21:17:03	INFO	initialize/server.go:46	server/initialize.InitRun	服务启动完成
2023-02-10 21:17:53	INFO	initialize/server.go:55	server/initialize.InitRun	Shutting down server...
2023-02-10 21:17:53	INFO	initialize/server.go:65	server/initialize.InitRun	Server exiting!
2023-02-10 21:17:59	INFO	initialize/logger.go:106	server/initialize.InitLogger	初始化zap日志完成!
2023-02-10 21:17:59	INFO	initialize/redis.go:22	server/initialize.InitRedis	初始化redis数据库完成!
2023-02-10 21:17:59	INFO	initialize/mysql.go:62	server/initialize.InitMysql	初始化mysql数据库完成!
2023-02-10 21:18:00	INFO	initialize/casbin.go:20	server/initialize.InitCasbinEnforcer	初始化Casbin完成!
2023-02-10 21:18:00	INFO	router/router.go:51	server/app/router.InitRouter	初始化路由完成！
2023-02-10 21:18:00	INFO	initialize/server.go:46	server/initialize.InitRun	服务启动完成
2023-02-10 21:21:15	INFO	initialize/server.go:55	server/initialize.InitRun	Shutting down server...
2023-02-10 21:21:15	INFO	initialize/server.go:65	server/initialize.InitRun	Server exiting!
2023-02-10 21:21:19	INFO	initialize/logger.go:106	server/initialize.InitLogger	初始化zap日志完成!
2023-02-10 21:21:19	INFO	initialize/redis.go:22	server/initialize.InitRedis	初始化redis数据库完成!
2023-02-10 21:21:20	INFO	initialize/mysql.go:62	server/initialize.InitMysql	初始化mysql数据库完成!
2023-02-10 21:21:20	INFO	initialize/casbin.go:20	server/initialize.InitCasbinEnforcer	初始化Casbin完成!
2023-02-10 21:21:20	INFO	router/router.go:51	server/app/router.InitRouter	初始化路由完成！
2023-02-10 21:21:20	INFO	initialize/server.go:46	server/initialize.InitRun	服务启动完成
2023-02-10 21:22:46	INFO	initialize/server.go:55	server/initialize.InitRun	Shutting down server...
2023-02-10 21:22:46	INFO	initialize/server.go:65	server/initialize.InitRun	Server exiting!
2023-02-10 21:23:01	INFO	initialize/logger.go:106	server/initialize.InitLogger	初始化zap日志完成!
2023-02-10 21:23:01	INFO	initialize/redis.go:22	server/initialize.InitRedis	初始化redis数据库完成!
2023-02-10 21:23:01	INFO	initialize/mysql.go:62	server/initialize.InitMysql	初始化mysql数据库完成!
2023-02-10 21:23:02	INFO	initialize/casbin.go:20	server/initialize.InitCasbinEnforcer	初始化Casbin完成!
2023-02-10 21:23:02	INFO	router/router.go:51	server/app/router.InitRouter	初始化路由完成！
2023-02-10 21:23:02	INFO	initialize/server.go:46	server/initialize.InitRun	服务启动完成
2023-02-10 21:23:44	INFO	initialize/server.go:55	server/initialize.InitRun	Shutting down server...
2023-02-10 21:23:44	INFO	initialize/server.go:65	server/initialize.InitRun	Server exiting!
2023-02-10 21:23:48	INFO	initialize/logger.go:106	server/initialize.InitLogger	初始化zap日志完成!
2023-02-10 21:23:48	INFO	initialize/redis.go:22	server/initialize.InitRedis	初始化redis数据库完成!
2023-02-10 21:23:48	INFO	initialize/mysql.go:62	server/initialize.InitMysql	初始化mysql数据库完成!
2023-02-10 21:23:49	INFO	initialize/casbin.go:20	server/initialize.InitCasbinEnforcer	初始化Casbin完成!
2023-02-10 21:23:49	INFO	router/router.go:51	server/app/router.InitRouter	初始化路由完成！
2023-02-10 21:23:49	INFO	initialize/server.go:46	server/initialize.InitRun	服务启动完成
2023-02-10 21:24:14	INFO	initialize/server.go:55	server/initialize.InitRun	Shutting down server...
2023-02-10 21:24:14	INFO	initialize/server.go:65	server/initialize.InitRun	Server exiting!
2023-02-10 21:24:18	INFO	initialize/logger.go:106	server/initialize.InitLogger	初始化zap日志完成!
2023-02-10 21:24:18	INFO	initialize/redis.go:22	server/initialize.InitRedis	初始化redis数据库完成!
2023-02-10 21:24:18	INFO	initialize/mysql.go:62	server/initialize.InitMysql	初始化mysql数据库完成!
2023-02-10 21:24:19	INFO	initialize/casbin.go:20	server/initialize.InitCasbinEnforcer	初始化Casbin完成!
2023-02-10 21:24:19	INFO	router/router.go:51	server/app/router.InitRouter	初始化路由完成！
2023-02-10 21:24:19	INFO	initialize/server.go:46	server/initialize.InitRun	服务启动完成
2023-02-10 21:25:45	DEBUG	middleware/auth.go:120	server/middleware.unauthorized	JWT认证失败, 错误码: 401, 错误信息: cookie token is empty
2023-02-10 21:31:41	INFO	initialize/server.go:55	server/initialize.InitRun	Shutting down server...
2023-02-10 21:31:41	INFO	initialize/server.go:65	server/initialize.InitRun	Server exiting!
2023-02-10 21:31:46	INFO	initialize/logger.go:106	server/initialize.InitLogger	初始化zap日志完成!
2023-02-10 21:31:46	INFO	initialize/redis.go:22	server/initialize.InitRedis	初始化redis数据库完成!
2023-02-10 21:31:46	INFO	initialize/mysql.go:62	server/initialize.InitMysql	初始化mysql数据库完成!
2023-02-10 21:31:47	INFO	initialize/casbin.go:20	server/initialize.InitCasbinEnforcer	初始化Casbin完成!
2023-02-10 21:31:47	INFO	router/router.go:51	server/app/router.InitRouter	初始化路由完成！
2023-02-10 21:31:47	INFO	initialize/server.go:46	server/initialize.InitRun	服务启动完成
2023-02-10 21:32:52	INFO	initialize/server.go:55	server/initialize.InitRun	Shutting down server...
2023-02-10 21:32:52	INFO	initialize/server.go:65	server/initialize.InitRun	Server exiting!
2023-02-10 21:32:56	INFO	initialize/logger.go:106	server/initialize.InitLogger	初始化zap日志完成!
2023-02-10 21:32:56	INFO	initialize/redis.go:22	server/initialize.InitRedis	初始化redis数据库完成!
2023-02-10 21:32:57	INFO	initialize/mysql.go:62	server/initialize.InitMysql	初始化mysql数据库完成!
2023-02-10 21:32:57	INFO	initialize/casbin.go:20	server/initialize.InitCasbinEnforcer	初始化Casbin完成!
2023-02-10 21:32:57	INFO	router/router.go:51	server/app/router.InitRouter	初始化路由完成！
2023-02-10 21:32:57	INFO	initialize/server.go:46	server/initialize.InitRun	服务启动完成
2023-02-10 21:37:09	INFO	initialize/server.go:55	server/initialize.InitRun	Shutting down server...
2023-02-10 21:37:09	INFO	initialize/server.go:65	server/initialize.InitRun	Server exiting!
