2023-03-05 20:35:47	PANIC	initialize/casbin.go:15	server/initialize.InitCasbinEnforcer	初始化Casbin失败：open [request_definition]
r = sub, obj, act
[ policy_definition ]
p = sub, obj, act
[role_definition]
g = _, _
[policy_effect]
e = some(where (p.eft == allow))
[matchers]
m = r.sub == p.sub && (keyMatch2(r.obj, p.obj) || keyMatch(r.obj, p.obj)) && (r.act == p.act || p.act == "*"): The filename, directory name, or volume label syntax is incorrect.
2023-03-05 20:36:47	PANIC	initialize/casbin.go:15	server/initialize.InitCasbinEnforcer	初始化Casbin失败：open [request_definition]
r = sub, obj, act
[ policy_definition ]
p = sub, obj, act
[role_definition]
g = _, _
[policy_effect]
e = some(where (p.eft == allow))
[matchers]
m = r.sub == p.sub && (keyMatch2(r.obj, p.obj) || keyMatch(r.obj, p.obj)) && (r.act == p.act || p.act == "*"): The filename, directory name, or volume label syntax is incorrect.
2023-03-05 20:46:17	PANIC	initialize/casbin.go:15	server/initialize.InitCasbinEnforcer	初始化Casbin失败：open [request_definition]
r = sub, obj, act
[ policy_definition ]
p = sub, obj, act
[role_definition]
g = _, _
[policy_effect]
e = some(where (p.eft == allow))
[matchers]
m = r.sub == p.sub && (keyMatch2(r.obj, p.obj) || keyMatch(r.obj, p.obj)) && (r.act == p.act || p.act == *): The filename, directory name, or volume label syntax is incorrect.
